,number,value,datetime_start,datetime_complete,duration,params_buffer_capital,params_pairs_to_trade,params_synprice_QQQ_beta_win,params_synprice_QQQ_stop_loss,params_synprice_QQQ_trade_freq,params_synprice_QQQ_z_entry,params_synprice_QQQ_z_exit,params_synprice_QQQ_z_stop_scaler,params_synprice_QQQ_z_win,state
132,132,0.3828110532145912,2025-06-20 21:19:51.651586,2025-06-20 21:19:51.905053,0 days 00:00:00.253467,0.45,10,432,0.025,10m,1.2000000000000002,0.5,1.4000000000000001,800,COMPLETE
133,133,0.04963600847107822,2025-06-20 21:19:51.929821,2025-06-20 21:19:52.184685,0 days 00:00:00.254864,0.45,10,464,0.025,10m,1.2000000000000002,0.5,1.4000000000000001,848,COMPLETE
134,134,0.5073328824125339,2025-06-20 21:19:52.202604,2025-06-20 21:19:52.463131,0 days 00:00:00.260527,0.45,10,392,0.025,10m,1.2000000000000002,0.5,1.4000000000000001,728,COMPLETE
135,135,0.3434394105999562,2025-06-20 21:19:52.484270,2025-06-20 21:19:52.742260,0 days 00:00:00.257990,0.4,10,440,0.025,10m,1.2000000000000002,0.5,1.4000000000000001,800,COMPLETE
136,136,0.31253182112245365,2025-06-20 21:19:52.766794,2025-06-20 21:19:53.029636,0 days 00:00:00.262842,0.45,9,920,0.025,5m,1.2000000000000002,0.6,1.5,696,COMPLETE
137,137,0.48326071807213355,2025-06-20 21:19:53.052297,2025-06-20 21:19:53.315245,0 days 00:00:00.262948,0.45,10,400,0.025,10m,1.2000000000000002,0.5,1.7000000000000002,728,COMPLETE
138,138,-0.5860180661315518,2025-06-20 21:19:53.337667,2025-06-20 21:19:53.598896,0 days 00:00:00.261229,0.45,9,408,0.025,3m,1.2000000000000002,0.5,1.6,736,COMPLETE
139,139,0.4742887743730385,2025-06-20 21:19:53.617113,2025-06-20 21:19:53.883788,0 days 00:00:00.266675,0.4,10,392,0.025,10m,1.2000000000000002,0.5,1.5,720,COMPLETE
140,140,0.4742887743730385,2025-06-20 21:19:53.902465,2025-06-20 21:19:54.157557,0 days 00:00:00.255092,0.4,10,392,0.025,10m,1.2000000000000002,0.5,1.8000000000000003,720,COMPLETE
141,141,0.5071222663153216,2025-06-20 21:19:54.181568,2025-06-20 21:19:54.436091,0 days 00:00:00.254523,0.4,10,392,0.025,10m,1.2000000000000002,0.5,1.7000000000000002,728,COMPLETE
142,142,0.4790444923989745,2025-06-20 21:19:54.455388,2025-06-20 21:19:54.716137,0 days 00:00:00.260749,0.4,10,400,0.025,10m,1.2000000000000002,0.5,1.8000000000000003,720,COMPLETE
143,143,0.3499438329529356,2025-06-20 21:19:54.738307,2025-06-20 21:19:54.992115,0 days 00:00:00.253808,0.35000000000000003,10,368,0.025,10m,1.2000000000000002,0.5,1.8000000000000003,680,COMPLETE
144,144,-0.09208961004063278,2025-06-20 21:19:55.016373,2025-06-20 21:19:55.273847,0 days 00:00:00.257474,0.4,10,400,0.025,9m,1.2000000000000002,0.5,1.8000000000000003,720,COMPLETE
145,145,-0.23904521212919197,2025-06-20 21:19:55.293156,2025-06-20 21:19:55.554631,0 days 00:00:00.261475,0.35000000000000003,10,336,0.025,10m,1.2000000000000002,0.5,1.7000000000000002,704,COMPLETE
146,146,-0.7498384211767675,2025-06-20 21:19:55.578317,2025-06-20 21:19:55.870249,0 days 00:00:00.291932,0.4,10,392,0.025,2m,1.2000000000000002,0.5,1.7000000000000002,640,COMPLETE
147,147,-0.2423859668193524,2025-06-20 21:19:55.921869,2025-06-20 21:19:56.300041,0 days 00:00:00.378172,0.4,10,352,0.025,10m,1.2000000000000002,0.5,1.9000000000000001,616,COMPLETE
148,148,-4.053282838362999,2025-06-20 21:19:56.345522,2025-06-20 21:19:56.732038,0 days 00:00:00.386516,0.35000000000000003,10,384,0.025,1m,1.1,0.6,1.7000000000000002,728,COMPLETE
149,149,0.07627800027961551,2025-06-20 21:19:56.783350,2025-06-20 21:19:57.136862,0 days 00:00:00.353512,0.4,10,488,0.025,10m,1.2000000000000002,0.5,1.8000000000000003,664,COMPLETE
