,number,value,datetime_start,datetime_complete,duration,params_buffer_capital,params_pairs_to_trade,params_synprice_QQQ_beta_win,params_synprice_QQQ_stop_loss,params_synprice_QQQ_trade_freq,params_synprice_QQQ_z_entry,params_synprice_QQQ_z_exit,params_synprice_QQQ_z_stop_scaler,params_synprice_QQQ_z_win,state
0,0,0.020708372663507817,2025-06-20 21:22:12.818094,2025-06-20 21:22:13.030383,0 days 00:00:00.212289,0.15000000000000002,3,344,0.05,5m,1.3,0.9,1.1,504,COMPLETE
1,1,-0.16869076359886215,2025-06-20 21:22:13.046284,2025-06-20 21:22:13.249627,0 days 00:00:00.203343,0.45,3,1000,0.025,8m,1.0,0.8,1.9000000000000001,464,COMPLETE
2,2,0.5542381929965549,2025-06-20 21:22:13.265731,2025-06-20 21:22:13.477914,0 days 00:00:00.212183,0.3,2,96,0.05,10m,1.0,0.9,1.9000000000000001,560,COMPLETE
3,3,-7.360366819255113,2025-06-20 21:22:13.498292,2025-06-20 21:22:13.712848,0 days 00:00:00.214556,0.2,7,544,0.05,2m,1.2000000000000002,0.8,1.6,16,COMPLETE
4,4,0.16626011737735866,2025-06-20 21:22:13.732300,2025-06-20 21:22:13.932547,0 days 00:00:00.200247,0.1,9,792,0.025,3m,1.2000000000000002,0.7,2.0,984,COMPLETE
5,5,-3.5343064089738094,2025-06-20 21:22:13.955343,2025-06-20 21:22:14.154048,0 days 00:00:00.198705,0.2,5,792,0.025,9m,0.7,1.2000000000000002,1.8000000000000003,32,COMPLETE
6,6,-0.04715473088077895,2025-06-20 21:22:14.177408,2025-06-20 21:22:14.382769,0 days 00:00:00.205361,0.3,5,240,0.05,3m,0.8,1.1,1.1,920,COMPLETE
7,7,0.1943251506732411,2025-06-20 21:22:14.410770,2025-06-20 21:22:14.601902,0 days 00:00:00.191132,0.35000000000000003,9,544,0.025,4m,1.3,1.1,1.3,656,COMPLETE
8,8,-47.20183299973889,2025-06-20 21:22:14.620571,2025-06-20 21:22:14.831294,0 days 00:00:00.210723,0.45,2,32,0.05,1m,0.6,1.5,1.3,64,COMPLETE
9,9,-0.272930677307247,2025-06-20 21:22:14.854997,2025-06-20 21:22:15.072445,0 days 00:00:00.217448,0.1,2,488,0.05,7m,1.4,1.4,1.6,512,COMPLETE
10,10,-0.3187969710433425,2025-06-20 21:22:15.097180,2025-06-20 21:22:15.340152,0 days 00:00:00.242972,0.35000000000000003,1,24,0.05,10m,0.9,0.5,1.8000000000000003,304,COMPLETE
11,11,-100.0,2025-06-20 21:22:15.359052,2025-06-20 21:22:15.574378,0 days 00:00:00.215326,0.35000000000000003,9,632,0.025,4m,1.5,1.2000000000000002,1.4000000000000001,792,COMPLETE
12,12,-0.07327459823568663,2025-06-20 21:22:15.590138,2025-06-20 21:22:15.828618,0 days 00:00:00.238480,0.35000000000000003,7,264,0.025,4m,1.1,1.0,1.3,696,COMPLETE
13,13,-0.04574623968179733,2025-06-20 21:22:15.846454,2025-06-20 21:22:16.061528,0 days 00:00:00.215074,0.25,10,384,0.025,10m,1.0,1.3,1.5,632,COMPLETE
14,14,1.6234402943343147,2025-06-20 21:22:16.082737,2025-06-20 21:22:16.326465,0 days 00:00:00.243728,0.5,7,160,0.025,6m,0.5,1.0,1.7000000000000002,296,COMPLETE
15,15,1.0720584549906036,2025-06-20 21:22:16.342114,2025-06-20 21:22:16.572407,0 days 00:00:00.230293,0.5,7,152,0.05,6m,0.5,0.6,1.8000000000000003,288,COMPLETE
16,16,1.2259165550548259,2025-06-20 21:22:16.600838,2025-06-20 21:22:16.836841,0 days 00:00:00.236003,0.5,7,168,0.025,6m,0.5,0.5,1.7000000000000002,264,COMPLETE
17,17,1.32766388514979,2025-06-20 21:22:16.855443,2025-06-20 21:22:17.082631,0 days 00:00:00.227188,0.5,7,200,0.025,6m,0.5,0.5,1.7000000000000002,240,COMPLETE
18,18,0.7811115368502397,2025-06-20 21:22:17.097801,2025-06-20 21:22:17.325328,0 days 00:00:00.227527,0.45,6,392,0.025,6m,0.7,0.6,1.7000000000000002,184,COMPLETE
19,19,1.1900510999659275,2025-06-20 21:22:17.345872,2025-06-20 21:22:17.574487,0 days 00:00:00.228615,0.4,8,280,0.025,6m,0.6,0.7,1.7000000000000002,392,COMPLETE
20,20,-3.4806366170135545,2025-06-20 21:22:17.589710,2025-06-20 21:22:17.819575,0 days 00:00:00.229865,0.5,4,168,0.025,6m,0.8,1.5,1.5,144,COMPLETE
21,21,1.1303836177961717,2025-06-20 21:22:17.858347,2025-06-20 21:22:18.096511,0 days 00:00:00.238164,0.5,6,144,0.025,6m,0.5,0.5,1.7000000000000002,328,COMPLETE
22,22,1.6904957458673713,2025-06-20 21:22:18.118861,2025-06-20 21:22:18.351548,0 days 00:00:00.232687,0.4,8,208,0.025,6m,0.5,0.5,1.6,184,COMPLETE
23,23,0.5618159131852491,2025-06-20 21:22:18.366308,2025-06-20 21:22:18.582981,0 days 00:00:00.216673,0.4,8,248,0.025,6m,0.6,0.6,1.6,168,COMPLETE
24,24,-1.529289854970614,2025-06-20 21:22:18.609619,2025-06-20 21:22:18.843421,0 days 00:00:00.233802,0.4,8,448,0.025,7m,0.7,0.7,1.5,400,COMPLETE
25,25,-4.5236261288659705,2025-06-20 21:22:18.861685,2025-06-20 21:22:19.080214,0 days 00:00:00.218529,0.45,10,312,0.025,2m,0.5,0.8,1.4000000000000001,144,COMPLETE
26,26,-1.0398420581598542,2025-06-20 21:22:19.108647,2025-06-20 21:22:19.328588,0 days 00:00:00.219941,0.45,6,80,0.025,8m,0.6,0.5,1.9000000000000001,224,COMPLETE
27,27,-19.128547892984656,2025-06-20 21:22:19.348397,2025-06-20 21:22:19.596149,0 days 00:00:00.247752,0.4,8,224,0.025,1m,0.8,0.9,1.6,360,COMPLETE
28,28,-1.2108131007753138,2025-06-20 21:22:19.612983,2025-06-20 21:22:19.848736,0 days 00:00:00.235753,0.5,6,88,0.025,9m,0.5,0.6,1.8000000000000003,120,COMPLETE
29,29,1.0621172077695435,2025-06-20 21:22:19.864414,2025-06-20 21:22:20.100356,0 days 00:00:00.235942,0.45,4,368,0.025,5m,0.7,1.0,1.4000000000000001,448,COMPLETE
30,30,1.396108914471624,2025-06-20 21:22:20.121374,2025-06-20 21:22:20.333822,0 days 00:00:00.212448,0.5,9,320,0.025,5m,0.6,0.7,2.0,232,COMPLETE
31,31,1.3719993957749175,2025-06-20 21:22:20.350204,2025-06-20 21:22:20.573860,0 days 00:00:00.223656,0.5,9,320,0.025,5m,0.6,0.7,2.0,240,COMPLETE
32,32,-2.724366574959223,2025-06-20 21:22:20.598415,2025-06-20 21:22:20.827725,0 days 00:00:00.229310,0.45,9,344,0.025,5m,0.6,0.9,2.0,80,COMPLETE
33,33,0.4983495143183034,2025-06-20 21:22:20.856577,2025-06-20 21:22:21.104596,0 days 00:00:00.248019,0.5,10,424,0.025,5m,0.6,0.7,2.0,224,COMPLETE
34,34,-0.38407941867062245,2025-06-20 21:22:21.125473,2025-06-20 21:22:21.339586,0 days 00:00:00.214113,0.05,9,616,0.025,5m,0.9,0.8,1.9000000000000001,456,COMPLETE
35,35,1.0272421089984711,2025-06-20 21:22:21.357636,2025-06-20 21:22:21.588623,0 days 00:00:00.230987,0.4,8,296,0.025,5m,0.7,0.8,1.9000000000000001,328,COMPLETE
36,36,0.6737401502043874,2025-06-20 21:22:21.606721,2025-06-20 21:22:21.841661,0 days 00:00:00.234940,0.45,10,120,0.025,5m,0.6,0.9,2.0,552,COMPLETE
37,37,-0.7994974482930075,2025-06-20 21:22:21.860661,2025-06-20 21:22:22.093697,0 days 00:00:00.233036,0.3,8,896,0.025,8m,0.9,0.7,2.0,216,COMPLETE
38,38,0.9339084360468719,2025-06-20 21:22:22.114468,2025-06-20 21:22:22.336886,0 days 00:00:00.222418,0.5,9,488,0.025,3m,0.8,1.1,1.9000000000000001,112,COMPLETE
39,39,0.9460718512229898,2025-06-20 21:22:22.360887,2025-06-20 21:22:22.616516,0 days 00:00:00.255629,0.25,7,344,0.025,2m,0.5,0.6,1.1,384,COMPLETE
40,40,-3.12188060015661,2025-06-20 21:22:22.638085,2025-06-20 21:22:22.854006,0 days 00:00:00.215921,0.45,9,208,0.05,9m,0.7,0.7,1.8000000000000003,40,COMPLETE
41,41,1.5529308974321792,2025-06-20 21:22:22.873006,2025-06-20 21:22:23.093854,0 days 00:00:00.220848,0.5,7,200,0.025,6m,0.5,0.5,1.7000000000000002,264,COMPLETE
42,42,-2.52062136186545,2025-06-20 21:22:23.109781,2025-06-20 21:22:23.331924,0 days 00:00:00.222143,0.5,8,64,0.025,6m,0.5,0.6,1.6,208,COMPLETE
43,43,1.8175616567239414,2025-06-20 21:22:23.353927,2025-06-20 21:22:23.573504,0 days 00:00:00.219577,0.45,5,296,0.025,5m,0.6,0.8,1.8000000000000003,272,COMPLETE
44,44,-40.39526585605298,2025-06-20 21:22:23.597896,2025-06-20 21:22:23.821553,0 days 00:00:00.223657,0.4,5,216,0.025,1m,0.6,0.8,1.8000000000000003,288,COMPLETE
45,45,-1.325273756649505,2025-06-20 21:22:23.838131,2025-06-20 21:22:24.053203,0 days 00:00:00.215072,0.45,4,16,0.025,6m,0.5,0.9,1.7000000000000002,344,COMPLETE
46,46,-0.43190304551120223,2025-06-20 21:22:24.068297,2025-06-20 21:22:24.288091,0 days 00:00:00.219794,0.2,5,592,0.025,7m,1.1,1.1,1.6,424,COMPLETE
47,47,0.7003311685165458,2025-06-20 21:22:24.290091,2025-06-20 21:22:24.517984,0 days 00:00:00.227893,0.35000000000000003,7,264,0.05,10m,0.7,1.0,1.8000000000000003,496,COMPLETE
48,48,-5.621743314501645,2025-06-20 21:22:24.536037,2025-06-20 21:22:24.753438,0 days 00:00:00.217401,0.45,3,120,0.025,4m,0.5,0.5,1.7000000000000002,96,COMPLETE
49,49,1.0554370222593996,2025-06-20 21:22:24.771220,2025-06-20 21:22:24.997191,0 days 00:00:00.225971,0.5,5,416,0.025,3m,0.6,1.2000000000000002,1.5,280,COMPLETE
50,50,1.2112585503514208,2025-06-20 21:22:25.015916,2025-06-20 21:22:25.250300,0 days 00:00:00.234384,0.35000000000000003,6,192,0.025,6m,0.5,0.8,1.8000000000000003,856,COMPLETE
51,51,1.6503269061430141,2025-06-20 21:22:25.266121,2025-06-20 21:22:25.492360,0 days 00:00:00.226239,0.5,9,296,0.025,5m,0.6,0.6,1.9000000000000001,248,COMPLETE
52,52,-2.4532061935109977,2025-06-20 21:22:25.520387,2025-06-20 21:22:25.743325,0 days 00:00:00.222938,0.5,7,680,0.025,5m,0.7,0.6,1.9000000000000001,176,COMPLETE
53,53,0.09630228501498188,2025-06-20 21:22:25.762004,2025-06-20 21:22:25.978159,0 days 00:00:00.216155,0.45,8,256,0.025,5m,1.3,0.5,1.9000000000000001,256,COMPLETE
54,54,0.5658985118554662,2025-06-20 21:22:25.999703,2025-06-20 21:22:26.215046,0 days 00:00:00.215343,0.5,9,176,0.025,5m,0.6,0.6,1.7000000000000002,312,COMPLETE
55,55,-0.5328074429376068,2025-06-20 21:22:26.231107,2025-06-20 21:22:26.447534,0 days 00:00:00.216427,0.45,7,128,0.025,6m,0.5,0.5,1.8000000000000003,176,COMPLETE
56,56,0.0836032367093921,2025-06-20 21:22:26.463243,2025-06-20 21:22:26.681059,0 days 00:00:00.217816,0.5,10,288,0.025,6m,1.5,0.6,1.6,360,COMPLETE
57,57,-3.5938412444992167,2025-06-20 21:22:26.711186,2025-06-20 21:22:26.932468,0 days 00:00:00.221282,0.4,6,336,0.025,10m,0.8,1.3,1.9000000000000001,56,COMPLETE
58,58,-2.486556036789425,2025-06-20 21:22:26.949728,2025-06-20 21:22:27.174444,0 days 00:00:00.224716,0.5,8,504,0.025,8m,1.4,0.5,1.2000000000000002,16,COMPLETE
59,59,-3.189630161333312,2025-06-20 21:22:27.190132,2025-06-20 21:22:27.445350,0 days 00:00:00.255218,0.45,7,160,0.05,2m,0.5,0.7,1.7000000000000002,264,COMPLETE
60,60,-0.7807294165625215,2025-06-20 21:22:27.462774,2025-06-20 21:22:27.678326,0 days 00:00:00.215552,0.4,1,448,0.025,5m,0.6,0.5,1.8000000000000003,144,COMPLETE
61,61,0.44315639048072647,2025-06-20 21:22:27.693456,2025-06-20 21:22:27.916642,0 days 00:00:00.223186,0.5,9,304,0.025,5m,0.6,0.7,2.0,200,COMPLETE
62,62,-1.8715518127136983,2025-06-20 21:22:27.935162,2025-06-20 21:22:28.166665,0 days 00:00:00.231503,0.5,9,240,0.025,5m,0.7,0.7,2.0,240,COMPLETE
63,63,0.8853525971960906,2025-06-20 21:22:28.197505,2025-06-20 21:22:28.444036,0 days 00:00:00.246531,0.5,9,376,0.025,5m,0.6,0.6,2.0,296,COMPLETE
64,64,2.629104230415318,2025-06-20 21:22:28.464194,2025-06-20 21:22:28.690362,0 days 00:00:00.226168,0.45,10,232,0.025,6m,0.5,0.6,1.9000000000000001,248,COMPLETE
65,65,-2.976672971892395,2025-06-20 21:22:28.707688,2025-06-20 21:22:28.927471,0 days 00:00:00.219783,0.45,10,56,0.025,6m,0.5,0.6,1.9000000000000001,152,COMPLETE
66,66,2.3202564084639516,2025-06-20 21:22:28.944571,2025-06-20 21:22:29.163538,0 days 00:00:00.218967,0.45,10,224,0.025,6m,0.5,0.5,1.7000000000000002,312,COMPLETE
67,67,0.9752373109557992,2025-06-20 21:22:29.183536,2025-06-20 21:22:29.444311,0 days 00:00:00.260775,0.4,10,192,0.025,6m,0.5,0.5,1.7000000000000002,616,COMPLETE
68,68,0.6312382761014177,2025-06-20 21:22:29.461823,2025-06-20 21:22:29.693126,0 days 00:00:00.231303,0.45,10,96,0.025,6m,0.5,0.5,1.6,416,COMPLETE
69,69,-0.05913894687232684,2025-06-20 21:22:29.709548,2025-06-20 21:22:29.918988,0 days 00:00:00.209440,0.45,10,224,0.025,6m,1.2000000000000002,0.5,1.8000000000000003,368,COMPLETE
70,70,1.5398232201129902,2025-06-20 21:22:29.942707,2025-06-20 21:22:30.153190,0 days 00:00:00.210483,0.15000000000000002,8,272,0.025,6m,0.5,1.0,1.7000000000000002,320,COMPLETE
71,71,2.1219237503359527,2025-06-20 21:22:30.169286,2025-06-20 21:22:30.386492,0 days 00:00:00.217206,0.05,8,264,0.025,6m,0.5,1.0,1.7000000000000002,320,COMPLETE
72,72,1.4023387651140076,2025-06-20 21:22:30.401645,2025-06-20 21:22:30.623259,0 days 00:00:00.221614,0.05,8,160,0.025,6m,0.5,1.0,1.7000000000000002,272,COMPLETE
73,73,2.76305640456078,2025-06-20 21:22:30.644438,2025-06-20 21:22:30.867494,0 days 00:00:00.223056,0.1,5,232,0.025,6m,0.5,1.1,1.6,336,COMPLETE
74,74,2.147469992760196,2025-06-20 21:22:30.872492,2025-06-20 21:22:31.098381,0 days 00:00:00.225889,0.1,5,240,0.025,6m,0.6,1.1,1.5,344,COMPLETE
75,75,-1.0234470807709186,2025-06-20 21:22:31.123905,2025-06-20 21:22:31.342569,0 days 00:00:00.218664,0.1,5,240,0.025,9m,0.6,1.2000000000000002,1.5,328,COMPLETE
76,76,0.35945778971241144,2025-06-20 21:22:31.358603,2025-06-20 21:22:31.588734,0 days 00:00:00.230131,0.15000000000000002,3,360,0.025,4m,0.6,1.1,1.6,1000,COMPLETE
77,77,0.5449711332052376,2025-06-20 21:22:31.615243,2025-06-20 21:22:31.852102,0 days 00:00:00.236859,0.1,4,272,0.025,7m,0.7,1.1,1.5,392,COMPLETE
78,78,-59.49352321221843,2025-06-20 21:22:31.874858,2025-06-20 21:22:32.109974,0 days 00:00:00.235116,0.1,4,304,0.025,1m,0.5,1.1,1.5,480,COMPLETE
79,79,1.7309854638859783,2025-06-20 21:22:32.129174,2025-06-20 21:22:32.348420,0 days 00:00:00.219246,0.05,5,240,0.025,6m,0.6,1.3,1.4000000000000001,432,COMPLETE
80,80,-2.9031131387158067,2025-06-20 21:22:32.369998,2025-06-20 21:22:32.627433,0 days 00:00:00.257435,0.05,5,1024,0.025,6m,0.5,1.3,1.4000000000000001,432,COMPLETE
81,81,2.1468892398706263,2025-06-20 21:22:32.646127,2025-06-20 21:22:32.888420,0 days 00:00:00.242293,0.05,6,240,0.025,6m,0.6,1.4,1.4000000000000001,344,COMPLETE
82,82,0.8631399743316966,2025-06-20 21:22:32.901142,2025-06-20 21:22:33.138276,0 days 00:00:00.237134,0.05,6,232,0.025,6m,0.6,1.4,1.4000000000000001,528,COMPLETE
83,83,1.4798138006388228,2025-06-20 21:22:33.155442,2025-06-20 21:22:33.369618,0 days 00:00:00.214176,0.05,5,128,0.025,6m,0.6,1.4,1.3,352,COMPLETE
84,84,1.1985622688967752,2025-06-20 21:22:33.395665,2025-06-20 21:22:33.636253,0 days 00:00:00.240588,0.15000000000000002,6,184,0.025,6m,0.5,1.4,1.4000000000000001,384,COMPLETE
85,85,1.5736551353120891,2025-06-20 21:22:33.653326,2025-06-20 21:22:33.878407,0 days 00:00:00.225081,0.1,4,208,0.025,6m,0.5,1.5,1.3,344,COMPLETE
86,86,1.3072338970890833,2025-06-20 21:22:33.898346,2025-06-20 21:22:34.114781,0 days 00:00:00.216435,0.05,5,248,0.025,6m,0.7,1.2000000000000002,1.4000000000000001,304,COMPLETE
87,87,1.3591517116667837,2025-06-20 21:22:34.137600,2025-06-20 21:22:34.357645,0 days 00:00:00.220045,0.1,5,320,0.025,6m,0.6,1.5,1.5,448,COMPLETE
88,88,1.3103012782354186,2025-06-20 21:22:34.374102,2025-06-20 21:22:34.600551,0 days 00:00:00.226449,0.05,5,144,0.025,6m,0.6,1.3,1.6,408,COMPLETE
89,89,-0.7580330678455595,2025-06-20 21:22:34.615645,2025-06-20 21:22:34.835490,0 days 00:00:00.219845,0.05,4,216,0.025,3m,0.5,1.3,1.6,336,COMPLETE
90,90,0.08501699249003467,2025-06-20 21:22:34.858819,2025-06-20 21:22:35.099512,0 days 00:00:00.240693,0.25,6,400,0.025,6m,0.7,1.2000000000000002,1.3,200,COMPLETE
91,91,1.5007839781233143,2025-06-20 21:22:35.129393,2025-06-20 21:22:35.390891,0 days 00:00:00.261498,0.1,5,280,0.025,6m,0.6,0.9,1.5,304,COMPLETE
92,92,-0.5765495306852139,2025-06-20 21:22:35.410720,2025-06-20 21:22:35.640514,0 days 00:00:00.229794,0.05,10,256,0.025,8m,0.6,1.0,1.4000000000000001,256,COMPLETE
93,93,1.6598615278301685,2025-06-20 21:22:35.665243,2025-06-20 21:22:35.898215,0 days 00:00:00.232972,0.3,5,288,0.025,6m,0.5,1.4,1.6,368,COMPLETE
94,94,-0.33762942310923233,2025-06-20 21:22:35.908986,2025-06-20 21:22:36.142857,0 days 00:00:00.233871,0.3,5,344,0.025,6m,0.5,1.4,1.6,368,COMPLETE
95,95,0.10003195159864987,2025-06-20 21:22:36.158214,2025-06-20 21:22:36.390530,0 days 00:00:00.232316,0.2,4,760,0.025,6m,0.5,1.5,1.5,472,COMPLETE
96,96,-0.5332042476182058,2025-06-20 21:22:36.409678,2025-06-20 21:22:36.630757,0 days 00:00:00.221079,0.1,6,328,0.025,2m,0.5,1.4,1.6,432,COMPLETE
97,97,0.8347806552734403,2025-06-20 21:22:36.642328,2025-06-20 21:22:36.881309,0 days 00:00:00.238981,0.05,5,176,0.025,6m,0.5,1.3,1.7000000000000002,392,COMPLETE
98,98,0.619709313748283,2025-06-20 21:22:36.895867,2025-06-20 21:22:37.102599,0 days 00:00:00.206732,0.35000000000000003,6,224,0.025,10m,0.6,1.4,1.6,288,COMPLETE
99,99,0.3334739027635802,2025-06-20 21:22:37.118557,2025-06-20 21:22:37.347174,0 days 00:00:00.228617,0.3,4,272,0.025,6m,0.9,1.2000000000000002,1.5,368,COMPLETE
100,100,-0.20901516859908187,2025-06-20 21:22:37.347174,2025-06-20 21:22:37.579357,0 days 00:00:00.232183,0.2,5,104,0.025,9m,0.5,1.1,1.6,224,COMPLETE
101,101,-49.593728231240945,2025-06-20 21:22:37.596189,2025-06-20 21:22:37.806665,0 days 00:00:00.210476,0.4,9,296,0.025,1m,0.6,0.8,1.8000000000000003,248,COMPLETE
102,102,-0.15636870513966655,2025-06-20 21:22:37.836480,2025-06-20 21:22:38.056873,0 days 00:00:00.220393,0.05,10,248,0.025,7m,0.6,0.6,1.9000000000000001,320,COMPLETE
103,103,1.19941435054886,2025-06-20 21:22:38.073874,2025-06-20 21:22:38.320596,0 days 00:00:00.246722,0.1,5,296,0.025,6m,0.5,0.9,1.8000000000000003,280,COMPLETE
104,104,-1.157856165044717,2025-06-20 21:22:38.336604,2025-06-20 21:22:38.552287,0 days 00:00:00.215683,0.15000000000000002,10,216,0.025,4m,1.0,1.3,1.7000000000000002,336,COMPLETE
105,105,-1.0173590523637404,2025-06-20 21:22:38.569287,2025-06-20 21:22:38.781789,0 days 00:00:00.212502,0.25,9,192,0.05,6m,0.7,1.0,1.4000000000000001,208,COMPLETE
106,106,0.7815623664302518,2025-06-20 21:22:38.802733,2025-06-20 21:22:39.021093,0 days 00:00:00.218360,0.05,6,360,0.025,6m,0.6,1.4,1.2000000000000002,312,COMPLETE
107,107,-0.6650201245015306,2025-06-20 21:22:39.035964,2025-06-20 21:22:39.282962,0 days 00:00:00.246998,0.4,5,544,0.025,3m,0.5,0.6,1.8000000000000003,160,COMPLETE
108,108,-2.5548385615720295,2025-06-20 21:22:39.302961,2025-06-20 21:22:39.536448,0 days 00:00:00.233487,0.35000000000000003,4,144,0.025,6m,0.6,1.1,1.9000000000000001,192,COMPLETE
109,109,1.0422626633012282,2025-06-20 21:22:39.555962,2025-06-20 21:22:39.789483,0 days 00:00:00.233521,0.45,8,256,0.025,6m,0.5,0.5,1.6,128,COMPLETE
110,110,-2.2294611708420233,2025-06-20 21:22:39.807437,2025-06-20 21:22:40.041545,0 days 00:00:00.234108,0.05,10,960,0.025,8m,0.6,1.5,1.5,272,COMPLETE
111,111,0.2513952630676103,2025-06-20 21:22:40.064394,2025-06-20 21:22:40.293866,0 days 00:00:00.229472,0.45,7,168,0.025,6m,0.5,0.9,1.7000000000000002,232,COMPLETE
112,112,2.682534056132318,2025-06-20 21:22:40.322009,2025-06-20 21:22:40.578673,0 days 00:00:00.256664,0.45,7,232,0.025,6m,0.5,1.0,1.7000000000000002,352,COMPLETE
113,113,1.576151899108738,2025-06-20 21:22:40.595672,2025-06-20 21:22:40.836716,0 days 00:00:00.241044,0.45,6,280,0.025,6m,0.5,1.0,1.7000000000000002,376,COMPLETE
114,114,2.0810989406320815,2025-06-20 21:22:40.851868,2025-06-20 21:22:41.125283,0 days 00:00:00.273415,0.4,8,232,0.025,6m,0.5,1.0,1.6,296,COMPLETE
115,115,0.975031133792136,2025-06-20 21:22:41.133363,2025-06-20 21:22:41.383245,0 days 00:00:00.249882,0.4,7,192,0.025,6m,0.5,1.0,1.6,360,COMPLETE
116,116,2.0286988751390407,2025-06-20 21:22:41.401484,2025-06-20 21:22:41.640791,0 days 00:00:00.239307,0.35000000000000003,8,240,0.025,6m,0.5,1.0,1.6,408,COMPLETE
117,117,2.1065384695017246,2025-06-20 21:22:41.654642,2025-06-20 21:22:41.896534,0 days 00:00:00.241892,0.4,8,240,0.025,6m,0.5,1.0,1.7000000000000002,416,COMPLETE
118,118,2.1065384695017246,2025-06-20 21:22:41.914383,2025-06-20 21:22:42.148601,0 days 00:00:00.234218,0.4,8,240,0.025,6m,0.5,1.0,1.7000000000000002,416,COMPLETE
119,119,2.183036979416593,2025-06-20 21:22:42.166433,2025-06-20 21:22:42.421572,0 days 00:00:00.255139,0.4,8,224,0.025,6m,0.5,1.0,1.7000000000000002,400,COMPLETE
120,120,1.7841944742270788,2025-06-20 21:22:42.440533,2025-06-20 21:22:42.682656,0 days 00:00:00.242123,0.4,8,208,0.025,6m,0.5,1.0,1.7000000000000002,408,COMPLETE
121,121,1.2220455926706952,2025-06-20 21:22:42.691423,2025-06-20 21:22:42.955885,0 days 00:00:00.264462,0.35000000000000003,8,232,0.025,6m,0.5,1.0,1.7000000000000002,504,COMPLETE
122,122,1.4983820157611325,2025-06-20 21:22:42.969523,2025-06-20 21:22:43.223698,0 days 00:00:00.254175,0.4,8,264,0.025,6m,0.5,1.0,1.7000000000000002,464,COMPLETE
123,123,-0.0532477920468637,2025-06-20 21:22:43.243167,2025-06-20 21:22:43.488136,0 days 00:00:00.244969,0.4,8,232,0.025,6m,1.1,0.9,1.7000000000000002,344,COMPLETE
124,124,0.7303062903234391,2025-06-20 21:22:43.496331,2025-06-20 21:22:43.753115,0 days 00:00:00.256784,0.45,8,176,0.025,6m,0.5,1.0,1.7000000000000002,416,COMPLETE
125,125,-1.7390896899666946,2025-06-20 21:22:43.770211,2025-06-20 21:22:44.007524,0 days 00:00:00.237313,0.4,7,312,0.025,10m,0.5,1.1,1.7000000000000002,392,COMPLETE
126,126,-1.6825427238908108,2025-06-20 21:22:44.031905,2025-06-20 21:22:44.266587,0 days 00:00:00.234682,0.35000000000000003,8,208,0.025,2m,0.5,0.9,1.8000000000000003,304,COMPLETE
127,127,1.4915539239080757,2025-06-20 21:22:44.284803,2025-06-20 21:22:44.526080,0 days 00:00:00.241277,0.4,7,248,0.025,6m,0.5,1.1,1.6,448,COMPLETE
128,128,1.0079607463447229,2025-06-20 21:22:44.541858,2025-06-20 21:22:44.809141,0 days 00:00:00.267283,0.45,8,264,0.025,6m,0.5,1.0,1.7000000000000002,536,COMPLETE
129,129,1.1635080443515318,2025-06-20 21:22:44.824311,2025-06-20 21:22:45.079856,0 days 00:00:00.255545,0.45,7,152,0.025,6m,0.5,1.0,1.8000000000000003,328,COMPLETE
130,130,-0.7560642603933435,2025-06-20 21:22:45.100555,2025-06-20 21:22:45.317950,0 days 00:00:00.217395,0.35000000000000003,8,192,0.025,9m,0.5,1.1,1.6,584,COMPLETE
131,131,1.8995559933784438,2025-06-20 21:22:45.332859,2025-06-20 21:22:45.561142,0 days 00:00:00.228283,0.4,8,208,0.025,6m,0.5,1.0,1.7000000000000002,416,COMPLETE
132,132,1.270361090664641,2025-06-20 21:22:45.579935,2025-06-20 21:22:45.818777,0 days 00:00:00.238842,0.4,8,224,0.025,6m,0.5,1.0,1.7000000000000002,488,COMPLETE
133,133,2.6807374170481193,2025-06-20 21:22:45.840033,2025-06-20 21:22:46.095123,0 days 00:00:00.255090,0.4,8,240,0.025,6m,0.5,0.9,1.7000000000000002,352,COMPLETE
