,number,value,datetime_start,datetime_complete,duration,params_DIAsynprice_DIA_beta_win,params_DIAsynprice_DIA_stop_loss,params_DIAsynprice_DIA_trade_freq,params_DIAsynprice_DIA_z_entry,params_DIAsynprice_DIA_z_exit,params_DIAsynprice_DIA_z_stop_scaler,params_DIAsynprice_DIA_z_win,params_QQQsynprice_QQQ_beta_win,params_QQQsynprice_QQQ_stop_loss,params_QQQsynprice_QQQ_trade_freq,params_QQQsynprice_QQQ_z_entry,params_QQQsynprice_QQQ_z_exit,params_QQQsynprice_QQQ_z_stop_scaler,params_QQQsynprice_QQQ_z_win,params_XLBsynprice_XLB_beta_win,params_XLBsynprice_XLB_stop_loss,params_XLBsynprice_XLB_trade_freq,params_XLBsynprice_XLB_z_entry,params_XLBsynprice_XLB_z_exit,params_XLBsynprice_XLB_z_stop_scaler,params_XLBsynprice_XLB_z_win,params_XLCsynprice_XLC_beta_win,params_XLCsynprice_XLC_stop_loss,params_XLCsynprice_XLC_trade_freq,params_XLCsynprice_XLC_z_entry,params_XLCsynprice_XLC_z_exit,params_XLCsynprice_XLC_z_stop_scaler,params_XLCsynprice_XLC_z_win,params_XLEsynprice_XLE_beta_win,params_XLEsynprice_XLE_stop_loss,params_XLEsynprice_XLE_trade_freq,params_XLEsynprice_XLE_z_entry,params_XLEsynprice_XLE_z_exit,params_XLEsynprice_XLE_z_stop_scaler,params_XLEsynprice_XLE_z_win,params_XLFsynprice_XLF_beta_win,params_XLFsynprice_XLF_stop_loss,params_XLFsynprice_XLF_trade_freq,params_XLFsynprice_XLF_z_entry,params_XLFsynprice_XLF_z_exit,params_XLFsynprice_XLF_z_stop_scaler,params_XLFsynprice_XLF_z_win,params_XLIsynprice_XLI_beta_win,params_XLIsynprice_XLI_stop_loss,params_XLIsynprice_XLI_trade_freq,params_XLIsynprice_XLI_z_entry,params_XLIsynprice_XLI_z_exit,params_XLIsynprice_XLI_z_stop_scaler,params_XLIsynprice_XLI_z_win,params_XLKsynprice_XLK_beta_win,params_XLKsynprice_XLK_stop_loss,params_XLKsynprice_XLK_trade_freq,params_XLKsynprice_XLK_z_entry,params_XLKsynprice_XLK_z_exit,params_XLKsynprice_XLK_z_stop_scaler,params_XLKsynprice_XLK_z_win,params_XLPsynprice_XLP_beta_win,params_XLPsynprice_XLP_stop_loss,params_XLPsynprice_XLP_trade_freq,params_XLPsynprice_XLP_z_entry,params_XLPsynprice_XLP_z_exit,params_XLPsynprice_XLP_z_stop_scaler,params_XLPsynprice_XLP_z_win,params_XLREsynprice_XLRE_beta_win,params_XLREsynprice_XLRE_stop_loss,params_XLREsynprice_XLRE_trade_freq,params_XLREsynprice_XLRE_z_entry,params_XLREsynprice_XLRE_z_exit,params_XLREsynprice_XLRE_z_stop_scaler,params_XLREsynprice_XLRE_z_win,params_XLUsynprice_XLU_beta_win,params_XLUsynprice_XLU_stop_loss,params_XLUsynprice_XLU_trade_freq,params_XLUsynprice_XLU_z_entry,params_XLUsynprice_XLU_z_exit,params_XLUsynprice_XLU_z_stop_scaler,params_XLUsynprice_XLU_z_win,params_XLVsynprice_XLV_beta_win,params_XLVsynprice_XLV_stop_loss,params_XLVsynprice_XLV_trade_freq,params_XLVsynprice_XLV_z_entry,params_XLVsynprice_XLV_z_exit,params_XLVsynprice_XLV_z_stop_scaler,params_XLVsynprice_XLV_z_win,params_XLYsynprice_XLY_beta_win,params_XLYsynprice_XLY_stop_loss,params_XLYsynprice_XLY_trade_freq,params_XLYsynprice_XLY_z_entry,params_XLYsynprice_XLY_z_exit,params_XLYsynprice_XLY_z_stop_scaler,params_XLYsynprice_XLY_z_win,params_buffer_capital,params_pairs_to_trade,state
55,55,-2.149150376650947,2025-06-21 01:36:30.947365,2025-06-21 01:36:31.388188,0 days 00:00:00.440823,,,,,,,,,,,,,,,,,,,,,,48.0,0.0225,4m,0.7,0.6,1.5,26.0,,,,,,,,,,,,,,,,,,,,,,,,,,,,,,,,,,,,46.0,0.04,4m,0.6,0.6,2.5,26.0,,,,,,,,,,,,,,,,,,,,,,0.4,2,COMPLETE
56,56,-7.9845104223759025,2025-06-21 01:36:31.405269,2025-06-21 01:36:31.652413,0 days 00:00:00.247144,,,,,,,,,,,,,,,,,,,,,,,,,,,,,,,,,,,,,,,,,,,,,,,,,,32.0,0.04,4m,0.6,0.9,2.0,30.0,,,,,,,,,,,,,,,,,,,,,,,,,,,,,,,,,,,,0.45,1,COMPLETE
57,57,-3.6424535325077283,2025-06-21 01:36:31.669878,2025-06-21 01:36:32.119550,0 days 00:00:00.449672,,,,,,,,,,,,,,,,,,,,,,,,,,,,,,,,,,,,,,,,,,,,,,,,,,,,,,,,,,,,,,,,22.0,0.02,2m,0.8,0.8,1.5,28.0,,,,,,,,16.0,0.035,4m,0.9,0.7,1.5,36.0,,,,,,,,0.3,2,COMPLETE
58,58,-8.106458332455857,2025-06-21 01:36:32.136883,2025-06-21 01:36:33.541300,0 days 00:00:01.404417,22.0,0.05,4m,0.5,0.9,1.5,62.0,,,,,,,,64.0,0.0225,3m,0.6,0.9,1.5,48.0,10.0,0.045000000000000005,5m,0.9,0.6,3.0,44.0,56.0,0.03,4m,0.6,0.6,2.5,18.0,22.0,0.0225,1m,0.6,0.6,2.5,42.0,,,,,,,,,,,,,,,,,,,,,,,,,,,,,,,,,,,,46.0,0.0175,5m,0.9,0.9,2.0,54.0,54.0,0.0425,5m,1.0,0.6,3.0,20.0,0.35000000000000003,7,COMPLETE
59,59,-2.4799876188326304,2025-06-21 01:36:33.561773,2025-06-21 01:36:33.837009,0 days 00:00:00.275236,,,,,,,,,,,,,,,,,,,,,,,,,,,,,,,,,,,,38.0,0.0425,3m,0.9,0.9,2.0,24.0,,,,,,,,,,,,,,,,,,,,,,,,,,,,,,,,,,,,,,,,,,,,,,,,,,0.25,1,COMPLETE
60,60,-0.8590615978116533,2025-06-21 01:36:33.854033,2025-06-21 01:36:34.318638,0 days 00:00:00.464605,,,,,,,,,,,,,,,,,,,,,,,,,,,,,,,,,,,,58.0,0.0325,2m,0.7,0.7,1.5,56.0,,,,,,,,,,,,,,,,,,,,,,,,,,,,,,,,,,,,,,,,,,,56.0,0.05,5m,0.9,0.6,3.0,18.0,0.35000000000000003,2,COMPLETE
61,61,-0.789545137369364,2025-06-21 01:36:34.337292,2025-06-21 01:36:34.590985,0 days 00:00:00.253693,,,,,,,,,,,,,,,,,,,,,,46.0,0.035,3m,1.0,0.9,2.0,26.0,,,,,,,,,,,,,,,,,,,,,,,,,,,,,,,,,,,,,,,,,,,,,,,,,,,,,,,,,,,,,,,,0.35000000000000003,1,COMPLETE
62,62,-11.014720845493308,2025-06-21 01:36:34.610003,2025-06-21 01:36:35.065309,0 days 00:00:00.455306,,,,,,,,,,,,,,,,,,,,,,,,,,,,,,,,,,,,,,,,,,,,,,,,,,,,,,,,,,,,,,,,10.0,0.01,1m,0.9,0.9,2.5,50.0,64.0,0.0325,3m,0.6,0.8,3.0,54.0,,,,,,,,,,,,,,,0.35000000000000003,2,COMPLETE
63,63,-10.26671072149722,2025-06-21 01:36:35.082681,2025-06-21 01:36:35.336983,0 days 00:00:00.254302,,,,,,,,,,,,,,,56.0,0.035,1m,0.6,0.9,2.5,64.0,,,,,,,,,,,,,,,,,,,,,,,,,,,,,,,,,,,,,,,,,,,,,,,,,,,,,,,,,,,,,,,,,,,,,,,0.3,1,COMPLETE
64,64,-9.541753006252067,2025-06-21 01:36:35.354036,2025-06-21 01:36:35.807114,0 days 00:00:00.453078,,,,,,,,,,,,,,,,,,,,,,,,,,,,,,,,,,,,58.0,0.0325,2m,0.7,0.7,1.5,56.0,,,,,,,,,,,,,,,,,,,,,,,,,,,,,10.0,0.05,2m,0.8,0.6,2.0,32.0,,,,,,,,,,,,,,,0.35000000000000003,2,COMPLETE
65,65,-4.105216320804103,2025-06-21 01:36:35.824333,2025-06-21 01:36:36.272105,0 days 00:00:00.447772,,,,,,,,,,,,,,,,,,,,,,,,,,,,,,,,,,,,,,,,,,,,,,,,,,,,,,,,,26.0,0.0425,2m,0.6,0.6,1.5,40.0,52.0,0.0225,5m,0.8,0.8,2.5,24.0,,,,,,,,,,,,,,,,,,,,,,0.4,2,COMPLETE
66,66,-3.4786435399167357,2025-06-21 01:36:36.288612,2025-06-21 01:36:36.546325,0 days 00:00:00.257713,,,,,,,,,,,,,,,,,,,,,,,,,,,,,,,,,,,,52.0,0.0325,2m,0.8,0.8,1.5,56.0,,,,,,,,,,,,,,,,,,,,,,,,,,,,,,,,,,,,,,,,,,,,,,,,,,0.3,1,COMPLETE
67,67,-41.76032565534769,2025-06-21 01:36:36.564031,2025-06-21 01:36:36.854808,0 days 00:00:00.290777,,,,,,,,,,,,,,,,,,,,,,,,,,,,,40.0,0.045000000000000005,1m,0.9,0.9,2.0,44.0,,,,,,,,,,,,,,,,,,,,,,,,,,,,,,,,,,,,,,,,,,,,,,,,,,,,,,,,,0.35000000000000003,1,COMPLETE
68,68,-4.4870839739106065,2025-06-21 01:36:36.871822,2025-06-21 01:36:37.395180,0 days 00:00:00.523358,,,,,,,,,,,,,,,,,,,,,,,,,,,,,28.0,0.035,2m,0.7,0.7,1.5,56.0,,,,,,,,,,,,,,,,,,,,,,,,,,,,,,,,,,,,,,,,,,,,,,,,,,56.0,0.05,5m,0.9,0.6,3.0,18.0,0.45,2,COMPLETE
69,69,-15.850627233874732,2025-06-21 01:36:37.416213,2025-06-21 01:36:38.770228,0 days 00:00:01.354015,44.0,0.045000000000000005,5m,1.0,0.9,2.0,50.0,,,,,,,,40.0,0.01,4m,0.9,0.6,2.0,34.0,,,,,,,,,,,,,,,,,,,,,,38.0,0.0175,4m,0.6,0.6,2.5,10.0,,,,,,,,20.0,0.0425,1m,0.7,0.7,1.5,64.0,22.0,0.04,3m,0.9,0.9,2.0,64.0,34.0,0.01,4m,0.9,0.9,2.5,10.0,,,,,,,,,,,,,,,0.3,6,COMPLETE
70,70,-44.039609001207744,2025-06-21 01:36:38.795333,2025-06-21 01:36:39.537084,0 days 00:00:00.741751,,,,,,,,,,,,,,,26.0,0.0175,2m,0.7,0.7,3.0,20.0,,,,,,,,,,,,,,,,,,,,,,,,,,,,,,,,,,,,,,,,,,,,,,,,,,20.0,0.0425,1m,0.6,0.7,3.0,54.0,56.0,0.0375,1m,0.6,0.6,2.5,38.0,,,,,,,,0.4,3,COMPLETE
71,71,-6.547014732971414,2025-06-21 01:36:39.555112,2025-06-21 01:36:39.827959,0 days 00:00:00.272847,,,,,,,,,,,,,,,,,,,,,,,,,,,,,10.0,0.025,4m,1.0,1.0,3.0,28.0,,,,,,,,,,,,,,,,,,,,,,,,,,,,,,,,,,,,,,,,,,,,,,,,,,,,,,,,,0.25,1,COMPLETE
72,72,-64.49725418099767,2025-06-21 01:36:39.847093,2025-06-21 01:36:40.109677,0 days 00:00:00.262584,30.0,0.0375,1m,0.8,0.9,1.5,40.0,,,,,,,,,,,,,,,,,,,,,,,,,,,,,,,,,,,,,,,,,,,,,,,,,,,,,,,,,,,,,,,,,,,,,,,,,,,,,,,,,,,,,0.3,1,COMPLETE
73,73,-5.477443098652919,2025-06-21 01:36:40.126397,2025-06-21 01:36:40.372458,0 days 00:00:00.246061,,,,,,,,,,,,,,,10.0,0.027500000000000004,2m,1.0,1.0,1.5,38.0,,,,,,,,,,,,,,,,,,,,,,,,,,,,,,,,,,,,,,,,,,,,,,,,,,,,,,,,,,,,,,,,,,,,,,,0.4,1,COMPLETE
74,74,-105.96842140606701,2025-06-21 01:36:40.390346,2025-06-21 01:36:41.409298,0 days 00:00:01.018952,,,,,,,,,,,,,,,,,,,,,,,,,,,,,20.0,0.015,1m,0.5,0.5,2.5,18.0,44.0,0.05,2m,0.6,0.6,2.0,44.0,,,,,,,,54.0,0.027500000000000004,1m,0.7,0.7,1.5,20.0,,,,,,,,32.0,0.027500000000000004,4m,0.6,0.6,1.5,46.0,,,,,,,,,,,,,,,54.0,0.0425,5m,1.0,0.5,2.5,26.0,0.35000000000000003,5,COMPLETE
75,75,-6.660082194615271,2025-06-21 01:36:41.429804,2025-06-21 01:36:41.684409,0 days 00:00:00.254605,,,,,,,,,,,,,,,44.0,0.045000000000000005,4m,0.5,0.5,2.5,56.0,,,,,,,,,,,,,,,,,,,,,,,,,,,,,,,,,,,,,,,,,,,,,,,,,,,,,,,,,,,,,,,,,,,,,,,0.3,1,COMPLETE
76,76,-3.715791216100726,2025-06-21 01:36:41.708434,2025-06-21 01:36:42.154943,0 days 00:00:00.446509,,,,,,,,,,,,,,,,,,,,,,48.0,0.035,3m,1.0,0.9,2.0,26.0,,,,,,,,,,,,,,,,,,,,,,,,,,,,,,,,,,,,,,,,,,,,,,,,,,,,,,,,,38.0,0.035,5m,0.9,0.6,3.0,10.0,0.35000000000000003,2,COMPLETE
77,77,-4.2850382321694,2025-06-21 01:36:42.171066,2025-06-21 01:36:42.606308,0 days 00:00:00.435242,,,,,,,,,,,,,,,,,,,,,,,,,,,,,,,,,,,,56.0,0.027500000000000004,2m,0.5,0.7,1.5,64.0,,,,,,,,44.0,0.02,5m,1.0,1.0,3.0,58.0,,,,,,,,,,,,,,,,,,,,,,,,,,,,,,,,,,,,0.25,2,COMPLETE
78,78,-68.37624399503511,2025-06-21 01:36:42.623310,2025-06-21 01:36:42.883310,0 days 00:00:00.260000,18.0,0.045000000000000005,1m,0.6,0.6,2.0,64.0,,,,,,,,,,,,,,,,,,,,,,,,,,,,,,,,,,,,,,,,,,,,,,,,,,,,,,,,,,,,,,,,,,,,,,,,,,,,,,,,,,,,,0.25,1,COMPLETE
79,79,-9.336059463211985,2025-06-21 01:36:42.899561,2025-06-21 01:36:43.151382,0 days 00:00:00.251821,26.0,0.03,4m,0.8,0.8,1.5,30.0,,,,,,,,,,,,,,,,,,,,,,,,,,,,,,,,,,,,,,,,,,,,,,,,,,,,,,,,,,,,,,,,,,,,,,,,,,,,,,,,,,,,,0.35000000000000003,1,COMPLETE
80,80,-1.1285248877691987,2025-06-21 01:36:43.170355,2025-06-21 01:36:43.612011,0 days 00:00:00.441656,,,,,,,,,,,,,,,,,,,,,,32.0,0.035,3m,1.0,0.9,2.0,12.0,,,,,,,,,,,,,,,,,,,,,,,,,,,,,,,,,,,,46.0,0.04,4m,0.6,0.6,2.0,30.0,,,,,,,,,,,,,,,,,,,,,,0.3,2,COMPLETE
81,81,-0.9806701239883945,2025-06-21 01:36:43.630965,2025-06-21 01:36:44.083963,0 days 00:00:00.452998,,,,,,,,,,,,,,,,,,,,,,32.0,0.035,3m,1.0,0.9,2.0,12.0,,,,,,,,32.0,0.0175,2m,0.7,0.5,2.0,30.0,,,,,,,,,,,,,,,,,,,,,,,,,,,,,,,,,,,,,,,,,,,,,,,,,,0.3,2,COMPLETE
82,82,-48.49534066798984,2025-06-21 01:36:44.102618,2025-06-21 01:36:44.552584,0 days 00:00:00.449966,,,,,,,,58.0,0.027500000000000004,3m,0.6,0.9,3.0,10.0,,,,,,,,,,,,,,,,,,,,,,,,,,,,,,,,,,,,16.0,0.035,1m,0.5,0.5,2.0,26.0,,,,,,,,,,,,,,,,,,,,,,,,,,,,,,,,,,,,0.3,2,COMPLETE
83,83,-7.334243996091802,2025-06-21 01:36:44.571681,2025-06-21 01:36:45.220463,0 days 00:00:00.648782,,,,,,,,,,,,,,,,,,,,,,,,,,,,,56.0,0.045000000000000005,2m,0.8,0.8,2.0,30.0,28.0,0.0175,2m,0.7,0.5,2.0,36.0,,,,,,,,,,,,,,,32.0,0.03,4m,0.5,0.5,3.0,54.0,,,,,,,,,,,,,,,,,,,,,,,,,,,,,0.3,3,COMPLETE
84,84,-22.37747751451716,2025-06-21 01:36:45.251790,2025-06-21 01:36:45.702487,0 days 00:00:00.450697,48.0,0.035,5m,1.0,0.7,2.0,50.0,,,,,,,,30.0,0.035,1m,0.8,0.8,2.0,14.0,,,,,,,,,,,,,,,,,,,,,,,,,,,,,,,,,,,,,,,,,,,,,,,,,,,,,,,,,,,,,,,,,,,,,,,0.3,2,COMPLETE
85,85,-8.66114937019839,2025-06-21 01:36:45.720300,2025-06-21 01:36:46.554376,0 days 00:00:00.834076,,,,,,,,,,,,,,,16.0,0.025,5m,0.9,0.9,3.0,28.0,,,,,,,,,,,,,,,36.0,0.015,2m,0.8,0.5,1.5,30.0,20.0,0.045000000000000005,1m,0.9,0.7,3.0,56.0,,,,,,,,56.0,0.0425,4m,0.8,0.8,2.0,32.0,,,,,,,,,,,,,,,,,,,,,,,,,,,,,0.35000000000000003,4,COMPLETE
86,86,-8.291142970826002,2025-06-21 01:36:46.573401,2025-06-21 01:36:47.023580,0 days 00:00:00.450179,,,,,,,,,,,,,,,,,,,,,,,,,,,,,36.0,0.01,3m,0.9,0.9,3.0,42.0,40.0,0.025,2m,0.7,0.6,2.0,30.0,,,,,,,,,,,,,,,,,,,,,,,,,,,,,,,,,,,,,,,,,,,,,,,,,,0.3,2,COMPLETE
87,87,-4.698287719236335,2025-06-21 01:36:47.042110,2025-06-21 01:36:47.299956,0 days 00:00:00.257846,,,,,,,,,,,,,,,,,,,,,,,,,,,,,,,,,,,,48.0,0.0325,2m,0.6,0.5,1.5,18.0,,,,,,,,,,,,,,,,,,,,,,,,,,,,,,,,,,,,,,,,,,,,,,,,,,0.35000000000000003,1,COMPLETE
88,88,-2.092964004572415,2025-06-21 01:36:47.317181,2025-06-21 01:36:47.939461,0 days 00:00:00.622280,,,,,,,,,,,,,,,,,,,,,,,,,,,,,,,,,,,,18.0,0.015,5m,0.9,0.8,2.5,54.0,,,,,,,,32.0,0.0425,4m,0.8,0.8,2.5,46.0,,,,,,,,,,,,,,,,,,,,,,,,,,,,,60.0,0.045000000000000005,5m,1.0,0.7,3.0,18.0,0.25,3,COMPLETE
89,89,-4.967333984621446,2025-06-21 01:36:47.957608,2025-06-21 01:36:48.411455,0 days 00:00:00.453847,,,,,,,,,,,,,,,,,,,,,,,,,,,,,,,,,,,,34.0,0.035,1m,0.8,0.6,2.0,48.0,,,,,,,,,,,,,,,,,,,,,,52.0,0.04,5m,0.6,0.6,2.0,20.0,,,,,,,,,,,,,,,,,,,,,,0.3,2,COMPLETE
90,90,-9.559666629332636,2025-06-21 01:36:48.428606,2025-06-21 01:36:48.681725,0 days 00:00:00.253119,,,,,,,,,,,,,,,,,,,,,,,,,,,,,,,,,,,,,,,,,,,,,,,,,,,,,,,,,,,,,,,,,,,,,,,56.0,0.027500000000000004,4m,1.0,1.0,1.5,34.0,,,,,,,,,,,,,,,0.35000000000000003,1,COMPLETE
91,91,-6.565580994147597,2025-06-21 01:36:48.700237,2025-06-21 01:36:48.953086,0 days 00:00:00.252849,38.0,0.0125,3m,0.5,1.0,1.5,38.0,,,,,,,,,,,,,,,,,,,,,,,,,,,,,,,,,,,,,,,,,,,,,,,,,,,,,,,,,,,,,,,,,,,,,,,,,,,,,,,,,,,,,0.25,1,COMPLETE
92,92,-5.780994434122419,2025-06-21 01:36:48.972104,2025-06-21 01:36:49.227180,0 days 00:00:00.255076,,,,,,,,,,,,,,,56.0,0.015,3m,0.6,0.6,1.5,58.0,,,,,,,,,,,,,,,,,,,,,,,,,,,,,,,,,,,,,,,,,,,,,,,,,,,,,,,,,,,,,,,,,,,,,,,0.3,1,COMPLETE
93,93,-4.3800857165954,2025-06-21 01:36:49.245521,2025-06-21 01:36:49.497806,0 days 00:00:00.252285,,,,,,,,,,,,,,,20.0,0.035,3m,0.7,0.7,2.0,44.0,,,,,,,,,,,,,,,,,,,,,,,,,,,,,,,,,,,,,,,,,,,,,,,,,,,,,,,,,,,,,,,,,,,,,,,0.3,1,COMPLETE
94,94,-6.045231260315707,2025-06-21 01:36:49.514895,2025-06-21 01:36:49.953945,0 days 00:00:00.439050,,,,,,,,,,,,,,,,,,,,,,,,,,,,,44.0,0.027500000000000004,5m,0.6,0.6,1.5,64.0,,,,,,,,,,,,,,,,,,,,,,,,,,,,,42.0,0.035,4m,0.5,0.5,1.5,34.0,,,,,,,,,,,,,,,,,,,,,,0.3,2,COMPLETE
95,95,-2.3062812559760815,2025-06-21 01:36:49.971167,2025-06-21 01:36:50.228045,0 days 00:00:00.256878,,,,,,,,,,,,,,,,,,,,,,,,,,,,,,,,,,,,26.0,0.0425,2m,0.7,0.7,1.5,34.0,,,,,,,,,,,,,,,,,,,,,,,,,,,,,,,,,,,,,,,,,,,,,,,,,,0.35000000000000003,1,COMPLETE
96,96,-0.7970184244046269,2025-06-21 01:36:50.246264,2025-06-21 01:36:50.683941,0 days 00:00:00.437677,58.0,0.027500000000000004,5m,0.6,0.6,2.0,58.0,,,,,,,,,,,,,,,,,,,,,,,,,,,,,,,,,,,,,,,,,,,,,,,,,,,,,,,,,,,,,,,,,,,,,,,,,,,,,,48.0,0.05,5m,0.8,0.6,2.5,38.0,0.4,2,COMPLETE
97,97,-13.291623095895472,2025-06-21 01:36:50.704963,2025-06-21 01:36:52.775676,0 days 00:00:02.070713,58.0,0.025,5m,0.6,0.6,2.0,58.0,56.0,0.0175,3m,0.6,0.9,3.0,18.0,,,,,,,,34.0,0.035,3m,1.0,0.9,2.0,10.0,,,,,,,,60.0,0.025,3m,0.6,0.9,2.0,46.0,52.0,0.025,5m,0.7,1.0,1.5,42.0,58.0,0.015,3m,0.9,0.6,1.5,36.0,32.0,0.025,1m,1.0,1.0,1.5,44.0,52.0,0.05,3m,0.7,0.7,2.5,16.0,40.0,0.045000000000000005,2m,0.5,0.5,2.0,18.0,20.0,0.045000000000000005,3m,0.7,0.7,1.5,10.0,,,,,,,,0.4,10,COMPLETE
98,98,-9.967000513274298,2025-06-21 01:36:52.795842,2025-06-21 01:36:53.448994,0 days 00:00:00.653152,46.0,0.03,5m,0.7,0.7,2.5,56.0,,,,,,,,,,,,,,,42.0,0.035,3m,1.0,0.9,2.0,10.0,,,,,,,,,,,,,,,,,,,,,,26.0,0.0325,2m,0.6,0.9,3.0,56.0,,,,,,,,,,,,,,,,,,,,,,,,,,,,,,,,,,,,0.45,3,COMPLETE
99,99,-2.2357055025279133,2025-06-21 01:36:53.482343,2025-06-21 01:36:53.922623,0 days 00:00:00.440280,,,,,,,,,,,,,,,,,,,,,,,,,,,,,,,,,,,,,,,,,,,,,,,,,,,,,,,,,,,,,,,,,,,,,,,28.0,0.0175,3m,0.8,0.8,2.5,56.0,,,,,,,,48.0,0.05,5m,0.8,0.6,2.5,40.0,0.4,2,COMPLETE
100,100,-9.810511582799764,2025-06-21 01:36:53.940740,2025-06-21 01:36:54.420689,0 days 00:00:00.479949,56.0,0.0375,5m,0.8,0.6,2.0,52.0,,,,,,,,,,,,,,,,,,,,,,,,,,,,,,,,,,,,58.0,0.035,4m,0.5,0.5,2.5,28.0,,,,,,,,,,,,,,,,,,,,,,,,,,,,,,,,,,,,,,,,,,,0.4,2,COMPLETE
101,101,-1.089811201195186,2025-06-21 01:36:54.440790,2025-06-21 01:36:54.693471,0 days 00:00:00.252681,,,,,,,,,,,,,,,,,,,,,,,,,,,,,,,,,,,,44.0,0.02,4m,0.9,0.8,2.5,20.0,,,,,,,,,,,,,,,,,,,,,,,,,,,,,,,,,,,,,,,,,,,,,,,,,,0.5,1,COMPLETE
102,102,0.9946526438196365,2025-06-21 01:36:54.710375,2025-06-21 01:36:54.957246,0 days 00:00:00.246871,,,,,,,,,,,,,,,,,,,,,,,,,,,,,,,,,,,,,,,,,,,,,,,,,,,,,,,,,,,,,,,,,,,,,,,,,,,,,,,,,,,,,52.0,0.045000000000000005,5m,0.9,0.5,3.0,32.0,0.5,1,COMPLETE
103,103,0.09935535010593521,2025-06-21 01:36:54.975757,2025-06-21 01:36:55.230237,0 days 00:00:00.254480,,,,,,,,,,,,,,,,,,,,,,,,,,,,,,,,,,,,,,,,,,,,,,,,,,,,,,,,,,,,,,,,,,,,,,,,,,,,,,,,,,,,,56.0,0.045000000000000005,5m,0.9,0.5,3.0,32.0,0.5,1,COMPLETE
104,104,-3.4954858795918593,2025-06-21 01:36:55.247134,2025-06-21 01:36:55.501387,0 days 00:00:00.254253,,,,,,,,42.0,0.015,4m,0.8,0.7,2.5,34.0,,,,,,,,,,,,,,,,,,,,,,,,,,,,,,,,,,,,,,,,,,,,,,,,,,,,,,,,,,,,,,,,,,,,,,,,,,,,,,0.5,1,COMPLETE
105,105,-0.8415566523359511,2025-06-21 01:36:55.519038,2025-06-21 01:36:55.773185,0 days 00:00:00.254147,,,,,,,,,,,,,,,,,,,,,,,,,,,,,,,,,,,,,,,,,,,,,,,,,,,,,,,,,,,,,,,,20.0,0.015,2m,0.9,0.9,3.0,58.0,,,,,,,,,,,,,,,,,,,,,,0.5,1,COMPLETE
106,106,-36.76989217447659,2025-06-21 01:36:55.790701,2025-06-21 01:36:57.665162,0 days 00:00:01.874461,,,,,,,,,,,,,,,60.0,0.045000000000000005,4m,0.8,0.8,2.5,16.0,,,,,,,,16.0,0.0175,1m,0.7,0.7,2.0,58.0,50.0,0.0125,2m,0.5,0.5,1.5,10.0,44.0,0.015,2m,0.8,0.8,2.0,18.0,38.0,0.0125,2m,0.7,0.7,2.0,16.0,14.0,0.0125,2m,0.6,0.6,3.0,58.0,16.0,0.0175,2m,0.9,0.9,3.0,56.0,20.0,0.03,1m,0.9,0.9,1.5,16.0,36.0,0.025,4m,1.0,1.0,3.0,26.0,,,,,,,,0.5,9,COMPLETE
107,107,-104.54101734856175,2025-06-21 01:36:57.689187,2025-06-21 01:36:57.967935,0 days 00:00:00.278748,,,,,,,,64.0,0.03,1m,0.5,1.0,2.0,42.0,,,,,,,,,,,,,,,,,,,,,,,,,,,,,,,,,,,,,,,,,,,,,,,,,,,,,,,,,,,,,,,,,,,,,,,,,,,,,,0.5,1,COMPLETE
108,108,-13.270924634534788,2025-06-21 01:36:57.985207,2025-06-21 01:36:58.246737,0 days 00:00:00.261530,,,,,,,,,,,,,,,,,,,,,,,,,,,,,,,,,,,,,,,,,,,10.0,0.03,1m,0.9,0.9,1.5,64.0,,,,,,,,,,,,,,,,,,,,,,,,,,,,,,,,,,,,,,,,,,,0.45,1,COMPLETE
109,109,-3.302259722041477,2025-06-21 01:36:58.264866,2025-06-21 01:36:58.515743,0 days 00:00:00.250877,,,,,,,,,,,,,,,,,,,,,,,,,,,,,,,,,,,,30.0,0.03,2m,0.8,0.7,2.0,40.0,,,,,,,,,,,,,,,,,,,,,,,,,,,,,,,,,,,,,,,,,,,,,,,,,,0.45,1,COMPLETE
110,110,-9.068517090490472,2025-06-21 01:36:58.533499,2025-06-21 01:36:58.787339,0 days 00:00:00.253840,,,,,,,,,,,,,,,,,,,,,,,,,,,,,,,,,,,,,,,,,,,36.0,0.045000000000000005,3m,0.6,0.6,3.0,32.0,,,,,,,,,,,,,,,,,,,,,,,,,,,,,,,,,,,,,,,,,,,0.5,1,COMPLETE
111,111,-0.049484470386485103,2025-06-21 01:36:58.803883,2025-06-21 01:36:59.051746,0 days 00:00:00.247863,,,,,,,,,,,,,,,,,,,,,,,,,,,,,,,,,,,,,,,,,,,,,,,,,,,,,,,,,,,,,,,,,,,,,,,,,,,,,,,,,,,,,56.0,0.045000000000000005,5m,0.9,0.5,3.0,34.0,0.5,1,COMPLETE
112,112,-3.912373784895823,2025-06-21 01:36:59.068776,2025-06-21 01:36:59.314718,0 days 00:00:00.245942,,,,,,,,,,,,,,,42.0,0.045000000000000005,5m,1.0,1.0,1.5,34.0,,,,,,,,,,,,,,,,,,,,,,,,,,,,,,,,,,,,,,,,,,,,,,,,,,,,,,,,,,,,,,,,,,,,,,,0.5,1,COMPLETE
113,113,-8.871980007405973,2025-06-21 01:36:59.334776,2025-06-21 01:36:59.583808,0 days 00:00:00.249032,,,,,,,,,,,,,,,,,,,,,,,,,,,,,60.0,0.035,3m,0.8,0.8,2.5,24.0,,,,,,,,,,,,,,,,,,,,,,,,,,,,,,,,,,,,,,,,,,,,,,,,,,,,,,,,,0.5,1,COMPLETE
114,114,-0.049484470386485103,2025-06-21 01:36:59.603528,2025-06-21 01:36:59.858292,0 days 00:00:00.254764,,,,,,,,,,,,,,,,,,,,,,,,,,,,,,,,,,,,,,,,,,,,,,,,,,,,,,,,,,,,,,,,,,,,,,,,,,,,,,,,,,,,,56.0,0.045000000000000005,5m,0.9,0.5,3.0,34.0,0.5,1,COMPLETE
115,115,0.2811726448740732,2025-06-21 01:36:59.874317,2025-06-21 01:37:00.133155,0 days 00:00:00.258838,,,,,,,,,,,,,,,,,,,,,,,,,,,,,,,,,,,,,,,,,,,,,,,,,,,,,,,,,,,,,,,,,,,,,,,,,,,,,,,,,,,,,56.0,0.045000000000000005,5m,0.9,0.5,3.0,36.0,0.45,1,COMPLETE
116,116,-39.49807222153288,2025-06-21 01:37:00.151565,2025-06-21 01:37:00.405810,0 days 00:00:00.254245,,,,,,,,,,,,,,,,,,,,,,,,,,,,,,,,,,,,,,,,,,,,,,,,,,,,,,,,,,,,,,,,,,,,,,,,,,,,,,30.0,0.01,1m,0.5,0.5,2.0,44.0,,,,,,,,0.45,1,COMPLETE
117,117,-5.0839931080470695,2025-06-21 01:37:00.423420,2025-06-21 01:37:00.685421,0 days 00:00:00.262001,,,,,,,,54.0,0.035,2m,0.7,0.8,1.5,22.0,,,,,,,,,,,,,,,,,,,,,,,,,,,,,,,,,,,,,,,,,,,,,,,,,,,,,,,,,,,,,,,,,,,,,,,,,,,,,,0.5,1,COMPLETE
118,118,-47.51086922725403,2025-06-21 01:37:00.703557,2025-06-21 01:37:00.963276,0 days 00:00:00.259719,,,,,,,,,,,,,,,,,,,,,,,,,,,,,,,,,,,,,,,,,,,48.0,0.0225,1m,0.7,0.7,2.0,42.0,,,,,,,,,,,,,,,,,,,,,,,,,,,,,,,,,,,,,,,,,,,0.5,1,COMPLETE
119,119,1.456035251623944,2025-06-21 01:37:00.980787,2025-06-21 01:37:01.242272,0 days 00:00:00.261485,,,,,,,,32.0,0.04,3m,0.8,0.7,2.5,30.0,,,,,,,,,,,,,,,,,,,,,,,,,,,,,,,,,,,,,,,,,,,,,,,,,,,,,,,,,,,,,,,,,,,,,,,,,,,,,,0.45,1,COMPLETE
120,120,-5.394990517442298,2025-06-21 01:37:01.259641,2025-06-21 01:37:02.697586,0 days 00:00:01.437945,38.0,0.0425,3m,0.5,0.5,1.5,42.0,32.0,0.0425,3m,0.8,0.7,2.5,32.0,,,,,,,,,,,,,,,48.0,0.0225,5m,1.0,0.5,1.5,54.0,14.0,0.045000000000000005,3m,1.0,1.0,3.0,16.0,,,,,,,,58.0,0.05,4m,0.8,0.8,2.5,64.0,,,,,,,,30.0,0.027500000000000004,1m,0.8,0.8,2.5,46.0,,,,,,,,,,,,,,,52.0,0.045000000000000005,5m,0.9,0.5,3.0,34.0,0.45,7,COMPLETE
121,121,-8.124092197089581,2025-06-21 01:37:02.720616,2025-06-21 01:37:03.003915,0 days 00:00:00.283299,,,,,,,,,,,,,,,,,,,,,,,,,,,,,,,,,,,,,,,,,,,,,,,,,,,,,,,,,,,,,,,,,,,,,,,,,,,,,,44.0,0.0175,3m,0.8,0.8,2.5,18.0,,,,,,,,0.5,1,COMPLETE
122,122,-2.4041166548795,2025-06-21 01:37:03.023505,2025-06-21 01:37:03.308154,0 days 00:00:00.284649,,,,,,,,,,,,,,,,,,,,,,54.0,0.025,5m,0.9,0.8,2.5,30.0,,,,,,,,,,,,,,,,,,,,,,,,,,,,,,,,,,,,,,,,,,,,,,,,,,,,,,,,,,,,,,,,0.45,1,COMPLETE
123,123,-3.5894450889327407,2025-06-21 01:37:03.326179,2025-06-21 01:37:03.568152,0 days 00:00:00.241973,,,,,,,,,,,,,,,,,,,,,,,,,,,,,,,,,,,,,,,,,,,,,,,,,,,,,,,,,,,,,,,,,,,,,,,,,,,,,,20.0,0.05,5m,0.9,0.9,1.5,58.0,,,,,,,,0.5,1,COMPLETE
124,124,-2.435355374720331,2025-06-21 01:37:03.584967,2025-06-21 01:37:03.834170,0 days 00:00:00.249203,,,,,,,,,,,,,,,,,,,,,,64.0,0.045000000000000005,4m,0.8,0.7,1.5,44.0,,,,,,,,,,,,,,,,,,,,,,,,,,,,,,,,,,,,,,,,,,,,,,,,,,,,,,,,,,,,,,,,0.5,1,COMPLETE
125,125,-8.159386708942492,2025-06-21 01:37:03.850179,2025-06-21 01:37:04.095430,0 days 00:00:00.245251,,,,,,,,,,,,,,,,,,,,,,,,,,,,,,,,,,,,,,,,,,,,,,,,,,,,,,,,,,,,,,,,,,,,,,,56.0,0.015,5m,0.6,0.6,3.0,48.0,,,,,,,,,,,,,,,0.45,1,COMPLETE
