,number,value,datetime_start,datetime_complete,duration,params_DIAsynprice_DIA_beta_win,params_DIAsynprice_DIA_stop_loss,params_DIAsynprice_DIA_trade_freq,params_DIAsynprice_DIA_z_entry,params_DIAsynprice_DIA_z_exit,params_DIAsynprice_DIA_z_stop_scaler,params_DIAsynprice_DIA_z_win,params_QQQsynprice_QQQ_beta_win,params_QQQsynprice_QQQ_stop_loss,params_QQQsynprice_QQQ_trade_freq,params_QQQsynprice_QQQ_z_entry,params_QQQsynprice_QQQ_z_exit,params_QQQsynprice_QQQ_z_stop_scaler,params_QQQsynprice_QQQ_z_win,params_XLBsynprice_XLB_beta_win,params_XLBsynprice_XLB_stop_loss,params_XLBsynprice_XLB_trade_freq,params_XLBsynprice_XLB_z_entry,params_XLBsynprice_XLB_z_exit,params_XLBsynprice_XLB_z_stop_scaler,params_XLBsynprice_XLB_z_win,params_XLCsynprice_XLC_beta_win,params_XLCsynprice_XLC_stop_loss,params_XLCsynprice_XLC_trade_freq,params_XLCsynprice_XLC_z_entry,params_XLCsynprice_XLC_z_exit,params_XLCsynprice_XLC_z_stop_scaler,params_XLCsynprice_XLC_z_win,params_XLEsynprice_XLE_beta_win,params_XLEsynprice_XLE_stop_loss,params_XLEsynprice_XLE_trade_freq,params_XLEsynprice_XLE_z_entry,params_XLEsynprice_XLE_z_exit,params_XLEsynprice_XLE_z_stop_scaler,params_XLEsynprice_XLE_z_win,params_XLFsynprice_XLF_beta_win,params_XLFsynprice_XLF_stop_loss,params_XLFsynprice_XLF_trade_freq,params_XLFsynprice_XLF_z_entry,params_XLFsynprice_XLF_z_exit,params_XLFsynprice_XLF_z_stop_scaler,params_XLFsynprice_XLF_z_win,params_XLIsynprice_XLI_beta_win,params_XLIsynprice_XLI_stop_loss,params_XLIsynprice_XLI_trade_freq,params_XLIsynprice_XLI_z_entry,params_XLIsynprice_XLI_z_exit,params_XLIsynprice_XLI_z_stop_scaler,params_XLIsynprice_XLI_z_win,params_XLKsynprice_XLK_beta_win,params_XLKsynprice_XLK_stop_loss,params_XLKsynprice_XLK_trade_freq,params_XLKsynprice_XLK_z_entry,params_XLKsynprice_XLK_z_exit,params_XLKsynprice_XLK_z_stop_scaler,params_XLKsynprice_XLK_z_win,params_XLPsynprice_XLP_beta_win,params_XLPsynprice_XLP_stop_loss,params_XLPsynprice_XLP_trade_freq,params_XLPsynprice_XLP_z_entry,params_XLPsynprice_XLP_z_exit,params_XLPsynprice_XLP_z_stop_scaler,params_XLPsynprice_XLP_z_win,params_XLREsynprice_XLRE_beta_win,params_XLREsynprice_XLRE_stop_loss,params_XLREsynprice_XLRE_trade_freq,params_XLREsynprice_XLRE_z_entry,params_XLREsynprice_XLRE_z_exit,params_XLREsynprice_XLRE_z_stop_scaler,params_XLREsynprice_XLRE_z_win,params_XLUsynprice_XLU_beta_win,params_XLUsynprice_XLU_stop_loss,params_XLUsynprice_XLU_trade_freq,params_XLUsynprice_XLU_z_entry,params_XLUsynprice_XLU_z_exit,params_XLUsynprice_XLU_z_stop_scaler,params_XLUsynprice_XLU_z_win,params_XLVsynprice_XLV_beta_win,params_XLVsynprice_XLV_stop_loss,params_XLVsynprice_XLV_trade_freq,params_XLVsynprice_XLV_z_entry,params_XLVsynprice_XLV_z_exit,params_XLVsynprice_XLV_z_stop_scaler,params_XLVsynprice_XLV_z_win,params_XLYsynprice_XLY_beta_win,params_XLYsynprice_XLY_stop_loss,params_XLYsynprice_XLY_trade_freq,params_XLYsynprice_XLY_z_entry,params_XLYsynprice_XLY_z_exit,params_XLYsynprice_XLY_z_stop_scaler,params_XLYsynprice_XLY_z_win,params_buffer_capital,params_pairs_to_trade,state
52,52,-2.7209793193527894,2025-06-21 01:33:40.603711,2025-06-21 01:33:41.263928,0 days 00:00:00.660217,,,,,,,,16.0,0.045000000000000005,2m,0.7,0.7,2.0,42.0,,,,,,,,10.0,0.02,4m,0.8,0.6,2.5,10.0,,,,,,,,,,,,,,,,,,,,,,,,,,,,,,,,,,,,26.0,0.0175,2m,1.0,0.8,1.5,56.0,,,,,,,,,,,,,,,,,,,,,,0.05,3,COMPLETE
53,53,-1.6286913320842007,2025-06-21 01:33:41.295948,2025-06-21 01:33:42.169022,0 days 00:00:00.873074,,,,,,,,16.0,0.045000000000000005,2m,0.7,0.7,2.0,42.0,56.0,0.03,4m,0.9,0.9,2.5,56.0,,,,,,,,,,,,,,,18.0,0.045000000000000005,4m,0.7,0.5,3.0,60.0,,,,,,,,,,,,,,,,,,,,,,28.0,0.0175,2m,1.0,0.8,1.5,56.0,,,,,,,,,,,,,,,,,,,,,,0.05,4,COMPLETE
54,54,-13.158117374193226,2025-06-21 01:33:42.190644,2025-06-21 01:33:43.036265,0 days 00:00:00.845621,16.0,0.0425,1m,0.9,0.6,2.5,24.0,,,,,,,,,,,,,,,,,,,,,,,,,,,,,,,,,,,,40.0,0.027500000000000004,2m,0.6,0.5,2.5,34.0,54.0,0.03,5m,1.0,0.7,2.5,46.0,40.0,0.0325,4m,0.6,0.9,2.5,18.0,,,,,,,,,,,,,,,,,,,,,,,,,,,,,0.1,4,COMPLETE
55,55,-6.042424681383653,2025-06-21 01:33:43.055799,2025-06-21 01:33:43.895397,0 days 00:00:00.839598,,,,,,,,,,,,,,,56.0,0.027500000000000004,4m,0.9,0.9,2.5,56.0,,,,,,,,,,,,,,,,,,,,,,,,,,,,,28.0,0.0225,3m,0.6,1.0,3.0,42.0,,,,,,,,28.0,0.0175,2m,1.0,0.8,1.5,56.0,,,,,,,,10.0,0.01,5m,1.0,0.9,1.5,64.0,,,,,,,,0.05,4,COMPLETE
56,56,-4.183174405784039,2025-06-21 01:33:43.914073,2025-06-21 01:33:44.355912,0 days 00:00:00.441839,,,,,,,,,,,,,,,,,,,,,,10.0,0.025,4m,0.9,0.6,1.5,12.0,,,,,,,,,,,,,,,,,,,,,,,,,,,,,,,,,,,,,,,,,,,,,,,,,,24.0,0.03,4m,0.8,0.9,2.0,54.0,,,,,,,,0.1,2,COMPLETE
57,57,-11.30860260339141,2025-06-21 01:33:44.374939,2025-06-21 01:33:45.409633,0 days 00:00:01.034694,38.0,0.03,4m,0.5,1.0,3.0,58.0,,,,,,,,,,,,,,,20.0,0.045000000000000005,4m,1.0,0.6,2.5,22.0,62.0,0.04,3m,0.8,0.6,2.0,14.0,,,,,,,,,,,,,,,,,,,,,,24.0,0.045000000000000005,1m,0.8,0.7,2.0,42.0,,,,,,,,,,,,,,,18.0,0.0175,2m,0.9,0.7,3.0,12.0,,,,,,,,0.05,5,COMPLETE
58,58,-2.3553587388520683,2025-06-21 01:33:45.429249,2025-06-21 01:33:45.694229,0 days 00:00:00.264980,,,,,,,,,,,,,,,40.0,0.04,4m,1.0,1.0,3.0,52.0,,,,,,,,,,,,,,,,,,,,,,,,,,,,,,,,,,,,,,,,,,,,,,,,,,,,,,,,,,,,,,,,,,,,,,,0.25,1,COMPLETE
59,59,-6.178331483333439,2025-06-21 01:33:45.718763,2025-06-21 01:33:45.971573,0 days 00:00:00.252810,56.0,0.015,2m,1.0,0.5,2.5,44.0,,,,,,,,,,,,,,,,,,,,,,,,,,,,,,,,,,,,,,,,,,,,,,,,,,,,,,,,,,,,,,,,,,,,,,,,,,,,,,,,,,,,,0.25,1,COMPLETE
60,60,-46.193295013851134,2025-06-21 01:33:45.990859,2025-06-21 01:33:46.629048,0 days 00:00:00.638189,28.0,0.0425,4m,0.7,0.8,2.0,36.0,,,,,,,,,,,,,,,18.0,0.04,5m,0.8,0.6,2.0,32.0,58.0,0.05,1m,0.5,0.5,3.0,56.0,,,,,,,,,,,,,,,,,,,,,,,,,,,,,,,,,,,,,,,,,,,,,,,,,,,,,,,,,0.3,3,COMPLETE
61,61,-44.4960321149025,2025-06-21 01:33:46.675072,2025-06-21 01:33:47.129534,0 days 00:00:00.454462,18.0,0.025,1m,0.9,0.9,3.0,16.0,,,,,,,,,,,,,,,,,,,,,,,,,,,,,,,,,,,,,,,,,,,,,,,,,,,,,,,,,,,,,,,,36.0,0.01,3m,0.8,1.0,2.5,30.0,,,,,,,,,,,,,,,0.35000000000000003,2,COMPLETE
62,62,-4.943803530746322,2025-06-21 01:33:47.148977,2025-06-21 01:33:47.399324,0 days 00:00:00.250347,,,,,,,,,,,,,,,,,,,,,,,,,,,,,,,,,,,,,,,,,,,,,,,,,,,,,,,,,,,,,,,,,,,,,,,,,,,,,,36.0,0.045000000000000005,5m,0.6,0.9,2.0,54.0,,,,,,,,0.2,1,COMPLETE
63,63,-8.831226703081626,2025-06-21 01:33:47.420860,2025-06-21 01:33:47.677548,0 days 00:00:00.256688,,,,,,,,,,,,,,,,,,,,,,,,,,,,,,,,,,,,,,,,,,,,,,,,,,46.0,0.035,4m,0.8,0.8,1.5,28.0,,,,,,,,,,,,,,,,,,,,,,,,,,,,,,,,,,,,0.25,1,COMPLETE
64,64,-9.232944103986963,2025-06-21 01:33:47.696376,2025-06-21 01:33:48.139778,0 days 00:00:00.443402,56.0,0.015,5m,0.6,0.6,1.5,28.0,,,,,,,,,,,,,,,,,,,,,,,,,,,,,,,,,,,,,,,,,,,,,,,,,,44.0,0.05,2m,0.9,0.6,3.0,30.0,,,,,,,,,,,,,,,,,,,,,,,,,,,,,0.4,2,COMPLETE
65,65,-49.26606841061658,2025-06-21 01:33:48.158842,2025-06-21 01:33:48.414054,0 days 00:00:00.255212,38.0,0.0375,1m,0.7,0.7,2.0,58.0,,,,,,,,,,,,,,,,,,,,,,,,,,,,,,,,,,,,,,,,,,,,,,,,,,,,,,,,,,,,,,,,,,,,,,,,,,,,,,,,,,,,,0.3,1,COMPLETE
66,66,-9.362369777000128,2025-06-21 01:33:48.435078,2025-06-21 01:33:49.072684,0 days 00:00:00.637606,44.0,0.0475,3m,0.8,0.8,2.5,34.0,16.0,0.045000000000000005,2m,0.7,0.7,2.0,40.0,,,,,,,,,,,,,,,,,,,,,,,,,,,,,30.0,0.0175,1m,0.9,0.7,3.0,26.0,,,,,,,,,,,,,,,,,,,,,,,,,,,,,,,,,,,,,,,,,,,0.1,3,COMPLETE
67,67,-7.625110023010532,2025-06-21 01:33:49.113650,2025-06-21 01:33:50.351047,0 days 00:00:01.237397,,,,,,,,24.0,0.0425,2m,0.8,0.8,2.0,46.0,40.0,0.0375,4m,1.0,1.0,3.0,54.0,28.0,0.025,3m,0.9,1.0,2.5,12.0,18.0,0.01,4m,0.7,0.7,2.5,34.0,,,,,,,,14.0,0.04,3m,0.8,0.6,2.0,54.0,,,,,,,,18.0,0.025,2m,0.5,1.0,2.5,56.0,,,,,,,,,,,,,,,,,,,,,,,,,,,,,0.2,6,COMPLETE
68,68,-1.053517706601242,2025-06-21 01:33:50.376726,2025-06-21 01:33:50.826400,0 days 00:00:00.449674,32.0,0.0325,5m,1.0,1.0,3.0,46.0,,,,,,,,,,,,,,,,,,,,,,,,,,,,,,,,,,,,,,,,,,,,,,,,,,,,,,,,,24.0,0.015,2m,1.0,0.8,1.5,58.0,,,,,,,,,,,,,,,,,,,,,,0.05,2,COMPLETE
69,69,-3.7261166753667805,2025-06-21 01:33:50.848376,2025-06-21 01:33:51.487805,0 days 00:00:00.639429,,,,,,,,16.0,0.05,2m,0.7,0.7,2.0,52.0,,,,,,,,,,,,,,,,,,,,,,,,,,,,,24.0,0.045000000000000005,4m,1.0,0.8,2.5,64.0,,,,,,,,,,,,,,,,,,,,,,54.0,0.02,3m,0.5,0.5,2.0,46.0,,,,,,,,,,,,,,,0.05,3,COMPLETE
70,70,0.9209585170554028,2025-06-21 01:33:51.528666,2025-06-21 01:33:51.988181,0 days 00:00:00.459515,,,,,,,,,,,,,,,,,,,,,,,,,,,,,,,,,,,,,,,,,,,,,,,,,,,,,,,,,,,,,,,,24.0,0.015,2m,1.0,0.8,1.5,58.0,,,,,,,,50.0,0.025,4m,0.9,0.7,1.5,40.0,,,,,,,,0.05,2,COMPLETE
71,71,-2.769988556565497,2025-06-21 01:33:52.006124,2025-06-21 01:33:52.448052,0 days 00:00:00.441928,,,,,,,,,,,,,,,,,,,,,,,,,,,,,,,,,,,,,,,,,,,58.0,0.01,5m,0.7,0.7,1.5,42.0,,,,,,,,,,,,,,,,,,,,,,,,,,,,,50.0,0.025,4m,0.9,0.7,1.5,38.0,,,,,,,,0.05,2,COMPLETE
72,72,-5.089767190018157,2025-06-21 01:33:52.467639,2025-06-21 01:33:52.917767,0 days 00:00:00.450128,24.0,0.0325,5m,1.0,1.0,3.0,44.0,,,,,,,,,,,,,,,,,,,,,,,,,,,,,,,,,,,,,,,,,,,,,,,,,,56.0,0.015,3m,0.7,0.8,1.5,18.0,,,,,,,,,,,,,,,,,,,,,,,,,,,,,0.1,2,COMPLETE
73,73,-3.035746266955759,2025-06-21 01:33:52.935793,2025-06-21 01:33:53.386226,0 days 00:00:00.450433,,,,,,,,26.0,0.035,2m,0.6,0.6,2.5,32.0,,,,,,,,,,,,,,,,,,,,,,,,,,,,,,,,,,,,,,,,,,,,,,,,,,,,,,,,,,,,,,,,,,,,,,,56.0,0.045000000000000005,4m,0.6,0.9,1.5,44.0,0.05,2,COMPLETE
74,74,-3.6336528463296074,2025-06-21 01:33:53.403479,2025-06-21 01:33:54.042959,0 days 00:00:00.639480,32.0,0.025,5m,0.9,0.9,3.0,40.0,,,,,,,,,,,,,,,,,,,,,,,,,,,,,,,,,,,,,,,,,,,,,,,,,,,,,,,,,,,,,,,,18.0,0.0325,5m,0.7,0.9,1.5,18.0,,,,,,,,20.0,0.0225,3m,0.8,0.7,2.0,18.0,0.05,3,COMPLETE
75,75,-10.376438119885805,2025-06-21 01:33:54.061075,2025-06-21 01:33:54.515684,0 days 00:00:00.454609,,,,,,,,,,,,,,,,,,,,,,,,,,,,,,,,,,,,,,,,,,,,,,,,,,,,,,,,,,,,,,,,,,,,,,,32.0,0.04,2m,0.6,0.7,3.0,56.0,42.0,0.02,4m,1.0,0.8,1.5,46.0,,,,,,,,0.1,2,COMPLETE
76,76,-2.4624742428211293,2025-06-21 01:33:54.535202,2025-06-21 01:33:55.376157,0 days 00:00:00.840955,32.0,0.04,5m,1.0,1.0,2.5,48.0,,,,,,,,58.0,0.027500000000000004,4m,0.9,0.9,3.0,40.0,,,,,,,,,,,,,,,,,,,,,,,,,,,,,58.0,0.015,2m,0.9,0.9,2.0,54.0,,,,,,,,,,,,,,,,,,,,,,,,,,,,,38.0,0.035,2m,0.9,0.6,2.5,56.0,0.05,4,COMPLETE
77,77,-138.2728695222609,2025-06-21 01:33:55.395031,2025-06-21 01:33:56.248903,0 days 00:00:00.853872,,,,,,,,30.0,0.0325,1m,0.5,0.5,1.5,24.0,,,,,,,,,,,,,,,42.0,0.0425,4m,1.0,1.0,3.0,22.0,18.0,0.045000000000000005,4m,0.9,0.5,3.0,18.0,,,,,,,,,,,,,,,30.0,0.0375,1m,0.6,0.9,2.0,34.0,,,,,,,,,,,,,,,,,,,,,,,,,,,,,0.05,4,COMPLETE
78,78,-9.116995976892406,2025-06-21 01:33:56.267894,2025-06-21 01:33:56.525134,0 days 00:00:00.257240,,,,,,,,,,,,,,,,,,,,,,,,,,,,,,,,,,,,,,,,,,,,,,,,,,,,,,,,,,,,,,,,,,,,,,,56.0,0.025,4m,1.0,0.6,2.5,42.0,,,,,,,,,,,,,,,0.15000000000000002,1,COMPLETE
79,79,-7.121467348534631,2025-06-21 01:33:56.544794,2025-06-21 01:33:57.380843,0 days 00:00:00.836049,,,,,,,,38.0,0.0225,5m,0.8,0.8,1.5,60.0,,,,,,,,,,,,,,,56.0,0.03,3m,0.6,0.6,2.5,48.0,,,,,,,,22.0,0.027500000000000004,2m,0.9,0.5,3.0,22.0,,,,,,,,14.0,0.0325,4m,0.8,0.7,2.5,42.0,,,,,,,,,,,,,,,,,,,,,,,,,,,,,0.1,4,COMPLETE
80,80,-9.606283513608341,2025-06-21 01:33:57.400865,2025-06-21 01:33:57.657735,0 days 00:00:00.256870,,,,,,,,,,,,,,,,,,,,,,64.0,0.0425,1m,0.6,0.9,1.5,64.0,,,,,,,,,,,,,,,,,,,,,,,,,,,,,,,,,,,,,,,,,,,,,,,,,,,,,,,,,,,,,,,,0.15000000000000002,1,COMPLETE
81,81,-30.23610663132529,2025-06-21 01:33:57.676363,2025-06-21 01:33:58.330521,0 days 00:00:00.654158,,,,,,,,,,,,,,,,,,,,,,,,,,,,,,,,,,,,,,,,,,,12.0,0.0175,2m,0.6,0.9,2.0,16.0,58.0,0.0175,2m,0.9,0.9,2.0,54.0,,,,,,,,,,,,,,,40.0,0.05,1m,0.8,0.8,2.0,30.0,,,,,,,,,,,,,,,0.05,3,COMPLETE
82,82,-3.4270333195502403,2025-06-21 01:33:58.362183,2025-06-21 01:33:59.211479,0 days 00:00:00.849296,,,,,,,,,,,,,,,58.0,0.027500000000000004,4m,0.9,0.9,3.0,38.0,46.0,0.0175,4m,0.8,0.5,2.0,20.0,,,,,,,,16.0,0.0425,4m,0.7,0.6,3.0,60.0,,,,,,,,,,,,,,,,,,,,,,,,,,,,,,,,,,,,,,,,,,,40.0,0.0375,2m,0.9,0.6,2.5,54.0,0.05,4,COMPLETE
83,83,-4.482987750393467,2025-06-21 01:33:59.232037,2025-06-21 01:33:59.873305,0 days 00:00:00.641268,,,,,,,,20.0,0.0475,2m,0.7,0.7,2.0,36.0,52.0,0.035,4m,1.0,1.0,3.0,50.0,,,,,,,,,,,,,,,64.0,0.0325,1m,0.8,0.5,3.0,44.0,,,,,,,,,,,,,,,,,,,,,,,,,,,,,,,,,,,,,,,,,,,,,,,,,,0.05,3,COMPLETE
84,84,-2.1449171429208027,2025-06-21 01:33:59.891281,2025-06-21 01:34:00.346576,0 days 00:00:00.455295,,,,,,,,14.0,0.04,2m,0.6,0.6,2.5,44.0,48.0,0.03,4m,0.8,0.8,2.5,58.0,,,,,,,,,,,,,,,,,,,,,,,,,,,,,,,,,,,,,,,,,,,,,,,,,,,,,,,,,,,,,,,,,,,,,,,0.05,2,COMPLETE
85,85,0.21714843798049746,2025-06-21 01:34:00.364599,2025-06-21 01:34:00.818069,0 days 00:00:00.453470,,,,,,,,,,,,,,,,,,,,,,,,,,,,,,,,,,,,,,,,,,,,,,,,,,,,,,,,,,,,,,,,22.0,0.015,2m,1.0,0.7,1.5,60.0,,,,,,,,32.0,0.0325,4m,0.8,0.6,2.0,20.0,,,,,,,,0.1,2,COMPLETE
86,86,-5.870888936142748,2025-06-21 01:34:00.837129,2025-06-21 01:34:01.285282,0 days 00:00:00.448153,32.0,0.04,5m,1.0,1.0,2.5,50.0,,,,,,,,,,,,,,,,,,,,,,,,,,,,,,,,,,,,,,,,,,,,,,,,,,,,,,,,,20.0,0.02,2m,1.0,0.7,1.5,60.0,,,,,,,,,,,,,,,,,,,,,,0.1,2,COMPLETE
87,87,-29.26423760795783,2025-06-21 01:34:01.304848,2025-06-21 01:34:01.566230,0 days 00:00:00.261382,,,,,,,,,,,,,,,,,,,,,,,,,,,,,44.0,0.05,1m,0.9,0.9,3.0,64.0,,,,,,,,,,,,,,,,,,,,,,,,,,,,,,,,,,,,,,,,,,,,,,,,,,,,,,,,,0.1,1,COMPLETE
88,88,-5.05273956527095,2025-06-21 01:34:01.586258,2025-06-21 01:34:02.034586,0 days 00:00:00.448328,26.0,0.0325,5m,1.0,1.0,3.0,46.0,,,,,,,,,,,,,,,,,,,,,,,,,,,,,22.0,0.045000000000000005,2m,0.7,0.6,3.0,36.0,,,,,,,,,,,,,,,,,,,,,,,,,,,,,,,,,,,,,,,,,,,,,,,,,,0.1,2,COMPLETE
89,89,-5.645083274850276,2025-06-21 01:34:02.052097,2025-06-21 01:34:02.498467,0 days 00:00:00.446370,,,,,,,,,,,,,,,,,,,,,,,,,,,,,,,,,,,,,,,,,,,,,,,,,,42.0,0.015,2m,0.7,0.7,2.5,64.0,,,,,,,,,,,,,,,,,,,,,,34.0,0.0325,4m,0.8,0.6,2.0,18.0,,,,,,,,0.15000000000000002,2,COMPLETE
90,90,-0.43136890844251186,2025-06-21 01:34:02.519496,2025-06-21 01:34:02.791324,0 days 00:00:00.271828,,,,,,,,,,,,,,,,,,,,,,,,,,,,,,,,,,,,52.0,0.0475,4m,0.8,0.7,2.0,58.0,,,,,,,,,,,,,,,,,,,,,,,,,,,,,,,,,,,,,,,,,,,,,,,,,,0.05,1,COMPLETE
91,91,-2.8697300144514113,2025-06-21 01:34:02.808892,2025-06-21 01:34:03.052312,0 days 00:00:00.243420,,,,,,,,,,,,,,,,,,,,,,,,,,,,,,,,,,,,,,,,,,,,,,,,,,,,,,,,,42.0,0.015,5m,1.0,0.5,1.5,58.0,,,,,,,,,,,,,,,,,,,,,,,,,,,,,0.05,1,COMPLETE
92,92,-0.84840311634958,2025-06-21 01:34:03.070184,2025-06-21 01:34:03.321927,0 days 00:00:00.251743,,,,,,,,,,,,,,,,,,,,,,,,,,,,,,,,,,,,,,,,,,,,,,,,,,,,,,,,,,,,,,,,,,,,,,,,,,,,,,,,,,,,,48.0,0.0425,2m,0.9,0.5,3.0,40.0,0.05,1,COMPLETE
93,93,-5.165328630659375,2025-06-21 01:34:03.339013,2025-06-21 01:34:03.586541,0 days 00:00:00.247528,,,,,,,,,,,,,,,,,,,,,,,,,,,,,32.0,0.03,5m,0.7,0.7,2.5,24.0,,,,,,,,,,,,,,,,,,,,,,,,,,,,,,,,,,,,,,,,,,,,,,,,,,,,,,,,,0.25,1,COMPLETE
94,94,-2.585902511572222,2025-06-21 01:34:03.609691,2025-06-21 01:34:03.864649,0 days 00:00:00.254958,,,,,,,,,,,,,,,,,,,,,,,,,,,,,,,,,,,,,,,,,,,,,,,,,,,,,,,,,,,,,,,,,,,,,,,,,,,,,,30.0,0.0325,4m,0.9,0.5,1.5,22.0,,,,,,,,0.05,1,COMPLETE
95,95,-60.164413224045504,2025-06-21 01:34:03.882308,2025-06-21 01:34:04.138806,0 days 00:00:00.256498,,,,,,,,,,,,,,,,,,,,,,,,,,,,,,,,,,,,,,,,,,,34.0,0.0375,1m,0.5,0.6,2.5,36.0,,,,,,,,,,,,,,,,,,,,,,,,,,,,,,,,,,,,,,,,,,,0.1,1,COMPLETE
96,96,-0.5537868558792803,2025-06-21 01:34:04.156325,2025-06-21 01:34:04.617925,0 days 00:00:00.461600,,,,,,,,,,,,,,,,,,,,,,,,,,,,,,,,,,,,,,,,,,,,,,,,,,,,,,,,,,,,,,,,22.0,0.0125,2m,1.0,0.8,1.5,50.0,,,,,,,,,,,,,,,50.0,0.0425,2m,1.0,0.5,3.0,40.0,0.1,2,COMPLETE
97,97,-56.71832550465044,2025-06-21 01:34:04.641991,2025-06-21 01:34:05.096454,0 days 00:00:00.454463,50.0,0.027500000000000004,4m,0.8,0.8,3.0,56.0,,,,,,,,,,,,,,,,,,,,,,,,,,,,,,,,,,,,,,,,,,,32.0,0.045000000000000005,1m,0.6,0.6,3.0,20.0,,,,,,,,,,,,,,,,,,,,,,,,,,,,,,,,,,,,0.1,2,COMPLETE
98,98,-5.803735273846016,2025-06-21 01:34:05.113480,2025-06-21 01:34:05.556282,0 days 00:00:00.442802,,,,,,,,,,,,,,,,,,,,,,56.0,0.05,3m,0.6,0.9,1.5,54.0,46.0,0.0375,5m,1.0,1.0,2.0,36.0,,,,,,,,,,,,,,,,,,,,,,,,,,,,,,,,,,,,,,,,,,,,,,,,,,,,,,,,,0.1,2,COMPLETE
99,99,-2.5102429565890207,2025-06-21 01:34:05.575392,2025-06-21 01:34:06.020731,0 days 00:00:00.445339,,,,,,,,,,,,,,,,,,,,,,58.0,0.0375,5m,0.5,1.0,2.0,30.0,,,,,,,,54.0,0.0475,4m,0.8,0.7,2.0,56.0,,,,,,,,,,,,,,,,,,,,,,,,,,,,,,,,,,,,,,,,,,,,,,,,,,0.05,2,COMPLETE
100,100,-5.74756764163259,2025-06-21 01:34:06.039620,2025-06-21 01:34:06.490198,0 days 00:00:00.450578,,,,,,,,,,,,,,,48.0,0.0175,4m,0.8,0.8,2.5,60.0,,,,,,,,,,,,,,,,,,,,,,18.0,0.04,3m,0.8,1.0,3.0,28.0,,,,,,,,,,,,,,,,,,,,,,,,,,,,,,,,,,,,,,,,,,,0.05,2,COMPLETE
101,101,-104.29457469589839,2025-06-21 01:34:06.508084,2025-06-21 01:34:06.800095,0 days 00:00:00.292011,,,,,,,,,,,,,,,,,,,,,,,,,,,,,24.0,0.0425,1m,0.5,0.5,3.0,10.0,,,,,,,,,,,,,,,,,,,,,,,,,,,,,,,,,,,,,,,,,,,,,,,,,,,,,,,,,0.05,1,COMPLETE
102,102,-2.888739905472608,2025-06-21 01:34:06.819120,2025-06-21 01:34:07.119359,0 days 00:00:00.300239,,,,,,,,,,,,,,,,,,,,,,,,,,,,,,,,,,,,,,,,,,,,,,,,,,,,,,,,,,,,,,,,,,,,,,,,,,,,,,50.0,0.015,4m,0.7,0.7,2.0,34.0,,,,,,,,0.15000000000000002,1,COMPLETE
103,103,-8.871523843624278,2025-06-21 01:34:07.144395,2025-06-21 01:34:07.417991,0 days 00:00:00.273596,,,,,,,,,,,,,,,,,,,,,,,,,,,,,,,,,,,,,,,,,,,,,,,,,,,,,,,,,,,,,,,,,,,,,,,28.0,0.0175,3m,0.9,0.9,3.0,40.0,,,,,,,,,,,,,,,0.1,1,COMPLETE
104,104,-12.02370941139975,2025-06-21 01:34:07.439030,2025-06-21 01:34:09.469272,0 days 00:00:02.030242,14.0,0.05,2m,0.9,0.7,3.0,22.0,12.0,0.04,2m,0.6,0.6,2.5,50.0,42.0,0.0425,4m,0.8,0.8,2.5,58.0,,,,,,,,,,,,,,,58.0,0.04,4m,0.9,0.5,1.5,60.0,40.0,0.0475,4m,0.8,0.7,1.5,10.0,,,,,,,,56.0,0.015,1m,0.9,0.6,1.5,18.0,18.0,0.0125,2m,1.0,0.8,1.5,50.0,52.0,0.04,3m,0.5,0.5,2.5,22.0,40.0,0.025,4m,0.8,0.6,1.5,34.0,,,,,,,,0.05,9,COMPLETE
105,105,-3.275520538725587,2025-06-21 01:34:09.496307,2025-06-21 01:34:10.005557,0 days 00:00:00.509250,,,,,,,,22.0,0.0375,3m,0.5,0.6,2.5,38.0,32.0,0.0325,4m,0.9,0.9,2.5,52.0,,,,,,,,,,,,,,,,,,,,,,,,,,,,,,,,,,,,,,,,,,,,,,,,,,,,,,,,,,,,,,,,,,,,,,,0.05,2,COMPLETE
106,106,-4.367439799133386,2025-06-21 01:34:10.023582,2025-06-21 01:34:10.276020,0 days 00:00:00.252438,42.0,0.015,4m,0.9,0.9,2.5,18.0,,,,,,,,,,,,,,,,,,,,,,,,,,,,,,,,,,,,,,,,,,,,,,,,,,,,,,,,,,,,,,,,,,,,,,,,,,,,,,,,,,,,,0.3,1,COMPLETE
107,107,-2.289859024573498,2025-06-21 01:34:10.294845,2025-06-21 01:34:10.753315,0 days 00:00:00.458470,20.0,0.025,3m,0.7,0.8,2.5,32.0,,,,,,,,,,,,,,,,,,,,,,,,,,,,,,,,,,,,,,,,,,,,,,,,,,,,,,,,,22.0,0.015,2m,1.0,0.7,1.5,60.0,,,,,,,,,,,,,,,,,,,,,,0.25,2,COMPLETE
108,108,-70.061888829955,2025-06-21 01:34:10.772036,2025-06-21 01:34:11.228253,0 days 00:00:00.456217,20.0,0.025,3m,0.7,0.8,2.5,32.0,,,,,,,,,,,,,,,,,,,,,,,,,,,,,,,,,,,,,,,,,,,10.0,0.025,1m,0.5,0.5,3.0,10.0,,,,,,,,,,,,,,,,,,,,,,,,,,,,,,,,,,,,0.1,2,COMPLETE
109,109,-6.812448344364876,2025-06-21 01:34:11.248657,2025-06-21 01:34:11.705317,0 days 00:00:00.456660,,,,,,,,,,,,,,,60.0,0.025,2m,0.7,0.7,2.0,44.0,,,,,,,,,,,,,,,48.0,0.045000000000000005,4m,0.8,0.7,2.0,48.0,,,,,,,,,,,,,,,,,,,,,,,,,,,,,,,,,,,,,,,,,,,,,,,,,,0.2,2,COMPLETE
110,110,-4.917942365491574,2025-06-21 01:34:11.725294,2025-06-21 01:34:13.779399,0 days 00:00:02.054105,12.0,0.03,3m,0.7,0.9,2.5,40.0,14.0,0.03,2m,0.6,0.5,2.5,42.0,28.0,0.015,2m,0.8,0.8,2.5,64.0,42.0,0.027500000000000004,5m,1.0,0.7,3.0,40.0,56.0,0.025,4m,0.9,0.6,2.0,54.0,,,,,,,,50.0,0.0325,5m,1.0,0.8,2.5,22.0,16.0,0.045000000000000005,4m,0.6,0.6,1.5,30.0,,,,,,,,22.0,0.015,2m,1.0,0.7,1.5,60.0,40.0,0.0325,2m,0.7,0.7,1.5,10.0,16.0,0.0325,1m,0.9,0.7,2.0,42.0,,,,,,,,0.45,10,COMPLETE
111,111,-4.5372555699952395,2025-06-21 01:34:13.800159,2025-06-21 01:34:14.256357,0 days 00:00:00.456198,,,,,,,,,,,,,,,48.0,0.0375,4m,1.0,1.0,2.5,58.0,32.0,0.045000000000000005,3m,0.6,0.9,1.5,56.0,,,,,,,,,,,,,,,,,,,,,,,,,,,,,,,,,,,,,,,,,,,,,,,,,,,,,,,,,,,,,,,,0.25,2,COMPLETE
112,112,-79.48431749504996,2025-06-21 01:34:14.276233,2025-06-21 01:34:14.556197,0 days 00:00:00.279964,,,,,,,,,,,,,,,,,,,,,,,,,,,,,,,,,,,,,,,,,,,,,,,,,,,,,,,,,,,,,,,,,,,,,,,20.0,0.0425,1m,0.6,0.6,2.0,50.0,,,,,,,,,,,,,,,0.25,1,COMPLETE
113,113,-0.740027976187431,2025-06-21 01:34:14.573197,2025-06-21 01:34:14.876049,0 days 00:00:00.302852,,,,,,,,,,,,,,,,,,,,,,,,,,,,,,,,,,,,,,,,,,,,,,,,,,,,,,,,,,,,,,,,32.0,0.0125,2m,1.0,0.8,1.5,64.0,,,,,,,,,,,,,,,,,,,,,,0.2,1,COMPLETE
114,114,-43.57957178345011,2025-06-21 01:34:14.894607,2025-06-21 01:34:15.384448,0 days 00:00:00.489841,,,,,,,,,,,,,,,52.0,0.03,1m,0.7,0.7,2.0,32.0,,,,,,,,,,,,,,,,,,,,,,,,,,,,,,,,,,,,,,,,,,,32.0,0.0125,2m,1.0,0.8,1.5,64.0,,,,,,,,,,,,,,,,,,,,,,0.2,2,COMPLETE
115,115,-7.595122814286054,2025-06-21 01:34:15.414975,2025-06-21 01:34:15.673974,0 days 00:00:00.258999,,,,,,,,,,,,,,,,,,,,,,,,,,,,,,,,,,,,,,,,,,,26.0,0.0475,3m,0.8,0.6,2.0,16.0,,,,,,,,,,,,,,,,,,,,,,,,,,,,,,,,,,,,,,,,,,,0.05,1,COMPLETE
116,116,-7.215759150266949,2025-06-21 01:34:15.691157,2025-06-21 01:34:16.132088,0 days 00:00:00.440931,,,,,,,,,,,,,,,,,,,,,,,,,,,,,,,,,,,,,,,,,,,,,,,,,,26.0,0.01,3m,0.7,0.7,2.5,32.0,,,,,,,,,,,,,,,,,,,,,,48.0,0.027500000000000004,4m,0.6,0.5,1.5,18.0,,,,,,,,0.15000000000000002,2,COMPLETE
117,117,-8.768096837927766,2025-06-21 01:34:16.151109,2025-06-21 01:34:16.414084,0 days 00:00:00.262975,,,,,,,,,,,,,,,,,,,,,,,,,,,,,,,,,,,,,,,,,,,20.0,0.04,2m,0.9,0.5,3.0,14.0,,,,,,,,,,,,,,,,,,,,,,,,,,,,,,,,,,,,,,,,,,,0.05,1,COMPLETE
118,118,-6.870066437454528,2025-06-21 01:34:16.432209,2025-06-21 01:34:17.064597,0 days 00:00:00.632388,,,,,,,,,,,,,,,,,,,,,,,,,,,,,32.0,0.027500000000000004,3m,0.6,0.9,2.5,18.0,,,,,,,,32.0,0.025,5m,0.7,1.0,2.5,44.0,,,,,,,,,,,,,,,,,,,,,,,,,,,,,54.0,0.0225,4m,0.8,0.8,2.5,58.0,,,,,,,,0.3,3,COMPLETE
119,119,-21.092971151246196,2025-06-21 01:34:17.083437,2025-06-21 01:34:17.743506,0 days 00:00:00.660069,,,,,,,,,,,,,,,,,,,,,,,,,,,,,,,,,,,,,,,,,,,,,,,,,,42.0,0.027500000000000004,1m,0.8,0.8,3.0,18.0,,,,,,,,,,,,,,,30.0,0.03,5m,0.8,0.8,2.5,64.0,,,,,,,,50.0,0.0425,2m,1.0,0.5,3.0,40.0,0.1,3,COMPLETE
120,120,-1.9889119671042856,2025-06-21 01:34:17.762948,2025-06-21 01:34:18.216181,0 days 00:00:00.453233,22.0,0.0225,3m,0.8,0.7,3.0,40.0,,,,,,,,,,,,,,,,,,,,,,,,,,,,,,,,,,,,,,,,,,,,,,,,,,30.0,0.025,3m,1.0,0.5,3.0,64.0,,,,,,,,,,,,,,,,,,,,,,,,,,,,,0.2,2,COMPLETE
