,number,value,datetime_start,datetime_complete,duration,params_DIAsynprice_DIA_beta_win,params_DIAsynprice_DIA_stop_loss,params_DIAsynprice_DIA_trade_freq,params_DIAsynprice_DIA_z_entry,params_DIAsynprice_DIA_z_exit,params_DIAsynprice_DIA_z_stop_scaler,params_DIAsynprice_DIA_z_win,params_QQQsynprice_QQQ_beta_win,params_QQQsynprice_QQQ_stop_loss,params_QQQsynprice_QQQ_trade_freq,params_QQQsynprice_QQQ_z_entry,params_QQQsynprice_QQQ_z_exit,params_QQQsynprice_QQQ_z_stop_scaler,params_QQQsynprice_QQQ_z_win,params_XLBsynprice_XLB_beta_win,params_XLBsynprice_XLB_stop_loss,params_XLBsynprice_XLB_trade_freq,params_XLBsynprice_XLB_z_entry,params_XLBsynprice_XLB_z_exit,params_XLBsynprice_XLB_z_stop_scaler,params_XLBsynprice_XLB_z_win,params_XLCsynprice_XLC_beta_win,params_XLCsynprice_XLC_stop_loss,params_XLCsynprice_XLC_trade_freq,params_XLCsynprice_XLC_z_entry,params_XLCsynprice_XLC_z_exit,params_XLCsynprice_XLC_z_stop_scaler,params_XLCsynprice_XLC_z_win,params_XLEsynprice_XLE_beta_win,params_XLEsynprice_XLE_stop_loss,params_XLEsynprice_XLE_trade_freq,params_XLEsynprice_XLE_z_entry,params_XLEsynprice_XLE_z_exit,params_XLEsynprice_XLE_z_stop_scaler,params_XLEsynprice_XLE_z_win,params_XLFsynprice_XLF_beta_win,params_XLFsynprice_XLF_stop_loss,params_XLFsynprice_XLF_trade_freq,params_XLFsynprice_XLF_z_entry,params_XLFsynprice_XLF_z_exit,params_XLFsynprice_XLF_z_stop_scaler,params_XLFsynprice_XLF_z_win,params_XLIsynprice_XLI_beta_win,params_XLIsynprice_XLI_stop_loss,params_XLIsynprice_XLI_trade_freq,params_XLIsynprice_XLI_z_entry,params_XLIsynprice_XLI_z_exit,params_XLIsynprice_XLI_z_stop_scaler,params_XLIsynprice_XLI_z_win,params_XLKsynprice_XLK_beta_win,params_XLKsynprice_XLK_stop_loss,params_XLKsynprice_XLK_trade_freq,params_XLKsynprice_XLK_z_entry,params_XLKsynprice_XLK_z_exit,params_XLKsynprice_XLK_z_stop_scaler,params_XLKsynprice_XLK_z_win,params_XLPsynprice_XLP_beta_win,params_XLPsynprice_XLP_stop_loss,params_XLPsynprice_XLP_trade_freq,params_XLPsynprice_XLP_z_entry,params_XLPsynprice_XLP_z_exit,params_XLPsynprice_XLP_z_stop_scaler,params_XLPsynprice_XLP_z_win,params_XLREsynprice_XLRE_beta_win,params_XLREsynprice_XLRE_stop_loss,params_XLREsynprice_XLRE_trade_freq,params_XLREsynprice_XLRE_z_entry,params_XLREsynprice_XLRE_z_exit,params_XLREsynprice_XLRE_z_stop_scaler,params_XLREsynprice_XLRE_z_win,params_XLUsynprice_XLU_beta_win,params_XLUsynprice_XLU_stop_loss,params_XLUsynprice_XLU_trade_freq,params_XLUsynprice_XLU_z_entry,params_XLUsynprice_XLU_z_exit,params_XLUsynprice_XLU_z_stop_scaler,params_XLUsynprice_XLU_z_win,params_XLVsynprice_XLV_beta_win,params_XLVsynprice_XLV_stop_loss,params_XLVsynprice_XLV_trade_freq,params_XLVsynprice_XLV_z_entry,params_XLVsynprice_XLV_z_exit,params_XLVsynprice_XLV_z_stop_scaler,params_XLVsynprice_XLV_z_win,params_XLYsynprice_XLY_beta_win,params_XLYsynprice_XLY_stop_loss,params_XLYsynprice_XLY_trade_freq,params_XLYsynprice_XLY_z_entry,params_XLYsynprice_XLY_z_exit,params_XLYsynprice_XLY_z_stop_scaler,params_XLYsynprice_XLY_z_win,params_buffer_capital,params_pairs_to_trade,state
127,127,-9.390712851264562,2025-06-21 01:32:50.591015,2025-06-21 01:32:50.845112,0 days 00:00:00.254097,,,,,,,,,,,,,,,,,,,,,,,,,,,,,36.0,0.0325,4m,0.5,0.7,3.0,18.0,,,,,,,,,,,,,,,,,,,,,,,,,,,,,,,,,,,,,,,,,,,,,,,,,,,,,,,,,0.3,1,COMPLETE
128,128,-8.375390372588033,2025-06-21 01:32:50.863140,2025-06-21 01:32:51.309330,0 days 00:00:00.446190,,,,,,,,,,,,,,,,,,,,,,,,,,,,,64.0,0.0475,2m,0.7,0.6,2.0,48.0,,,,,,,,,,,,,,,,,,,,,,,,,,,,,16.0,0.015,5m,1.0,0.8,1.5,32.0,,,,,,,,,,,,,,,,,,,,,,0.2,2,COMPLETE
129,129,-9.649171741077142,2025-06-21 01:32:51.326590,2025-06-21 01:32:51.783600,0 days 00:00:00.457010,,,,,,,,24.0,0.0225,2m,0.9,0.6,1.5,38.0,,,,,,,,,,,,,,,,,,,,,,,,,,,,,,,,,,,,,,,,,,,,,,,,,,,,,,,,,30.0,0.05,2m,0.7,0.7,2.0,34.0,,,,,,,,,,,,,,,0.25,2,COMPLETE
130,130,-7.436460972644732,2025-06-21 01:32:51.804172,2025-06-21 01:32:52.057543,0 days 00:00:00.253371,,,,,,,,,,,,,,,,,,,,,,,,,,,,,,,,,,,,,,,,,,,,,,,,,,48.0,0.015,5m,1.0,1.0,1.5,40.0,,,,,,,,,,,,,,,,,,,,,,,,,,,,,,,,,,,,0.25,1,COMPLETE
131,131,-9.435510555420525,2025-06-21 01:32:52.074056,2025-06-21 01:32:52.325430,0 days 00:00:00.251374,18.0,0.02,4m,0.8,0.8,2.5,38.0,,,,,,,,,,,,,,,,,,,,,,,,,,,,,,,,,,,,,,,,,,,,,,,,,,,,,,,,,,,,,,,,,,,,,,,,,,,,,,,,,,,,,0.15000000000000002,1,COMPLETE
132,132,-25.30887770197834,2025-06-21 01:32:52.342605,2025-06-21 01:32:53.379537,0 days 00:00:01.036932,40.0,0.0125,5m,0.5,0.5,1.5,58.0,,,,,,,,58.0,0.015,1m,0.7,1.0,1.5,54.0,36.0,0.0325,1m,1.0,0.5,2.0,10.0,,,,,,,,,,,,,,,16.0,0.0125,3m,0.9,0.6,3.0,56.0,,,,,,,,,,,,,,,16.0,0.0125,5m,0.9,0.7,1.5,30.0,,,,,,,,,,,,,,,,,,,,,,0.2,5,COMPLETE
133,133,-0.34298701721196156,2025-06-21 01:32:53.409753,2025-06-21 01:32:53.681794,0 days 00:00:00.272041,,,,,,,,,,,,,,,,,,,,,,,,,,,,,,,,,,,,36.0,0.045000000000000005,4m,0.5,1.0,2.0,18.0,,,,,,,,,,,,,,,,,,,,,,,,,,,,,,,,,,,,,,,,,,,,,,,,,,0.2,1,COMPLETE
134,134,-0.37451175948063486,2025-06-21 01:32:53.698654,2025-06-21 01:32:53.947347,0 days 00:00:00.248693,,,,,,,,,,,,,,,,,,,,,,,,,,,,,,,,,,,,38.0,0.05,4m,0.5,1.0,2.0,20.0,,,,,,,,,,,,,,,,,,,,,,,,,,,,,,,,,,,,,,,,,,,,,,,,,,0.2,1,COMPLETE
135,135,-8.154967139104471,2025-06-21 01:32:53.965516,2025-06-21 01:32:54.222065,0 days 00:00:00.256549,,,,,,,,,,,,,,,,,,,,,,,,,,,,,,,,,,,,,,,,,,,,,,,,,,,,,,,,,,,,,,,,,,,,,,,,,,,,,,46.0,0.035,2m,0.5,0.5,2.5,30.0,,,,,,,,0.2,1,COMPLETE
136,136,0.9207655330296328,2025-06-21 01:32:54.238161,2025-06-21 01:32:54.487874,0 days 00:00:00.249713,,,,,,,,,,,,,,,,,,,,,,,,,,,,,,,,,,,,,,,,,,,,,,,,,,,,,,,,,,,,,,,,20.0,0.025,5m,1.0,0.7,1.5,44.0,,,,,,,,,,,,,,,,,,,,,,0.2,1,COMPLETE
137,137,-0.37451175948063486,2025-06-21 01:32:54.507605,2025-06-21 01:32:54.762240,0 days 00:00:00.254635,,,,,,,,,,,,,,,,,,,,,,,,,,,,,,,,,,,,38.0,0.05,4m,0.5,1.0,2.0,20.0,,,,,,,,,,,,,,,,,,,,,,,,,,,,,,,,,,,,,,,,,,,,,,,,,,0.2,1,COMPLETE
138,138,-1.2293061919436872,2025-06-21 01:32:54.778589,2025-06-21 01:32:55.040350,0 days 00:00:00.261761,,,,,,,,,,,,,,,,,,,,,,,,,,,,,,,,,,,,,,,,,,,12.0,0.02,3m,1.0,0.5,3.0,58.0,,,,,,,,,,,,,,,,,,,,,,,,,,,,,,,,,,,,,,,,,,,0.2,1,COMPLETE
139,139,-28.194020782165314,2025-06-21 01:32:55.057613,2025-06-21 01:32:55.320719,0 days 00:00:00.263106,,,,,,,,28.0,0.015,1m,0.7,0.7,3.0,44.0,,,,,,,,,,,,,,,,,,,,,,,,,,,,,,,,,,,,,,,,,,,,,,,,,,,,,,,,,,,,,,,,,,,,,,,,,,,,,,0.2,1,COMPLETE
140,140,-1.7258609622201866,2025-06-21 01:32:55.337168,2025-06-21 01:32:55.786529,0 days 00:00:00.449361,,,,,,,,,,,,,,,,,,,,,,,,,,,,,,,,,,,,,,,,,,,,,,,,,,,,,,,,,,,,,,,,24.0,0.0125,5m,1.0,0.7,1.5,46.0,40.0,0.027500000000000004,3m,0.8,0.8,2.5,48.0,,,,,,,,,,,,,,,0.2,2,COMPLETE
141,141,0.6727621597085167,2025-06-21 01:32:55.803843,2025-06-21 01:32:56.058299,0 days 00:00:00.254456,,,,,,,,,,,,,,,,,,,,,,,,,,,,,,,,,,,,,,,,,,,,,,,,,,,,,,,,,,,,,,,,32.0,0.027500000000000004,5m,1.0,0.7,1.5,36.0,,,,,,,,,,,,,,,,,,,,,,0.2,1,COMPLETE
142,142,-4.161118538154968,2025-06-21 01:32:56.076320,2025-06-21 01:32:56.328632,0 days 00:00:00.252312,,,,,,,,,,,,,,,,,,,,,,,,,,,,,,,,,,,,,,,,,,,,,,,,,,,,,,,,,,,,,,,,,,,,,,,,,,,,,,18.0,0.025,3m,0.8,0.8,2.0,46.0,,,,,,,,0.2,1,COMPLETE
143,143,0.48701008172735544,2025-06-21 01:32:56.345324,2025-06-21 01:32:56.602064,0 days 00:00:00.256740,,,,,,,,,,,,,,,,,,,,,,,,,,,,,,,,,,,,,,,,,,,,,,,,,,,,,,,,,,,,,,,,32.0,0.025,5m,1.0,0.7,1.5,38.0,,,,,,,,,,,,,,,,,,,,,,0.2,1,COMPLETE
144,144,-2.5076993273126424,2025-06-21 01:32:56.620014,2025-06-21 01:32:56.875346,0 days 00:00:00.255332,,,,,,,,,,,,,,,,,,,,,,,,,,,,,,,,,,,,,,,,,,,22.0,0.015,3m,0.8,0.7,3.0,64.0,,,,,,,,,,,,,,,,,,,,,,,,,,,,,,,,,,,,,,,,,,,0.2,1,COMPLETE
145,145,-34.80466143676779,2025-06-21 01:32:56.893370,2025-06-21 01:32:57.150472,0 days 00:00:00.257102,,,,,,,,,,,,,,,,,,,,,,,,,,,,,,,,,,,,,,,,,,,,,,,,,,,,,,,,,,,,,,,,,,,,,,,,,,,,,,34.0,0.045000000000000005,1m,0.9,0.6,3.0,18.0,,,,,,,,0.2,1,COMPLETE
146,146,-4.974516260358475,2025-06-21 01:32:57.164977,2025-06-21 01:32:57.423230,0 days 00:00:00.258253,,,,,,,,,,,,,,,,,,,,,,,,,,,,,60.0,0.015,3m,0.7,0.9,1.5,36.0,,,,,,,,,,,,,,,,,,,,,,,,,,,,,,,,,,,,,,,,,,,,,,,,,,,,,,,,,0.2,1,COMPLETE
147,147,-4.649877116671022,2025-06-21 01:32:57.440061,2025-06-21 01:32:57.698577,0 days 00:00:00.258516,,,,,,,,,,,,,,,,,,,,,,44.0,0.045000000000000005,2m,0.6,1.0,1.5,22.0,,,,,,,,,,,,,,,,,,,,,,,,,,,,,,,,,,,,,,,,,,,,,,,,,,,,,,,,,,,,,,,,0.2,1,COMPLETE
148,148,1.627146561611466,2025-06-21 01:32:57.716844,2025-06-21 01:32:57.966743,0 days 00:00:00.249899,,,,,,,,,,,,,,,16.0,0.04,3m,0.9,0.6,2.5,58.0,,,,,,,,,,,,,,,,,,,,,,,,,,,,,,,,,,,,,,,,,,,,,,,,,,,,,,,,,,,,,,,,,,,,,,,0.2,1,COMPLETE
149,149,-1.4667252292148043,2025-06-21 01:32:57.983935,2025-06-21 01:32:58.237343,0 days 00:00:00.253408,,,,,,,,,,,,,,,,,,,,,,28.0,0.01,5m,0.5,0.9,1.5,36.0,,,,,,,,,,,,,,,,,,,,,,,,,,,,,,,,,,,,,,,,,,,,,,,,,,,,,,,,,,,,,,,,0.2,1,COMPLETE
