,number,value,datetime_start,datetime_complete,duration,params_DIAsynprice_DIA_beta_win,params_DIAsynprice_DIA_stop_loss,params_DIAsynprice_DIA_trade_freq,params_DIAsynprice_DIA_z_entry,params_DIAsynprice_DIA_z_exit,params_DIAsynprice_DIA_z_stop_scaler,params_DIAsynprice_DIA_z_win,params_QQQsynprice_QQQ_beta_win,params_QQQsynprice_QQQ_stop_loss,params_QQQsynprice_QQQ_trade_freq,params_QQQsynprice_QQQ_z_entry,params_QQQsynprice_QQQ_z_exit,params_QQQsynprice_QQQ_z_stop_scaler,params_QQQsynprice_QQQ_z_win,params_XLBsynprice_XLB_beta_win,params_XLBsynprice_XLB_stop_loss,params_XLBsynprice_XLB_trade_freq,params_XLBsynprice_XLB_z_entry,params_XLBsynprice_XLB_z_exit,params_XLBsynprice_XLB_z_stop_scaler,params_XLBsynprice_XLB_z_win,params_XLCsynprice_XLC_beta_win,params_XLCsynprice_XLC_stop_loss,params_XLCsynprice_XLC_trade_freq,params_XLCsynprice_XLC_z_entry,params_XLCsynprice_XLC_z_exit,params_XLCsynprice_XLC_z_stop_scaler,params_XLCsynprice_XLC_z_win,params_XLEsynprice_XLE_beta_win,params_XLEsynprice_XLE_stop_loss,params_XLEsynprice_XLE_trade_freq,params_XLEsynprice_XLE_z_entry,params_XLEsynprice_XLE_z_exit,params_XLEsynprice_XLE_z_stop_scaler,params_XLEsynprice_XLE_z_win,params_XLFsynprice_XLF_beta_win,params_XLFsynprice_XLF_stop_loss,params_XLFsynprice_XLF_trade_freq,params_XLFsynprice_XLF_z_entry,params_XLFsynprice_XLF_z_exit,params_XLFsynprice_XLF_z_stop_scaler,params_XLFsynprice_XLF_z_win,params_XLIsynprice_XLI_beta_win,params_XLIsynprice_XLI_stop_loss,params_XLIsynprice_XLI_trade_freq,params_XLIsynprice_XLI_z_entry,params_XLIsynprice_XLI_z_exit,params_XLIsynprice_XLI_z_stop_scaler,params_XLIsynprice_XLI_z_win,params_XLKsynprice_XLK_beta_win,params_XLKsynprice_XLK_stop_loss,params_XLKsynprice_XLK_trade_freq,params_XLKsynprice_XLK_z_entry,params_XLKsynprice_XLK_z_exit,params_XLKsynprice_XLK_z_stop_scaler,params_XLKsynprice_XLK_z_win,params_XLPsynprice_XLP_beta_win,params_XLPsynprice_XLP_stop_loss,params_XLPsynprice_XLP_trade_freq,params_XLPsynprice_XLP_z_entry,params_XLPsynprice_XLP_z_exit,params_XLPsynprice_XLP_z_stop_scaler,params_XLPsynprice_XLP_z_win,params_XLREsynprice_XLRE_beta_win,params_XLREsynprice_XLRE_stop_loss,params_XLREsynprice_XLRE_trade_freq,params_XLREsynprice_XLRE_z_entry,params_XLREsynprice_XLRE_z_exit,params_XLREsynprice_XLRE_z_stop_scaler,params_XLREsynprice_XLRE_z_win,params_XLUsynprice_XLU_beta_win,params_XLUsynprice_XLU_stop_loss,params_XLUsynprice_XLU_trade_freq,params_XLUsynprice_XLU_z_entry,params_XLUsynprice_XLU_z_exit,params_XLUsynprice_XLU_z_stop_scaler,params_XLUsynprice_XLU_z_win,params_XLVsynprice_XLV_beta_win,params_XLVsynprice_XLV_stop_loss,params_XLVsynprice_XLV_trade_freq,params_XLVsynprice_XLV_z_entry,params_XLVsynprice_XLV_z_exit,params_XLVsynprice_XLV_z_stop_scaler,params_XLVsynprice_XLV_z_win,params_XLYsynprice_XLY_beta_win,params_XLYsynprice_XLY_stop_loss,params_XLYsynprice_XLY_trade_freq,params_XLYsynprice_XLY_z_entry,params_XLYsynprice_XLY_z_exit,params_XLYsynprice_XLY_z_stop_scaler,params_XLYsynprice_XLY_z_win,params_buffer_capital,params_pairs_to_trade,state
132,132,-4.883674874459417,2025-06-21 01:48:49.248757,2025-06-21 01:48:51.416557,0 days 00:00:02.167800,46.0,0.0175,3m,0.8,0.5,2.5,30.0,60.0,0.0175,3m,0.6,0.7,1.5,42.0,48.0,0.05,5m,0.8,1.0,1.5,36.0,,,,,,,,30.0,0.015,4m,0.7,0.7,2.0,36.0,,,,,,,,14.0,0.0425,4m,0.9,0.8,2.5,10.0,40.0,0.0375,1m,0.8,0.5,2.5,62.0,10.0,0.027500000000000004,3m,1.0,0.5,1.5,44.0,30.0,0.0225,2m,0.5,0.5,2.0,22.0,12.0,0.05,3m,1.0,0.6,3.0,26.0,,,,,,,,26.0,0.0125,3m,1.0,0.5,2.0,42.0,0.15000000000000002,10,COMPLETE
133,133,-3.088441969071432,2025-06-21 01:48:51.437592,2025-06-21 01:48:52.553863,0 days 00:00:01.116271,26.0,0.025,3m,1.0,0.6,2.0,48.0,,,,,,,,50.0,0.0475,5m,1.0,1.0,1.5,52.0,,,,,,,,,,,,,,,,,,,,,,,,,,,,,,,,,,,,16.0,0.0325,3m,0.9,0.5,1.5,48.0,,,,,,,,,,,,,,,36.0,0.0375,3m,0.7,0.8,3.0,10.0,40.0,0.035,3m,0.9,1.0,2.0,26.0,0.15000000000000002,5,COMPLETE
134,134,-5.925483582511182,2025-06-21 01:48:52.574920,2025-06-21 01:48:53.900576,0 days 00:00:01.325656,,,,,,,,60.0,0.0125,2m,0.7,0.8,1.5,40.0,,,,,,,,18.0,0.04,2m,0.8,0.8,2.0,36.0,26.0,0.0125,4m,0.7,0.6,2.0,32.0,,,,,,,,10.0,0.0475,5m,0.9,0.8,2.5,24.0,,,,,,,,,,,,,,,,,,,,,,18.0,0.01,1m,0.8,0.5,1.5,40.0,,,,,,,,36.0,0.045000000000000005,2m,0.8,1.0,2.0,48.0,0.1,6,COMPLETE
135,135,-10.009133050882992,2025-06-21 01:48:53.927759,2025-06-21 01:48:56.049197,0 days 00:00:02.121438,42.0,0.0225,1m,0.9,0.7,3.0,32.0,64.0,0.027500000000000004,3m,0.6,0.7,1.5,44.0,44.0,0.0475,4m,0.9,1.0,1.5,30.0,,,,,,,,28.0,0.02,4m,0.7,0.7,2.0,38.0,,,,,,,,30.0,0.045000000000000005,3m,1.0,1.0,2.5,18.0,44.0,0.027500000000000004,2m,0.8,0.5,1.5,56.0,12.0,0.03,3m,1.0,0.5,1.5,54.0,50.0,0.045000000000000005,4m,0.7,0.7,2.0,62.0,58.0,0.0425,2m,0.7,0.8,2.5,50.0,,,,,,,,18.0,0.04,3m,0.9,0.5,2.0,52.0,0.15000000000000002,10,COMPLETE
136,136,-7.2754063680139005,2025-06-21 01:48:56.093264,2025-06-21 01:48:56.962463,0 days 00:00:00.869199,,,,,,,,,,,,,,,,,,,,,,,,,,,,,,,,,,,,14.0,0.025,5m,1.0,0.7,3.0,28.0,36.0,0.0425,4m,0.5,0.9,2.5,12.0,42.0,0.02,3m,0.7,0.6,2.0,30.0,,,,,,,,,,,,,,,,,,,,,,,,,,,,,12.0,0.0425,4m,1.0,1.0,2.0,58.0,0.15000000000000002,4,COMPLETE
137,137,-5.7473642644990415,2025-06-21 01:48:56.985101,2025-06-21 01:48:59.146435,0 days 00:00:02.161334,,,,,,,,,,,,,,,46.0,0.05,2m,0.8,0.9,1.5,16.0,24.0,0.0425,2m,0.8,0.8,2.0,38.0,24.0,0.0125,4m,0.6,0.6,2.0,26.0,18.0,0.01,5m,1.0,0.8,2.5,32.0,64.0,0.045000000000000005,3m,0.9,0.8,2.5,22.0,,,,,,,,14.0,0.0225,3m,0.9,0.5,1.5,52.0,34.0,0.045000000000000005,2m,0.5,0.8,2.0,32.0,34.0,0.035,5m,0.5,1.0,2.0,46.0,40.0,0.03,3m,0.7,0.7,3.0,20.0,30.0,0.05,1m,0.6,0.6,2.5,12.0,0.2,10,COMPLETE
138,138,-0.888755728313025,2025-06-21 01:48:59.168296,2025-06-21 01:49:01.077580,0 days 00:00:01.909284,30.0,0.0225,2m,0.8,0.7,2.0,52.0,,,,,,,,,,,,,,,20.0,0.0425,2m,0.7,0.8,2.0,32.0,,,,,,,,28.0,0.015,1m,0.6,0.6,3.0,22.0,,,,,,,,36.0,0.0175,2m,0.8,0.5,1.5,52.0,10.0,0.03,5m,0.9,0.8,2.5,56.0,24.0,0.0425,3m,0.8,0.6,1.5,26.0,42.0,0.025,3m,0.6,0.7,1.5,18.0,34.0,0.0425,5m,0.8,0.8,2.0,14.0,32.0,0.027500000000000004,5m,0.9,1.0,1.5,32.0,0.3,9,COMPLETE
139,139,-19.15388974112239,2025-06-21 01:49:01.099365,2025-06-21 01:49:02.203710,0 days 00:00:01.104345,,,,,,,,,,,,,,,,,,,,,,,,,,,,,,,,,,,,,,,,,,,20.0,0.05,2m,0.8,0.9,3.0,26.0,26.0,0.0225,5m,0.8,0.5,3.0,44.0,18.0,0.027500000000000004,5m,1.0,0.6,2.5,60.0,,,,,,,,46.0,0.015,1m,0.9,0.8,3.0,30.0,10.0,0.0375,1m,0.7,0.7,2.0,16.0,,,,,,,,0.15000000000000002,5,COMPLETE
140,140,0.011234716187033466,2025-06-21 01:49:02.226830,2025-06-21 01:49:04.185808,0 days 00:00:01.958978,,,,,,,,,,,,,,,56.0,0.04,3m,0.9,1.0,1.5,44.0,22.0,0.045000000000000005,2m,0.8,0.8,2.0,16.0,30.0,0.0375,4m,0.8,0.7,2.0,38.0,22.0,0.05,5m,1.0,0.6,1.5,36.0,14.0,0.035,3m,0.9,0.8,2.5,20.0,42.0,0.025,2m,0.8,0.7,2.5,40.0,20.0,0.035,3m,0.9,0.8,2.0,30.0,60.0,0.05,2m,0.6,0.5,2.0,34.0,,,,,,,,54.0,0.035,5m,0.8,0.8,3.0,24.0,,,,,,,,0.35000000000000003,9,COMPLETE
141,141,-1.7357791095131945,2025-06-21 01:49:04.208638,2025-06-21 01:49:04.471928,0 days 00:00:00.263290,,,,,,,,62.0,0.0175,3m,0.6,0.7,1.5,38.0,,,,,,,,,,,,,,,,,,,,,,,,,,,,,,,,,,,,,,,,,,,,,,,,,,,,,,,,,,,,,,,,,,,,,,,,,,,,,,0.4,1,COMPLETE
142,142,-2.976345567621489,2025-06-21 01:49:04.491048,2025-06-21 01:49:06.614041,0 days 00:00:02.122993,38.0,0.027500000000000004,2m,0.8,0.7,2.0,38.0,56.0,0.02,3m,0.6,0.7,1.5,36.0,,,,,,,,24.0,0.0375,2m,0.7,0.8,2.0,12.0,22.0,0.0175,2m,0.9,0.8,1.5,42.0,12.0,0.0175,5m,1.0,0.5,3.0,24.0,,,,,,,,,,,,,,,14.0,0.0225,2m,0.9,0.5,2.5,46.0,36.0,0.0375,5m,0.6,0.5,1.5,30.0,50.0,0.027500000000000004,4m,0.6,0.9,2.0,38.0,38.0,0.04,2m,0.6,0.7,2.5,12.0,42.0,0.05,4m,1.0,0.7,2.0,14.0,0.15000000000000002,10,COMPLETE
143,143,1.0308874412387932,2025-06-21 01:49:06.637547,2025-06-21 01:49:09.056598,0 days 00:00:02.419051,34.0,0.03,2m,0.8,0.8,2.0,40.0,62.0,0.02,3m,0.6,0.6,1.5,34.0,40.0,0.045000000000000005,5m,0.6,0.8,2.0,14.0,,,,,,,,,,,,,,,,,,,,,,24.0,0.0375,2m,1.0,0.7,2.0,34.0,24.0,0.027500000000000004,2m,0.9,0.5,1.5,60.0,12.0,0.025,5m,0.5,0.8,1.5,36.0,30.0,0.04,5m,0.6,0.5,1.5,30.0,64.0,0.035,4m,0.6,1.0,2.0,44.0,42.0,0.0325,2m,0.7,0.8,2.5,12.0,34.0,0.0475,4m,0.8,0.8,1.5,10.0,0.1,10,COMPLETE
144,144,-1.4964352610017868,2025-06-21 01:49:09.080148,2025-06-21 01:49:11.263588,0 days 00:00:02.183440,,,,,,,,60.0,0.015,4m,0.8,0.7,1.5,28.0,,,,,,,,26.0,0.04,2m,0.7,0.8,2.0,10.0,32.0,0.01,4m,0.7,0.7,2.0,36.0,14.0,0.0175,5m,1.0,0.5,3.0,26.0,20.0,0.0375,2m,1.0,0.7,2.5,30.0,,,,,,,,16.0,0.0475,5m,0.6,0.5,2.5,58.0,26.0,0.035,5m,0.6,0.5,1.5,24.0,56.0,0.03,4m,0.7,0.9,2.0,36.0,46.0,0.0425,2m,0.6,0.9,2.5,16.0,50.0,0.045000000000000005,2m,0.9,0.5,2.0,16.0,0.3,10,COMPLETE
145,145,-4.761724573323784,2025-06-21 01:49:11.285640,2025-06-21 01:49:13.412206,0 days 00:00:02.126566,44.0,0.027500000000000004,2m,0.9,0.7,2.0,42.0,64.0,0.015,3m,0.6,0.7,1.5,42.0,48.0,0.045000000000000005,5m,0.7,0.8,2.0,18.0,62.0,0.035,2m,0.7,0.8,2.0,12.0,34.0,0.015,2m,0.8,0.6,2.0,30.0,16.0,0.04,5m,1.0,0.7,3.0,28.0,,,,,,,,22.0,0.025,2m,0.9,0.5,1.5,58.0,,,,,,,,32.0,0.0375,1m,1.0,0.5,1.5,38.0,50.0,0.0325,4m,0.5,0.8,2.0,24.0,32.0,0.045000000000000005,2m,0.7,0.7,2.5,20.0,,,,,,,,0.5,10,COMPLETE
146,146,-0.39467403024022474,2025-06-21 01:49:13.434035,2025-06-21 01:49:15.548966,0 days 00:00:02.114931,,,,,,,,,,,,,,,44.0,0.0425,5m,0.6,0.9,1.5,12.0,24.0,0.0375,2m,0.7,0.8,2.0,16.0,24.0,0.01,4m,0.7,0.6,2.0,32.0,12.0,0.0225,4m,1.0,0.5,3.0,30.0,12.0,0.04,2m,1.0,0.6,2.5,14.0,38.0,0.0225,2m,0.9,0.5,1.5,60.0,,,,,,,,22.0,0.0325,5m,0.5,0.6,1.5,32.0,60.0,0.04,4m,0.6,0.9,2.0,32.0,40.0,0.0375,2m,0.6,0.8,2.0,14.0,48.0,0.04,3m,1.0,1.0,2.0,22.0,0.2,10,COMPLETE
147,147,-0.5899823914970277,2025-06-21 01:49:15.571369,2025-06-21 01:49:17.686045,0 days 00:00:02.114676,40.0,0.025,2m,0.8,0.7,2.0,36.0,58.0,0.0175,5m,0.6,0.9,1.5,36.0,14.0,0.0375,5m,0.7,1.0,2.0,10.0,,,,,,,,16.0,0.0125,3m,0.9,0.7,2.0,40.0,18.0,0.015,3m,0.9,0.5,3.0,32.0,28.0,0.04,2m,1.0,0.8,2.0,28.0,20.0,0.02,5m,0.9,0.5,1.5,64.0,24.0,0.045000000000000005,4m,0.6,0.6,2.0,32.0,54.0,0.04,2m,0.5,0.5,1.5,52.0,,,,,,,,,,,,,,,44.0,0.05,4m,0.9,1.0,2.0,62.0,0.15000000000000002,10,COMPLETE
148,148,-15.049815057063116,2025-06-21 01:49:17.708601,2025-06-21 01:49:19.711581,0 days 00:00:02.002980,,,,,,,,62.0,0.025,1m,0.7,0.8,1.5,38.0,42.0,0.01,5m,0.6,0.6,1.5,42.0,18.0,0.0425,2m,0.7,0.8,2.0,14.0,20.0,0.0175,5m,0.7,0.8,1.5,28.0,12.0,0.03,5m,1.0,0.5,3.0,24.0,,,,,,,,30.0,0.025,2m,0.8,0.5,1.5,62.0,14.0,0.0125,3m,0.7,0.8,1.5,18.0,12.0,0.0375,5m,0.7,1.0,3.0,28.0,,,,,,,,36.0,0.035,3m,0.9,0.7,2.0,10.0,,,,,,,,0.15000000000000002,9,COMPLETE
149,149,2.4082855389832507,2025-06-21 01:49:19.733613,2025-06-21 01:49:20.807769,0 days 00:00:01.074156,,,,,,,,,,,,,,,12.0,0.035,2m,0.5,0.7,2.0,16.0,,,,,,,,26.0,0.015,2m,0.9,0.6,2.0,30.0,10.0,0.0125,5m,1.0,0.6,1.5,34.0,,,,,,,,,,,,,,,,,,,,,,34.0,0.0425,3m,0.6,0.7,2.0,36.0,,,,,,,,50.0,0.03,5m,0.7,0.8,2.0,18.0,,,,,,,,0.3,5,COMPLETE
