,number,value,datetime_start,datetime_complete,duration,params_DIAsynprice_DIA_beta_win,params_DIAsynprice_DIA_stop_loss,params_DIAsynprice_DIA_trade_freq,params_DIAsynprice_DIA_z_entry,params_DIAsynprice_DIA_z_exit,params_DIAsynprice_DIA_z_stop_scaler,params_DIAsynprice_DIA_z_win,params_QQQsynprice_QQQ_beta_win,params_QQQsynprice_QQQ_stop_loss,params_QQQsynprice_QQQ_trade_freq,params_QQQsynprice_QQQ_z_entry,params_QQQsynprice_QQQ_z_exit,params_QQQsynprice_QQQ_z_stop_scaler,params_QQQsynprice_QQQ_z_win,params_XLBsynprice_XLB_beta_win,params_XLBsynprice_XLB_stop_loss,params_XLBsynprice_XLB_trade_freq,params_XLBsynprice_XLB_z_entry,params_XLBsynprice_XLB_z_exit,params_XLBsynprice_XLB_z_stop_scaler,params_XLBsynprice_XLB_z_win,params_XLCsynprice_XLC_beta_win,params_XLCsynprice_XLC_stop_loss,params_XLCsynprice_XLC_trade_freq,params_XLCsynprice_XLC_z_entry,params_XLCsynprice_XLC_z_exit,params_XLCsynprice_XLC_z_stop_scaler,params_XLCsynprice_XLC_z_win,params_XLEsynprice_XLE_beta_win,params_XLEsynprice_XLE_stop_loss,params_XLEsynprice_XLE_trade_freq,params_XLEsynprice_XLE_z_entry,params_XLEsynprice_XLE_z_exit,params_XLEsynprice_XLE_z_stop_scaler,params_XLEsynprice_XLE_z_win,params_XLFsynprice_XLF_beta_win,params_XLFsynprice_XLF_stop_loss,params_XLFsynprice_XLF_trade_freq,params_XLFsynprice_XLF_z_entry,params_XLFsynprice_XLF_z_exit,params_XLFsynprice_XLF_z_stop_scaler,params_XLFsynprice_XLF_z_win,params_XLIsynprice_XLI_beta_win,params_XLIsynprice_XLI_stop_loss,params_XLIsynprice_XLI_trade_freq,params_XLIsynprice_XLI_z_entry,params_XLIsynprice_XLI_z_exit,params_XLIsynprice_XLI_z_stop_scaler,params_XLIsynprice_XLI_z_win,params_XLKsynprice_XLK_beta_win,params_XLKsynprice_XLK_stop_loss,params_XLKsynprice_XLK_trade_freq,params_XLKsynprice_XLK_z_entry,params_XLKsynprice_XLK_z_exit,params_XLKsynprice_XLK_z_stop_scaler,params_XLKsynprice_XLK_z_win,params_XLPsynprice_XLP_beta_win,params_XLPsynprice_XLP_stop_loss,params_XLPsynprice_XLP_trade_freq,params_XLPsynprice_XLP_z_entry,params_XLPsynprice_XLP_z_exit,params_XLPsynprice_XLP_z_stop_scaler,params_XLPsynprice_XLP_z_win,params_XLREsynprice_XLRE_beta_win,params_XLREsynprice_XLRE_stop_loss,params_XLREsynprice_XLRE_trade_freq,params_XLREsynprice_XLRE_z_entry,params_XLREsynprice_XLRE_z_exit,params_XLREsynprice_XLRE_z_stop_scaler,params_XLREsynprice_XLRE_z_win,params_XLUsynprice_XLU_beta_win,params_XLUsynprice_XLU_stop_loss,params_XLUsynprice_XLU_trade_freq,params_XLUsynprice_XLU_z_entry,params_XLUsynprice_XLU_z_exit,params_XLUsynprice_XLU_z_stop_scaler,params_XLUsynprice_XLU_z_win,params_XLVsynprice_XLV_beta_win,params_XLVsynprice_XLV_stop_loss,params_XLVsynprice_XLV_trade_freq,params_XLVsynprice_XLV_z_entry,params_XLVsynprice_XLV_z_exit,params_XLVsynprice_XLV_z_stop_scaler,params_XLVsynprice_XLV_z_win,params_XLYsynprice_XLY_beta_win,params_XLYsynprice_XLY_stop_loss,params_XLYsynprice_XLY_trade_freq,params_XLYsynprice_XLY_z_entry,params_XLYsynprice_XLY_z_exit,params_XLYsynprice_XLY_z_stop_scaler,params_XLYsynprice_XLY_z_win,params_buffer_capital,params_pairs_to_trade,state
128,128,-13.797626870073985,2025-06-21 01:17:04.061419,2025-06-21 01:17:04.316957,0 days 00:00:00.255538,,,,,,,,,,,,,,,,,,,,,,,,,,,,,,,,,,,,,,,,,,,,,,,,,,,,,,,,,,,,,,,,,,,,,,,,,,,,,,30.0,0.0325,1m,0.7,0.7,2.0,64.0,,,,,,,,0.3,1,COMPLETE
129,129,-3.553088539056794,2025-06-21 01:17:04.335983,2025-06-21 01:17:04.777024,0 days 00:00:00.441041,,,,,,,,,,,,,,,,,,,,,,,,,,,,,,,,,,,,44.0,0.025,2m,0.9,0.6,2.5,58.0,,,,,,,,54.0,0.025,5m,0.8,0.7,1.5,60.0,,,,,,,,,,,,,,,,,,,,,,,,,,,,,,,,,,,,0.45,2,COMPLETE
130,130,0.5923432715262,2025-06-21 01:17:04.796112,2025-06-21 01:17:05.049071,0 days 00:00:00.252959,,,,,,,,,,,,,,,,,,,,,,,,,,,,,,,,,,,,38.0,0.02,2m,1.0,0.5,2.0,52.0,,,,,,,,,,,,,,,,,,,,,,,,,,,,,,,,,,,,,,,,,,,,,,,,,,0.4,1,COMPLETE
131,131,-0.20086197450459292,2025-06-21 01:17:05.068191,2025-06-21 01:17:05.324092,0 days 00:00:00.255901,,,,,,,,,,,,,,,,,,,,,,56.0,0.027500000000000004,1m,0.8,1.0,2.5,56.0,,,,,,,,,,,,,,,,,,,,,,,,,,,,,,,,,,,,,,,,,,,,,,,,,,,,,,,,,,,,,,,,0.45,1,COMPLETE
132,132,-71.77312506764909,2025-06-21 01:17:05.343625,2025-06-21 01:17:05.592877,0 days 00:00:00.249252,,,,,,,,,,,,,,,,,,,,,,,,,,,,,,,,,,,,,,,,,,,,,,,,,,,,,,,,,,,,,,,,,,,,,,,18.0,0.0475,1m,0.5,0.5,3.0,46.0,,,,,,,,,,,,,,,0.45,1,COMPLETE
133,133,-5.748399259229467,2025-06-21 01:17:05.611308,2025-06-21 01:17:05.859759,0 days 00:00:00.248451,,,,,,,,,,,,,,,,,,,,,,,,,,,,,,,,,,,,,,,,,,,,,,,,,,,,,,,,,,,,,,,,,,,,,,,,,,,,,,18.0,0.027500000000000004,3m,0.8,0.8,2.5,34.0,,,,,,,,0.45,1,COMPLETE
134,134,-2.8724832192684153,2025-06-21 01:17:05.875889,2025-06-21 01:17:06.122223,0 days 00:00:00.246334,,,,,,,,,,,,,,,10.0,0.0425,3m,0.9,0.8,2.5,54.0,,,,,,,,,,,,,,,,,,,,,,,,,,,,,,,,,,,,,,,,,,,,,,,,,,,,,,,,,,,,,,,,,,,,,,,0.4,1,COMPLETE
135,135,-13.198833739302355,2025-06-21 01:17:06.140746,2025-06-21 01:17:06.392777,0 days 00:00:00.252031,,,,,,,,,,,,,,,,,,,,,,,,,,,,,,,,,,,,,,,,,,,,,,,,,,,,,,,,,,,,,,,,,,,,,,,60.0,0.0375,3m,0.6,0.6,2.0,14.0,,,,,,,,,,,,,,,0.45,1,COMPLETE
136,136,-3.350613360514441,2025-06-21 01:17:06.409804,2025-06-21 01:17:06.712808,0 days 00:00:00.303004,,,,,,,,,,,,,,,,,,,,,,,,,,,,,,,,,,,,,,,,,,,,,,,,,,,,,,,,,42.0,0.01,2m,1.0,1.0,3.0,42.0,,,,,,,,,,,,,,,,,,,,,,,,,,,,,0.4,1,COMPLETE
137,137,-7.910633607435528,2025-06-21 01:17:06.731377,2025-06-21 01:17:07.021617,0 days 00:00:00.290240,,,,,,,,38.0,0.0475,5m,0.8,0.8,2.5,16.0,,,,,,,,,,,,,,,,,,,,,,,,,,,,,,,,,,,,,,,,,,,,,,,,,,,,,,,,,,,,,,,,,,,,,,,,,,,,,,0.5,1,COMPLETE
138,138,-1.8405858860514872,2025-06-21 01:17:07.042851,2025-06-21 01:17:07.530635,0 days 00:00:00.487784,,,,,,,,,,,,,,,,,,,,,,,,,,,,,,,,,,,,36.0,0.0225,2m,1.0,0.5,2.0,52.0,,,,,,,,14.0,0.035,2m,1.0,0.5,2.5,32.0,,,,,,,,,,,,,,,,,,,,,,,,,,,,,,,,,,,,0.4,2,COMPLETE
139,139,-44.424958437133796,2025-06-21 01:17:07.549172,2025-06-21 01:17:07.831009,0 days 00:00:00.281837,,,,,,,,,,,,,,,,,,,,,,,,,,,,,,,,,,,,,,,,,,,,,,,,,,,,,,,,,,,,,,,,,,,,,,,42.0,0.0325,1m,0.9,0.9,2.5,32.0,,,,,,,,,,,,,,,0.45,1,COMPLETE
140,140,-14.636129518106682,2025-06-21 01:17:07.849218,2025-06-21 01:17:08.122767,0 days 00:00:00.273549,20.0,0.015,4m,0.7,0.8,3.0,14.0,,,,,,,,,,,,,,,,,,,,,,,,,,,,,,,,,,,,,,,,,,,,,,,,,,,,,,,,,,,,,,,,,,,,,,,,,,,,,,,,,,,,,0.35000000000000003,1,COMPLETE
141,141,-34.782463703049295,2025-06-21 01:17:08.142031,2025-06-21 01:17:08.428978,0 days 00:00:00.286947,14.0,0.035,1m,0.8,0.5,2.0,48.0,,,,,,,,,,,,,,,,,,,,,,,,,,,,,,,,,,,,,,,,,,,,,,,,,,,,,,,,,,,,,,,,,,,,,,,,,,,,,,,,,,,,,0.3,1,COMPLETE
142,142,-4.881131935630434,2025-06-21 01:17:08.447569,2025-06-21 01:17:08.701055,0 days 00:00:00.253486,,,,,,,,,,,,,,,,,,,,,,,,,,,,,,,,,,,,,,,,,,,,,,,,,,,,,,,,,,,,,,,,,,,,,,,,,,,,,,46.0,0.0375,5m,1.0,1.0,3.0,14.0,,,,,,,,0.35000000000000003,1,COMPLETE
143,143,-2.893985474856022,2025-06-21 01:17:08.720085,2025-06-21 01:17:08.983314,0 days 00:00:00.263229,,,,,,,,,,,,,,,,,,,,,,,,,,,,,,,,,,,,,,,,,,,,,,,,,,50.0,0.02,3m,0.5,0.9,2.0,52.0,,,,,,,,,,,,,,,,,,,,,,,,,,,,,,,,,,,,0.3,1,COMPLETE
144,144,-33.88758605297075,2025-06-21 01:17:09.004983,2025-06-21 01:17:10.055425,0 days 00:00:01.050442,62.0,0.0425,5m,1.0,0.6,2.5,28.0,,,,,,,,,,,,,,,,,,,,,,60.0,0.03,3m,0.6,0.8,2.0,14.0,,,,,,,,60.0,0.0225,1m,0.8,0.8,1.5,38.0,,,,,,,,,,,,,,,58.0,0.027500000000000004,4m,0.9,0.9,3.0,38.0,,,,,,,,52.0,0.0475,2m,0.5,0.5,1.5,22.0,,,,,,,,0.45,5,COMPLETE
145,145,-11.837575736268798,2025-06-21 01:17:10.076132,2025-06-21 01:17:10.331089,0 days 00:00:00.254957,,,,,,,,,,,,,,,,,,,,,,,,,,,,,,,,,,,,,,,,,,,,,,,,,,,,,,,,,,,,,,,,,,,,,,,46.0,0.035,3m,0.7,1.0,3.0,52.0,,,,,,,,,,,,,,,0.25,1,COMPLETE
146,146,-6.0444090536943325,2025-06-21 01:17:10.349116,2025-06-21 01:17:10.595548,0 days 00:00:00.246432,,,,,,,,46.0,0.027500000000000004,2m,0.9,0.9,3.0,40.0,,,,,,,,,,,,,,,,,,,,,,,,,,,,,,,,,,,,,,,,,,,,,,,,,,,,,,,,,,,,,,,,,,,,,,,,,,,,,,0.1,1,COMPLETE
147,147,-8.498026446902017,2025-06-21 01:17:10.613052,2025-06-21 01:17:11.448036,0 days 00:00:00.834984,,,,,,,,,,,,,,,,,,,,,,56.0,0.027500000000000004,1m,0.8,1.0,2.5,58.0,,,,,,,,,,,,,,,16.0,0.045000000000000005,5m,0.9,1.0,2.5,54.0,,,,,,,,,,,,,,,24.0,0.015,5m,0.6,0.6,1.5,58.0,36.0,0.0175,2m,0.8,0.7,1.5,24.0,,,,,,,,,,,,,,,0.3,4,COMPLETE
148,148,-24.37582672341339,2025-06-21 01:17:11.467080,2025-06-21 01:17:11.727046,0 days 00:00:00.259966,,,,,,,,,,,,,,,,,,,,,,,,,,,,,,,,,,,,,,,,,,,,,,,,,,,,,,,,,56.0,0.035,1m,0.5,0.5,2.0,56.0,,,,,,,,,,,,,,,,,,,,,,,,,,,,,0.25,1,COMPLETE
149,149,-8.619809331283575,2025-06-21 01:17:11.744097,2025-06-21 01:17:12.191264,0 days 00:00:00.447167,,,,,,,,26.0,0.045000000000000005,3m,1.0,1.0,2.5,20.0,,,,,,,,,,,,,,,,,,,,,,,,,,,,,54.0,0.027500000000000004,3m,0.5,0.6,3.0,60.0,,,,,,,,,,,,,,,,,,,,,,,,,,,,,,,,,,,,,,,,,,,0.35000000000000003,2,COMPLETE
