,number,value,datetime_start,datetime_complete,duration,params_DIAsynprice_DIA_beta_win,params_DIAsynprice_DIA_stop_loss,params_DIAsynprice_DIA_trade_freq,params_DIAsynprice_DIA_z_entry,params_DIAsynprice_DIA_z_exit,params_DIAsynprice_DIA_z_stop_scaler,params_DIAsynprice_DIA_z_win,params_QQQsynprice_QQQ_beta_win,params_QQQsynprice_QQQ_stop_loss,params_QQQsynprice_QQQ_trade_freq,params_QQQsynprice_QQQ_z_entry,params_QQQsynprice_QQQ_z_exit,params_QQQsynprice_QQQ_z_stop_scaler,params_QQQsynprice_QQQ_z_win,params_XLBsynprice_XLB_beta_win,params_XLBsynprice_XLB_stop_loss,params_XLBsynprice_XLB_trade_freq,params_XLBsynprice_XLB_z_entry,params_XLBsynprice_XLB_z_exit,params_XLBsynprice_XLB_z_stop_scaler,params_XLBsynprice_XLB_z_win,params_XLCsynprice_XLC_beta_win,params_XLCsynprice_XLC_stop_loss,params_XLCsynprice_XLC_trade_freq,params_XLCsynprice_XLC_z_entry,params_XLCsynprice_XLC_z_exit,params_XLCsynprice_XLC_z_stop_scaler,params_XLCsynprice_XLC_z_win,params_XLEsynprice_XLE_beta_win,params_XLEsynprice_XLE_stop_loss,params_XLEsynprice_XLE_trade_freq,params_XLEsynprice_XLE_z_entry,params_XLEsynprice_XLE_z_exit,params_XLEsynprice_XLE_z_stop_scaler,params_XLEsynprice_XLE_z_win,params_XLFsynprice_XLF_beta_win,params_XLFsynprice_XLF_stop_loss,params_XLFsynprice_XLF_trade_freq,params_XLFsynprice_XLF_z_entry,params_XLFsynprice_XLF_z_exit,params_XLFsynprice_XLF_z_stop_scaler,params_XLFsynprice_XLF_z_win,params_XLIsynprice_XLI_beta_win,params_XLIsynprice_XLI_stop_loss,params_XLIsynprice_XLI_trade_freq,params_XLIsynprice_XLI_z_entry,params_XLIsynprice_XLI_z_exit,params_XLIsynprice_XLI_z_stop_scaler,params_XLIsynprice_XLI_z_win,params_XLKsynprice_XLK_beta_win,params_XLKsynprice_XLK_stop_loss,params_XLKsynprice_XLK_trade_freq,params_XLKsynprice_XLK_z_entry,params_XLKsynprice_XLK_z_exit,params_XLKsynprice_XLK_z_stop_scaler,params_XLKsynprice_XLK_z_win,params_XLPsynprice_XLP_beta_win,params_XLPsynprice_XLP_stop_loss,params_XLPsynprice_XLP_trade_freq,params_XLPsynprice_XLP_z_entry,params_XLPsynprice_XLP_z_exit,params_XLPsynprice_XLP_z_stop_scaler,params_XLPsynprice_XLP_z_win,params_XLREsynprice_XLRE_beta_win,params_XLREsynprice_XLRE_stop_loss,params_XLREsynprice_XLRE_trade_freq,params_XLREsynprice_XLRE_z_entry,params_XLREsynprice_XLRE_z_exit,params_XLREsynprice_XLRE_z_stop_scaler,params_XLREsynprice_XLRE_z_win,params_XLUsynprice_XLU_beta_win,params_XLUsynprice_XLU_stop_loss,params_XLUsynprice_XLU_trade_freq,params_XLUsynprice_XLU_z_entry,params_XLUsynprice_XLU_z_exit,params_XLUsynprice_XLU_z_stop_scaler,params_XLUsynprice_XLU_z_win,params_XLVsynprice_XLV_beta_win,params_XLVsynprice_XLV_stop_loss,params_XLVsynprice_XLV_trade_freq,params_XLVsynprice_XLV_z_entry,params_XLVsynprice_XLV_z_exit,params_XLVsynprice_XLV_z_stop_scaler,params_XLVsynprice_XLV_z_win,params_XLYsynprice_XLY_beta_win,params_XLYsynprice_XLY_stop_loss,params_XLYsynprice_XLY_trade_freq,params_XLYsynprice_XLY_z_entry,params_XLYsynprice_XLY_z_exit,params_XLYsynprice_XLY_z_stop_scaler,params_XLYsynprice_XLY_z_win,params_buffer_capital,params_pairs_to_trade,state
121,121,-7.394958380795523,2025-06-21 01:34:18.234693,2025-06-21 01:34:18.693536,0 days 00:00:00.458843,,,,,,,,20.0,0.0425,5m,0.5,0.7,2.5,26.0,,,,,,,,,,,,,,,,,,,,,,,,,,,,,10.0,0.015,2m,1.0,0.7,2.0,50.0,,,,,,,,,,,,,,,,,,,,,,,,,,,,,,,,,,,,,,,,,,,0.2,2,COMPLETE
122,122,-4.933922034001931,2025-06-21 01:34:18.719221,2025-06-21 01:34:19.159251,0 days 00:00:00.440030,,,,,,,,,,,,,,,52.0,0.0225,5m,0.6,0.8,1.5,32.0,,,,,,,,,,,,,,,42.0,0.035,4m,0.7,0.6,2.5,56.0,,,,,,,,,,,,,,,,,,,,,,,,,,,,,,,,,,,,,,,,,,,,,,,,,,0.25,2,COMPLETE
123,123,-3.403966233014548,2025-06-21 01:34:19.176755,2025-06-21 01:34:19.636893,0 days 00:00:00.460138,22.0,0.0225,3m,0.8,0.7,3.0,38.0,,,,,,,,,,,,,,,,,,,,,,,,,,,,,,,,,,,,,,,,,,,,,,,,,,,,,,,,,,,,,,,,58.0,0.025,4m,0.7,0.7,3.0,34.0,,,,,,,,,,,,,,,0.2,2,COMPLETE
124,124,-3.7489413345652554,2025-06-21 01:34:19.655516,2025-06-21 01:34:19.917323,0 days 00:00:00.261807,10.0,0.027500000000000004,3m,0.6,0.6,3.0,36.0,,,,,,,,,,,,,,,,,,,,,,,,,,,,,,,,,,,,,,,,,,,,,,,,,,,,,,,,,,,,,,,,,,,,,,,,,,,,,,,,,,,,,0.05,1,COMPLETE
125,125,-4.232979798176962,2025-06-21 01:34:19.933879,2025-06-21 01:34:20.393047,0 days 00:00:00.459168,,,,,,,,26.0,0.035,2m,0.6,0.6,3.0,58.0,,,,,,,,,,,,,,,,,,,,,,52.0,0.04,4m,0.9,0.5,2.0,64.0,,,,,,,,,,,,,,,,,,,,,,,,,,,,,,,,,,,,,,,,,,,,,,,,,,0.25,2,COMPLETE
126,126,-5.936598781092231,2025-06-21 01:34:20.411614,2025-06-21 01:34:21.135056,0 days 00:00:00.723442,,,,,,,,,,,,,,,64.0,0.025,3m,0.8,0.9,2.0,18.0,,,,,,,,26.0,0.02,3m,1.0,1.0,1.5,46.0,,,,,,,,,,,,,,,,,,,,,,,,,,,,,22.0,0.015,2m,1.0,0.7,1.5,60.0,,,,,,,,,,,,,,,,,,,,,,0.05,3,COMPLETE
127,127,-10.980402593238122,2025-06-21 01:34:21.154083,2025-06-21 01:34:21.439206,0 days 00:00:00.285123,,,,,,,,,,,,,,,,,,,,,,,,,,,,,,,,,,,,,,,,,,,,,,,,,,,,,,,,,,,,,,,,,,,,,,,40.0,0.01,3m,0.5,0.5,2.0,56.0,,,,,,,,,,,,,,,0.1,1,COMPLETE
128,128,-9.464862400550196,2025-06-21 01:34:21.457940,2025-06-21 01:34:23.139461,0 days 00:00:01.681521,,,,,,,,14.0,0.0475,4m,0.8,0.5,2.5,64.0,,,,,,,,44.0,0.015,1m,0.9,0.7,2.0,52.0,,,,,,,,,,,,,,,40.0,0.035,1m,0.9,0.9,3.0,56.0,30.0,0.0375,3m,0.5,0.5,1.5,40.0,32.0,0.027500000000000004,3m,1.0,0.5,3.0,64.0,,,,,,,,14.0,0.015,3m,0.9,0.9,1.5,40.0,32.0,0.0425,2m,1.0,0.6,2.0,22.0,44.0,0.045000000000000005,2m,1.0,0.5,3.0,46.0,0.15000000000000002,8,COMPLETE
129,129,-2.535841738502388,2025-06-21 01:34:23.159483,2025-06-21 01:34:23.643260,0 days 00:00:00.483777,,,,,,,,,,,,,,,,,,,,,,,,,,,,,,,,,,,,,,,,,,,,,,,,,,,,,,,,,38.0,0.02,3m,0.9,0.6,3.0,48.0,,,,,,,,,,,,,,,,,,,,,,56.0,0.0425,2m,0.9,0.5,3.0,30.0,0.05,2,COMPLETE
130,130,-46.82679994421979,2025-06-21 01:34:23.662791,2025-06-21 01:34:23.925733,0 days 00:00:00.262942,,,,,,,,,,,,,,,,,,,,,,,,,,,,,60.0,0.035,1m,0.7,0.7,3.0,38.0,,,,,,,,,,,,,,,,,,,,,,,,,,,,,,,,,,,,,,,,,,,,,,,,,,,,,,,,,0.15000000000000002,1,COMPLETE
131,131,-2.959187430048169,2025-06-21 01:34:23.942711,2025-06-21 01:34:24.190468,0 days 00:00:00.247757,,,,,,,,,,,,,,,44.0,0.035,4m,0.9,1.0,3.0,50.0,,,,,,,,,,,,,,,,,,,,,,,,,,,,,,,,,,,,,,,,,,,,,,,,,,,,,,,,,,,,,,,,,,,,,,,0.25,1,COMPLETE
132,132,-0.5426602929787595,2025-06-21 01:34:24.208442,2025-06-21 01:34:24.466249,0 days 00:00:00.257807,16.0,0.0175,3m,0.8,0.8,3.0,42.0,,,,,,,,,,,,,,,,,,,,,,,,,,,,,,,,,,,,,,,,,,,,,,,,,,,,,,,,,,,,,,,,,,,,,,,,,,,,,,,,,,,,,0.25,1,COMPLETE
133,133,-12.055307368412004,2025-06-21 01:34:24.486190,2025-06-21 01:34:24.747564,0 days 00:00:00.261374,,,,,,,,,,,,,,,,,,,,,,,,,,,,,,,,,,,,,,,,,,,,,,,,,,,,,,,,,,,,,,,,,,,,,,,50.0,0.0375,2m,0.6,0.6,2.5,48.0,,,,,,,,,,,,,,,0.25,1,COMPLETE
134,134,-5.813048845354357,2025-06-21 01:34:24.764866,2025-06-21 01:34:25.010511,0 days 00:00:00.245645,,,,,,,,,,,,,,,,,,,,,,,,,,,,,,,,,,,,,,,,,,,58.0,0.05,4m,0.5,0.5,1.5,38.0,,,,,,,,,,,,,,,,,,,,,,,,,,,,,,,,,,,,,,,,,,,0.2,1,COMPLETE
135,135,-21.39163560177016,2025-06-21 01:34:25.028275,2025-06-21 01:34:25.490829,0 days 00:00:00.462554,,,,,,,,,,,,,,,,,,,,,,,,,,,,,,,,,,,,,,,,,,,,,,,,,,,,,,,,,,,,,,,,30.0,0.0125,2m,1.0,0.8,1.5,56.0,,,,,,,,40.0,0.035,1m,0.9,0.7,1.5,34.0,,,,,,,,0.3,2,COMPLETE
136,136,-2.901683151067666,2025-06-21 01:34:25.509667,2025-06-21 01:34:25.959685,0 days 00:00:00.450018,18.0,0.0175,3m,0.8,0.8,3.0,42.0,,,,,,,,,,,,,,,58.0,0.035,3m,0.7,0.8,2.5,26.0,,,,,,,,,,,,,,,,,,,,,,,,,,,,,,,,,,,,,,,,,,,,,,,,,,,,,,,,,,,,,,,,0.2,2,COMPLETE
137,137,-6.690484580569861,2025-06-21 01:34:25.977249,2025-06-21 01:34:26.628469,0 days 00:00:00.651220,,,,,,,,,,,,,,,,,,,,,,,,,,,,,,,,,,,,36.0,0.0425,1m,1.0,0.6,1.5,30.0,,,,,,,,,,,,,,,46.0,0.035,3m,1.0,0.5,3.0,58.0,,,,,,,,,,,,,,,56.0,0.027500000000000004,5m,0.7,0.5,2.0,50.0,,,,,,,,0.1,3,COMPLETE
138,138,-2.8212295948003727,2025-06-21 01:34:26.672744,2025-06-21 01:34:26.933428,0 days 00:00:00.260684,,,,,,,,,,,,,,,,,,,,,,,,,,,,,14.0,0.015,2m,0.8,0.8,2.0,44.0,,,,,,,,,,,,,,,,,,,,,,,,,,,,,,,,,,,,,,,,,,,,,,,,,,,,,,,,,0.25,1,COMPLETE
139,139,-6.490697521221314,2025-06-21 01:34:26.953578,2025-06-21 01:34:27.410662,0 days 00:00:00.457084,,,,,,,,30.0,0.0325,2m,0.6,0.8,3.0,48.0,,,,,,,,,,,,,,,,,,,,,,,,,,,,,,,,,,,,,,,,,,,,,,,,,,,,,,,,,,,,,,,,,,,,,,,44.0,0.05,2m,0.8,0.6,3.0,38.0,0.05,2,COMPLETE
140,140,-3.9046773050779673,2025-06-21 01:34:27.429560,2025-06-21 01:34:27.890379,0 days 00:00:00.460819,,,,,,,,,,,,,,,,,,,,,,,,,,,,,,,,,,,,,,,,,,,,,,,,,,,,,,,,,26.0,0.025,3m,1.0,0.6,3.0,44.0,24.0,0.0175,2m,1.0,0.8,1.5,60.0,,,,,,,,,,,,,,,,,,,,,,0.05,2,COMPLETE
141,141,-2.999090173401367,2025-06-21 01:34:27.909249,2025-06-21 01:34:28.166111,0 days 00:00:00.256862,,,,,,,,,,,,,,,,,,,,,,,,,,,,,,,,,,,,,,,,,,,,,,,,,,,,,,,,,,,,,,,,,,,,,,,,,,,,,,52.0,0.045000000000000005,4m,1.0,0.8,2.5,40.0,,,,,,,,0.25,1,COMPLETE
142,142,-2.6558422825938584,2025-06-21 01:34:28.185091,2025-06-21 01:34:28.445486,0 days 00:00:00.260395,,,,,,,,18.0,0.0375,3m,0.7,1.0,1.5,16.0,,,,,,,,,,,,,,,,,,,,,,,,,,,,,,,,,,,,,,,,,,,,,,,,,,,,,,,,,,,,,,,,,,,,,,,,,,,,,,0.25,1,COMPLETE
143,143,-4.756034051655478,2025-06-21 01:34:28.466600,2025-06-21 01:34:28.734017,0 days 00:00:00.267417,,,,,,,,,,,,,,,,,,,,,,,,,,,,,,,,,,,,,,,,,,,,,,,,,,,,,,,,,36.0,0.0175,3m,0.9,0.5,3.0,50.0,,,,,,,,,,,,,,,,,,,,,,,,,,,,,0.3,1,COMPLETE
144,144,-6.505496726651816,2025-06-21 01:34:28.752029,2025-06-21 01:34:29.004618,0 days 00:00:00.252589,,,,,,,,,,,,,,,,,,,,,,,,,,,,,,,,,,,,,,,,,,,,,,,,,,22.0,0.045000000000000005,4m,1.0,1.0,2.5,22.0,,,,,,,,,,,,,,,,,,,,,,,,,,,,,,,,,,,,0.25,1,COMPLETE
145,145,-8.80720130704184,2025-06-21 01:34:29.023642,2025-06-21 01:34:29.277344,0 days 00:00:00.253702,,,,,,,,,,,,,,,,,,,,,,,,,,,,,,,,,,,,,,,,,,,,,,,,,,,,,,,,,,,,,,,,,,,,,,,10.0,0.015,5m,1.0,1.0,3.0,58.0,,,,,,,,,,,,,,,0.25,1,COMPLETE
146,146,-7.779508434410457,2025-06-21 01:34:29.295253,2025-06-21 01:34:29.755485,0 days 00:00:00.460232,,,,,,,,,,,,,,,,,,,,,,,,,,,,,,,,,,,,60.0,0.05,5m,0.7,0.7,2.5,40.0,14.0,0.045000000000000005,2m,0.6,0.6,2.5,30.0,,,,,,,,,,,,,,,,,,,,,,,,,,,,,,,,,,,,,,,,,,,0.05,2,COMPLETE
147,147,-5.849837720082194,2025-06-21 01:34:29.774558,2025-06-21 01:34:30.029742,0 days 00:00:00.255184,,,,,,,,,,,,,,,,,,,,,,,,,,,,,,,,,,,,,,,,,,,46.0,0.0325,3m,1.0,0.7,3.0,20.0,,,,,,,,,,,,,,,,,,,,,,,,,,,,,,,,,,,,,,,,,,,0.35000000000000003,1,COMPLETE
148,148,-9.12806856953727,2025-06-21 01:34:30.048331,2025-06-21 01:34:30.500037,0 days 00:00:00.451706,,,,,,,,,,,,,,,,,,,,,,,,,,,,,54.0,0.045000000000000005,4m,0.5,0.5,1.5,58.0,,,,,,,,,,,,,,,16.0,0.02,2m,0.6,0.6,1.5,14.0,,,,,,,,,,,,,,,,,,,,,,,,,,,,,,,,,,,,0.2,2,COMPLETE
149,149,-8.332094291209613,2025-06-21 01:34:30.518636,2025-06-21 01:34:30.775548,0 days 00:00:00.256912,,,,,,,,,,,,,,,,,,,,,,,,,,,,,32.0,0.0225,5m,0.6,1.0,2.5,52.0,,,,,,,,,,,,,,,,,,,,,,,,,,,,,,,,,,,,,,,,,,,,,,,,,,,,,,,,,0.1,1,COMPLETE
