,number,value,datetime_start,datetime_complete,duration,params_DIAsynprice_DIA_beta_win,params_DIAsynprice_DIA_stop_loss,params_DIAsynprice_DIA_trade_freq,params_DIAsynprice_DIA_z_entry,params_DIAsynprice_DIA_z_exit,params_DIAsynprice_DIA_z_stop_scaler,params_DIAsynprice_DIA_z_win,params_QQQsynprice_QQQ_beta_win,params_QQQsynprice_QQQ_stop_loss,params_QQQsynprice_QQQ_trade_freq,params_QQQsynprice_QQQ_z_entry,params_QQQsynprice_QQQ_z_exit,params_QQQsynprice_QQQ_z_stop_scaler,params_QQQsynprice_QQQ_z_win,params_XLBsynprice_XLB_beta_win,params_XLBsynprice_XLB_stop_loss,params_XLBsynprice_XLB_trade_freq,params_XLBsynprice_XLB_z_entry,params_XLBsynprice_XLB_z_exit,params_XLBsynprice_XLB_z_stop_scaler,params_XLBsynprice_XLB_z_win,params_XLCsynprice_XLC_beta_win,params_XLCsynprice_XLC_stop_loss,params_XLCsynprice_XLC_trade_freq,params_XLCsynprice_XLC_z_entry,params_XLCsynprice_XLC_z_exit,params_XLCsynprice_XLC_z_stop_scaler,params_XLCsynprice_XLC_z_win,params_XLEsynprice_XLE_beta_win,params_XLEsynprice_XLE_stop_loss,params_XLEsynprice_XLE_trade_freq,params_XLEsynprice_XLE_z_entry,params_XLEsynprice_XLE_z_exit,params_XLEsynprice_XLE_z_stop_scaler,params_XLEsynprice_XLE_z_win,params_XLFsynprice_XLF_beta_win,params_XLFsynprice_XLF_stop_loss,params_XLFsynprice_XLF_trade_freq,params_XLFsynprice_XLF_z_entry,params_XLFsynprice_XLF_z_exit,params_XLFsynprice_XLF_z_stop_scaler,params_XLFsynprice_XLF_z_win,params_XLIsynprice_XLI_beta_win,params_XLIsynprice_XLI_stop_loss,params_XLIsynprice_XLI_trade_freq,params_XLIsynprice_XLI_z_entry,params_XLIsynprice_XLI_z_exit,params_XLIsynprice_XLI_z_stop_scaler,params_XLIsynprice_XLI_z_win,params_XLKsynprice_XLK_beta_win,params_XLKsynprice_XLK_stop_loss,params_XLKsynprice_XLK_trade_freq,params_XLKsynprice_XLK_z_entry,params_XLKsynprice_XLK_z_exit,params_XLKsynprice_XLK_z_stop_scaler,params_XLKsynprice_XLK_z_win,params_XLPsynprice_XLP_beta_win,params_XLPsynprice_XLP_stop_loss,params_XLPsynprice_XLP_trade_freq,params_XLPsynprice_XLP_z_entry,params_XLPsynprice_XLP_z_exit,params_XLPsynprice_XLP_z_stop_scaler,params_XLPsynprice_XLP_z_win,params_XLREsynprice_XLRE_beta_win,params_XLREsynprice_XLRE_stop_loss,params_XLREsynprice_XLRE_trade_freq,params_XLREsynprice_XLRE_z_entry,params_XLREsynprice_XLRE_z_exit,params_XLREsynprice_XLRE_z_stop_scaler,params_XLREsynprice_XLRE_z_win,params_XLUsynprice_XLU_beta_win,params_XLUsynprice_XLU_stop_loss,params_XLUsynprice_XLU_trade_freq,params_XLUsynprice_XLU_z_entry,params_XLUsynprice_XLU_z_exit,params_XLUsynprice_XLU_z_stop_scaler,params_XLUsynprice_XLU_z_win,params_XLVsynprice_XLV_beta_win,params_XLVsynprice_XLV_stop_loss,params_XLVsynprice_XLV_trade_freq,params_XLVsynprice_XLV_z_entry,params_XLVsynprice_XLV_z_exit,params_XLVsynprice_XLV_z_stop_scaler,params_XLVsynprice_XLV_z_win,params_XLYsynprice_XLY_beta_win,params_XLYsynprice_XLY_stop_loss,params_XLYsynprice_XLY_trade_freq,params_XLYsynprice_XLY_z_entry,params_XLYsynprice_XLY_z_exit,params_XLYsynprice_XLY_z_stop_scaler,params_XLYsynprice_XLY_z_win,params_buffer_capital,params_pairs_to_trade,state
127,127,-3.316101612693979,2025-06-21 01:11:26.499774,2025-06-21 01:11:26.752856,0 days 00:00:00.253082,,,,,,,,,,,,,,,,,,,,,,56.0,0.03,4m,1.0,1.0,3.0,48.0,,,,,,,,,,,,,,,,,,,,,,,,,,,,,,,,,,,,,,,,,,,,,,,,,,,,,,,,,,,,,,,,0.05,1,COMPLETE
128,128,-1.3806256844633238,2025-06-21 01:11:26.769876,2025-06-21 01:11:27.020986,0 days 00:00:00.251110,,,,,,,,,,,,,,,,,,,,,,,,,,,,,,,,,,,,,,,,,,,,,,,,,,,,,,,,,,,,,,,,42.0,0.025,4m,0.6,0.6,2.0,24.0,,,,,,,,,,,,,,,,,,,,,,0.1,1,COMPLETE
129,129,-1.3806256844633238,2025-06-21 01:11:27.040003,2025-06-21 01:11:27.287950,0 days 00:00:00.247947,,,,,,,,,,,,,,,,,,,,,,,,,,,,,,,,,,,,,,,,,,,,,,,,,,,,,,,,,,,,,,,,42.0,0.025,4m,0.6,0.6,2.0,24.0,,,,,,,,,,,,,,,,,,,,,,0.1,1,COMPLETE
130,130,-24.84914873555052,2025-06-21 01:11:27.306341,2025-06-21 01:11:28.142527,0 days 00:00:00.836186,46.0,0.04,2m,0.5,0.5,3.0,64.0,,,,,,,,,,,,,,,,,,,,,,16.0,0.015,1m,0.6,0.9,3.0,40.0,,,,,,,,58.0,0.0125,5m,0.8,0.8,2.5,10.0,,,,,,,,,,,,,,,,,,,,,,,,,,,,,44.0,0.015,1m,0.9,0.9,3.0,26.0,,,,,,,,0.1,4,COMPLETE
131,131,-5.944260155314306,2025-06-21 01:11:28.159834,2025-06-21 01:11:28.412976,0 days 00:00:00.253142,,,,,,,,,,,,,,,,,,,,,,,,,,,,,,,,,,,,,,,,,,,,,,,,,,,,,,,,,32.0,0.015,4m,0.9,0.8,1.5,58.0,,,,,,,,,,,,,,,,,,,,,,,,,,,,,0.1,1,COMPLETE
132,132,-1.3936043602828099,2025-06-21 01:11:28.432119,2025-06-21 01:11:28.679048,0 days 00:00:00.246929,,,,,,,,,,,,,,,,,,,,,,,,,,,,,,,,,,,,48.0,0.0175,3m,0.8,0.7,2.0,56.0,,,,,,,,,,,,,,,,,,,,,,,,,,,,,,,,,,,,,,,,,,,,,,,,,,0.1,1,COMPLETE
133,133,-72.67241996488767,2025-06-21 01:11:28.696091,2025-06-21 01:11:28.965213,0 days 00:00:00.269122,,,,,,,,,,,,,,,20.0,0.015,1m,0.5,0.5,2.0,20.0,,,,,,,,,,,,,,,,,,,,,,,,,,,,,,,,,,,,,,,,,,,,,,,,,,,,,,,,,,,,,,,,,,,,,,,0.1,1,COMPLETE
134,134,-25.07150650376088,2025-06-21 01:11:28.982538,2025-06-21 01:11:29.246143,0 days 00:00:00.263605,,,,,,,,,,,,,,,,,,,,,,,,,,,,,,,,,,,,,,,,,,,24.0,0.025,1m,1.0,1.0,1.5,44.0,,,,,,,,,,,,,,,,,,,,,,,,,,,,,,,,,,,,,,,,,,,0.1,1,COMPLETE
135,135,-8.595711286117647,2025-06-21 01:11:29.262855,2025-06-21 01:11:29.714052,0 days 00:00:00.451197,,,,,,,,,,,,,,,34.0,0.0475,3m,0.6,0.6,1.5,62.0,16.0,0.0375,3m,0.8,0.8,2.5,36.0,,,,,,,,,,,,,,,,,,,,,,,,,,,,,,,,,,,,,,,,,,,,,,,,,,,,,,,,,,,,,,,,0.05,2,COMPLETE
136,136,-4.6177109904928475,2025-06-21 01:11:29.732236,2025-06-21 01:11:29.994601,0 days 00:00:00.262365,,,,,,,,24.0,0.015,2m,0.8,0.8,3.0,32.0,,,,,,,,,,,,,,,,,,,,,,,,,,,,,,,,,,,,,,,,,,,,,,,,,,,,,,,,,,,,,,,,,,,,,,,,,,,,,,0.1,1,COMPLETE
137,137,-1.4803672923595237,2025-06-21 01:11:30.011832,2025-06-21 01:11:30.268839,0 days 00:00:00.257007,,,,,,,,,,,,,,,,,,,,,,,,,,,,,,,,,,,,50.0,0.015,3m,0.8,0.7,2.0,54.0,,,,,,,,,,,,,,,,,,,,,,,,,,,,,,,,,,,,,,,,,,,,,,,,,,0.1,1,COMPLETE
138,138,-72.7385081388716,2025-06-21 01:11:30.288068,2025-06-21 01:11:30.755869,0 days 00:00:00.467801,,,,,,,,,,,,,,,,,,,,,,,,,,,,,,,,,,,,,,,,,,,,,,,,,,40.0,0.045000000000000005,1m,0.9,0.9,1.5,10.0,,,,,,,,42.0,0.025,4m,0.6,0.6,2.0,24.0,,,,,,,,,,,,,,,,,,,,,,0.1,2,COMPLETE
139,139,-8.918017673522195,2025-06-21 01:11:30.780550,2025-06-21 01:11:31.040498,0 days 00:00:00.259948,26.0,0.015,4m,0.6,0.9,2.0,44.0,,,,,,,,,,,,,,,,,,,,,,,,,,,,,,,,,,,,,,,,,,,,,,,,,,,,,,,,,,,,,,,,,,,,,,,,,,,,,,,,,,,,,0.05,1,COMPLETE
140,140,-45.11217510645593,2025-06-21 01:11:31.058010,2025-06-21 01:11:31.325729,0 days 00:00:00.267719,,,,,,,,,,,,,,,,,,,,,,,,,,,,,34.0,0.0475,1m,0.7,0.7,2.0,58.0,,,,,,,,,,,,,,,,,,,,,,,,,,,,,,,,,,,,,,,,,,,,,,,,,,,,,,,,,0.1,1,COMPLETE
141,141,-2.791069949418568,2025-06-21 01:11:31.344339,2025-06-21 01:11:31.592338,0 days 00:00:00.247999,,,,,,,,,,,,,,,,,,,,,,60.0,0.015,5m,0.9,0.9,2.0,30.0,,,,,,,,,,,,,,,,,,,,,,,,,,,,,,,,,,,,,,,,,,,,,,,,,,,,,,,,,,,,,,,,0.1,1,COMPLETE
142,142,-1.3936043602828099,2025-06-21 01:11:31.610104,2025-06-21 01:11:31.874294,0 days 00:00:00.264190,,,,,,,,,,,,,,,,,,,,,,,,,,,,,,,,,,,,48.0,0.015,3m,0.8,0.7,2.0,56.0,,,,,,,,,,,,,,,,,,,,,,,,,,,,,,,,,,,,,,,,,,,,,,,,,,0.1,1,COMPLETE
143,143,-6.622770092865259,2025-06-21 01:11:31.892175,2025-06-21 01:11:32.143045,0 days 00:00:00.250870,,,,,,,,,,,,,,,,,,,,,,,,,,,,,,,,,,,,,,,,,,,,,,,,,,18.0,0.035,5m,0.6,0.6,3.0,64.0,,,,,,,,,,,,,,,,,,,,,,,,,,,,,,,,,,,,0.1,1,COMPLETE
144,144,-3.9134024644289624,2025-06-21 01:11:32.160013,2025-06-21 01:11:32.416740,0 days 00:00:00.256727,,,,,,,,,,,,,,,,,,,,,,,,,,,,,,,,,,,,,,,,,,,,,,,,,,,,,,,,,,,,,,,,,,,,,,,,,,,,,,,,,,,,,50.0,0.04,3m,0.8,1.0,3.0,16.0,0.1,1,COMPLETE
145,145,-8.702819996990925,2025-06-21 01:11:32.434846,2025-06-21 01:11:32.684295,0 days 00:00:00.249449,,,,,,,,,,,,,,,,,,,,,,,,,,,,,58.0,0.0375,2m,0.8,0.8,2.5,24.0,,,,,,,,,,,,,,,,,,,,,,,,,,,,,,,,,,,,,,,,,,,,,,,,,,,,,,,,,0.05,1,COMPLETE
146,146,-3.457328371247402,2025-06-21 01:11:32.703223,2025-06-21 01:11:32.960258,0 days 00:00:00.257035,,,,,,,,,,,,,,,,,,,,,,,,,,,,,,,,,,,,,,,,,,,,,,,,,,,,,,,,,,,,,,,,38.0,0.027500000000000004,4m,0.6,0.6,2.0,20.0,,,,,,,,,,,,,,,,,,,,,,0.1,1,COMPLETE
147,147,-6.644562396025218,2025-06-21 01:11:32.979273,2025-06-21 01:11:33.232977,0 days 00:00:00.253704,,,,,,,,,,,,,,,,,,,,,,18.0,0.0425,2m,0.5,0.5,1.5,14.0,,,,,,,,,,,,,,,,,,,,,,,,,,,,,,,,,,,,,,,,,,,,,,,,,,,,,,,,,,,,,,,,0.05,1,COMPLETE
148,148,-10.712681684580836,2025-06-21 01:11:33.250997,2025-06-21 01:11:33.687447,0 days 00:00:00.436450,,,,,,,,,,,,,,,,,,,,,,,,,,,,,16.0,0.03,5m,0.5,1.0,3.0,32.0,,,,,,,,,,,,,,,,,,,,,,,,,,,,,,,,,,,,22.0,0.0175,5m,1.0,1.0,3.0,50.0,,,,,,,,,,,,,,,0.1,2,COMPLETE
149,149,-6.326086278284035,2025-06-21 01:11:33.708846,2025-06-21 01:11:33.962153,0 days 00:00:00.253307,,,,,,,,,,,,,,,,,,,,,,,,,,,,,,,,,,,,,,,,,,,,,,,,,,,,,,,,,40.0,0.0175,4m,0.8,0.7,3.0,54.0,,,,,,,,,,,,,,,,,,,,,,,,,,,,,0.1,1,COMPLETE
