,number,value,datetime_start,datetime_complete,duration,params_DIAsynprice_DIA_beta_win,params_DIAsynprice_DIA_stop_loss,params_DIAsynprice_DIA_trade_freq,params_DIAsynprice_DIA_z_entry,params_DIAsynprice_DIA_z_exit,params_DIAsynprice_DIA_z_stop_scaler,params_DIAsynprice_DIA_z_win,params_QQQsynprice_QQQ_beta_win,params_QQQsynprice_QQQ_stop_loss,params_QQQsynprice_QQQ_trade_freq,params_QQQsynprice_QQQ_z_entry,params_QQQsynprice_QQQ_z_exit,params_QQQsynprice_QQQ_z_stop_scaler,params_QQQsynprice_QQQ_z_win,params_XLBsynprice_XLB_beta_win,params_XLBsynprice_XLB_stop_loss,params_XLBsynprice_XLB_trade_freq,params_XLBsynprice_XLB_z_entry,params_XLBsynprice_XLB_z_exit,params_XLBsynprice_XLB_z_stop_scaler,params_XLBsynprice_XLB_z_win,params_XLCsynprice_XLC_beta_win,params_XLCsynprice_XLC_stop_loss,params_XLCsynprice_XLC_trade_freq,params_XLCsynprice_XLC_z_entry,params_XLCsynprice_XLC_z_exit,params_XLCsynprice_XLC_z_stop_scaler,params_XLCsynprice_XLC_z_win,params_XLEsynprice_XLE_beta_win,params_XLEsynprice_XLE_stop_loss,params_XLEsynprice_XLE_trade_freq,params_XLEsynprice_XLE_z_entry,params_XLEsynprice_XLE_z_exit,params_XLEsynprice_XLE_z_stop_scaler,params_XLEsynprice_XLE_z_win,params_XLFsynprice_XLF_beta_win,params_XLFsynprice_XLF_stop_loss,params_XLFsynprice_XLF_trade_freq,params_XLFsynprice_XLF_z_entry,params_XLFsynprice_XLF_z_exit,params_XLFsynprice_XLF_z_stop_scaler,params_XLFsynprice_XLF_z_win,params_XLIsynprice_XLI_beta_win,params_XLIsynprice_XLI_stop_loss,params_XLIsynprice_XLI_trade_freq,params_XLIsynprice_XLI_z_entry,params_XLIsynprice_XLI_z_exit,params_XLIsynprice_XLI_z_stop_scaler,params_XLIsynprice_XLI_z_win,params_XLKsynprice_XLK_beta_win,params_XLKsynprice_XLK_stop_loss,params_XLKsynprice_XLK_trade_freq,params_XLKsynprice_XLK_z_entry,params_XLKsynprice_XLK_z_exit,params_XLKsynprice_XLK_z_stop_scaler,params_XLKsynprice_XLK_z_win,params_XLPsynprice_XLP_beta_win,params_XLPsynprice_XLP_stop_loss,params_XLPsynprice_XLP_trade_freq,params_XLPsynprice_XLP_z_entry,params_XLPsynprice_XLP_z_exit,params_XLPsynprice_XLP_z_stop_scaler,params_XLPsynprice_XLP_z_win,params_XLREsynprice_XLRE_beta_win,params_XLREsynprice_XLRE_stop_loss,params_XLREsynprice_XLRE_trade_freq,params_XLREsynprice_XLRE_z_entry,params_XLREsynprice_XLRE_z_exit,params_XLREsynprice_XLRE_z_stop_scaler,params_XLREsynprice_XLRE_z_win,params_XLUsynprice_XLU_beta_win,params_XLUsynprice_XLU_stop_loss,params_XLUsynprice_XLU_trade_freq,params_XLUsynprice_XLU_z_entry,params_XLUsynprice_XLU_z_exit,params_XLUsynprice_XLU_z_stop_scaler,params_XLUsynprice_XLU_z_win,params_XLVsynprice_XLV_beta_win,params_XLVsynprice_XLV_stop_loss,params_XLVsynprice_XLV_trade_freq,params_XLVsynprice_XLV_z_entry,params_XLVsynprice_XLV_z_exit,params_XLVsynprice_XLV_z_stop_scaler,params_XLVsynprice_XLV_z_win,params_XLYsynprice_XLY_beta_win,params_XLYsynprice_XLY_stop_loss,params_XLYsynprice_XLY_trade_freq,params_XLYsynprice_XLY_z_entry,params_XLYsynprice_XLY_z_exit,params_XLYsynprice_XLY_z_stop_scaler,params_XLYsynprice_XLY_z_win,params_buffer_capital,params_pairs_to_trade,state
0,0,-5.716971295054565,2025-06-21 01:30:26.229513,2025-06-21 01:30:26.880768,0 days 00:00:00.651255,,,,,,,,,,,,,,,54.0,0.0225,4m,0.6,0.5,1.5,28.0,,,,,,,,28.0,0.025,5m,0.9,0.7,1.5,36.0,12.0,0.0225,3m,0.7,0.6,2.5,42.0,,,,,,,,,,,,,,,,,,,,,,,,,,,,,,,,,,,,,,,,,,,,,,,,,,0.2,3,COMPLETE
1,1,-13.37311529278481,2025-06-21 01:30:26.915430,2025-06-21 01:30:28.700379,0 days 00:00:01.784949,,,,,,,,28.0,0.02,2m,1.0,1.0,2.0,42.0,52.0,0.0125,2m,0.6,0.8,2.5,10.0,38.0,0.0375,3m,0.6,0.9,3.0,38.0,62.0,0.03,2m,0.8,0.8,2.0,52.0,18.0,0.04,3m,0.8,0.7,2.0,14.0,,,,,,,,,,,,,,,16.0,0.0325,4m,1.0,0.6,1.5,12.0,54.0,0.027500000000000004,1m,1.0,0.8,2.5,38.0,14.0,0.0125,2m,0.9,1.0,3.0,60.0,,,,,,,,48.0,0.035,1m,0.7,1.0,3.0,48.0,0.5,9,COMPLETE
2,2,-4.413985182557688,2025-06-21 01:30:28.749649,2025-06-21 01:30:29.002717,0 days 00:00:00.253068,,,,,,,,,,,,,,,,,,,,,,,,,,,,,12.0,0.015,2m,0.8,0.8,1.5,30.0,,,,,,,,,,,,,,,,,,,,,,,,,,,,,,,,,,,,,,,,,,,,,,,,,,,,,,,,,0.5,1,COMPLETE
3,3,-11.259558179807126,2025-06-21 01:30:29.020639,2025-06-21 01:30:29.625184,0 days 00:00:00.604545,,,,,,,,22.0,0.0225,2m,1.0,0.6,3.0,52.0,,,,,,,,,,,,,,,,,,,,,,,,,,,,,,,,,,,,,,,,,,,56.0,0.027500000000000004,4m,0.7,0.7,3.0,16.0,,,,,,,,,,,,,,,50.0,0.045000000000000005,3m,0.6,0.5,1.5,40.0,,,,,,,,0.35000000000000003,3,COMPLETE
4,4,-20.694005297629367,2025-06-21 01:30:29.652352,2025-06-21 01:30:31.619815,0 days 00:00:01.967463,,,,,,,,10.0,0.045000000000000005,5m,1.0,0.9,1.5,32.0,50.0,0.025,2m,0.6,1.0,3.0,48.0,24.0,0.02,2m,1.0,0.6,1.5,38.0,22.0,0.0325,3m,0.5,0.6,2.5,38.0,,,,,,,,56.0,0.015,3m,0.7,0.9,1.5,40.0,64.0,0.04,1m,0.7,0.6,3.0,44.0,36.0,0.02,3m,1.0,0.8,2.5,46.0,48.0,0.0475,2m,0.9,0.8,2.0,16.0,24.0,0.0325,2m,0.5,0.9,2.5,44.0,12.0,0.05,3m,0.9,0.8,2.5,20.0,,,,,,,,0.15000000000000002,10,COMPLETE
5,5,-26.4728261325698,2025-06-21 01:30:31.643427,2025-06-21 01:30:32.816799,0 days 00:00:01.173372,48.0,0.01,1m,0.8,0.6,1.5,60.0,,,,,,,,10.0,0.0475,5m,0.8,0.9,2.5,20.0,42.0,0.035,2m,0.8,0.6,2.5,34.0,,,,,,,,,,,,,,,24.0,0.04,2m,0.6,0.9,3.0,26.0,16.0,0.02,5m,0.6,1.0,2.5,28.0,,,,,,,,40.0,0.02,1m,0.7,0.7,2.5,42.0,,,,,,,,,,,,,,,,,,,,,,0.25,6,COMPLETE
6,6,-3.8497011264328287,2025-06-21 01:30:32.836830,2025-06-21 01:30:33.476951,0 days 00:00:00.640121,,,,,,,,,,,,,,,32.0,0.027500000000000004,3m,0.6,0.6,2.5,40.0,46.0,0.035,5m,0.9,0.5,1.5,30.0,12.0,0.0425,2m,1.0,0.6,3.0,16.0,,,,,,,,,,,,,,,,,,,,,,,,,,,,,,,,,,,,,,,,,,,,,,,,,,,,,,,,,0.25,3,COMPLETE
7,7,-16.897828784005057,2025-06-21 01:30:33.502530,2025-06-21 01:30:35.508893,0 days 00:00:02.006363,62.0,0.015,3m,0.5,0.7,3.0,12.0,16.0,0.0175,5m,0.5,1.0,1.5,54.0,14.0,0.03,2m,0.9,0.5,2.0,56.0,16.0,0.02,3m,0.8,0.8,3.0,56.0,,,,,,,,50.0,0.05,4m,0.9,0.6,1.5,34.0,62.0,0.0375,2m,0.9,1.0,1.5,14.0,54.0,0.01,2m,0.8,0.7,3.0,16.0,50.0,0.0325,1m,0.8,0.9,1.5,22.0,,,,,,,,,,,,,,,62.0,0.027500000000000004,1m,1.0,1.0,2.5,44.0,26.0,0.0375,2m,0.8,0.6,1.5,18.0,0.1,10,COMPLETE
8,8,-10.686293993826613,2025-06-21 01:30:35.531914,2025-06-21 01:30:36.147672,0 days 00:00:00.615758,36.0,0.015,2m,0.7,0.8,3.0,46.0,,,,,,,,58.0,0.0375,3m,0.5,0.6,2.5,28.0,,,,,,,,,,,,,,,30.0,0.0125,3m,0.5,0.9,2.5,50.0,,,,,,,,,,,,,,,,,,,,,,,,,,,,,,,,,,,,,,,,,,,,,,,,,,0.05,3,COMPLETE
9,9,-60.49556138838654,2025-06-21 01:30:36.165886,2025-06-21 01:30:36.591725,0 days 00:00:00.425839,,,,,,,,20.0,0.04,1m,0.6,0.8,2.0,16.0,,,,,,,,,,,,,,,,,,,,,,,,,,,,,18.0,0.0225,4m,0.5,0.7,2.0,48.0,,,,,,,,,,,,,,,,,,,,,,,,,,,,,,,,,,,,,,,,,,,0.5,2,COMPLETE
10,10,-22.029695062238908,2025-06-21 01:30:36.612862,2025-06-21 01:30:38.029210,0 days 00:00:01.416348,,,,,,,,64.0,0.01,3m,0.8,0.5,3.0,10.0,30.0,0.01,3m,1.0,0.7,3.0,42.0,,,,,,,,44.0,0.05,1m,1.0,0.5,3.0,12.0,,,,,,,,40.0,0.05,1m,1.0,0.5,3.0,60.0,,,,,,,,10.0,0.05,5m,0.5,0.5,3.0,56.0,10.0,0.01,5m,0.5,0.5,1.5,64.0,,,,,,,,,,,,,,,,,,,,,,0.35000000000000003,6,COMPLETE
11,11,-2.3936606161257226,2025-06-21 01:30:38.050948,2025-06-21 01:30:38.330937,0 days 00:00:00.279989,,,,,,,,,,,,,,,,,,,,,,,,,,,,,10.0,0.01,2m,0.6,1.0,3.0,14.0,,,,,,,,,,,,,,,,,,,,,,,,,,,,,,,,,,,,,,,,,,,,,,,,,,,,,,,,,0.35000000000000003,1,COMPLETE
12,12,-4.896469235351008,2025-06-21 01:30:38.348967,2025-06-21 01:30:38.630895,0 days 00:00:00.281928,,,,,,,,,,,,,,,,,,,,,,,,,,,,,,,,,,,,,,,,,,,,,,,,,,,,,,,,,,,,,,,,,,,,,,,,,,,,,,20.0,0.01,5m,0.5,0.5,1.5,64.0,,,,,,,,0.35000000000000003,1,COMPLETE
13,13,-12.920022749115855,2025-06-21 01:30:38.650920,2025-06-21 01:30:39.877471,0 days 00:00:01.226551,,,,,,,,50.0,0.035,4m,0.8,0.7,2.5,62.0,34.0,0.04,1m,0.7,0.7,1.5,62.0,,,,,,,,10.0,0.0475,2m,0.6,1.0,3.0,12.0,,,,,,,,10.0,0.01,5m,0.8,0.5,2.5,12.0,,,,,,,,,,,,,,,,,,,,,,,,,,,,,38.0,0.01,2m,0.7,1.0,3.0,10.0,,,,,,,,0.3,5,COMPLETE
14,14,-12.61709443572657,2025-06-21 01:30:39.910093,2025-06-21 01:30:40.749784,0 days 00:00:00.839691,,,,,,,,,,,,,,,,,,,,,,,,,,,,,,,,,,,,64.0,0.03,5m,1.0,1.0,3.0,62.0,,,,,,,,,,,,,,,,,,,,,,16.0,0.045000000000000005,4m,0.5,1.0,3.0,10.0,64.0,0.05,5m,0.6,0.5,1.5,10.0,,,,,,,,64.0,0.01,3m,1.0,0.9,1.5,62.0,0.4,4,COMPLETE
15,15,-57.65867788605214,2025-06-21 01:30:40.770524,2025-06-21 01:30:41.035210,0 days 00:00:00.264686,,,,,,,,,,,,,,,,,,,,,,,,,,,,,,,,,,,,,,,,,,,,,,,,,,,,,,,,,,,,,,,,,,,,,,,54.0,0.01,1m,1.0,0.6,1.5,12.0,,,,,,,,,,,,,,,0.25,1,COMPLETE
16,16,-14.973480988333412,2025-06-21 01:30:41.052738,2025-06-21 01:30:42.519895,0 days 00:00:01.467157,,,,,,,,42.0,0.05,3m,0.7,0.5,2.5,26.0,24.0,0.0175,3m,0.5,0.6,2.0,38.0,64.0,0.05,5m,1.0,0.5,1.5,12.0,22.0,0.0125,4m,0.6,1.0,3.0,22.0,,,,,,,,,,,,,,,,,,,,,,32.0,0.01,2m,0.5,1.0,2.0,64.0,64.0,0.0375,3m,0.7,0.5,1.5,60.0,,,,,,,,30.0,0.03,4m,0.8,0.7,2.0,64.0,,,,,,,,0.4,7,COMPLETE
17,17,-5.469904708616718,2025-06-21 01:30:42.539914,2025-06-21 01:30:43.387620,0 days 00:00:00.847706,,,,,,,,,,,,,,,,,,,,,,,,,,,,,,,,,,,,,,,,,,,,,,,,,,,,,,,,,,,,,,,,26.0,0.01,5m,0.8,1.0,3.0,24.0,40.0,0.05,4m,0.7,0.7,3.0,42.0,64.0,0.04,5m,1.0,0.7,3.0,28.0,10.0,0.05,5m,0.5,0.5,3.0,12.0,0.2,4,COMPLETE
18,18,-10.428626885209692,2025-06-21 01:30:43.406096,2025-06-21 01:30:43.868706,0 days 00:00:00.462610,,,,,,,,,,,,,,,,,,,,,,,,,,,,,,,,,,,,,,,,,,,,,,,,,,,,,,,,,26.0,0.05,5m,0.7,1.0,2.5,32.0,,,,,,,,38.0,0.027500000000000004,3m,0.8,0.8,2.0,64.0,,,,,,,,,,,,,,,0.3,2,COMPLETE
19,19,-34.647245347845946,2025-06-21 01:30:43.886735,2025-06-21 01:30:44.382117,0 days 00:00:00.495382,,,,,,,,,,,,,,,,,,,,,,,,,,,,,,,,,,,,,,,,,,,,,,,,,,,,,,,,,,,,,,,,28.0,0.03,4m,1.0,0.7,2.0,46.0,,,,,,,,46.0,0.02,1m,0.5,0.8,2.0,50.0,,,,,,,,0.4,2,COMPLETE
20,20,-50.28265049461358,2025-06-21 01:30:44.402658,2025-06-21 01:30:45.270975,0 days 00:00:00.868317,,,,,,,,62.0,0.027500000000000004,1m,0.5,0.7,3.0,40.0,,,,,,,,56.0,0.01,1m,0.5,1.0,2.0,16.0,,,,,,,,,,,,,,,,,,,,,,,,,,,,,,,,,,,,,,,,,,,,,,,,,,24.0,0.0375,4m,0.7,0.9,3.0,28.0,38.0,0.01,4m,1.0,0.7,2.0,32.0,0.2,4,COMPLETE
21,21,-2.6012710663614937,2025-06-21 01:30:45.295129,2025-06-21 01:30:45.543079,0 days 00:00:00.247950,,,,,,,,,,,,,,,,,,,,,,48.0,0.0475,5m,0.9,0.5,2.0,26.0,,,,,,,,,,,,,,,,,,,,,,,,,,,,,,,,,,,,,,,,,,,,,,,,,,,,,,,,,,,,,,,,0.45,1,COMPLETE
22,22,-0.3381920763502172,2025-06-21 01:30:45.562109,2025-06-21 01:30:45.817932,0 days 00:00:00.255823,,,,,,,,,,,,,,,,,,,,,,,,,,,,,,,,,,,,,,,,,,,,,,,,,,,,,,,,,,,,,,,,64.0,0.0375,2m,0.6,0.6,1.5,28.0,,,,,,,,,,,,,,,,,,,,,,0.45,1,COMPLETE
23,23,-10.883417663396315,2025-06-21 01:30:45.834949,2025-06-21 01:30:46.080358,0 days 00:00:00.245409,,,,,,,,32.0,0.01,4m,0.9,0.8,2.0,22.0,,,,,,,,,,,,,,,,,,,,,,,,,,,,,,,,,,,,,,,,,,,,,,,,,,,,,,,,,,,,,,,,,,,,,,,,,,,,,,0.45,1,COMPLETE
24,24,-3.2602373307492196,2025-06-21 01:30:46.097119,2025-06-21 01:30:46.565289,0 days 00:00:00.468170,,,,,,,,,,,,,,,,,,,,,,,,,,,,,,,,,,,,,,,,,,,,,,,,,,,,,,,,,64.0,0.0425,2m,0.8,0.5,2.0,34.0,62.0,0.0375,2m,0.6,0.6,1.5,28.0,,,,,,,,,,,,,,,,,,,,,,0.45,2,COMPLETE
25,25,-15.32922546116568,2025-06-21 01:30:46.584120,2025-06-21 01:30:48.252355,0 days 00:00:01.668235,12.0,0.05,5m,1.0,1.0,1.5,10.0,44.0,0.0325,5m,0.7,0.9,2.5,64.0,,,,,,,,28.0,0.0475,4m,0.7,0.7,2.0,58.0,42.0,0.02,3m,0.6,0.9,2.5,62.0,,,,,,,,38.0,0.027500000000000004,4m,1.0,0.7,2.5,64.0,,,,,,,,,,,,,,,48.0,0.04,2m,0.6,0.6,2.0,28.0,14.0,0.0325,5m,1.0,1.0,2.5,26.0,52.0,0.02,2m,0.8,0.6,2.0,52.0,,,,,,,,0.45,8,COMPLETE
26,26,-13.868782871186673,2025-06-21 01:30:48.273878,2025-06-21 01:30:48.532049,0 days 00:00:00.258171,,,,,,,,,,,,,,,,,,,,,,,,,,,,,,,,,,,,,,,,,,,,,,,,,,,,,,,,,,,,,,,,,,,,,,,52.0,0.02,4m,0.5,0.5,2.0,28.0,,,,,,,,,,,,,,,0.45,1,COMPLETE
27,27,-5.232688016147566,2025-06-21 01:30:48.551890,2025-06-21 01:30:49.000986,0 days 00:00:00.449096,,,,,,,,,,,,,,,,,,,,,,,,,,,,,,,,,,,,,,,,,,,,,,,,,,14.0,0.05,4m,1.0,1.0,1.5,64.0,,,,,,,,36.0,0.0225,3m,0.8,0.9,1.5,56.0,,,,,,,,,,,,,,,,,,,,,,0.4,2,COMPLETE
28,28,-51.18941062604798,2025-06-21 01:30:49.019885,2025-06-21 01:30:50.121361,0 days 00:00:01.101476,,,,,,,,,,,,,,,,,,,,,,52.0,0.0425,5m,0.9,0.7,2.5,24.0,60.0,0.01,1m,0.7,0.9,2.0,46.0,,,,,,,,,,,,,,,36.0,0.03,3m,0.5,0.5,1.5,62.0,,,,,,,,56.0,0.05,2m,0.6,0.6,2.5,50.0,28.0,0.0425,1m,0.7,0.7,3.0,54.0,,,,,,,,,,,,,,,0.35000000000000003,5,COMPLETE
29,29,-13.547461146569773,2025-06-21 01:30:50.141640,2025-06-21 01:30:50.600426,0 days 00:00:00.458786,,,,,,,,,,,,,,,,,,,,,,,,,,,,,,,,,,,,,,,,,,,,,,,,,,,,,,,,,,,,,,,,,,,,,,,48.0,0.04,3m,0.8,0.8,2.0,28.0,10.0,0.02,5m,0.9,0.6,2.5,10.0,,,,,,,,0.45,2,COMPLETE
30,30,-15.335173514354182,2025-06-21 01:30:50.618956,2025-06-21 01:30:50.880534,0 days 00:00:00.261578,,,,,,,,,,,,,,,,,,,,,,10.0,0.0225,1m,0.7,0.8,2.0,48.0,,,,,,,,,,,,,,,,,,,,,,,,,,,,,,,,,,,,,,,,,,,,,,,,,,,,,,,,,,,,,,,,0.3,1,COMPLETE
31,31,-10.94060195350587,2025-06-21 01:30:50.902492,2025-06-21 01:30:51.351405,0 days 00:00:00.448913,,,,,,,,,,,,,,,,,,,,,,30.0,0.027500000000000004,4m,0.9,0.6,2.5,22.0,,,,,,,,,,,,,,,50.0,0.05,5m,0.5,0.6,2.0,28.0,,,,,,,,,,,,,,,,,,,,,,,,,,,,,,,,,,,,,,,,,,,0.45,2,COMPLETE
32,32,-2.754658505809299,2025-06-21 01:30:51.369071,2025-06-21 01:30:51.641493,0 days 00:00:00.272422,,,,,,,,,,,,,,,,,,,,,,,,,,,,,,,,,,,,44.0,0.01,2m,0.5,0.5,1.5,10.0,,,,,,,,,,,,,,,,,,,,,,,,,,,,,,,,,,,,,,,,,,,,,,,,,,0.5,1,COMPLETE
33,33,-20.02862359919651,2025-06-21 01:30:51.660054,2025-06-21 01:30:51.914569,0 days 00:00:00.254515,,,,,,,,,,,,,,,,,,,,,,,,,,,,,,,,,,,,,,,,,,,,,,,,,,34.0,0.03,1m,1.0,0.8,2.0,42.0,,,,,,,,,,,,,,,,,,,,,,,,,,,,,,,,,,,,0.5,1,COMPLETE
34,34,-15.474832659697794,2025-06-21 01:30:51.933176,2025-06-21 01:30:52.577833,0 days 00:00:00.644657,10.0,0.0425,4m,1.0,0.5,2.5,32.0,,,,,,,,64.0,0.05,5m,1.0,1.0,1.5,12.0,,,,,,,,,,,,,,,,,,,,,,28.0,0.0375,1m,0.7,0.8,3.0,52.0,,,,,,,,,,,,,,,,,,,,,,,,,,,,,,,,,,,,,,,,,,,0.5,3,COMPLETE
35,35,-16.79334444168307,2025-06-21 01:30:52.613963,2025-06-21 01:30:52.876285,0 days 00:00:00.262322,,,,,,,,,,,,,,,,,,,,,,,,,,,,,,,,,,,,,,,,,,,,,,,,,,,,,,,,,46.0,0.01,1m,0.6,0.7,3.0,46.0,,,,,,,,,,,,,,,,,,,,,,,,,,,,,0.5,1,COMPLETE
36,36,-52.809330773369894,2025-06-21 01:30:52.895715,2025-06-21 01:30:53.540557,0 days 00:00:00.644842,30.0,0.03,1m,0.5,1.0,2.0,64.0,,,,,,,,,,,,,,,,,,,,,,,,,,,,,42.0,0.0125,2m,0.5,0.5,1.5,10.0,50.0,0.02,3m,0.8,1.0,2.0,28.0,,,,,,,,,,,,,,,,,,,,,,,,,,,,,,,,,,,,,,,,,,,0.4,3,COMPLETE
37,37,-2.256141559105583,2025-06-21 01:30:53.574472,2025-06-21 01:30:53.832961,0 days 00:00:00.258489,,,,,,,,,,,,,,,,,,,,,,,,,,,,,,,,,,,,,,,,,,,,,,,,,,,,,,,,,,,,,,,,38.0,0.0175,2m,0.5,0.5,2.0,34.0,,,,,,,,,,,,,,,,,,,,,,0.5,1,COMPLETE
38,38,-16.632502477469323,2025-06-21 01:30:53.849891,2025-06-21 01:30:54.501397,0 days 00:00:00.651506,,,,,,,,,,,,,,,,,,,,,,,,,,,,,,,,,,,,,,,,,,,,,,,,,,48.0,0.05,5m,0.8,0.8,2.0,12.0,,,,,,,,36.0,0.0175,2m,0.5,0.5,2.0,30.0,,,,,,,,38.0,0.04,4m,0.6,0.9,1.5,30.0,,,,,,,,0.4,3,COMPLETE
39,39,-8.316433700402674,2025-06-21 01:30:54.521936,2025-06-21 01:30:54.982449,0 days 00:00:00.460513,,,,,,,,,,,,,,,,,,,,,,,,,,,,,,,,,,,,,,,,,,,,,,,,,,,,,,,,,,,,,,,,26.0,0.025,2m,0.6,0.6,1.5,20.0,,,,,,,,28.0,0.035,2m,0.6,0.9,2.5,20.0,,,,,,,,0.45,2,COMPLETE
40,40,-11.967683813876173,2025-06-21 01:30:55.001284,2025-06-21 01:30:56.887719,0 days 00:00:01.886435,64.0,0.03,5m,0.7,0.8,2.0,28.0,54.0,0.0425,4m,0.6,0.6,1.5,48.0,44.0,0.0375,4m,0.8,0.8,2.0,64.0,,,,,,,,,,,,,,,64.0,0.05,1m,0.7,0.8,3.0,26.0,10.0,0.03,5m,0.9,0.6,2.5,40.0,28.0,0.0125,4m,0.5,0.5,2.5,28.0,22.0,0.02,3m,0.9,0.8,2.0,26.0,44.0,0.0325,2m,0.5,0.5,2.0,34.0,,,,,,,,56.0,0.05,3m,0.9,0.6,2.0,54.0,,,,,,,,0.35000000000000003,9,COMPLETE
41,41,-1.8634050989704072,2025-06-21 01:30:56.914763,2025-06-21 01:30:57.203876,0 days 00:00:00.289113,,,,,,,,,,,,,,,,,,,,,,,,,,,,,,,,,,,,32.0,0.025,2m,0.6,0.5,2.0,22.0,,,,,,,,,,,,,,,,,,,,,,,,,,,,,,,,,,,,,,,,,,,,,,,,,,0.5,1,COMPLETE
42,42,-2.803455629147214,2025-06-21 01:30:57.219951,2025-06-21 01:30:57.470707,0 days 00:00:00.250756,,,,,,,,,,,,,,,,,,,,,,,,,,,,,,,,,,,,,,,,,,,,,,,,,,,,,,,,,64.0,0.04,5m,0.9,0.9,2.5,46.0,,,,,,,,,,,,,,,,,,,,,,,,,,,,,0.5,1,COMPLETE
43,43,-20.80147914819517,2025-06-21 01:30:57.494797,2025-06-21 01:30:57.949939,0 days 00:00:00.455142,,,,,,,,,,,,,,,22.0,0.0425,1m,0.9,0.9,3.0,50.0,,,,,,,,,,,,,,,,,,,,,,,,,,,,,,,,,,,,,,,,,,,,,,,,,,,,,,,,,,,,,,,,10.0,0.0225,1m,0.5,0.8,2.5,64.0,0.5,2,COMPLETE
44,44,-3.3009036652698076,2025-06-21 01:30:57.968172,2025-06-21 01:30:58.229174,0 days 00:00:00.261002,,,,,,,,,,,,,,,42.0,0.0175,5m,0.7,0.9,2.0,26.0,,,,,,,,,,,,,,,,,,,,,,,,,,,,,,,,,,,,,,,,,,,,,,,,,,,,,,,,,,,,,,,,,,,,,,,0.45,1,COMPLETE
45,45,-27.836794269991213,2025-06-21 01:30:58.247343,2025-06-21 01:30:58.900018,0 days 00:00:00.652675,,,,,,,,,,,,,,,,,,,,,,,,,,,,,,,,,,,,,,,,,,,,,,,,,,,,,,,,,,,,,,,,54.0,0.0175,2m,0.7,0.7,1.5,36.0,,,,,,,,44.0,0.025,1m,0.7,0.7,1.5,36.0,60.0,0.0475,5m,0.7,1.0,2.5,34.0,0.5,3,COMPLETE
46,46,-21.436009543085515,2025-06-21 01:30:58.917215,2025-06-21 01:30:59.184384,0 days 00:00:00.267169,,,,,,,,,,,,,,,20.0,0.0325,1m,0.9,0.7,1.5,20.0,,,,,,,,,,,,,,,,,,,,,,,,,,,,,,,,,,,,,,,,,,,,,,,,,,,,,,,,,,,,,,,,,,,,,,,0.45,1,COMPLETE
47,47,-8.82897617552237,2025-06-21 01:30:59.202001,2025-06-21 01:30:59.650719,0 days 00:00:00.448718,,,,,,,,,,,,,,,,,,,,,,,,,,,,,,,,,,,,,,,,,,,,,,,,,,48.0,0.04,3m,0.9,0.9,1.5,54.0,,,,,,,,20.0,0.0325,4m,0.6,0.6,2.0,16.0,,,,,,,,,,,,,,,,,,,,,,0.35000000000000003,2,COMPLETE
48,48,-14.788521472227073,2025-06-21 01:30:59.670823,2025-06-21 01:30:59.929957,0 days 00:00:00.259134,,,,,,,,,,,,,,,,,,,,,,,,,,,,,,,,,,,,,,,,,,,,,,,,,,24.0,0.02,2m,0.7,0.7,2.5,28.0,,,,,,,,,,,,,,,,,,,,,,,,,,,,,,,,,,,,0.4,1,COMPLETE
49,49,-8.022534246656095,2025-06-21 01:30:59.947542,2025-06-21 01:31:00.397202,0 days 00:00:00.449660,,,,,,,,,,,,,,,,,,,,,,,,,,,,,,,,,,,,,,,,,,,32.0,0.045000000000000005,3m,0.6,0.8,1.5,18.0,,,,,,,,,,,,,,,,,,,,,,,,,,,,,,,,,,,,26.0,0.0225,4m,0.8,0.5,2.0,50.0,0.05,2,COMPLETE
50,50,-9.487379759817939,2025-06-21 01:31:00.416293,2025-06-21 01:31:01.260492,0 days 00:00:00.844199,24.0,0.04,3m,0.8,0.5,2.5,46.0,,,,,,,,,,,,,,,,,,,,,,34.0,0.0375,5m,0.5,0.9,2.5,24.0,,,,,,,,,,,,,,,,,,,,,,44.0,0.02,3m,0.6,0.6,1.5,58.0,,,,,,,,,,,,,,,,,,,,,,50.0,0.0225,2m,0.6,0.7,3.0,20.0,0.15000000000000002,4,COMPLETE
51,51,-7.906842275901953,2025-06-21 01:31:01.280360,2025-06-21 01:31:01.533438,0 days 00:00:00.253078,,,,,,,,,,,,,,,,,,,,,,,,,,,,,54.0,0.02,4m,0.7,1.0,2.0,22.0,,,,,,,,,,,,,,,,,,,,,,,,,,,,,,,,,,,,,,,,,,,,,,,,,,,,,,,,,0.5,1,COMPLETE
52,52,-1.8988631603711656,2025-06-21 01:31:01.550106,2025-06-21 01:31:01.796227,0 days 00:00:00.246121,,,,,,,,,,,,,,,,,,,,,,,,,,,,,,,,,,,,,,,,,,,,,,,,,,,,,,,,,,,,,,,,32.0,0.0425,1m,0.5,0.5,2.5,48.0,,,,,,,,,,,,,,,,,,,,,,0.5,1,COMPLETE
53,53,-10.746353537834816,2025-06-21 01:31:01.813032,2025-06-21 01:31:02.060035,0 days 00:00:00.247003,,,,,,,,,,,,,,,,,,,,,,,,,,,,,20.0,0.0225,2m,0.5,0.7,2.5,64.0,,,,,,,,,,,,,,,,,,,,,,,,,,,,,,,,,,,,,,,,,,,,,,,,,,,,,,,,,0.5,1,COMPLETE
54,54,-7.449095528910475,2025-06-21 01:31:02.078019,2025-06-21 01:31:02.509919,0 days 00:00:00.431900,,,,,,,,,,,,,,,,,,,,,,,,,,,,,,,,,,,,,,,,,,,,,,,,,,64.0,0.0375,5m,0.6,0.6,2.0,52.0,,,,,,,,,,,,,,,,,,,,,,,,,,,,,24.0,0.0425,3m,0.9,0.8,2.0,46.0,0.45,2,COMPLETE
