,number,value,datetime_start,datetime_complete,duration,params_DIAsynprice_DIA_beta_win,params_DIAsynprice_DIA_stop_loss,params_DIAsynprice_DIA_trade_freq,params_DIAsynprice_DIA_z_entry,params_DIAsynprice_DIA_z_exit,params_DIAsynprice_DIA_z_stop_scaler,params_DIAsynprice_DIA_z_win,params_QQQsynprice_QQQ_beta_win,params_QQQsynprice_QQQ_stop_loss,params_QQQsynprice_QQQ_trade_freq,params_QQQsynprice_QQQ_z_entry,params_QQQsynprice_QQQ_z_exit,params_QQQsynprice_QQQ_z_stop_scaler,params_QQQsynprice_QQQ_z_win,params_XLBsynprice_XLB_beta_win,params_XLBsynprice_XLB_stop_loss,params_XLBsynprice_XLB_trade_freq,params_XLBsynprice_XLB_z_entry,params_XLBsynprice_XLB_z_exit,params_XLBsynprice_XLB_z_stop_scaler,params_XLBsynprice_XLB_z_win,params_XLCsynprice_XLC_beta_win,params_XLCsynprice_XLC_stop_loss,params_XLCsynprice_XLC_trade_freq,params_XLCsynprice_XLC_z_entry,params_XLCsynprice_XLC_z_exit,params_XLCsynprice_XLC_z_stop_scaler,params_XLCsynprice_XLC_z_win,params_XLEsynprice_XLE_beta_win,params_XLEsynprice_XLE_stop_loss,params_XLEsynprice_XLE_trade_freq,params_XLEsynprice_XLE_z_entry,params_XLEsynprice_XLE_z_exit,params_XLEsynprice_XLE_z_stop_scaler,params_XLEsynprice_XLE_z_win,params_XLFsynprice_XLF_beta_win,params_XLFsynprice_XLF_stop_loss,params_XLFsynprice_XLF_trade_freq,params_XLFsynprice_XLF_z_entry,params_XLFsynprice_XLF_z_exit,params_XLFsynprice_XLF_z_stop_scaler,params_XLFsynprice_XLF_z_win,params_XLIsynprice_XLI_beta_win,params_XLIsynprice_XLI_stop_loss,params_XLIsynprice_XLI_trade_freq,params_XLIsynprice_XLI_z_entry,params_XLIsynprice_XLI_z_exit,params_XLIsynprice_XLI_z_stop_scaler,params_XLIsynprice_XLI_z_win,params_XLKsynprice_XLK_beta_win,params_XLKsynprice_XLK_stop_loss,params_XLKsynprice_XLK_trade_freq,params_XLKsynprice_XLK_z_entry,params_XLKsynprice_XLK_z_exit,params_XLKsynprice_XLK_z_stop_scaler,params_XLKsynprice_XLK_z_win,params_XLPsynprice_XLP_beta_win,params_XLPsynprice_XLP_stop_loss,params_XLPsynprice_XLP_trade_freq,params_XLPsynprice_XLP_z_entry,params_XLPsynprice_XLP_z_exit,params_XLPsynprice_XLP_z_stop_scaler,params_XLPsynprice_XLP_z_win,params_XLREsynprice_XLRE_beta_win,params_XLREsynprice_XLRE_stop_loss,params_XLREsynprice_XLRE_trade_freq,params_XLREsynprice_XLRE_z_entry,params_XLREsynprice_XLRE_z_exit,params_XLREsynprice_XLRE_z_stop_scaler,params_XLREsynprice_XLRE_z_win,params_XLUsynprice_XLU_beta_win,params_XLUsynprice_XLU_stop_loss,params_XLUsynprice_XLU_trade_freq,params_XLUsynprice_XLU_z_entry,params_XLUsynprice_XLU_z_exit,params_XLUsynprice_XLU_z_stop_scaler,params_XLUsynprice_XLU_z_win,params_XLVsynprice_XLV_beta_win,params_XLVsynprice_XLV_stop_loss,params_XLVsynprice_XLV_trade_freq,params_XLVsynprice_XLV_z_entry,params_XLVsynprice_XLV_z_exit,params_XLVsynprice_XLV_z_stop_scaler,params_XLVsynprice_XLV_z_win,params_XLYsynprice_XLY_beta_win,params_XLYsynprice_XLY_stop_loss,params_XLYsynprice_XLY_trade_freq,params_XLYsynprice_XLY_z_entry,params_XLYsynprice_XLY_z_exit,params_XLYsynprice_XLY_z_stop_scaler,params_XLYsynprice_XLY_z_win,params_buffer_capital,params_pairs_to_trade,state
124,124,-14.901748123210284,2025-06-21 01:28:58.576634,2025-06-21 01:29:00.566830,0 days 00:00:01.990196,60.0,0.0475,4m,0.6,1.0,2.5,22.0,24.0,0.0475,1m,0.8,0.8,1.5,28.0,,,,,,,,16.0,0.045000000000000005,3m,0.5,0.5,2.5,34.0,16.0,0.05,1m,0.7,0.7,2.5,62.0,,,,,,,,50.0,0.03,2m,0.6,0.6,2.5,22.0,18.0,0.0475,5m,1.0,1.0,3.0,32.0,36.0,0.015,3m,0.8,0.9,2.5,24.0,46.0,0.025,5m,0.8,0.8,2.5,52.0,,,,,,,,52.0,0.035,2m,0.6,0.9,2.5,32.0,,,,,,,,0.2,9,COMPLETE
125,125,0.02701574348384503,2025-06-21 01:29:00.587856,2025-06-21 01:29:00.847609,0 days 00:00:00.259753,,,,,,,,,,,,,,,,,,,,,,,,,,,,,,,,,,,,,,,,,,,,,,,,,,,,,,,,,,,,,,,,58.0,0.0425,5m,0.9,0.9,2.0,58.0,,,,,,,,,,,,,,,,,,,,,,0.3,1,COMPLETE
126,126,-8.836855115121294,2025-06-21 01:29:00.865070,2025-06-21 01:29:01.112354,0 days 00:00:00.247284,,,,,,,,54.0,0.025,4m,0.5,1.0,3.0,22.0,,,,,,,,,,,,,,,,,,,,,,,,,,,,,,,,,,,,,,,,,,,,,,,,,,,,,,,,,,,,,,,,,,,,,,,,,,,,,,0.3,1,COMPLETE
127,127,-7.065362504687825,2025-06-21 01:29:01.132021,2025-06-21 01:29:01.562831,0 days 00:00:00.430810,,,,,,,,44.0,0.04,5m,0.6,0.6,3.0,42.0,,,,,,,,,,,,,,,,,,,,,,,,,,,,,,,,,,,,,,,,,,,,,,,,,,,,,,,,,,,,,,,,,,,,,,,32.0,0.045000000000000005,4m,1.0,1.0,2.0,62.0,0.3,2,COMPLETE
128,128,-1.0926263126196782,2025-06-21 01:29:01.579836,2025-06-21 01:29:01.841692,0 days 00:00:00.261856,,,,,,,,,,,,,,,,,,,,,,,,,,,,,,,,,,,,24.0,0.03,1m,1.0,0.9,2.5,34.0,,,,,,,,,,,,,,,,,,,,,,,,,,,,,,,,,,,,,,,,,,,,,,,,,,0.25,1,COMPLETE
129,129,-52.7565774910731,2025-06-21 01:29:01.860044,2025-06-21 01:29:02.113215,0 days 00:00:00.253171,,,,,,,,,,,,,,,,,,,,,,,,,,,,,,,,,,,,,,,,,,,,,,,,,,,,,,,,,,,,,,,,,,,,,,,40.0,0.03,1m,0.6,0.6,2.0,62.0,,,,,,,,,,,,,,,0.25,1,COMPLETE
130,130,-4.430903060242824,2025-06-21 01:29:02.132097,2025-06-21 01:29:02.396595,0 days 00:00:00.264498,,,,,,,,,,,,,,,,,,,,,,,,,,,,,,,,,,,,,,,,,,,,,,,,,,,,,,,,,,,,,,,,,,,,,,,,,,,,,,,,,,,,,46.0,0.0425,3m,0.6,0.5,1.5,48.0,0.25,1,COMPLETE
131,131,-1.215554378873144,2025-06-21 01:29:02.413751,2025-06-21 01:29:02.680298,0 days 00:00:00.266547,,,,,,,,,,,,,,,,,,,,,,,,,,,,,,,,,,,,24.0,0.03,1m,1.0,0.9,2.5,36.0,,,,,,,,,,,,,,,,,,,,,,,,,,,,,,,,,,,,,,,,,,,,,,,,,,0.3,1,COMPLETE
132,132,-1.0926263126196782,2025-06-21 01:29:02.696687,2025-06-21 01:29:02.955285,0 days 00:00:00.258598,,,,,,,,,,,,,,,,,,,,,,,,,,,,,,,,,,,,24.0,0.03,1m,1.0,0.9,2.5,34.0,,,,,,,,,,,,,,,,,,,,,,,,,,,,,,,,,,,,,,,,,,,,,,,,,,0.25,1,COMPLETE
133,133,-3.528133799880974,2025-06-21 01:29:02.972318,2025-06-21 01:29:03.234459,0 days 00:00:00.262141,36.0,0.0325,4m,0.7,0.8,2.0,32.0,,,,,,,,,,,,,,,,,,,,,,,,,,,,,,,,,,,,,,,,,,,,,,,,,,,,,,,,,,,,,,,,,,,,,,,,,,,,,,,,,,,,,0.25,1,COMPLETE
134,134,-5.8397165709507215,2025-06-21 01:29:03.252640,2025-06-21 01:29:03.515022,0 days 00:00:00.262382,,,,,,,,,,,,,,,,,,,,,,,,,,,,,,,,,,,,,,,,,,,,,,,,,,,,,,,,,10.0,0.025,3m,0.5,0.8,1.5,58.0,,,,,,,,,,,,,,,,,,,,,,,,,,,,,0.3,1,COMPLETE
135,135,-1.843539284420777,2025-06-21 01:29:03.537547,2025-06-21 01:29:03.822395,0 days 00:00:00.284848,,,,,,,,10.0,0.0325,2m,0.9,0.5,2.5,60.0,,,,,,,,,,,,,,,,,,,,,,,,,,,,,,,,,,,,,,,,,,,,,,,,,,,,,,,,,,,,,,,,,,,,,,,,,,,,,,0.3,1,COMPLETE
136,136,-10.72596222589281,2025-06-21 01:29:03.854181,2025-06-21 01:29:04.320970,0 days 00:00:00.466789,,,,,,,,,,,,,,,,,,,,,,,,,,,,,,,,,,,,,,,,,,,,,,,,,,50.0,0.035,2m,0.5,0.5,1.5,22.0,,,,,,,,,,,,,,,18.0,0.025,5m,0.7,0.7,1.5,28.0,,,,,,,,,,,,,,,0.25,2,COMPLETE
137,137,-4.210151531356113,2025-06-21 01:29:04.340509,2025-06-21 01:29:04.597525,0 days 00:00:00.257016,,,,,,,,62.0,0.0225,3m,1.0,1.0,2.0,52.0,,,,,,,,,,,,,,,,,,,,,,,,,,,,,,,,,,,,,,,,,,,,,,,,,,,,,,,,,,,,,,,,,,,,,,,,,,,,,,0.25,1,COMPLETE
138,138,-3.89906522971176,2025-06-21 01:29:04.616818,2025-06-21 01:29:04.874148,0 days 00:00:00.257330,,,,,,,,,,,,,,,,,,,,,,,,,,,,,,,,,,,,,,,,,,,,,,,,,,,,,,,,,,,,,,,,,,,,,,,,,,,,,,,,,,,,,20.0,0.0475,3m,0.7,0.9,2.5,40.0,0.3,1,COMPLETE
139,139,-7.217850104876504,2025-06-21 01:29:04.893139,2025-06-21 01:29:05.148631,0 days 00:00:00.255492,,,,,,,,,,,,,,,,,,,,,,,,,,,,,,,,,,,,,,,,,,,,,,,,,,,,,,,,,,,,,,,,,,,,,,,46.0,0.015,4m,0.7,0.8,2.5,34.0,,,,,,,,,,,,,,,0.3,1,COMPLETE
140,140,-8.425240342566624,2025-06-21 01:29:05.165268,2025-06-21 01:29:05.606838,0 days 00:00:00.441570,,,,,,,,,,,,,,,,,,,,,,,,,,,,,,,,,,,,,,,,,,,,,,,,,,58.0,0.025,3m,0.6,0.9,2.0,14.0,,,,,,,,58.0,0.0425,5m,0.9,0.9,2.0,58.0,,,,,,,,,,,,,,,,,,,,,,0.25,2,COMPLETE
141,141,-66.5028526656343,2025-06-21 01:29:05.626750,2025-06-21 01:29:05.890123,0 days 00:00:00.263373,,,,,,,,,,,,,,,,,,,,,,,,,,,,,,,,,,,,,,,,,,,28.0,0.0125,1m,0.5,0.5,1.5,48.0,,,,,,,,,,,,,,,,,,,,,,,,,,,,,,,,,,,,,,,,,,,0.2,1,COMPLETE
142,142,0.02718797902112883,2025-06-21 01:29:05.908933,2025-06-21 01:29:06.167846,0 days 00:00:00.258913,,,,,,,,,,,,,,,,,,,,,,,,,,,,,,,,,,,,,,,,,,,,,,,,,,,,,,,,,,,,,,,,58.0,0.05,5m,0.9,0.9,2.0,64.0,,,,,,,,,,,,,,,,,,,,,,0.2,1,COMPLETE
143,143,-2.8391453216294082,2025-06-21 01:29:06.186008,2025-06-21 01:29:06.445083,0 days 00:00:00.259075,,,,,,,,,,,,,,,,,,,,,,,,,,,,,,,,,,,,,,,,,,,,,,,,,,,,,,,,,60.0,0.01,5m,0.9,0.7,2.5,30.0,,,,,,,,,,,,,,,,,,,,,,,,,,,,,0.25,1,COMPLETE
144,144,-6.110987426909284,2025-06-21 01:29:06.461932,2025-06-21 01:29:06.746186,0 days 00:00:00.284254,,,,,,,,,,,,,,,,,,,,,,,,,,,,,54.0,0.0375,2m,1.0,1.0,1.5,10.0,,,,,,,,,,,,,,,,,,,,,,,,,,,,,,,,,,,,,,,,,,,,,,,,,,,,,,,,,0.25,1,COMPLETE
145,145,-1.09249260351663,2025-06-21 01:29:06.765221,2025-06-21 01:29:07.063434,0 days 00:00:00.298213,,,,,,,,,,,,,,,,,,,,,,,,,,,,,,,,,,,,24.0,0.03,1m,1.0,0.9,2.5,34.0,,,,,,,,,,,,,,,,,,,,,,,,,,,,,,,,,,,,,,,,,,,,,,,,,,0.3,1,COMPLETE
146,146,-21.98584982220847,2025-06-21 01:29:07.084423,2025-06-21 01:29:07.366743,0 days 00:00:00.282320,,,,,,,,,,,,,,,50.0,0.025,1m,0.8,0.8,2.0,44.0,,,,,,,,,,,,,,,,,,,,,,,,,,,,,,,,,,,,,,,,,,,,,,,,,,,,,,,,,,,,,,,,,,,,,,,0.3,1,COMPLETE
147,147,-5.4239212376229355,2025-06-21 01:29:07.384775,2025-06-21 01:29:07.863125,0 days 00:00:00.478350,,,,,,,,,,,,,,,,,,,,,,,,,,,,,,,,,,,,,,,,,,,16.0,0.05,3m,1.0,1.0,1.5,62.0,,,,,,,,,,,,,,,,,,,,,,,,,,,,,58.0,0.0125,4m,0.8,1.0,3.0,60.0,,,,,,,,0.3,2,COMPLETE
148,148,-6.432205985086339,2025-06-21 01:29:07.883018,2025-06-21 01:29:08.166495,0 days 00:00:00.283477,,,,,,,,,,,,,,,,,,,,,,,,,,,,,,,,,,,,,,,,,,,36.0,0.0475,5m,0.5,0.9,1.5,56.0,,,,,,,,,,,,,,,,,,,,,,,,,,,,,,,,,,,,,,,,,,,0.3,1,COMPLETE
149,149,0.02701574348384503,2025-06-21 01:29:08.186525,2025-06-21 01:29:08.460322,0 days 00:00:00.273797,,,,,,,,,,,,,,,,,,,,,,,,,,,,,,,,,,,,,,,,,,,,,,,,,,,,,,,,,,,,,,,,58.0,0.0475,5m,0.9,0.9,2.0,64.0,,,,,,,,,,,,,,,,,,,,,,0.3,1,COMPLETE
