,number,value,datetime_start,datetime_complete,duration,params_DIAsynprice_DIA_beta_win,params_DIAsynprice_DIA_stop_loss,params_DIAsynprice_DIA_trade_freq,params_DIAsynprice_DIA_z_entry,params_DIAsynprice_DIA_z_exit,params_DIAsynprice_DIA_z_stop_scaler,params_DIAsynprice_DIA_z_win,params_QQQsynprice_QQQ_beta_win,params_QQQsynprice_QQQ_stop_loss,params_QQQsynprice_QQQ_trade_freq,params_QQQsynprice_QQQ_z_entry,params_QQQsynprice_QQQ_z_exit,params_QQQsynprice_QQQ_z_stop_scaler,params_QQQsynprice_QQQ_z_win,params_XLBsynprice_XLB_beta_win,params_XLBsynprice_XLB_stop_loss,params_XLBsynprice_XLB_trade_freq,params_XLBsynprice_XLB_z_entry,params_XLBsynprice_XLB_z_exit,params_XLBsynprice_XLB_z_stop_scaler,params_XLBsynprice_XLB_z_win,params_XLCsynprice_XLC_beta_win,params_XLCsynprice_XLC_stop_loss,params_XLCsynprice_XLC_trade_freq,params_XLCsynprice_XLC_z_entry,params_XLCsynprice_XLC_z_exit,params_XLCsynprice_XLC_z_stop_scaler,params_XLCsynprice_XLC_z_win,params_XLEsynprice_XLE_beta_win,params_XLEsynprice_XLE_stop_loss,params_XLEsynprice_XLE_trade_freq,params_XLEsynprice_XLE_z_entry,params_XLEsynprice_XLE_z_exit,params_XLEsynprice_XLE_z_stop_scaler,params_XLEsynprice_XLE_z_win,params_XLFsynprice_XLF_beta_win,params_XLFsynprice_XLF_stop_loss,params_XLFsynprice_XLF_trade_freq,params_XLFsynprice_XLF_z_entry,params_XLFsynprice_XLF_z_exit,params_XLFsynprice_XLF_z_stop_scaler,params_XLFsynprice_XLF_z_win,params_XLIsynprice_XLI_beta_win,params_XLIsynprice_XLI_stop_loss,params_XLIsynprice_XLI_trade_freq,params_XLIsynprice_XLI_z_entry,params_XLIsynprice_XLI_z_exit,params_XLIsynprice_XLI_z_stop_scaler,params_XLIsynprice_XLI_z_win,params_XLKsynprice_XLK_beta_win,params_XLKsynprice_XLK_stop_loss,params_XLKsynprice_XLK_trade_freq,params_XLKsynprice_XLK_z_entry,params_XLKsynprice_XLK_z_exit,params_XLKsynprice_XLK_z_stop_scaler,params_XLKsynprice_XLK_z_win,params_XLPsynprice_XLP_beta_win,params_XLPsynprice_XLP_stop_loss,params_XLPsynprice_XLP_trade_freq,params_XLPsynprice_XLP_z_entry,params_XLPsynprice_XLP_z_exit,params_XLPsynprice_XLP_z_stop_scaler,params_XLPsynprice_XLP_z_win,params_XLREsynprice_XLRE_beta_win,params_XLREsynprice_XLRE_stop_loss,params_XLREsynprice_XLRE_trade_freq,params_XLREsynprice_XLRE_z_entry,params_XLREsynprice_XLRE_z_exit,params_XLREsynprice_XLRE_z_stop_scaler,params_XLREsynprice_XLRE_z_win,params_XLUsynprice_XLU_beta_win,params_XLUsynprice_XLU_stop_loss,params_XLUsynprice_XLU_trade_freq,params_XLUsynprice_XLU_z_entry,params_XLUsynprice_XLU_z_exit,params_XLUsynprice_XLU_z_stop_scaler,params_XLUsynprice_XLU_z_win,params_XLVsynprice_XLV_beta_win,params_XLVsynprice_XLV_stop_loss,params_XLVsynprice_XLV_trade_freq,params_XLVsynprice_XLV_z_entry,params_XLVsynprice_XLV_z_exit,params_XLVsynprice_XLV_z_stop_scaler,params_XLVsynprice_XLV_z_win,params_XLYsynprice_XLY_beta_win,params_XLYsynprice_XLY_stop_loss,params_XLYsynprice_XLY_trade_freq,params_XLYsynprice_XLY_z_entry,params_XLYsynprice_XLY_z_exit,params_XLYsynprice_XLY_z_stop_scaler,params_XLYsynprice_XLY_z_win,params_buffer_capital,params_pairs_to_trade,state
0,0,-6.362239000628435,2025-06-21 01:32:58.426438,2025-06-21 01:32:59.074764,0 days 00:00:00.648326,,,,,,,,28.0,0.025,5m,0.9,0.7,1.5,36.0,54.0,0.0225,4m,0.6,0.5,1.5,28.0,,,,,,,,,,,,,,,12.0,0.0225,3m,0.7,0.6,2.5,42.0,,,,,,,,,,,,,,,,,,,,,,,,,,,,,,,,,,,,,,,,,,,,,,,,,,0.2,3,COMPLETE
1,1,-8.881117246555739,2025-06-21 01:32:59.117515,2025-06-21 01:33:00.900690,0 days 00:00:01.783175,,,,,,,,,,,,,,,16.0,0.0325,4m,1.0,0.6,1.5,12.0,48.0,0.035,1m,0.7,1.0,3.0,48.0,28.0,0.02,2m,1.0,1.0,2.0,42.0,62.0,0.03,2m,0.8,0.8,2.0,52.0,18.0,0.04,3m,0.8,0.7,2.0,14.0,,,,,,,,38.0,0.0375,3m,0.6,0.9,3.0,38.0,52.0,0.0125,2m,0.6,0.8,2.5,10.0,14.0,0.0125,2m,0.9,1.0,3.0,60.0,54.0,0.027500000000000004,1m,1.0,0.8,2.5,38.0,,,,,,,,0.5,9,COMPLETE
2,2,-2.9392928930646196,2025-06-21 01:33:00.933846,2025-06-21 01:33:01.174678,0 days 00:00:00.240832,,,,,,,,,,,,,,,,,,,,,,,,,,,,,12.0,0.015,2m,0.8,0.8,1.5,30.0,,,,,,,,,,,,,,,,,,,,,,,,,,,,,,,,,,,,,,,,,,,,,,,,,,,,,,,,,0.5,1,COMPLETE
3,3,-10.427376945224196,2025-06-21 01:33:01.191884,2025-06-21 01:33:01.798248,0 days 00:00:00.606364,56.0,0.027500000000000004,4m,0.7,0.7,3.0,16.0,,,,,,,,,,,,,,,,,,,,,,50.0,0.045000000000000005,3m,0.6,0.5,1.5,40.0,,,,,,,,,,,,,,,,,,,,,,,,,,,,,,,,,,,,,,,,,,,,,,,,,,22.0,0.0225,2m,1.0,0.6,3.0,52.0,0.35000000000000003,3,COMPLETE
4,4,-7.582337413941532,2025-06-21 01:33:01.816740,2025-06-21 01:33:03.755310,0 days 00:00:01.938570,12.0,0.05,3m,0.9,0.8,2.5,20.0,22.0,0.0325,3m,0.5,0.6,2.5,38.0,10.0,0.045000000000000005,5m,1.0,0.9,1.5,32.0,24.0,0.0325,2m,0.5,0.9,2.5,44.0,50.0,0.025,2m,0.6,1.0,3.0,48.0,56.0,0.015,3m,0.7,0.9,1.5,40.0,,,,,,,,24.0,0.02,2m,1.0,0.6,1.5,38.0,36.0,0.02,3m,1.0,0.8,2.5,46.0,,,,,,,,48.0,0.0475,2m,0.9,0.8,2.0,16.0,64.0,0.04,1m,0.7,0.6,3.0,44.0,,,,,,,,0.15000000000000002,10,COMPLETE
5,5,-28.924503214513066,2025-06-21 01:33:03.775350,2025-06-21 01:33:04.960465,0 days 00:00:01.185115,42.0,0.035,2m,0.8,0.6,2.5,34.0,16.0,0.02,5m,0.6,1.0,2.5,28.0,,,,,,,,,,,,,,,40.0,0.02,1m,0.7,0.7,2.5,42.0,24.0,0.04,2m,0.6,0.9,3.0,26.0,10.0,0.0475,5m,0.8,0.9,2.5,20.0,48.0,0.01,1m,0.8,0.6,1.5,60.0,,,,,,,,,,,,,,,,,,,,,,,,,,,,,,,,,,,,0.25,6,COMPLETE
6,6,-2.1351209731830405,2025-06-21 01:33:04.979096,2025-06-21 01:33:05.621890,0 days 00:00:00.642794,,,,,,,,,,,,,,,,,,,,,,,,,,,,,,,,,,,,,,,,,,,12.0,0.0425,2m,1.0,0.6,3.0,16.0,,,,,,,,,,,,,,,,,,,,,,32.0,0.027500000000000004,3m,0.6,0.6,2.5,40.0,,,,,,,,46.0,0.035,5m,0.9,0.5,1.5,30.0,0.25,3,COMPLETE
7,7,-24.70424087363378,2025-06-21 01:33:05.645912,2025-06-21 01:33:07.810633,0 days 00:00:02.164721,62.0,0.027500000000000004,1m,1.0,1.0,2.5,44.0,54.0,0.01,2m,0.8,0.7,3.0,16.0,,,,,,,,14.0,0.03,2m,0.9,0.5,2.0,56.0,50.0,0.0325,1m,0.8,0.9,1.5,22.0,50.0,0.05,4m,0.9,0.6,1.5,34.0,62.0,0.0375,2m,0.9,1.0,1.5,14.0,16.0,0.02,3m,0.8,0.8,3.0,56.0,,,,,,,,16.0,0.0175,5m,0.5,1.0,1.5,54.0,62.0,0.015,3m,0.5,0.7,3.0,12.0,26.0,0.0375,2m,0.8,0.6,1.5,18.0,,,,,,,,0.1,10,COMPLETE
8,8,-4.070388746671078,2025-06-21 01:33:07.832550,2025-06-21 01:33:08.483039,0 days 00:00:00.650489,,,,,,,,,,,,,,,,,,,,,,36.0,0.015,2m,0.7,0.8,3.0,46.0,,,,,,,,30.0,0.0125,3m,0.5,0.9,2.5,50.0,,,,,,,,,,,,,,,,,,,,,,,,,,,,,,,,,,,,58.0,0.0375,3m,0.5,0.6,2.5,28.0,,,,,,,,0.05,3,COMPLETE
9,9,-70.41074770159291,2025-06-21 01:33:08.503072,2025-06-21 01:33:08.981036,0 days 00:00:00.477964,,,,,,,,,,,,,,,,,,,,,,,,,,,,,18.0,0.0225,4m,0.5,0.7,2.0,48.0,,,,,,,,,,,,,,,20.0,0.04,1m,0.6,0.8,2.0,16.0,,,,,,,,,,,,,,,,,,,,,,,,,,,,,,,,,,,,0.5,2,COMPLETE
10,10,-5.52371194780492,2025-06-21 01:33:09.001062,2025-06-21 01:33:10.349364,0 days 00:00:01.348302,10.0,0.01,5m,0.5,0.5,1.5,64.0,64.0,0.05,1m,1.0,1.0,1.5,56.0,,,,,,,,,,,,,,,,,,,,,,,,,,,,,36.0,0.015,2m,0.5,0.5,3.0,60.0,,,,,,,,10.0,0.05,4m,0.9,0.5,1.5,10.0,64.0,0.05,3m,1.0,0.5,3.0,22.0,,,,,,,,,,,,,,,60.0,0.0475,5m,0.7,0.5,1.5,14.0,0.35000000000000003,6,COMPLETE
11,11,-111.14098780173809,2025-06-21 01:33:10.370389,2025-06-21 01:33:10.633332,0 days 00:00:00.262943,32.0,0.01,1m,0.5,1.0,1.5,62.0,,,,,,,,,,,,,,,,,,,,,,,,,,,,,,,,,,,,,,,,,,,,,,,,,,,,,,,,,,,,,,,,,,,,,,,,,,,,,,,,,,,,,0.35000000000000003,1,COMPLETE
12,12,-5.884618227657806,2025-06-21 01:33:10.652562,2025-06-21 01:33:10.909700,0 days 00:00:00.257138,28.0,0.0475,4m,0.7,0.8,2.0,40.0,,,,,,,,,,,,,,,,,,,,,,,,,,,,,,,,,,,,,,,,,,,,,,,,,,,,,,,,,,,,,,,,,,,,,,,,,,,,,,,,,,,,,0.4,1,COMPLETE
13,13,-25.747442028391657,2025-06-21 01:33:10.931234,2025-06-21 01:33:12.025738,0 days 00:00:01.094504,,,,,,,,40.0,0.05,4m,0.7,0.5,2.0,60.0,,,,,,,,,,,,,,,10.0,0.01,5m,0.9,0.8,1.5,18.0,,,,,,,,,,,,,,,,,,,,,,62.0,0.01,1m,0.5,0.5,1.5,62.0,16.0,0.0425,1m,0.9,0.5,1.5,62.0,,,,,,,,,,,,,,,48.0,0.04,5m,1.0,1.0,1.5,26.0,0.25,5,COMPLETE
14,14,-8.03142697781238,2025-06-21 01:33:12.046694,2025-06-21 01:33:12.947265,0 days 00:00:00.900571,46.0,0.0375,2m,1.0,0.5,3.0,52.0,,,,,,,,64.0,0.01,2m,0.5,1.0,3.0,62.0,64.0,0.05,3m,1.0,0.5,1.5,16.0,,,,,,,,,,,,,,,,,,,,,,,,,,,,,,,,,,,,36.0,0.03,4m,0.7,1.0,3.0,42.0,,,,,,,,,,,,,,,,,,,,,,0.45,4,COMPLETE
15,15,-5.439779794426897,2025-06-21 01:33:12.970287,2025-06-21 01:33:13.232676,0 days 00:00:00.262389,,,,,,,,42.0,0.0375,2m,1.0,0.9,3.0,12.0,,,,,,,,,,,,,,,,,,,,,,,,,,,,,,,,,,,,,,,,,,,,,,,,,,,,,,,,,,,,,,,,,,,,,,,,,,,,,,0.3,1,COMPLETE
16,16,-16.756866310730242,2025-06-21 01:33:13.251417,2025-06-21 01:33:14.740430,0 days 00:00:01.489013,,,,,,,,,,,,,,,38.0,0.0475,1m,0.8,0.7,3.0,64.0,,,,,,,,28.0,0.0125,2m,0.8,0.5,2.5,62.0,,,,,,,,30.0,0.0225,1m,1.0,0.5,3.0,40.0,62.0,0.05,5m,0.5,1.0,3.0,12.0,10.0,0.0325,2m,0.7,1.0,3.0,12.0,,,,,,,,,,,,,,,10.0,0.01,4m,0.5,1.0,1.5,64.0,30.0,0.0125,4m,0.5,0.8,2.0,42.0,0.15000000000000002,7,COMPLETE
17,17,-44.39313550486802,2025-06-21 01:33:14.761447,2025-06-21 01:33:15.630584,0 days 00:00:00.869137,,,,,,,,10.0,0.01,1m,0.5,0.8,2.0,50.0,,,,,,,,,,,,,,,10.0,0.035,3m,1.0,0.8,2.0,28.0,,,,,,,,,,,,,,,,,,,,,,,,,,,,,38.0,0.0325,1m,0.8,0.7,2.0,32.0,,,,,,,,,,,,,,,44.0,0.0325,1m,0.8,0.7,2.5,24.0,0.3,4,COMPLETE
18,18,-16.87723108516453,2025-06-21 01:33:15.653613,2025-06-21 01:33:16.112046,0 days 00:00:00.458433,,,,,,,,,,,,,,,,,,,,,,,,,,,,,,,,,,,,42.0,0.05,1m,1.0,0.5,3.0,10.0,56.0,0.05,4m,0.6,0.7,2.5,32.0,,,,,,,,,,,,,,,,,,,,,,,,,,,,,,,,,,,,,,,,,,,0.4,2,COMPLETE
19,19,-9.210329559221954,2025-06-21 01:33:16.133566,2025-06-21 01:33:16.619256,0 days 00:00:00.485690,,,,,,,,,,,,,,,,,,,,,,,,,,,,,,,,,,,,10.0,0.0375,5m,1.0,1.0,2.0,62.0,22.0,0.03,2m,1.0,0.6,3.0,32.0,,,,,,,,,,,,,,,,,,,,,,,,,,,,,,,,,,,,,,,,,,,0.45,2,COMPLETE
20,20,-54.227581259225666,2025-06-21 01:33:16.640791,2025-06-21 01:33:17.513387,0 days 00:00:00.872596,,,,,,,,,,,,,,,,,,,,,,,,,,,,,,,,,,,,40.0,0.025,1m,0.5,0.7,1.5,10.0,48.0,0.035,1m,0.7,0.8,2.0,48.0,38.0,0.035,4m,1.0,1.0,2.5,36.0,,,,,,,,36.0,0.025,5m,1.0,0.7,2.5,48.0,,,,,,,,,,,,,,,,,,,,,,0.2,4,COMPLETE
21,21,-6.196430299430585,2025-06-21 01:33:17.534925,2025-06-21 01:33:18.189070,0 days 00:00:00.654145,,,,,,,,,,,,,,,,,,,,,,36.0,0.01,5m,0.7,0.7,3.0,24.0,,,,,,,,,,,,,,,,,,,,,,,,,,,,,60.0,0.0475,5m,0.8,0.7,2.0,62.0,,,,,,,,,,,,,,,,,,,,,,10.0,0.027500000000000004,3m,0.8,0.5,2.0,64.0,0.05,3,COMPLETE
22,22,-9.492530500418203,2025-06-21 01:33:18.208017,2025-06-21 01:33:18.660842,0 days 00:00:00.452825,,,,,,,,52.0,0.04,3m,0.7,0.5,1.5,46.0,,,,,,,,,,,,,,,64.0,0.0475,5m,0.7,0.6,3.0,12.0,,,,,,,,,,,,,,,,,,,,,,,,,,,,,,,,,,,,,,,,,,,,,,,,,,,,,,,,,0.05,2,COMPLETE
23,23,-9.000570930922535,2025-06-21 01:33:18.680857,2025-06-21 01:33:19.730165,0 days 00:00:01.049308,,,,,,,,32.0,0.02,4m,0.8,0.8,2.5,20.0,,,,,,,,,,,,,,,24.0,0.0375,4m,0.9,0.9,1.5,28.0,,,,,,,,,,,,,,,64.0,0.05,4m,0.7,0.5,2.0,36.0,30.0,0.02,4m,1.0,0.7,2.5,24.0,10.0,0.04,4m,0.5,0.8,2.0,28.0,,,,,,,,,,,,,,,,,,,,,,0.1,5,COMPLETE
24,24,-17.927975741489256,2025-06-21 01:33:19.750180,2025-06-21 01:33:20.411923,0 days 00:00:00.661743,,,,,,,,,,,,,,,,,,,,,,,,,,,,,,,,,,,,24.0,0.01,3m,0.5,1.0,2.5,64.0,,,,,,,,,,,,,,,48.0,0.01,1m,0.7,1.0,2.0,48.0,64.0,0.01,3m,0.7,0.6,3.0,10.0,,,,,,,,,,,,,,,,,,,,,,0.2,3,COMPLETE
25,25,-1.6423661257501934,2025-06-21 01:33:20.434667,2025-06-21 01:33:20.699892,0 days 00:00:00.265225,,,,,,,,,,,,,,,,,,,,,,,,,,,,,,,,,,,,,,,,,,,,,,,,,,,,,,,,,,,,,,,,48.0,0.0225,2m,0.8,0.9,2.0,64.0,,,,,,,,,,,,,,,,,,,,,,0.1,1,COMPLETE
26,26,-6.675279313066246,2025-06-21 01:33:20.717530,2025-06-21 01:33:20.974120,0 days 00:00:00.256590,,,,,,,,,,,,,,,32.0,0.01,3m,0.8,0.8,2.5,48.0,,,,,,,,,,,,,,,,,,,,,,,,,,,,,,,,,,,,,,,,,,,,,,,,,,,,,,,,,,,,,,,,,,,,,,,0.15000000000000002,1,COMPLETE
27,27,-6.002348311709138,2025-06-21 01:33:21.004194,2025-06-21 01:33:21.251522,0 days 00:00:00.247328,,,,,,,,,,,,,,,,,,,,,,,,,,,,,,,,,,,,,,,,,,,,,,,,,,,,,,,,,22.0,0.04,5m,0.5,0.6,3.0,24.0,,,,,,,,,,,,,,,,,,,,,,,,,,,,,0.1,1,COMPLETE
28,28,-10.26458004141727,2025-06-21 01:33:21.271257,2025-06-21 01:33:21.726039,0 days 00:00:00.454782,,,,,,,,62.0,0.04,5m,0.6,0.9,2.0,64.0,,,,,,,,,,,,,,,,,,,,,,,,,,,,,,,,,,,,,,,,,,,50.0,0.0225,2m,0.8,0.8,2.0,24.0,,,,,,,,,,,,,,,,,,,,,,,,,,,,,0.25,2,COMPLETE
29,29,-11.842327198483883,2025-06-21 01:33:21.743824,2025-06-21 01:33:22.190185,0 days 00:00:00.446361,,,,,,,,48.0,0.0175,4m,0.9,0.6,3.0,30.0,,,,,,,,,,,,,,,,,,,,,,,,,,,,,,,,,,,,,,,,,,,26.0,0.03,5m,0.9,0.6,2.5,52.0,,,,,,,,,,,,,,,,,,,,,,,,,,,,,0.3,2,COMPLETE
30,30,-15.684137721808465,2025-06-21 01:33:22.207354,2025-06-21 01:33:23.689227,0 days 00:00:01.481873,20.0,0.02,5m,0.6,0.9,2.0,26.0,28.0,0.03,1m,0.9,0.6,2.0,22.0,34.0,0.0325,5m,0.7,1.0,2.0,10.0,,,,,,,,,,,,,,,,,,,,,,44.0,0.01,4m,0.9,0.6,2.5,26.0,34.0,0.025,3m,0.5,0.9,2.5,24.0,50.0,0.027500000000000004,3m,0.6,0.9,1.5,30.0,,,,,,,,26.0,0.035,4m,0.6,0.5,1.5,44.0,,,,,,,,,,,,,,,0.2,7,COMPLETE
31,31,-4.456438290633665,2025-06-21 01:33:23.712245,2025-06-21 01:33:24.409238,0 days 00:00:00.696993,50.0,0.02,3m,0.8,0.7,1.5,10.0,,,,,,,,,,,,,,,,,,,,,,,,,,,,,28.0,0.0175,4m,0.6,0.8,2.5,52.0,10.0,0.027500000000000004,5m,0.7,0.8,1.5,10.0,,,,,,,,,,,,,,,,,,,,,,,,,,,,,,,,,,,,,,,,,,,0.05,3,COMPLETE
32,32,-51.05020921537687,2025-06-21 01:33:24.428585,2025-06-21 01:33:24.700353,0 days 00:00:00.271768,,,,,,,,,,,,,,,50.0,0.0225,1m,0.5,0.5,2.5,46.0,,,,,,,,,,,,,,,,,,,,,,,,,,,,,,,,,,,,,,,,,,,,,,,,,,,,,,,,,,,,,,,,,,,,,,,0.1,1,COMPLETE
33,33,-5.295667601042892,2025-06-21 01:33:24.720032,2025-06-21 01:33:25.583182,0 days 00:00:00.863150,24.0,0.0425,5m,0.9,0.6,2.0,52.0,10.0,0.045000000000000005,2m,0.6,0.9,2.5,42.0,,,,,,,,,,,,,,,,,,,,,,34.0,0.01,5m,0.8,0.9,3.0,24.0,26.0,0.045000000000000005,3m,0.9,0.6,3.0,46.0,,,,,,,,,,,,,,,,,,,,,,,,,,,,,,,,,,,,,,,,,,,0.05,4,COMPLETE
34,34,-11.836337418931524,2025-06-21 01:33:25.607708,2025-06-21 01:33:26.270487,0 days 00:00:00.662779,,,,,,,,20.0,0.027500000000000004,3m,0.7,0.7,1.5,10.0,,,,,,,,,,,,,,,,,,,,,,,,,,,,,,,,,,,,48.0,0.0125,2m,0.9,0.7,1.5,48.0,,,,,,,,,,,,,,,34.0,0.027500000000000004,3m,0.7,0.5,2.5,36.0,,,,,,,,,,,,,,,0.15000000000000002,3,COMPLETE
35,35,-5.149825723620406,2025-06-21 01:33:26.288152,2025-06-21 01:33:26.946314,0 days 00:00:00.658162,,,,,,,,,,,,,,,,,,,,,,,,,,,,,36.0,0.015,2m,0.9,0.6,2.5,60.0,,,,,,,,,,,,,,,,,,,,,,,,,,,,,48.0,0.0225,2m,0.8,0.9,2.0,64.0,,,,,,,,,,,,,,,64.0,0.05,5m,0.9,0.9,1.5,36.0,0.5,3,COMPLETE
36,36,-13.860386422714674,2025-06-21 01:33:26.973344,2025-06-21 01:33:28.037637,0 days 00:00:01.064293,,,,,,,,34.0,0.035,1m,1.0,1.0,3.0,54.0,24.0,0.04,2m,0.9,0.7,2.0,22.0,,,,,,,,,,,,,,,,,,,,,,36.0,0.0425,2m,1.0,1.0,2.0,60.0,,,,,,,,,,,,,,,50.0,0.02,2m,0.9,0.9,1.5,52.0,,,,,,,,44.0,0.05,3m,0.5,0.5,2.5,10.0,,,,,,,,0.4,5,COMPLETE
37,37,-11.096403959975104,2025-06-21 01:33:28.059585,2025-06-21 01:33:28.524197,0 days 00:00:00.464612,,,,,,,,,,,,,,,,,,,,,,,,,,,,,,,,,,,,18.0,0.035,3m,0.6,0.7,2.0,52.0,,,,,,,,,,,,,,,,,,,,,,,,,,,,,,,,,,,,36.0,0.0225,3m,0.7,0.8,3.0,28.0,,,,,,,,0.15000000000000002,2,COMPLETE
38,38,-9.189150229843577,2025-06-21 01:33:28.541545,2025-06-21 01:33:30.465467,0 days 00:00:01.923922,36.0,0.02,2m,0.6,0.9,3.0,30.0,58.0,0.015,4m,0.5,0.5,2.0,28.0,,,,,,,,38.0,0.01,4m,0.5,0.8,2.5,64.0,18.0,0.027500000000000004,2m,0.6,0.9,2.0,32.0,,,,,,,,16.0,0.0225,2m,0.5,0.5,2.5,22.0,10.0,0.04,5m,0.7,0.5,2.5,26.0,,,,,,,,24.0,0.0325,2m,0.6,0.9,2.5,40.0,46.0,0.027500000000000004,1m,0.7,0.7,2.0,36.0,,,,,,,,48.0,0.0375,3m,0.6,0.7,2.5,10.0,0.1,9,COMPLETE
39,39,-10.224259360059927,2025-06-21 01:33:30.502514,2025-06-21 01:33:30.770348,0 days 00:00:00.267834,,,,,,,,,,,,,,,,,,,,,,,,,,,,,,,,,,,,,,,,,,,,,,,,,,,,,,,,,,,,,,,,,,,,,,,10.0,0.045000000000000005,5m,0.5,0.6,2.5,52.0,,,,,,,,,,,,,,,0.25,1,COMPLETE
40,40,-6.669996036192994,2025-06-21 01:33:30.786355,2025-06-21 01:33:31.639371,0 days 00:00:00.853016,,,,,,,,44.0,0.045000000000000005,3m,0.8,0.8,2.5,34.0,,,,,,,,52.0,0.02,2m,0.8,0.7,3.0,30.0,,,,,,,,,,,,,,,44.0,0.035,5m,0.8,0.9,3.0,52.0,,,,,,,,,,,,,,,,,,,,,,,,,,,,,62.0,0.05,5m,0.5,0.7,2.0,50.0,,,,,,,,0.35000000000000003,4,COMPLETE
41,41,-2.5790341029221886,2025-06-21 01:33:31.660674,2025-06-21 01:33:32.319369,0 days 00:00:00.658695,,,,,,,,,,,,,,,,,,,,,,,,,,,,,,,,,,,,,,,,,,,,,,,,,,52.0,0.0325,5m,0.9,0.9,2.0,48.0,18.0,0.045000000000000005,2m,0.6,0.9,2.5,38.0,28.0,0.015,2m,0.9,1.0,2.0,58.0,,,,,,,,,,,,,,,,,,,,,,0.05,3,COMPLETE
42,42,-25.649498843109527,2025-06-21 01:33:32.347182,2025-06-21 01:33:32.807880,0 days 00:00:00.460698,,,,,,,,,,,,,,,,,,,,,,,,,,,,,,,,,,,,,,,,,,,30.0,0.0225,1m,0.6,0.7,2.5,28.0,,,,,,,,,,,,,,,,,,,,,,,,,,,,,,,,,,,,34.0,0.0175,1m,0.9,0.6,2.0,34.0,0.05,2,COMPLETE
43,43,-4.497594637297739,2025-06-21 01:33:32.825963,2025-06-21 01:33:33.460179,0 days 00:00:00.634216,,,,,,,,,,,,,,,46.0,0.02,3m,0.7,0.8,2.5,44.0,,,,,,,,,,,,,,,,,,,,,,,,,,,,,,,,,,,,,,,,,,,,,,,,,,26.0,0.035,3m,1.0,0.9,1.5,26.0,,,,,,,,54.0,0.04,2m,0.7,0.8,3.0,48.0,0.05,3,COMPLETE
44,44,-9.277321001484234,2025-06-21 01:33:33.477428,2025-06-21 01:33:34.700776,0 days 00:00:01.223348,,,,,,,,36.0,0.025,5m,0.9,0.9,1.5,46.0,62.0,0.04,5m,0.9,0.6,2.0,54.0,,,,,,,,36.0,0.0175,5m,0.5,0.8,1.5,54.0,,,,,,,,,,,,,,,,,,,,,,,,,,,,,28.0,0.015,2m,0.9,1.0,2.0,58.0,,,,,,,,46.0,0.0375,3m,0.9,1.0,2.0,26.0,24.0,0.027500000000000004,4m,0.9,0.6,1.5,22.0,0.1,6,COMPLETE
45,45,-4.924441511965719,2025-06-21 01:33:34.727306,2025-06-21 01:33:35.002560,0 days 00:00:00.275254,,,,,,,,,,,,,,,,,,,,,,,,,,,,,,,,,,,,,,,,,,,,,,,,,,,,,,,,,18.0,0.0425,2m,0.6,0.9,2.5,38.0,,,,,,,,,,,,,,,,,,,,,,,,,,,,,0.45,1,COMPLETE
46,46,-6.795204617205048,2025-06-21 01:33:35.021110,2025-06-21 01:33:35.864839,0 days 00:00:00.843729,64.0,0.035,3m,0.6,0.9,2.0,50.0,48.0,0.015,2m,0.6,0.6,3.0,20.0,,,,,,,,,,,,,,,,,,,,,,,,,,,,,,,,,,,,,,,,,,,16.0,0.045000000000000005,2m,0.5,1.0,2.0,32.0,44.0,0.025,2m,0.8,0.9,2.0,48.0,,,,,,,,,,,,,,,,,,,,,,0.2,4,COMPLETE
47,47,-8.510979016186635,2025-06-21 01:33:35.886632,2025-06-21 01:33:36.329653,0 days 00:00:00.443021,,,,,,,,,,,,,,,20.0,0.0175,3m,0.6,0.9,3.0,22.0,,,,,,,,,,,,,,,,,,,,,,,,,,,,,52.0,0.03,5m,0.9,0.9,2.0,50.0,,,,,,,,,,,,,,,,,,,,,,,,,,,,,,,,,,,,0.1,2,COMPLETE
48,48,-7.6064910807416295,2025-06-21 01:33:36.346143,2025-06-21 01:33:37.996051,0 days 00:00:01.649908,,,,,,,,,,,,,,,,,,,,,,,,,,,,,,,,,,,,46.0,0.02,3m,0.5,1.0,2.5,46.0,52.0,0.05,4m,0.9,0.6,2.0,40.0,38.0,0.0425,5m,0.9,0.9,2.0,64.0,34.0,0.0375,2m,0.7,0.8,3.0,54.0,56.0,0.01,2m,0.9,1.0,2.5,64.0,,,,,,,,26.0,0.0175,2m,0.6,0.5,2.5,30.0,38.0,0.01,5m,0.5,0.5,2.5,60.0,0.15000000000000002,7,COMPLETE
49,49,-45.80999793053119,2025-06-21 01:33:38.017317,2025-06-21 01:33:39.227966,0 days 00:00:01.210649,,,,,,,,,,,,,,,44.0,0.05,1m,0.6,0.6,2.0,38.0,28.0,0.02,1m,0.6,0.8,2.0,38.0,,,,,,,,34.0,0.027500000000000004,5m,0.9,0.8,2.0,32.0,64.0,0.0325,3m,1.0,0.8,1.5,18.0,,,,,,,,,,,,,,,,,,,,,,64.0,0.02,1m,0.8,0.6,2.5,62.0,,,,,,,,,,,,,,,0.05,5,COMPLETE
50,50,-10.624173443586301,2025-06-21 01:33:39.248057,2025-06-21 01:33:39.931412,0 days 00:00:00.683355,,,,,,,,,,,,,,,,,,,,,,,,,,,,,,,,,,,,,,,,,,,18.0,0.0425,2m,0.7,0.9,3.0,10.0,,,,,,,,,,,,,,,,,,,,,,44.0,0.0225,5m,0.6,0.8,3.0,26.0,,,,,,,,10.0,0.0325,5m,1.0,1.0,2.0,30.0,0.5,3,COMPLETE
51,51,-3.639317402681838,2025-06-21 01:33:39.951953,2025-06-21 01:33:40.579693,0 days 00:00:00.627740,50.0,0.02,3m,0.8,0.7,1.5,10.0,,,,,,,,,,,,,,,,,,,,,,,,,,,,,28.0,0.0175,4m,0.6,0.8,2.5,56.0,,,,,,,,,,,,,,,,,,,,,,,,,,,,,22.0,0.04,4m,0.6,0.6,2.0,50.0,,,,,,,,,,,,,,,0.05,3,COMPLETE
