,number,value,datetime_start,datetime_complete,duration,params_DIAsynprice_DIA_beta_win,params_DIAsynprice_DIA_stop_loss,params_DIAsynprice_DIA_trade_freq,params_DIAsynprice_DIA_z_entry,params_DIAsynprice_DIA_z_exit,params_DIAsynprice_DIA_z_stop_scaler,params_DIAsynprice_DIA_z_win,params_QQQsynprice_QQQ_beta_win,params_QQQsynprice_QQQ_stop_loss,params_QQQsynprice_QQQ_trade_freq,params_QQQsynprice_QQQ_z_entry,params_QQQsynprice_QQQ_z_exit,params_QQQsynprice_QQQ_z_stop_scaler,params_QQQsynprice_QQQ_z_win,params_XLBsynprice_XLB_beta_win,params_XLBsynprice_XLB_stop_loss,params_XLBsynprice_XLB_trade_freq,params_XLBsynprice_XLB_z_entry,params_XLBsynprice_XLB_z_exit,params_XLBsynprice_XLB_z_stop_scaler,params_XLBsynprice_XLB_z_win,params_XLCsynprice_XLC_beta_win,params_XLCsynprice_XLC_stop_loss,params_XLCsynprice_XLC_trade_freq,params_XLCsynprice_XLC_z_entry,params_XLCsynprice_XLC_z_exit,params_XLCsynprice_XLC_z_stop_scaler,params_XLCsynprice_XLC_z_win,params_XLEsynprice_XLE_beta_win,params_XLEsynprice_XLE_stop_loss,params_XLEsynprice_XLE_trade_freq,params_XLEsynprice_XLE_z_entry,params_XLEsynprice_XLE_z_exit,params_XLEsynprice_XLE_z_stop_scaler,params_XLEsynprice_XLE_z_win,params_XLFsynprice_XLF_beta_win,params_XLFsynprice_XLF_stop_loss,params_XLFsynprice_XLF_trade_freq,params_XLFsynprice_XLF_z_entry,params_XLFsynprice_XLF_z_exit,params_XLFsynprice_XLF_z_stop_scaler,params_XLFsynprice_XLF_z_win,params_XLIsynprice_XLI_beta_win,params_XLIsynprice_XLI_stop_loss,params_XLIsynprice_XLI_trade_freq,params_XLIsynprice_XLI_z_entry,params_XLIsynprice_XLI_z_exit,params_XLIsynprice_XLI_z_stop_scaler,params_XLIsynprice_XLI_z_win,params_XLKsynprice_XLK_beta_win,params_XLKsynprice_XLK_stop_loss,params_XLKsynprice_XLK_trade_freq,params_XLKsynprice_XLK_z_entry,params_XLKsynprice_XLK_z_exit,params_XLKsynprice_XLK_z_stop_scaler,params_XLKsynprice_XLK_z_win,params_XLPsynprice_XLP_beta_win,params_XLPsynprice_XLP_stop_loss,params_XLPsynprice_XLP_trade_freq,params_XLPsynprice_XLP_z_entry,params_XLPsynprice_XLP_z_exit,params_XLPsynprice_XLP_z_stop_scaler,params_XLPsynprice_XLP_z_win,params_XLREsynprice_XLRE_beta_win,params_XLREsynprice_XLRE_stop_loss,params_XLREsynprice_XLRE_trade_freq,params_XLREsynprice_XLRE_z_entry,params_XLREsynprice_XLRE_z_exit,params_XLREsynprice_XLRE_z_stop_scaler,params_XLREsynprice_XLRE_z_win,params_XLUsynprice_XLU_beta_win,params_XLUsynprice_XLU_stop_loss,params_XLUsynprice_XLU_trade_freq,params_XLUsynprice_XLU_z_entry,params_XLUsynprice_XLU_z_exit,params_XLUsynprice_XLU_z_stop_scaler,params_XLUsynprice_XLU_z_win,params_XLVsynprice_XLV_beta_win,params_XLVsynprice_XLV_stop_loss,params_XLVsynprice_XLV_trade_freq,params_XLVsynprice_XLV_z_entry,params_XLVsynprice_XLV_z_exit,params_XLVsynprice_XLV_z_stop_scaler,params_XLVsynprice_XLV_z_win,params_XLYsynprice_XLY_beta_win,params_XLYsynprice_XLY_stop_loss,params_XLYsynprice_XLY_trade_freq,params_XLYsynprice_XLY_z_entry,params_XLYsynprice_XLY_z_exit,params_XLYsynprice_XLY_z_stop_scaler,params_XLYsynprice_XLY_z_win,params_buffer_capital,params_pairs_to_trade,state
105,105,0.3347955271936363,2025-06-21 01:03:46.903438,2025-06-21 01:03:47.277161,0 days 00:00:00.373723,,,,,,,,,,,,,,,,,,,,,,856.0,0.05,2m,0.6,0.9,3.0,560.0,,,,,,,,232.0,0.025,7m,0.7,1.0,3.0,896.0,,,,,,,,,,,,,,,,,,,,,,,,,,,,,,,,,,,,,,,,,,,,,,,,,,0.4,2,COMPLETE
106,106,1.6467721183125126,2025-06-21 01:03:47.295185,2025-06-21 01:03:47.818472,0 days 00:00:00.523287,,,,,,,,,,,,,,,,,,,,,,,,,,,,,,,,,,,,344.0,0.05,7m,0.9,0.9,3.0,656.0,,,,,,,,,,,,,,,1024.0,0.025,10m,0.7,0.9,2.5,120.0,,,,,,,,,,,,,,,616.0,0.05,8m,0.8,0.8,1.5,272.0,,,,,,,,0.45,3,COMPLETE
107,107,2.132857053798613,2025-06-21 01:03:47.838490,2025-06-21 01:03:48.365220,0 days 00:00:00.526730,,,,,,,,,,,,,,,,,,,,,,,,,,,,,,,,,,,,336.0,0.05,7m,0.9,0.9,3.0,648.0,552.0,0.05,4m,0.5,1.0,2.5,776.0,,,,,,,,1024.0,0.025,10m,0.7,0.9,2.5,96.0,,,,,,,,,,,,,,,,,,,,,,,,,,,,,0.45,3,COMPLETE
108,108,-1.609363606110855,2025-06-21 01:03:48.383252,2025-06-21 01:03:48.920852,0 days 00:00:00.537600,,,,,,,,,,,,,,,208.0,0.025,1m,0.8,1.0,3.0,904.0,,,,,,,,400.0,0.025,8m,0.7,0.7,2.0,464.0,,,,,,,,,,,,,,,,,,,,,,,,,,,,,,,,,,,,,,,,,,,,,,,,,,1024.0,0.025,3m,0.5,0.9,1.5,792.0,0.45,3,COMPLETE
109,109,0.22711195876198215,2025-06-21 01:03:48.941122,2025-06-21 01:03:49.323710,0 days 00:00:00.382588,,,,,,,,,,,,,,,,,,,,,,,,,,,,,,,,,,,,,,,,,,,,,,,,,,,,,,,,,,,,,,,,920.0,0.025,2m,0.8,1.0,2.5,136.0,840.0,0.025,7m,0.9,0.9,1.5,160.0,,,,,,,,,,,,,,,0.4,2,COMPLETE
110,110,0.9030951880201339,2025-06-21 01:03:49.340463,2025-06-21 01:03:49.856324,0 days 00:00:00.515861,64.0,0.05,9m,0.7,1.0,3.0,920.0,384.0,0.025,5m,1.0,0.8,2.5,688.0,,,,,,,,,,,,,,,,,,,,,,,,,,,,,,,,,,,,,,,,,,,,,,,,,,,,,,,,,,,,,,,,784.0,0.05,10m,1.0,0.5,1.5,752.0,,,,,,,,0.4,3,COMPLETE
111,111,-0.0024674991036306854,2025-06-21 01:03:49.875992,2025-06-21 01:03:50.399513,0 days 00:00:00.523521,,,,,,,,,,,,,,,456.0,0.025,5m,1.0,0.5,2.5,456.0,,,,,,,,,,,,,,,,,,,,,,632.0,0.05,4m,0.5,1.0,2.5,784.0,,,,,,,,,,,,,,,592.0,0.025,2m,0.9,0.9,2.5,184.0,,,,,,,,,,,,,,,,,,,,,,0.45,3,COMPLETE
112,112,-0.7290595136866204,2025-06-21 01:03:50.418246,2025-06-21 01:03:50.800615,0 days 00:00:00.382369,,,,,,,,,,,,,,,,,,,,,,856.0,0.05,7m,0.5,0.9,2.5,672.0,,,,,,,,,,,,,,,,,,,,,,,,,,,,,,,,,,,,992.0,0.025,2m,0.9,1.0,3.0,72.0,,,,,,,,,,,,,,,,,,,,,,0.45,2,COMPLETE
113,113,-0.18999343932798268,2025-06-21 01:03:50.819191,2025-06-21 01:03:51.342048,0 days 00:00:00.522857,376.0,0.05,9m,0.6,0.7,2.0,408.0,,,,,,,,368.0,0.025,4m,0.9,0.6,3.0,1016.0,,,,,,,,,,,,,,,,,,,,,,,,,,,,,,,,,,,,,,,,,,,,,,,,,,728.0,0.05,9m,0.9,0.9,1.5,144.0,,,,,,,,,,,,,,,0.45,3,COMPLETE
114,114,1.0338540403354646,2025-06-21 01:03:51.360509,2025-06-21 01:03:52.057737,0 days 00:00:00.697228,,,,,,,,,,,,,,,16.0,0.025,3m,0.8,1.0,2.5,688.0,696.0,0.05,1m,0.6,0.8,2.5,200.0,,,,,,,,,,,,,,,544.0,0.05,4m,0.5,1.0,2.5,952.0,,,,,,,,1024.0,0.025,10m,0.7,0.9,2.5,120.0,,,,,,,,,,,,,,,,,,,,,,,,,,,,,0.45,4,COMPLETE
115,115,-1.735221371657512,2025-06-21 01:03:52.079771,2025-06-21 01:03:52.808662,0 days 00:00:00.728891,,,,,,,,296.0,0.025,5m,1.0,0.8,3.0,576.0,,,,,,,,,,,,,,,872.0,0.05,9m,0.8,0.8,2.0,704.0,,,,,,,,432.0,0.05,4m,0.5,0.9,2.5,896.0,,,,,,,,,,,,,,,288.0,0.025,1m,0.8,0.5,2.0,216.0,,,,,,,,,,,,,,,,,,,,,,0.5,4,COMPLETE
116,116,-3.037781589925354,2025-06-21 01:03:52.836341,2025-06-21 01:03:53.353823,0 days 00:00:00.517482,,,,,,,,,,,,,,,,,,,,,,,,,,,,,,,,,,,,,,,,,,,328.0,0.05,4m,0.6,1.0,2.5,800.0,840.0,0.025,3m,0.9,0.9,3.0,640.0,,,,,,,,808.0,0.025,6m,0.9,0.8,2.5,496.0,,,,,,,,,,,,,,,,,,,,,,0.35000000000000003,3,COMPLETE
117,117,-27.806632794834425,2025-06-21 01:03:53.372829,2025-06-21 01:03:53.919487,0 days 00:00:00.546658,,,,,,,,160.0,0.025,5m,1.0,0.9,2.5,800.0,,,,,,,,,,,,,,,928.0,0.025,2m,0.7,0.5,1.5,392.0,,,,,,,,,,,,,,,,,,,,,,,,,,,,,,,,,,,,992.0,0.025,1m,0.8,0.8,1.5,480.0,,,,,,,,,,,,,,,0.4,3,COMPLETE
118,118,-0.08955758714545951,2025-06-21 01:03:53.939426,2025-06-21 01:03:54.311671,0 days 00:00:00.372245,,,,,,,,,,,,,,,,,,,,,,,,,,,,,,,,,,,,304.0,0.05,7m,0.9,0.9,3.0,640.0,,,,,,,,,,,,,,,,,,,,,,376.0,0.025,4m,0.8,0.8,2.0,88.0,,,,,,,,,,,,,,,,,,,,,,0.35000000000000003,2,COMPLETE
119,119,-1.04985914412696,2025-06-21 01:03:54.329776,2025-06-21 01:03:54.856127,0 days 00:00:00.526351,,,,,,,,,,,,,,,96.0,0.025,2m,0.7,0.5,2.0,832.0,,,,,,,,648.0,0.05,7m,0.8,0.9,2.0,552.0,,,,,,,,384.0,0.05,6m,0.5,0.9,2.5,1024.0,,,,,,,,,,,,,,,,,,,,,,,,,,,,,,,,,,,,,,,,,,,0.45,3,COMPLETE
120,120,0.47345523208614554,2025-06-21 01:03:54.887442,2025-06-21 01:03:55.570688,0 days 00:00:00.683246,,,,,,,,,,,,,,,424.0,0.025,10m,0.9,0.6,3.0,376.0,1016.0,0.05,3m,0.5,0.8,2.5,640.0,,,,,,,,344.0,0.05,7m,1.0,0.9,3.0,744.0,,,,,,,,,,,,,,,,,,,,,,,,,,,,,896.0,0.05,8m,0.8,0.7,1.5,72.0,,,,,,,,,,,,,,,0.35000000000000003,4,COMPLETE
121,121,-0.32707300891000446,2025-06-21 01:03:55.615317,2025-06-21 01:03:56.114162,0 days 00:00:00.498845,,,,,,,,,,,,,,,176.0,0.025,8m,0.7,0.7,2.5,752.0,,,,,,,,,,,,,,,168.0,0.05,7m,0.9,0.8,3.0,648.0,,,,,,,,,,,,,,,,,,,,,,520.0,0.025,7m,1.0,0.9,2.0,224.0,,,,,,,,,,,,,,,,,,,,,,0.3,3,COMPLETE
122,122,-0.9200289652426091,2025-06-21 01:03:56.132397,2025-06-21 01:03:56.653930,0 days 00:00:00.521533,176.0,0.05,9m,0.7,1.0,2.0,456.0,,,,,,,,,,,,,,,704.0,0.05,6m,0.7,0.8,3.0,496.0,,,,,,,,,,,,,,,,,,,,,,,,,,,,,,,,,,,,,,,,,,,,,,,,,,640.0,0.05,8m,0.8,0.8,1.5,128.0,,,,,,,,0.3,3,COMPLETE
123,123,-1.8660217680340856,2025-06-21 01:03:56.672947,2025-06-21 01:03:57.182773,0 days 00:00:00.509826,432.0,0.05,9m,0.6,0.9,3.0,960.0,,,,,,,,,,,,,,,,,,,,,,,,,,,,,496.0,0.05,6m,1.0,1.0,3.0,512.0,,,,,,,,,,,,,,,,,,,,,,,,,,,,,,,,,,,,,,,,,,,560.0,0.025,6m,0.6,1.0,3.0,480.0,0.5,3,COMPLETE
124,124,-3.998074238301825,2025-06-21 01:03:57.201579,2025-06-21 01:03:57.897600,0 days 00:00:00.696021,,,,,,,,,,,,,,,280.0,0.025,1m,0.8,1.0,2.0,792.0,,,,,,,,,,,,,,,,,,,,,,480.0,0.05,4m,0.5,1.0,2.5,704.0,768.0,0.025,5m,1.0,0.7,3.0,960.0,,,,,,,,,,,,,,,,,,,,,,720.0,0.05,8m,0.9,0.8,1.5,240.0,,,,,,,,0.25,4,COMPLETE
125,125,-14.553457540436447,2025-06-21 01:03:57.917129,2025-06-21 01:03:58.436277,0 days 00:00:00.519148,,,,,,,,,,,,,,,688.0,0.025,6m,1.0,0.6,2.5,656.0,,,,,,,,584.0,0.05,1m,0.9,0.8,1.5,328.0,,,,,,,,,,,,,,,,,,,,,,,,,,,,,,,,,,,,,,,,,,,,,,,,,,752.0,0.025,5m,0.7,0.8,2.0,528.0,0.35000000000000003,3,COMPLETE
126,126,-1.1377141443037064,2025-06-21 01:03:58.456293,2025-06-21 01:03:59.159113,0 days 00:00:00.702820,,,,,,,,,,,,,,,,,,,,,,,,,,,,,96.0,0.025,3m,1.0,0.5,2.0,240.0,,,,,,,,,,,,,,,912.0,0.025,2m,1.0,0.8,3.0,792.0,,,,,,,,608.0,0.025,8m,1.0,0.8,2.0,320.0,,,,,,,,,,,,,,,832.0,0.025,2m,1.0,1.0,2.0,360.0,0.3,4,COMPLETE
127,127,-2.255287395619795,2025-06-21 01:03:59.179130,2025-06-21 01:03:59.550685,0 days 00:00:00.371555,,,,,,,,,,,,,,,,,,,,,,,,,,,,,,,,,,,,,,,,,,,576.0,0.05,4m,0.6,0.9,2.5,928.0,,,,,,,,,,,,,,,,,,,,,,,,,,,,,680.0,0.05,8m,0.8,0.7,1.5,336.0,,,,,,,,0.35000000000000003,2,COMPLETE
128,128,-3.151444179405876,2025-06-21 01:03:59.568706,2025-06-21 01:04:00.101673,0 days 00:00:00.532967,,,,,,,,,,,,,,,,,,,,,,,,,,,,,248.0,0.05,10m,0.5,0.7,2.5,96.0,,,,,,,,,,,,,,,704.0,0.025,10m,0.9,0.7,3.0,744.0,,,,,,,,,,,,,,,528.0,0.025,2m,0.7,0.7,2.0,272.0,,,,,,,,,,,,,,,0.4,3,COMPLETE
129,129,0.3726253614741034,2025-06-21 01:04:00.120702,2025-06-21 01:04:00.804874,0 days 00:00:00.684172,,,,,,,,240.0,0.025,9m,0.9,0.9,2.5,608.0,,,,,,,,,,,,,,,,,,,,,,,,,,,,,,,,,,,,856.0,0.025,9m,0.8,0.8,2.5,880.0,,,,,,,,,,,,,,,,,,,,,,568.0,0.05,5m,0.7,0.8,1.5,256.0,504.0,0.025,7m,0.7,0.9,2.5,200.0,0.25,4,COMPLETE
130,130,0.1692628422668937,2025-06-21 01:04:00.824684,2025-06-21 01:04:01.359678,0 days 00:00:00.534994,,,,,,,,,,,,,,,,,,,,,,,,,,,,,,,,,,,,256.0,0.05,9m,0.9,1.0,3.0,800.0,,,,,,,,,,,,,,,,,,,,,,704.0,0.025,2m,0.9,0.6,1.5,280.0,,,,,,,,328.0,0.05,3m,0.8,0.6,2.0,104.0,,,,,,,,0.3,3,COMPLETE
131,131,-0.8024041748410232,2025-06-21 01:04:01.378478,2025-06-21 01:04:01.902657,0 days 00:00:00.524179,,,,,,,,,,,,,,,576.0,0.025,3m,0.9,0.7,2.0,904.0,,,,,,,,504.0,0.025,6m,0.7,1.0,2.5,624.0,,,,,,,,,,,,,,,,,,,,,,,,,,,,,,,,,,,,,,,,,,,,,,,,,,936.0,0.025,10m,0.8,0.7,3.0,632.0,0.35000000000000003,3,COMPLETE
132,132,-1.3291912698218977,2025-06-21 01:04:01.922521,2025-06-21 01:04:02.436847,0 days 00:00:00.514326,,,,,,,,,,,,,,,928.0,0.025,5m,0.6,0.6,2.5,288.0,848.0,0.05,2m,0.5,0.7,3.0,376.0,,,,,,,,,,,,,,,,,,,,,,,,,,,,,,,,,,,,,,,,,,,,,,,,,,,,,,,,,664.0,0.025,8m,0.5,0.9,1.5,288.0,0.35000000000000003,3,COMPLETE
133,133,-4.290825206798448,2025-06-21 01:04:02.456487,2025-06-21 01:04:02.839959,0 days 00:00:00.383472,320.0,0.05,1m,0.9,0.9,2.5,608.0,,,,,,,,,,,,,,,,,,,,,,,,,,,,,,,,,,,,,,,,,,,,,,,,,,,,,,,,,440.0,0.05,9m,1.0,0.8,2.0,664.0,,,,,,,,,,,,,,,,,,,,,,0.35000000000000003,2,COMPLETE
134,134,1.4572517437504062,2025-06-21 01:04:02.859735,2025-06-21 01:04:03.375606,0 days 00:00:00.515871,,,,,,,,,,,,,,,,,,,,,,,,,,,,,688.0,0.05,7m,0.7,0.9,1.5,720.0,,,,,,,,,,,,,,,,,,,,,,936.0,0.025,10m,0.7,0.9,2.5,16.0,480.0,0.025,4m,0.9,0.7,2.5,480.0,,,,,,,,,,,,,,,,,,,,,,0.2,3,COMPLETE
135,135,-2.34163922855229,2025-06-21 01:04:03.393924,2025-06-21 01:04:03.913816,0 days 00:00:00.519892,,,,,,,,,,,,,,,496.0,0.05,4m,0.8,0.5,3.0,96.0,,,,,,,,,,,,,,,,,,,,,,672.0,0.05,8m,0.5,1.0,2.5,832.0,,,,,,,,,,,,,,,,,,,,,,696.0,0.025,9m,0.7,0.7,2.0,544.0,,,,,,,,,,,,,,,0.35000000000000003,3,COMPLETE
136,136,0.8398127535559672,2025-06-21 01:04:03.936348,2025-06-21 01:04:04.305013,0 days 00:00:00.368665,,,,,,,,,,,,,,,,,,,,,,768.0,0.05,2m,0.5,0.7,3.0,536.0,,,,,,,,,,,,,,,,,,,,,,976.0,0.025,10m,1.0,0.7,3.0,816.0,,,,,,,,,,,,,,,,,,,,,,,,,,,,,,,,,,,,0.3,2,COMPLETE
137,137,-1.028241363247613,2025-06-21 01:04:04.323587,2025-06-21 01:04:05.031736,0 days 00:00:00.708149,,,,,,,,432.0,0.025,3m,0.9,0.8,2.5,472.0,320.0,0.05,6m,0.7,0.9,2.0,464.0,,,,,,,,,,,,,,,,,,,,,,,,,,,,,,,,,,,,,,,,,,,736.0,0.05,10m,1.0,0.6,1.5,344.0,,,,,,,,488.0,0.05,2m,0.9,0.9,2.0,416.0,,,,,,,,0.4,4,COMPLETE
138,138,0.2040865058888291,2025-06-21 01:04:05.051757,2025-06-21 01:04:05.575802,0 days 00:00:00.524045,,,,,,,,,,,,,,,,,,,,,,504.0,0.05,2m,0.5,0.8,3.0,328.0,,,,,,,,408.0,0.05,7m,0.8,0.9,3.0,728.0,,,,,,,,984.0,0.025,10m,1.0,0.7,3.0,832.0,,,,,,,,,,,,,,,,,,,,,,,,,,,,,,,,,,,,0.35000000000000003,3,COMPLETE
139,139,-0.00040324108453662524,2025-06-21 01:04:05.597831,2025-06-21 01:04:06.317167,0 days 00:00:00.719336,,,,,,,,528.0,0.025,10m,1.0,0.9,2.5,816.0,,,,,,,,896.0,0.05,4m,0.6,0.7,3.0,416.0,,,,,,,,72.0,0.05,7m,1.0,0.8,3.0,1000.0,632.0,0.05,3m,0.6,0.9,2.5,760.0,,,,,,,,,,,,,,,,,,,,,,,,,,,,,,,,,,,,,,,,,,,0.15000000000000002,4,COMPLETE
140,140,-2.2837904773178423,2025-06-21 01:04:06.338710,2025-06-21 01:04:07.041253,0 days 00:00:00.702543,,,,,,,,,,,,,,,,,,,,,,,,,,,,,,,,,,,,,,,,,,,800.0,0.05,4m,0.5,1.0,2.0,968.0,1024.0,0.025,8m,1.0,0.7,3.0,688.0,,,,,,,,,,,,,,,,,,,,,,832.0,0.05,4m,0.7,0.7,1.5,488.0,,,,,,,,0.3,3,COMPLETE
141,141,-1.4235417013099423,2025-06-21 01:04:07.060772,2025-06-21 01:04:07.697867,0 days 00:00:00.637095,,,,,,,,,,,,,,,112.0,0.025,10m,0.6,0.9,2.0,920.0,,,,,,,,696.0,0.05,7m,0.7,0.9,1.5,752.0,,,,,,,,,,,,,,,,,,,,,,,,,,,,,,,,,,,,520.0,0.025,7m,0.8,0.7,2.0,200.0,,,,,,,,,,,,,,,0.2,3,COMPLETE
142,142,0.400178936638486,2025-06-21 01:04:07.718645,2025-06-21 01:04:08.396109,0 days 00:00:00.677464,,,,,,,,,,,,,,,240.0,0.05,8m,0.9,1.0,3.0,784.0,,,,,,,,,,,,,,,,,,,,,,,,,,,,,,,,,,,,,,,,,,,,,,,,,,,,,,,,,424.0,0.05,7m,0.8,0.9,2.5,656.0,264.0,0.025,4m,0.6,1.0,2.0,720.0,0.2,3,COMPLETE
143,143,-0.23967619763417986,2025-06-21 01:04:08.418678,2025-06-21 01:04:09.077326,0 days 00:00:00.658648,240.0,0.05,2m,0.7,0.9,2.5,728.0,,,,,,,,,,,,,,,,,,,,,,,,,,,,,,,,,,,,,,,,,,,776.0,0.025,10m,1.0,0.8,3.0,992.0,,,,,,,,488.0,0.025,4m,0.9,0.7,2.5,584.0,,,,,,,,,,,,,,,,,,,,,,0.2,3,COMPLETE
144,144,1.4949825347911805,2025-06-21 01:04:09.099352,2025-06-21 01:04:09.676153,0 days 00:00:00.576801,,,,,,,,,,,,,,,,,,,,,,728.0,0.05,7m,0.5,0.9,3.0,216.0,,,,,,,,,,,,,,,,,,,,,,,,,,,,,,,,,,,,,,,,,,,672.0,0.025,6m,0.7,0.8,2.0,320.0,48.0,0.05,9m,0.7,0.7,2.5,360.0,,,,,,,,0.2,3,COMPLETE
145,145,2.2737951592068946,2025-06-21 01:04:09.694425,2025-06-21 01:04:10.198200,0 days 00:00:00.503775,,,,,,,,,,,,,,,,,,,,,,,,,,,,,352.0,0.025,8m,0.9,0.7,2.0,672.0,648.0,0.05,8m,0.8,0.9,3.0,408.0,,,,,,,,,,,,,,,,,,,,,,,,,,,,,784.0,0.025,6m,0.7,0.8,2.0,328.0,,,,,,,,,,,,,,,0.15000000000000002,3,COMPLETE
146,146,-3.54207108653912,2025-06-21 01:04:10.217222,2025-06-21 01:04:11.384434,0 days 00:00:01.167212,80.0,0.05,9m,0.9,0.9,2.5,768.0,400.0,0.025,5m,0.9,0.7,2.0,736.0,,,,,,,,656.0,0.05,2m,0.7,0.8,1.5,520.0,,,,,,,,648.0,0.05,8m,0.8,0.9,3.0,384.0,568.0,0.05,1m,0.5,0.9,2.0,736.0,,,,,,,,,,,,,,,,,,,,,,752.0,0.025,6m,0.7,0.8,2.0,456.0,264.0,0.05,8m,0.9,0.6,2.0,272.0,,,,,,,,0.15000000000000002,7,COMPLETE
147,147,1.5659388535150305,2025-06-21 01:04:11.404874,2025-06-21 01:04:11.798436,0 days 00:00:00.393562,,,,,,,,,,,,,,,,,,,,,,,,,,,,,,,,,,,,,,,,,,,464.0,0.05,4m,0.6,1.0,2.5,896.0,,,,,,,,920.0,0.025,10m,0.7,0.9,2.5,112.0,,,,,,,,,,,,,,,,,,,,,,,,,,,,,0.45,2,COMPLETE
148,148,4.757492294201082,2025-06-21 01:04:11.815764,2025-06-21 01:04:12.171242,0 days 00:00:00.355478,,,,,,,,,,,,,,,,,,,,,,,,,,,,,,,,,,,,,,,,,,,,,,,,,,,,,,,,,928.0,0.025,10m,0.7,0.9,2.5,104.0,,,,,,,,808.0,0.025,6m,0.8,0.7,2.5,352.0,,,,,,,,,,,,,,,0.45,2,COMPLETE
149,149,0.437986509080499,2025-06-21 01:04:12.195082,2025-06-21 01:04:12.562744,0 days 00:00:00.367662,,,,,,,,,,,,,,,,,,,,,,,,,,,,,,,,,,,,,,,,,,,,,,,,,,200.0,0.025,7m,0.9,0.9,2.5,488.0,,,,,,,,,,,,,,,,,,,,,,520.0,0.05,3m,0.8,0.8,1.5,440.0,,,,,,,,0.45,2,COMPLETE
