,number,value,datetime_start,datetime_complete,duration,params_DIAsynprice_DIA_beta_win,params_DIAsynprice_DIA_stop_loss,params_DIAsynprice_DIA_trade_freq,params_DIAsynprice_DIA_z_entry,params_DIAsynprice_DIA_z_exit,params_DIAsynprice_DIA_z_stop_scaler,params_DIAsynprice_DIA_z_win,params_QQQsynprice_QQQ_beta_win,params_QQQsynprice_QQQ_stop_loss,params_QQQsynprice_QQQ_trade_freq,params_QQQsynprice_QQQ_z_entry,params_QQQsynprice_QQQ_z_exit,params_QQQsynprice_QQQ_z_stop_scaler,params_QQQsynprice_QQQ_z_win,params_XLBsynprice_XLB_beta_win,params_XLBsynprice_XLB_stop_loss,params_XLBsynprice_XLB_trade_freq,params_XLBsynprice_XLB_z_entry,params_XLBsynprice_XLB_z_exit,params_XLBsynprice_XLB_z_stop_scaler,params_XLBsynprice_XLB_z_win,params_XLCsynprice_XLC_beta_win,params_XLCsynprice_XLC_stop_loss,params_XLCsynprice_XLC_trade_freq,params_XLCsynprice_XLC_z_entry,params_XLCsynprice_XLC_z_exit,params_XLCsynprice_XLC_z_stop_scaler,params_XLCsynprice_XLC_z_win,params_XLEsynprice_XLE_beta_win,params_XLEsynprice_XLE_stop_loss,params_XLEsynprice_XLE_trade_freq,params_XLEsynprice_XLE_z_entry,params_XLEsynprice_XLE_z_exit,params_XLEsynprice_XLE_z_stop_scaler,params_XLEsynprice_XLE_z_win,params_XLFsynprice_XLF_beta_win,params_XLFsynprice_XLF_stop_loss,params_XLFsynprice_XLF_trade_freq,params_XLFsynprice_XLF_z_entry,params_XLFsynprice_XLF_z_exit,params_XLFsynprice_XLF_z_stop_scaler,params_XLFsynprice_XLF_z_win,params_XLIsynprice_XLI_beta_win,params_XLIsynprice_XLI_stop_loss,params_XLIsynprice_XLI_trade_freq,params_XLIsynprice_XLI_z_entry,params_XLIsynprice_XLI_z_exit,params_XLIsynprice_XLI_z_stop_scaler,params_XLIsynprice_XLI_z_win,params_XLKsynprice_XLK_beta_win,params_XLKsynprice_XLK_stop_loss,params_XLKsynprice_XLK_trade_freq,params_XLKsynprice_XLK_z_entry,params_XLKsynprice_XLK_z_exit,params_XLKsynprice_XLK_z_stop_scaler,params_XLKsynprice_XLK_z_win,params_XLPsynprice_XLP_beta_win,params_XLPsynprice_XLP_stop_loss,params_XLPsynprice_XLP_trade_freq,params_XLPsynprice_XLP_z_entry,params_XLPsynprice_XLP_z_exit,params_XLPsynprice_XLP_z_stop_scaler,params_XLPsynprice_XLP_z_win,params_XLREsynprice_XLRE_beta_win,params_XLREsynprice_XLRE_stop_loss,params_XLREsynprice_XLRE_trade_freq,params_XLREsynprice_XLRE_z_entry,params_XLREsynprice_XLRE_z_exit,params_XLREsynprice_XLRE_z_stop_scaler,params_XLREsynprice_XLRE_z_win,params_XLUsynprice_XLU_beta_win,params_XLUsynprice_XLU_stop_loss,params_XLUsynprice_XLU_trade_freq,params_XLUsynprice_XLU_z_entry,params_XLUsynprice_XLU_z_exit,params_XLUsynprice_XLU_z_stop_scaler,params_XLUsynprice_XLU_z_win,params_XLVsynprice_XLV_beta_win,params_XLVsynprice_XLV_stop_loss,params_XLVsynprice_XLV_trade_freq,params_XLVsynprice_XLV_z_entry,params_XLVsynprice_XLV_z_exit,params_XLVsynprice_XLV_z_stop_scaler,params_XLVsynprice_XLV_z_win,params_XLYsynprice_XLY_beta_win,params_XLYsynprice_XLY_stop_loss,params_XLYsynprice_XLY_trade_freq,params_XLYsynprice_XLY_z_entry,params_XLYsynprice_XLY_z_exit,params_XLYsynprice_XLY_z_stop_scaler,params_XLYsynprice_XLY_z_win,params_buffer_capital,params_pairs_to_trade,state
56,56,-6.878066040224934,2025-06-21 01:16:33.723038,2025-06-21 01:16:33.967382,0 days 00:00:00.244344,,,,,,,,,,,,,,,,,,,,,,,,,,,,,,,,,,,,,,,,,,,,,,,,,,56.0,0.03,4m,0.8,0.8,3.0,24.0,,,,,,,,,,,,,,,,,,,,,,,,,,,,,,,,,,,,0.35000000000000003,1,COMPLETE
57,57,-13.764254721490044,2025-06-21 01:16:33.986057,2025-06-21 01:16:35.420535,0 days 00:00:01.434478,34.0,0.0325,2m,0.5,1.0,3.0,30.0,,,,,,,,,,,,,,,42.0,0.025,1m,0.8,0.7,2.0,46.0,16.0,0.027500000000000004,5m,0.9,0.6,2.5,42.0,22.0,0.0175,5m,0.9,0.9,2.0,22.0,64.0,0.0325,2m,0.9,0.7,1.5,34.0,42.0,0.0175,2m,0.9,0.9,2.5,46.0,,,,,,,,,,,,,,,,,,,,,,48.0,0.01,3m,0.6,0.8,3.0,60.0,,,,,,,,0.25,7,COMPLETE
58,58,-54.13414565386802,2025-06-21 01:16:35.446063,2025-06-21 01:16:35.926137,0 days 00:00:00.480074,,,,,,,,,,,,,,,,,,,,,,,,,,,,,,,,,,,,,,,,,,,,,,,,,,52.0,0.0375,1m,1.0,1.0,2.0,34.0,,,,,,,,,,,,,,,30.0,0.015,1m,0.6,0.6,2.0,64.0,,,,,,,,,,,,,,,0.45,2,COMPLETE
59,59,-7.5692121178933975,2025-06-21 01:16:35.943051,2025-06-21 01:16:36.384829,0 days 00:00:00.441778,,,,,,,,,,,,,,,,,,,,,,,,,,,,,,,,,,,,,,,,,,,,,,,,,,60.0,0.015,5m,0.6,0.6,1.5,26.0,,,,,,,,,,,,,,,,,,,,,,,,,,,,,22.0,0.0175,5m,0.9,0.9,2.0,48.0,0.5,2,COMPLETE
60,60,-3.9969675155125453,2025-06-21 01:16:36.408122,2025-06-21 01:16:37.342980,0 days 00:00:00.934858,,,,,,,,,,,,,,,,,,,,,,,,,,,,,,,,,,,,10.0,0.0425,3m,0.6,0.6,3.0,32.0,44.0,0.045000000000000005,2m,0.7,1.0,3.0,52.0,,,,,,,,,,,,,,,64.0,0.0175,4m,0.6,0.6,3.0,52.0,,,,,,,,26.0,0.0325,4m,0.6,0.9,2.0,18.0,,,,,,,,0.2,4,COMPLETE
61,61,-8.572248533575586,2025-06-21 01:16:37.363994,2025-06-21 01:16:37.622306,0 days 00:00:00.258312,,,,,,,,32.0,0.04,5m,0.6,0.9,2.5,64.0,,,,,,,,,,,,,,,,,,,,,,,,,,,,,,,,,,,,,,,,,,,,,,,,,,,,,,,,,,,,,,,,,,,,,,,,,,,,,,0.2,1,COMPLETE
62,62,-16.54808307977693,2025-06-21 01:16:37.642328,2025-06-21 01:16:38.129628,0 days 00:00:00.487300,,,,,,,,52.0,0.027500000000000004,3m,0.9,0.6,1.5,24.0,40.0,0.027500000000000004,1m,0.9,0.9,2.0,22.0,,,,,,,,,,,,,,,,,,,,,,,,,,,,,,,,,,,,,,,,,,,,,,,,,,,,,,,,,,,,,,,,,,,,,,,0.25,2,COMPLETE
63,63,-1.1079792453697774,2025-06-21 01:16:38.149242,2025-06-21 01:16:38.429704,0 days 00:00:00.280462,,,,,,,,,,,,,,,,,,,,,,50.0,0.025,1m,0.8,0.7,2.0,48.0,,,,,,,,,,,,,,,,,,,,,,,,,,,,,,,,,,,,,,,,,,,,,,,,,,,,,,,,,,,,,,,,0.3,1,COMPLETE
64,64,-4.127051423547513,2025-06-21 01:16:38.448458,2025-06-21 01:16:38.712628,0 days 00:00:00.264170,,,,,,,,24.0,0.027500000000000004,2m,0.9,0.6,2.0,40.0,,,,,,,,,,,,,,,,,,,,,,,,,,,,,,,,,,,,,,,,,,,,,,,,,,,,,,,,,,,,,,,,,,,,,,,,,,,,,,0.3,1,COMPLETE
65,65,-3.4163739500823374,2025-06-21 01:16:38.731145,2025-06-21 01:16:38.983956,0 days 00:00:00.252811,,,,,,,,,,,,,,,,,,,,,,,,,,,,,,,,,,,,,,,,,,,,,,,,,,,,,,,,,,,,,,,,,,,,,,,,,,,,,,62.0,0.02,5m,0.9,0.6,2.5,44.0,,,,,,,,0.3,1,COMPLETE
66,66,-22.855125124205905,2025-06-21 01:16:39.007054,2025-06-21 01:16:39.285377,0 days 00:00:00.278323,,,,,,,,,,,,,,,,,,,,,,,,,,,,,,,,,,,,,,,,,,,,,,,,,,,,,,,,,,,,,,,,,,,,,,,,,,,,,,18.0,0.045000000000000005,1m,0.7,0.7,1.5,32.0,,,,,,,,0.4,1,COMPLETE
67,67,-10.246711859949528,2025-06-21 01:16:39.301942,2025-06-21 01:16:39.751582,0 days 00:00:00.449640,,,,,,,,,,,,,,,,,,,,,,,,,,,,,40.0,0.01,5m,1.0,0.5,3.0,48.0,,,,,,,,,,,,,,,,,,,,,,,,,,,,,38.0,0.03,1m,0.6,0.6,2.0,20.0,,,,,,,,,,,,,,,,,,,,,,0.35000000000000003,2,COMPLETE
68,68,-16.99436380494704,2025-06-21 01:16:39.768599,2025-06-21 01:16:40.991020,0 days 00:00:01.222421,22.0,0.045000000000000005,1m,1.0,0.5,2.5,50.0,,,,,,,,,,,,,,,50.0,0.025,1m,0.8,0.7,2.0,48.0,30.0,0.0375,5m,0.7,0.8,2.5,56.0,56.0,0.0325,4m,0.6,0.9,2.5,18.0,,,,,,,,,,,,,,,,,,,,,,,,,,,,,54.0,0.0325,4m,0.7,0.7,1.5,28.0,,,,,,,,52.0,0.0425,3m,0.6,0.6,3.0,20.0,0.25,6,COMPLETE
69,69,-9.332920356542,2025-06-21 01:16:41.013653,2025-06-21 01:16:42.035089,0 days 00:00:01.021436,10.0,0.035,4m,0.7,0.8,2.0,58.0,,,,,,,,,,,,,,,50.0,0.0225,1m,0.7,0.7,2.0,50.0,14.0,0.015,2m,0.9,0.6,3.0,38.0,,,,,,,,,,,,,,,,,,,,,,54.0,0.0225,4m,0.9,0.6,3.0,38.0,,,,,,,,,,,,,,,30.0,0.025,3m,1.0,1.0,3.0,54.0,,,,,,,,0.4,5,COMPLETE
70,70,-12.880251461780302,2025-06-21 01:16:42.056411,2025-06-21 01:16:42.324749,0 days 00:00:00.268338,,,,,,,,,,,,,,,,,,,,,,,,,,,,,,,,,,,,,,,,,,,,,,,,,,,,,,,,,,,,,,,,,,,,,,,10.0,0.0425,2m,1.0,1.0,3.0,38.0,,,,,,,,,,,,,,,0.35000000000000003,1,COMPLETE
71,71,-15.417694794997178,2025-06-21 01:16:42.341651,2025-06-21 01:16:42.774383,0 days 00:00:00.432732,,,,,,,,56.0,0.04,4m,0.6,0.9,2.5,18.0,,,,,,,,,,,,,,,,,,,,,,,,,,,,,56.0,0.0325,4m,0.5,0.5,2.0,22.0,,,,,,,,,,,,,,,,,,,,,,,,,,,,,,,,,,,,,,,,,,,0.2,2,COMPLETE
72,72,-35.77224274154389,2025-06-21 01:16:42.791657,2025-06-21 01:16:43.050437,0 days 00:00:00.258780,,,,,,,,,,,,,,,,,,,,,,,,,,,,,,,,,,,,,,,,,,,16.0,0.01,1m,0.8,0.8,2.5,36.0,,,,,,,,,,,,,,,,,,,,,,,,,,,,,,,,,,,,,,,,,,,0.25,1,COMPLETE
73,73,-1.0097645055140945,2025-06-21 01:16:43.071468,2025-06-21 01:16:43.508041,0 days 00:00:00.436573,,,,,,,,,,,,,,,22.0,0.04,3m,1.0,0.7,2.5,46.0,,,,,,,,,,,,,,,42.0,0.02,2m,0.9,0.6,2.0,54.0,,,,,,,,,,,,,,,,,,,,,,,,,,,,,,,,,,,,,,,,,,,,,,,,,,0.3,2,COMPLETE
74,74,-40.15148522182671,2025-06-21 01:16:43.523847,2025-06-21 01:16:43.772534,0 days 00:00:00.248687,,,,,,,,10.0,0.0175,1m,0.7,0.7,1.5,56.0,,,,,,,,,,,,,,,,,,,,,,,,,,,,,,,,,,,,,,,,,,,,,,,,,,,,,,,,,,,,,,,,,,,,,,,,,,,,,,0.3,1,COMPLETE
75,75,-0.8790168777627524,2025-06-21 01:16:43.790002,2025-06-21 01:16:44.035644,0 days 00:00:00.245642,,,,,,,,,,,,,,,18.0,0.04,3m,1.0,0.7,2.5,50.0,,,,,,,,,,,,,,,,,,,,,,,,,,,,,,,,,,,,,,,,,,,,,,,,,,,,,,,,,,,,,,,,,,,,,,,0.3,1,COMPLETE
76,76,-6.968709272243406,2025-06-21 01:16:44.052650,2025-06-21 01:16:44.502887,0 days 00:00:00.450237,,,,,,,,,,,,,,,16.0,0.04,3m,1.0,0.7,2.5,50.0,,,,,,,,58.0,0.035,3m,0.5,1.0,1.5,28.0,,,,,,,,,,,,,,,,,,,,,,,,,,,,,,,,,,,,,,,,,,,,,,,,,,,,,,,,,0.3,2,COMPLETE
77,77,-11.795954654404555,2025-06-21 01:16:44.521515,2025-06-21 01:16:44.768777,0 days 00:00:00.247262,,,,,,,,,,,,,,,,,,,,,,,,,,,,,42.0,0.045000000000000005,4m,0.6,0.9,2.0,18.0,,,,,,,,,,,,,,,,,,,,,,,,,,,,,,,,,,,,,,,,,,,,,,,,,,,,,,,,,0.25,1,COMPLETE
78,78,-1.193573639343067,2025-06-21 01:16:44.788179,2025-06-21 01:16:45.032611,0 days 00:00:00.244432,,,,,,,,42.0,0.045000000000000005,3m,1.0,1.0,3.0,30.0,,,,,,,,,,,,,,,,,,,,,,,,,,,,,,,,,,,,,,,,,,,,,,,,,,,,,,,,,,,,,,,,,,,,,,,,,,,,,,0.3,1,COMPLETE
79,79,-14.986977212708208,2025-06-21 01:16:45.049658,2025-06-21 01:16:45.486752,0 days 00:00:00.437094,46.0,0.01,3m,0.6,0.9,1.5,40.0,,,,,,,,,,,,,,,,,,,,,,,,,,,,,,,,,,,,,,,,,,,,,,,,,,,,,,,,,,,,,,,,,,,,,,,50.0,0.035,4m,0.5,0.5,2.5,10.0,,,,,,,,0.3,2,COMPLETE
80,80,0.02467088587720546,2025-06-21 01:16:45.503143,2025-06-21 01:16:45.748715,0 days 00:00:00.245572,,,,,,,,,,,,,,,,,,,,,,,,,,,,,,,,,,,,44.0,0.0225,2m,0.9,0.6,2.0,54.0,,,,,,,,,,,,,,,,,,,,,,,,,,,,,,,,,,,,,,,,,,,,,,,,,,0.35000000000000003,1,COMPLETE
81,81,-4.158843187904985,2025-06-21 01:16:45.767554,2025-06-21 01:16:46.020502,0 days 00:00:00.252948,,,,,,,,,,,,,,,,,,,,,,,,,,,,,,,,,,,,,,,,,,,,,,,,,,20.0,0.045000000000000005,4m,1.0,1.0,3.0,16.0,,,,,,,,,,,,,,,,,,,,,,,,,,,,,,,,,,,,0.35000000000000003,1,COMPLETE
82,82,-0.40842384896259215,2025-06-21 01:16:46.039758,2025-06-21 01:16:46.292894,0 days 00:00:00.253136,,,,,,,,40.0,0.045000000000000005,3m,1.0,1.0,3.0,30.0,,,,,,,,,,,,,,,,,,,,,,,,,,,,,,,,,,,,,,,,,,,,,,,,,,,,,,,,,,,,,,,,,,,,,,,,,,,,,,0.3,1,COMPLETE
83,83,-69.9346579443611,2025-06-21 01:16:46.309921,2025-06-21 01:16:46.567207,0 days 00:00:00.257286,,,,,,,,,,,,,,,,,,,,,,,,,,,,,,,,,,,,,,,,,,,,,,,,,,34.0,0.0425,1m,0.5,0.5,3.0,10.0,,,,,,,,,,,,,,,,,,,,,,,,,,,,,,,,,,,,0.3,1,COMPLETE
84,84,-1.9184942449218245,2025-06-21 01:16:46.584267,2025-06-21 01:16:47.020605,0 days 00:00:00.436338,,,,,,,,42.0,0.045000000000000005,3m,1.0,1.0,3.0,34.0,,,,,,,,50.0,0.02,4m,0.9,0.6,2.0,52.0,,,,,,,,,,,,,,,,,,,,,,,,,,,,,,,,,,,,,,,,,,,,,,,,,,,,,,,,,,,,,,,,0.35000000000000003,2,COMPLETE
85,85,-15.898548107697044,2025-06-21 01:16:47.038645,2025-06-21 01:16:47.301225,0 days 00:00:00.262580,,,,,,,,,,,,,,,,,,,,,,,,,,,,,,,,,,,,,,,,,,,,,,,,,,,,,,,,,,,,,,,,,,,,,,,40.0,0.0225,3m,0.5,0.5,2.5,10.0,,,,,,,,,,,,,,,0.3,1,COMPLETE
86,86,-6.051881347336118,2025-06-21 01:16:47.318252,2025-06-21 01:16:47.554020,0 days 00:00:00.235768,,,,,,,,,,,,,,,,,,,,,,,,,,,,,,,,,,,,,,,,,,,30.0,0.0175,5m,0.9,0.9,1.5,44.0,,,,,,,,,,,,,,,,,,,,,,,,,,,,,,,,,,,,,,,,,,,0.3,1,COMPLETE
87,87,-44.23127857172411,2025-06-21 01:16:47.572049,2025-06-21 01:16:47.826629,0 days 00:00:00.254580,,,,,,,,,,,,,,,,,,,,,,,,,,,,,,,,,,,,,,,,,,,,,,,,,,,,,,,,,,,,,,,,,,,,,,,18.0,0.0375,1m,0.8,0.8,2.0,56.0,,,,,,,,,,,,,,,0.35000000000000003,1,COMPLETE
88,88,-42.94506366836266,2025-06-21 01:16:47.842658,2025-06-21 01:16:49.888752,0 days 00:00:02.046094,36.0,0.0225,5m,0.9,0.6,3.0,10.0,40.0,0.0375,3m,0.9,0.9,3.0,30.0,22.0,0.0425,3m,0.9,0.7,2.0,48.0,46.0,0.0325,1m,0.7,0.8,1.5,36.0,54.0,0.045000000000000005,1m,0.7,0.8,1.5,46.0,42.0,0.0225,2m,0.9,0.6,2.0,54.0,10.0,0.0475,3m,0.6,0.6,3.0,56.0,24.0,0.027500000000000004,5m,0.9,0.9,1.5,20.0,,,,,,,,,,,,,,,56.0,0.03,4m,0.9,0.9,1.5,22.0,,,,,,,,38.0,0.0325,1m,0.6,0.6,2.5,56.0,0.4,10,COMPLETE
89,89,-2.4812340236493218,2025-06-21 01:16:49.908774,2025-06-21 01:16:50.365018,0 days 00:00:00.456244,,,,,,,,,,,,,,,,,,,,,,30.0,0.0175,1m,0.9,0.6,2.5,36.0,,,,,,,,,,,,,,,,,,,,,,,,,,,,,,,,,,,,52.0,0.04,2m,0.9,0.9,2.5,34.0,,,,,,,,,,,,,,,,,,,,,,0.45,2,COMPLETE
90,90,-5.718247856360611,2025-06-21 01:16:50.384086,2025-06-21 01:16:50.639250,0 days 00:00:00.255164,,,,,,,,,,,,,,,,,,,,,,,,,,,,,22.0,0.027500000000000004,2m,0.8,0.7,2.0,38.0,,,,,,,,,,,,,,,,,,,,,,,,,,,,,,,,,,,,,,,,,,,,,,,,,,,,,,,,,0.3,1,COMPLETE
91,91,-3.8949251317425846,2025-06-21 01:16:50.656761,2025-06-21 01:16:50.914939,0 days 00:00:00.258178,,,,,,,,,,,,,,,,,,,,,,,,,,,,,,,,,,,,,,,,,,,,,,,,,,14.0,0.05,2m,0.9,0.8,2.5,36.0,,,,,,,,,,,,,,,,,,,,,,,,,,,,,,,,,,,,0.3,1,COMPLETE
92,92,-3.5251996586550267,2025-06-21 01:16:50.932939,2025-06-21 01:16:51.185159,0 days 00:00:00.252220,,,,,,,,,,,,,,,,,,,,,,,,,,,,,,,,,,,,,,,,,,,,,,,,,,,,,,,,,,,,,,,,,,,,,,,,,,,,,,,,,,,,,30.0,0.0175,4m,0.9,0.9,2.0,42.0,0.25,1,COMPLETE
93,93,-12.779964988712683,2025-06-21 01:16:51.207692,2025-06-21 01:16:51.451491,0 days 00:00:00.243799,,,,,,,,,,,,,,,,,,,,,,,,,,,,,,,,,,,,,,,,,,,,,,,,,,,,,,,,,,,,,,,,,,,,,,,46.0,0.015,5m,0.6,0.6,3.0,34.0,,,,,,,,,,,,,,,0.35000000000000003,1,COMPLETE
94,94,-8.929791420991688,2025-06-21 01:16:51.467750,2025-06-21 01:16:51.916534,0 days 00:00:00.448784,,,,,,,,,,,,,,,,,,,,,,,,,,,,,,,,,,,,,,,,,,,,,,,,,,,,,,,,,18.0,0.05,2m,0.9,0.6,2.5,18.0,,,,,,,,,,,,,,,40.0,0.0175,2m,0.8,0.8,2.0,20.0,,,,,,,,0.3,2,COMPLETE
95,95,-2.3285927480923574,2025-06-21 01:16:51.934580,2025-06-21 01:16:52.185278,0 days 00:00:00.250698,,,,,,,,,,,,,,,,,,,,,,,,,,,,,,,,,,,,,,,,,,,,,,,,,,26.0,0.04,5m,1.0,1.0,3.0,28.0,,,,,,,,,,,,,,,,,,,,,,,,,,,,,,,,,,,,0.3,1,COMPLETE
96,96,-4.45335205856135,2025-06-21 01:16:52.213818,2025-06-21 01:16:52.664145,0 days 00:00:00.450327,,,,,,,,34.0,0.05,3m,1.0,1.0,3.0,42.0,,,,,,,,,,,,,,,,,,,,,,,,,,,,,,,,,,,,32.0,0.0225,2m,0.8,0.5,1.5,38.0,,,,,,,,,,,,,,,,,,,,,,,,,,,,,,,,,,,,0.25,2,COMPLETE
97,97,-9.769399961961426,2025-06-21 01:16:52.682174,2025-06-21 01:16:52.939608,0 days 00:00:00.257434,,,,,,,,,,,,,,,,,,,,,,,,,,,,,,,,,,,,,,,,,,,34.0,0.035,3m,0.7,0.7,2.0,64.0,,,,,,,,,,,,,,,,,,,,,,,,,,,,,,,,,,,,,,,,,,,0.35000000000000003,1,COMPLETE
98,98,-8.37671255861532,2025-06-21 01:16:52.956452,2025-06-21 01:16:53.408393,0 days 00:00:00.451941,56.0,0.045000000000000005,2m,0.7,0.7,2.5,30.0,,,,,,,,,,,,,,,,,,,,,,,,,,,,,,,,,,,,,,,,,,,,,,,,,,,,,,,,,20.0,0.045000000000000005,3m,0.7,0.7,1.5,10.0,,,,,,,,,,,,,,,,,,,,,,0.5,2,COMPLETE
99,99,-59.139618200811576,2025-06-21 01:16:53.427557,2025-06-21 01:16:53.677962,0 days 00:00:00.250405,18.0,0.0375,1m,0.8,0.8,2.0,18.0,,,,,,,,,,,,,,,,,,,,,,,,,,,,,,,,,,,,,,,,,,,,,,,,,,,,,,,,,,,,,,,,,,,,,,,,,,,,,,,,,,,,,0.3,1,COMPLETE
100,100,-9.278423591617036,2025-06-21 01:16:53.694143,2025-06-21 01:16:53.940016,0 days 00:00:00.245873,,,,,,,,,,,,,,,,,,,,,,,,,,,,,,,,,,,,,,,,,,,20.0,0.025,4m,0.8,0.8,2.5,32.0,,,,,,,,,,,,,,,,,,,,,,,,,,,,,,,,,,,,,,,,,,,0.25,1,COMPLETE
101,101,-5.397624380873668,2025-06-21 01:16:53.955524,2025-06-21 01:16:54.204579,0 days 00:00:00.249055,,,,,,,,,,,,,,,,,,,,,,,,,,,,,,,,,,,,,,,,,,,,,,,,,,,,,,,,,,,,,,,,,,,,,,,,,,,,,,,,,,,,,18.0,0.03,2m,0.7,0.7,1.5,40.0,0.25,1,COMPLETE
102,102,-6.353889514543924,2025-06-21 01:16:54.226645,2025-06-21 01:16:54.469543,0 days 00:00:00.242898,58.0,0.027500000000000004,5m,1.0,1.0,1.5,50.0,,,,,,,,,,,,,,,,,,,,,,,,,,,,,,,,,,,,,,,,,,,,,,,,,,,,,,,,,,,,,,,,,,,,,,,,,,,,,,,,,,,,,0.25,1,COMPLETE
103,103,-20.936776229109054,2025-06-21 01:16:54.485488,2025-06-21 01:16:54.735551,0 days 00:00:00.250063,,,,,,,,,,,,,,,,,,,,,,,,,,,,,,,,,,,,,,,,,,,,,,,,,,,,,,,,,28.0,0.0225,1m,0.6,0.9,2.0,32.0,,,,,,,,,,,,,,,,,,,,,,,,,,,,,0.3,1,COMPLETE
104,104,-4.514730724881329,2025-06-21 01:16:54.752144,2025-06-21 01:16:55.249395,0 days 00:00:00.497251,,,,,,,,,,,,,,,,,,,,,,,,,,,,,,,,,,,,40.0,0.0175,2m,0.9,0.6,2.0,58.0,,,,,,,,50.0,0.03,3m,0.7,0.7,2.0,44.0,,,,,,,,,,,,,,,,,,,,,,,,,,,,,,,,,,,,0.3,2,COMPLETE
105,105,-13.353021501849174,2025-06-21 01:16:55.272360,2025-06-21 01:16:55.521814,0 days 00:00:00.249454,40.0,0.0175,3m,0.5,0.5,3.0,40.0,,,,,,,,,,,,,,,,,,,,,,,,,,,,,,,,,,,,,,,,,,,,,,,,,,,,,,,,,,,,,,,,,,,,,,,,,,,,,,,,,,,,,0.25,1,COMPLETE
106,106,-2.89500014583305,2025-06-21 01:16:55.537864,2025-06-21 01:16:55.785744,0 days 00:00:00.247880,,,,,,,,,,,,,,,,,,,,,,,,,,,,,,,,,,,,,,,,,,,,,,,,,,62.0,0.0225,3m,0.6,0.6,2.0,56.0,,,,,,,,,,,,,,,,,,,,,,,,,,,,,,,,,,,,0.25,1,COMPLETE
107,107,-5.162566067731887,2025-06-21 01:16:55.802769,2025-06-21 01:16:56.249161,0 days 00:00:00.446392,,,,,,,,46.0,0.0425,3m,0.8,0.8,2.5,28.0,,,,,,,,,,,,,,,,,,,,,,,,,,,,,,,,,,,,,,,,,,,,,,,,,,,,,,,,,34.0,0.045000000000000005,2m,0.7,0.7,2.0,42.0,,,,,,,,,,,,,,,0.05,2,COMPLETE
108,108,-8.728699978865848,2025-06-21 01:16:56.277134,2025-06-21 01:16:56.908754,0 days 00:00:00.631620,,,,,,,,,,,,,,,,,,,,,,,,,,,,,,,,,,,,,,,,,,,,,,,,,,,,,,,,,52.0,0.0375,3m,0.7,0.7,1.5,56.0,42.0,0.015,3m,1.0,1.0,3.0,44.0,26.0,0.025,4m,0.8,0.8,2.5,24.0,,,,,,,,,,,,,,,0.35000000000000003,3,COMPLETE
109,109,-15.85430374026909,2025-06-21 01:16:56.925853,2025-06-21 01:16:58.566689,0 days 00:00:01.640836,24.0,0.0475,4m,0.6,0.9,2.5,32.0,,,,,,,,,,,,,,,,,,,,,,,,,,,,,32.0,0.03,2m,1.0,0.5,1.5,42.0,44.0,0.0425,5m,1.0,1.0,3.0,10.0,44.0,0.0125,3m,0.7,0.7,1.5,46.0,,,,,,,,10.0,0.035,2m,0.5,0.5,2.0,56.0,52.0,0.0125,5m,1.0,1.0,1.5,58.0,10.0,0.045000000000000005,1m,0.6,0.9,3.0,32.0,58.0,0.045000000000000005,1m,1.0,1.0,3.0,28.0,0.35000000000000003,8,COMPLETE
110,110,-2.268532193878319,2025-06-21 01:16:58.587710,2025-06-21 01:16:58.853337,0 days 00:00:00.265627,,,,,,,,,,,,,,,28.0,0.035,3m,1.0,0.7,2.5,54.0,,,,,,,,,,,,,,,,,,,,,,,,,,,,,,,,,,,,,,,,,,,,,,,,,,,,,,,,,,,,,,,,,,,,,,,0.3,1,COMPLETE
111,111,-168.93813340221945,2025-06-21 01:16:58.870512,2025-06-21 01:16:59.117203,0 days 00:00:00.246691,,,,,,,,,,,,,,,,,,,,,,,,,,,,,,,,,,,,,,,,,,,56.0,0.015,1m,0.5,0.5,1.5,24.0,,,,,,,,,,,,,,,,,,,,,,,,,,,,,,,,,,,,,,,,,,,0.35000000000000003,1,COMPLETE
112,112,-14.054348653465318,2025-06-21 01:16:59.136734,2025-06-21 01:16:59.384571,0 days 00:00:00.247837,,,,,,,,,,,,,,,,,,,,,,,,,,,,,,,,,,,,,,,,,,,26.0,0.03,2m,0.6,0.6,2.5,18.0,,,,,,,,,,,,,,,,,,,,,,,,,,,,,,,,,,,,,,,,,,,0.4,1,COMPLETE
113,113,-10.919893768445135,2025-06-21 01:16:59.402044,2025-06-21 01:16:59.654490,0 days 00:00:00.252446,,,,,,,,,,,,,,,,,,,,,,,,,,,,,,,,,,,,,,,,,,,44.0,0.01,2m,0.9,0.9,2.0,46.0,,,,,,,,,,,,,,,,,,,,,,,,,,,,,,,,,,,,,,,,,,,0.3,1,COMPLETE
114,114,-0.9618750787804194,2025-06-21 01:16:59.671994,2025-06-21 01:16:59.925451,0 days 00:00:00.253457,,,,,,,,,,,,,,,18.0,0.0475,3m,1.0,0.8,3.0,42.0,,,,,,,,,,,,,,,,,,,,,,,,,,,,,,,,,,,,,,,,,,,,,,,,,,,,,,,,,,,,,,,,,,,,,,,0.35000000000000003,1,COMPLETE
115,115,-6.313944318828995,2025-06-21 01:16:59.942986,2025-06-21 01:17:00.189633,0 days 00:00:00.246647,,,,,,,,,,,,,,,,,,,,,,,,,,,,,,,,,,,,,,,,,,,,,,,,,,,,,,,,,,,,,,,,,,,,,,,,,,,,,,,,,,,,,44.0,0.025,3m,0.5,0.5,2.5,56.0,0.35000000000000003,1,COMPLETE
116,116,-8.336845022223283,2025-06-21 01:17:00.206571,2025-06-21 01:17:00.464155,0 days 00:00:00.257584,,,,,,,,30.0,0.045000000000000005,3m,1.0,1.0,3.0,16.0,,,,,,,,,,,,,,,,,,,,,,,,,,,,,,,,,,,,,,,,,,,,,,,,,,,,,,,,,,,,,,,,,,,,,,,,,,,,,,0.3,1,COMPLETE
117,117,-6.656124857138195,2025-06-21 01:17:00.483633,2025-06-21 01:17:00.925532,0 days 00:00:00.441899,,,,,,,,,,,,,,,20.0,0.0475,3m,1.0,0.8,3.0,42.0,56.0,0.0325,1m,0.5,0.8,2.0,56.0,,,,,,,,,,,,,,,,,,,,,,,,,,,,,,,,,,,,,,,,,,,,,,,,,,,,,,,,,,,,,,,,0.4,2,COMPLETE
118,118,-97.84276522533035,2025-06-21 01:17:00.942672,2025-06-21 01:17:01.202484,0 days 00:00:00.259812,,,,,,,,,,,,,,,,,,,,,,,,,,,,,32.0,0.0475,1m,0.5,1.0,1.5,28.0,,,,,,,,,,,,,,,,,,,,,,,,,,,,,,,,,,,,,,,,,,,,,,,,,,,,,,,,,0.3,1,COMPLETE
119,119,-2.80990157381215,2025-06-21 01:17:01.221509,2025-06-21 01:17:01.671908,0 days 00:00:00.450399,,,,,,,,58.0,0.0325,3m,0.9,0.9,2.5,46.0,,,,,,,,,,,,,,,,,,,,,,54.0,0.015,2m,0.8,0.7,2.0,48.0,,,,,,,,,,,,,,,,,,,,,,,,,,,,,,,,,,,,,,,,,,,,,,,,,,0.25,2,COMPLETE
120,120,0.6386129402704385,2025-06-21 01:17:01.690904,2025-06-21 01:17:01.946701,0 days 00:00:00.255797,,,,,,,,,,,,,,,,,,,,,,,,,,,,,,,,,,,,44.0,0.025,2m,0.9,0.6,2.5,56.0,,,,,,,,,,,,,,,,,,,,,,,,,,,,,,,,,,,,,,,,,,,,,,,,,,0.3,1,COMPLETE
121,121,-1.4455931476797794,2025-06-21 01:17:01.964280,2025-06-21 01:17:02.226831,0 days 00:00:00.262551,,,,,,,,,,,,,,,,,,,,,,30.0,0.015,1m,0.9,0.6,1.5,42.0,,,,,,,,,,,,,,,,,,,,,,,,,,,,,,,,,,,,,,,,,,,,,,,,,,,,,,,,,,,,,,,,0.3,1,COMPLETE
122,122,-3.5596185874655593,2025-06-21 01:17:02.248447,2025-06-21 01:17:02.506776,0 days 00:00:00.258329,,,,,,,,50.0,0.0375,3m,1.0,1.0,3.0,28.0,,,,,,,,,,,,,,,,,,,,,,,,,,,,,,,,,,,,,,,,,,,,,,,,,,,,,,,,,,,,,,,,,,,,,,,,,,,,,,0.3,1,COMPLETE
123,123,-11.44478452591031,2025-06-21 01:17:02.524789,2025-06-21 01:17:02.771344,0 days 00:00:00.246555,46.0,0.03,2m,0.9,0.6,2.0,58.0,,,,,,,,,,,,,,,,,,,,,,,,,,,,,,,,,,,,,,,,,,,,,,,,,,,,,,,,,,,,,,,,,,,,,,,,,,,,,,,,,,,,,0.35000000000000003,1,COMPLETE
124,124,-2.098151369661485,2025-06-21 01:17:02.788063,2025-06-21 01:17:03.049310,0 days 00:00:00.261247,,,,,,,,,,,,,,,,,,,,,,,,,,,,,,,,,,,,,,,,,,,,,,,,,,,,,,,,,,,,,,,,34.0,0.025,1m,0.8,0.8,2.5,22.0,,,,,,,,,,,,,,,,,,,,,,0.25,1,COMPLETE
125,125,-12.043563423037606,2025-06-21 01:17:03.069748,2025-06-21 01:17:03.317771,0 days 00:00:00.248023,,,,,,,,,,,,,,,,,,,,,,,,,,,,,,,,,,,,,,,,,,,20.0,0.02,3m,0.7,0.7,3.0,40.0,,,,,,,,,,,,,,,,,,,,,,,,,,,,,,,,,,,,,,,,,,,0.3,1,COMPLETE
126,126,-3.336830762532239,2025-06-21 01:17:03.335618,2025-06-21 01:17:03.580875,0 days 00:00:00.245257,,,,,,,,,,,,,,,,,,,,,,,,,,,,,,,,,,,,,,,,,,,,,,,,,,,,,,,,,,,,,,,,,,,,,,,,,,,,,,60.0,0.01,5m,0.9,0.6,1.5,44.0,,,,,,,,0.35000000000000003,1,COMPLETE
127,127,-11.037467817436248,2025-06-21 01:17:03.597865,2025-06-21 01:17:04.043077,0 days 00:00:00.445212,32.0,0.04,3m,0.8,0.7,1.5,16.0,,,,,,,,14.0,0.0375,3m,1.0,0.7,3.0,42.0,,,,,,,,,,,,,,,,,,,,,,,,,,,,,,,,,,,,,,,,,,,,,,,,,,,,,,,,,,,,,,,,,,,,,,,0.3,2,COMPLETE
