,number,value,datetime_start,datetime_complete,duration,params_DIAsynprice_DIA_beta_win,params_DIAsynprice_DIA_stop_loss,params_DIAsynprice_DIA_trade_freq,params_DIAsynprice_DIA_z_entry,params_DIAsynprice_DIA_z_exit,params_DIAsynprice_DIA_z_stop_scaler,params_DIAsynprice_DIA_z_win,params_QQQsynprice_QQQ_beta_win,params_QQQsynprice_QQQ_stop_loss,params_QQQsynprice_QQQ_trade_freq,params_QQQsynprice_QQQ_z_entry,params_QQQsynprice_QQQ_z_exit,params_QQQsynprice_QQQ_z_stop_scaler,params_QQQsynprice_QQQ_z_win,params_XLBsynprice_XLB_beta_win,params_XLBsynprice_XLB_stop_loss,params_XLBsynprice_XLB_trade_freq,params_XLBsynprice_XLB_z_entry,params_XLBsynprice_XLB_z_exit,params_XLBsynprice_XLB_z_stop_scaler,params_XLBsynprice_XLB_z_win,params_XLCsynprice_XLC_beta_win,params_XLCsynprice_XLC_stop_loss,params_XLCsynprice_XLC_trade_freq,params_XLCsynprice_XLC_z_entry,params_XLCsynprice_XLC_z_exit,params_XLCsynprice_XLC_z_stop_scaler,params_XLCsynprice_XLC_z_win,params_XLEsynprice_XLE_beta_win,params_XLEsynprice_XLE_stop_loss,params_XLEsynprice_XLE_trade_freq,params_XLEsynprice_XLE_z_entry,params_XLEsynprice_XLE_z_exit,params_XLEsynprice_XLE_z_stop_scaler,params_XLEsynprice_XLE_z_win,params_XLFsynprice_XLF_beta_win,params_XLFsynprice_XLF_stop_loss,params_XLFsynprice_XLF_trade_freq,params_XLFsynprice_XLF_z_entry,params_XLFsynprice_XLF_z_exit,params_XLFsynprice_XLF_z_stop_scaler,params_XLFsynprice_XLF_z_win,params_XLIsynprice_XLI_beta_win,params_XLIsynprice_XLI_stop_loss,params_XLIsynprice_XLI_trade_freq,params_XLIsynprice_XLI_z_entry,params_XLIsynprice_XLI_z_exit,params_XLIsynprice_XLI_z_stop_scaler,params_XLIsynprice_XLI_z_win,params_XLKsynprice_XLK_beta_win,params_XLKsynprice_XLK_stop_loss,params_XLKsynprice_XLK_trade_freq,params_XLKsynprice_XLK_z_entry,params_XLKsynprice_XLK_z_exit,params_XLKsynprice_XLK_z_stop_scaler,params_XLKsynprice_XLK_z_win,params_XLPsynprice_XLP_beta_win,params_XLPsynprice_XLP_stop_loss,params_XLPsynprice_XLP_trade_freq,params_XLPsynprice_XLP_z_entry,params_XLPsynprice_XLP_z_exit,params_XLPsynprice_XLP_z_stop_scaler,params_XLPsynprice_XLP_z_win,params_XLREsynprice_XLRE_beta_win,params_XLREsynprice_XLRE_stop_loss,params_XLREsynprice_XLRE_trade_freq,params_XLREsynprice_XLRE_z_entry,params_XLREsynprice_XLRE_z_exit,params_XLREsynprice_XLRE_z_stop_scaler,params_XLREsynprice_XLRE_z_win,params_XLUsynprice_XLU_beta_win,params_XLUsynprice_XLU_stop_loss,params_XLUsynprice_XLU_trade_freq,params_XLUsynprice_XLU_z_entry,params_XLUsynprice_XLU_z_exit,params_XLUsynprice_XLU_z_stop_scaler,params_XLUsynprice_XLU_z_win,params_XLVsynprice_XLV_beta_win,params_XLVsynprice_XLV_stop_loss,params_XLVsynprice_XLV_trade_freq,params_XLVsynprice_XLV_z_entry,params_XLVsynprice_XLV_z_exit,params_XLVsynprice_XLV_z_stop_scaler,params_XLVsynprice_XLV_z_win,params_XLYsynprice_XLY_beta_win,params_XLYsynprice_XLY_stop_loss,params_XLYsynprice_XLY_trade_freq,params_XLYsynprice_XLY_z_entry,params_XLYsynprice_XLY_z_exit,params_XLYsynprice_XLY_z_stop_scaler,params_XLYsynprice_XLY_z_win,params_buffer_capital,params_pairs_to_trade,state
50,50,-44.1795370533889,2025-06-21 01:37:55.516248,2025-06-21 01:37:56.561171,0 days 00:00:01.044923,,,,,,,,24.0,0.0225,1m,0.9,0.6,2.0,64.0,,,,,,,,,,,,,,,,,,,,,,,,,,,,,44.0,0.01,1m,0.5,0.8,2.0,48.0,,,,,,,,,,,,,,,18.0,0.027500000000000004,4m,0.9,0.6,2.5,22.0,42.0,0.015,2m,0.9,0.8,2.5,46.0,50.0,0.025,4m,0.6,0.6,2.0,30.0,,,,,,,,0.25,5,COMPLETE
51,51,-3.481240041978284,2025-06-21 01:37:56.582851,2025-06-21 01:37:57.419720,0 days 00:00:00.836869,18.0,0.045000000000000005,5m,0.9,0.9,2.5,54.0,,,,,,,,,,,,,,,,,,,,,,,,,,,,,,,,,,,,58.0,0.04,4m,0.9,0.9,3.0,56.0,,,,,,,,42.0,0.03,4m,0.9,0.6,3.0,48.0,,,,,,,,,,,,,,,42.0,0.0175,4m,0.7,0.6,1.5,48.0,,,,,,,,0.15000000000000002,4,COMPLETE
52,52,-0.8305785418625466,2025-06-21 01:37:57.438375,2025-06-21 01:37:58.486797,0 days 00:00:01.048422,,,,,,,,,,,,,,,,,,,,,,52.0,0.0425,2m,0.9,0.6,2.5,48.0,,,,,,,,10.0,0.0325,4m,1.0,1.0,2.5,46.0,20.0,0.05,4m,0.8,0.5,2.5,32.0,,,,,,,,,,,,,,,,,,,,,,,,,,,,,58.0,0.0425,4m,0.5,0.5,2.0,22.0,58.0,0.027500000000000004,4m,0.5,1.0,1.5,38.0,0.2,5,COMPLETE
53,53,-8.0689902677966,2025-06-21 01:37:58.506861,2025-06-21 01:37:59.554431,0 days 00:00:01.047570,,,,,,,,42.0,0.0375,3m,1.0,0.5,1.5,46.0,58.0,0.0175,4m,0.6,0.7,1.5,36.0,,,,,,,,18.0,0.015,3m,0.9,0.7,2.5,26.0,10.0,0.03,1m,1.0,1.0,2.5,58.0,,,,,,,,36.0,0.035,2m,0.9,0.9,1.5,40.0,,,,,,,,,,,,,,,,,,,,,,,,,,,,,,,,,,,,0.45,5,COMPLETE
54,54,-9.254106713472076,2025-06-21 01:37:59.574569,2025-06-21 01:38:00.851595,0 days 00:00:01.277026,,,,,,,,,,,,,,,46.0,0.015,4m,0.7,0.8,1.5,40.0,56.0,0.045000000000000005,2m,0.8,0.6,2.5,46.0,,,,,,,,,,,,,,,,,,,,,,,,,,,,,48.0,0.027500000000000004,1m,0.9,0.6,2.5,36.0,30.0,0.0425,5m,1.0,0.5,1.5,44.0,56.0,0.02,4m,0.7,0.9,2.0,20.0,58.0,0.0425,4m,0.5,0.5,2.0,20.0,,,,,,,,0.25,6,COMPLETE
55,55,-8.724829910425655,2025-06-21 01:38:00.884169,2025-06-21 01:38:02.540474,0 days 00:00:01.656305,,,,,,,,26.0,0.025,5m,0.9,0.8,2.0,26.0,56.0,0.027500000000000004,4m,0.6,0.6,2.0,56.0,54.0,0.0375,2m,0.9,0.5,2.5,50.0,56.0,0.04,1m,1.0,0.5,2.0,42.0,,,,,,,,16.0,0.05,4m,0.8,0.5,2.5,34.0,18.0,0.015,5m,0.6,0.6,3.0,20.0,30.0,0.015,3m,0.6,0.9,2.0,54.0,,,,,,,,28.0,0.027500000000000004,5m,0.6,0.7,3.0,36.0,,,,,,,,,,,,,,,0.2,8,COMPLETE
56,56,-2.1106602670756835,2025-06-21 01:38:02.561494,2025-06-21 01:38:03.794935,0 days 00:00:01.233441,26.0,0.0325,5m,1.0,0.8,2.0,58.0,16.0,0.035,4m,1.0,0.6,2.5,56.0,,,,,,,,,,,,,,,,,,,,,,18.0,0.0325,2m,1.0,1.0,2.5,48.0,,,,,,,,,,,,,,,16.0,0.035,2m,0.7,0.7,1.5,18.0,16.0,0.01,2m,0.7,0.6,2.0,20.0,,,,,,,,,,,,,,,,,,,,,,0.3,5,COMPLETE
57,57,-6.187829303640695,2025-06-21 01:38:03.827480,2025-06-21 01:38:04.694385,0 days 00:00:00.866905,,,,,,,,42.0,0.0425,4m,0.9,0.7,1.5,42.0,,,,,,,,,,,,,,,,,,,,,,,,,,,,,,,,,,,,42.0,0.045000000000000005,2m,0.7,0.7,2.0,54.0,,,,,,,,46.0,0.0225,1m,0.9,0.8,3.0,20.0,40.0,0.0175,5m,1.0,1.0,2.5,56.0,,,,,,,,,,,,,,,0.1,4,COMPLETE
58,58,-10.881400223795895,2025-06-21 01:38:04.715332,2025-06-21 01:38:05.930854,0 days 00:00:01.215522,34.0,0.04,1m,0.8,1.0,3.0,50.0,64.0,0.027500000000000004,4m,0.7,0.5,2.0,54.0,,,,,,,,44.0,0.0475,2m,1.0,0.7,2.0,38.0,,,,,,,,,,,,,,,,,,,,,,,,,,,,,56.0,0.045000000000000005,5m,1.0,1.0,3.0,42.0,26.0,0.0425,4m,0.8,0.5,1.5,42.0,,,,,,,,,,,,,,,56.0,0.027500000000000004,4m,0.5,1.0,1.5,42.0,0.25,6,COMPLETE
59,59,-9.864711820742498,2025-06-21 01:38:05.952863,2025-06-21 01:38:07.550140,0 days 00:00:01.597277,42.0,0.05,3m,0.8,0.8,2.5,40.0,30.0,0.0175,3m,0.8,0.6,2.5,32.0,,,,,,,,34.0,0.03,2m,0.9,0.6,2.5,58.0,,,,,,,,,,,,,,,,,,,,,,52.0,0.045000000000000005,3m,0.8,0.8,2.5,46.0,46.0,0.025,1m,0.5,0.5,2.5,30.0,14.0,0.03,4m,1.0,0.7,2.5,16.0,,,,,,,,56.0,0.0325,4m,0.5,0.6,1.5,20.0,,,,,,,,0.2,7,COMPLETE
60,60,-7.292524462090921,2025-06-21 01:38:07.574286,2025-06-21 01:38:08.737302,0 days 00:00:01.163016,14.0,0.0325,2m,1.0,0.9,2.5,60.0,,,,,,,,46.0,0.02,4m,0.8,0.5,1.5,30.0,,,,,,,,,,,,,,,,,,,,,,,,,,,,,26.0,0.027500000000000004,5m,1.0,1.0,1.5,16.0,32.0,0.015,2m,0.8,0.8,2.0,56.0,,,,,,,,,,,,,,,60.0,0.0425,4m,0.6,0.5,2.0,34.0,,,,,,,,0.15000000000000002,5,COMPLETE
61,61,-4.334130012193416,2025-06-21 01:38:08.756931,2025-06-21 01:38:09.480957,0 days 00:00:00.724026,,,,,,,,,,,,,,,32.0,0.01,4m,0.5,0.7,2.0,22.0,,,,,,,,,,,,,,,,,,,,,,,,,,,,,,,,,,,,22.0,0.045000000000000005,3m,0.9,0.9,3.0,14.0,,,,,,,,,,,,,,,,,,,,,,60.0,0.03,4m,0.5,1.0,1.5,34.0,0.15000000000000002,3,COMPLETE
62,62,-37.20976178923601,2025-06-21 01:38:09.501002,2025-06-21 01:38:10.389515,0 days 00:00:00.888513,22.0,0.0425,5m,0.9,0.9,2.5,52.0,,,,,,,,,,,,,,,56.0,0.0425,2m,0.9,0.6,2.5,52.0,,,,,,,,,,,,,,,,,,,,,,32.0,0.035,1m,0.5,0.5,3.0,28.0,,,,,,,,,,,,,,,,,,,,,,40.0,0.035,4m,0.7,0.7,1.5,16.0,,,,,,,,0.2,4,COMPLETE
63,63,-9.234162096064656,2025-06-21 01:38:10.409777,2025-06-21 01:38:11.061911,0 days 00:00:00.652134,,,,,,,,18.0,0.0375,2m,1.0,1.0,1.5,44.0,,,,,,,,,,,,,,,28.0,0.03,2m,0.6,0.9,3.0,56.0,,,,,,,,20.0,0.045000000000000005,4m,0.7,0.6,2.5,28.0,,,,,,,,,,,,,,,,,,,,,,,,,,,,,,,,,,,,,,,,,,,0.15000000000000002,3,COMPLETE
64,64,-19.72073723671477,2025-06-21 01:38:11.099209,2025-06-21 01:38:11.561288,0 days 00:00:00.462079,,,,,,,,38.0,0.0475,1m,0.9,0.9,2.0,22.0,,,,,,,,,,,,,,,,,,,,,,,,,,,,,,,,,,,,,,,,,,,,,,,,,,,,,,,,,,,,,,,,,,,,,,,50.0,0.0175,4m,0.7,0.8,2.0,42.0,0.1,2,COMPLETE
65,65,-2.8294666417925525,2025-06-21 01:38:11.581313,2025-06-21 01:38:12.420715,0 days 00:00:00.839402,,,,,,,,10.0,0.0325,5m,0.6,0.5,3.0,58.0,,,,,,,,50.0,0.0425,2m,0.8,0.6,2.5,58.0,,,,,,,,24.0,0.045000000000000005,4m,0.9,0.9,3.0,46.0,32.0,0.035,4m,0.8,0.5,2.5,18.0,,,,,,,,,,,,,,,,,,,,,,,,,,,,,,,,,,,,,,,,,,,0.2,4,COMPLETE
66,66,-1.7587355085236942,2025-06-21 01:38:12.455349,2025-06-21 01:38:14.523526,0 days 00:00:02.068177,,,,,,,,28.0,0.0175,4m,1.0,0.7,2.0,64.0,52.0,0.027500000000000004,3m,0.7,0.8,1.5,44.0,46.0,0.0225,2m,0.9,0.5,2.5,50.0,,,,,,,,22.0,0.027500000000000004,4m,0.9,0.9,3.0,42.0,,,,,,,,40.0,0.0175,4m,0.6,0.6,2.0,24.0,40.0,0.0325,4m,0.6,0.6,1.5,64.0,38.0,0.015,4m,0.7,0.6,2.0,26.0,10.0,0.0325,3m,0.8,0.8,3.0,46.0,46.0,0.0225,5m,0.5,0.6,2.0,34.0,64.0,0.025,4m,0.6,0.9,1.5,56.0,0.15000000000000002,10,COMPLETE
67,67,-5.767633261986275,2025-06-21 01:38:14.546080,2025-06-21 01:38:15.007256,0 days 00:00:00.461176,,,,,,,,20.0,0.04,4m,0.8,0.6,2.5,40.0,60.0,0.035,2m,0.6,0.9,2.5,32.0,,,,,,,,,,,,,,,,,,,,,,,,,,,,,,,,,,,,,,,,,,,,,,,,,,,,,,,,,,,,,,,,,,,,,,,0.1,2,COMPLETE
68,68,-2.7806712243187937,2025-06-21 01:38:15.024138,2025-06-21 01:38:15.677139,0 days 00:00:00.653001,16.0,0.0425,5m,0.9,1.0,2.5,44.0,,,,,,,,,,,,,,,20.0,0.0375,3m,1.0,0.7,3.0,58.0,40.0,0.05,2m,0.7,0.8,2.5,24.0,,,,,,,,,,,,,,,,,,,,,,,,,,,,,,,,,,,,,,,,,,,,,,,,,,,,,,,,,0.2,3,COMPLETE
69,69,-7.590357321232363,2025-06-21 01:38:15.713194,2025-06-21 01:38:16.567142,0 days 00:00:00.853948,,,,,,,,,,,,,,,,,,,,,,,,,,,,,,,,,,,,,,,,,,,,,,,,,,46.0,0.025,2m,0.9,0.9,2.5,58.0,64.0,0.015,1m,0.7,0.7,2.0,42.0,,,,,,,,16.0,0.0425,2m,0.9,0.9,2.0,60.0,,,,,,,,56.0,0.03,4m,0.5,1.0,2.0,48.0,0.15000000000000002,4,COMPLETE
70,70,-6.321867680290824,2025-06-21 01:38:16.585387,2025-06-21 01:38:17.025194,0 days 00:00:00.439807,30.0,0.0375,5m,0.9,0.8,2.0,54.0,,,,,,,,,,,,,,,,,,,,,,,,,,,,,,,,,,,,,,,,,,,24.0,0.02,4m,1.0,1.0,1.5,42.0,,,,,,,,,,,,,,,,,,,,,,,,,,,,,,,,,,,,0.1,2,COMPLETE
71,71,-5.862166152855086,2025-06-21 01:38:17.043124,2025-06-21 01:38:17.701310,0 days 00:00:00.658186,20.0,0.045000000000000005,5m,0.8,0.9,2.5,64.0,,,,,,,,12.0,0.027500000000000004,2m,0.9,0.6,2.5,22.0,,,,,,,,16.0,0.0125,4m,0.9,0.6,1.5,12.0,,,,,,,,,,,,,,,,,,,,,,,,,,,,,,,,,,,,,,,,,,,,,,,,,,,,,,,,,0.15000000000000002,3,COMPLETE
72,72,-4.767857570854643,2025-06-21 01:38:17.720205,2025-06-21 01:38:18.359269,0 days 00:00:00.639064,24.0,0.04,5m,1.0,0.9,3.0,34.0,,,,,,,,,,,,,,,54.0,0.045000000000000005,4m,0.9,0.6,2.0,48.0,,,,,,,,34.0,0.0425,4m,0.9,0.9,3.0,40.0,,,,,,,,,,,,,,,,,,,,,,,,,,,,,,,,,,,,,,,,,,,,,,,,,,0.15000000000000002,3,COMPLETE
73,73,-1.2028675290039115,2025-06-21 01:38:18.378300,2025-06-21 01:38:19.023261,0 days 00:00:00.644961,,,,,,,,,,,,,,,26.0,0.045000000000000005,2m,0.9,0.6,3.0,24.0,38.0,0.04,5m,0.8,0.8,2.5,38.0,,,,,,,,30.0,0.0375,4m,1.0,1.0,3.0,34.0,,,,,,,,,,,,,,,,,,,,,,,,,,,,,,,,,,,,,,,,,,,,,,,,,,0.2,3,COMPLETE
74,74,-17.085612930213884,2025-06-21 01:38:19.041526,2025-06-21 01:38:19.904544,0 days 00:00:00.863018,,,,,,,,,,,,,,,,,,,,,,52.0,0.035,2m,0.7,0.5,2.5,54.0,,,,,,,,,,,,,,,,,,,,,,60.0,0.0125,1m,0.7,0.7,3.0,34.0,,,,,,,,,,,,,,,,,,,,,,64.0,0.045000000000000005,3m,0.6,0.5,2.5,24.0,44.0,0.0225,4m,0.6,0.9,2.0,38.0,0.15000000000000002,4,COMPLETE
75,75,-2.825258951338245,2025-06-21 01:38:19.926325,2025-06-21 01:38:20.379116,0 days 00:00:00.452791,,,,,,,,,,,,,,,,,,,,,,,,,,,,,,,,,,,,,,,,,,,,,,,,,,,,,,,,,16.0,0.027500000000000004,2m,0.8,0.8,2.5,30.0,,,,,,,,,,,,,,,,,,,,,,52.0,0.0175,4m,0.7,0.8,1.5,46.0,0.05,2,COMPLETE
76,76,-25.286177934788544,2025-06-21 01:38:20.397243,2025-06-21 01:38:21.045221,0 days 00:00:00.647978,,,,,,,,,,,,,,,,,,,,,,,,,,,,,32.0,0.02,1m,0.8,0.7,2.0,42.0,,,,,,,,,,,,,,,56.0,0.0475,2m,1.0,0.8,2.0,38.0,,,,,,,,,,,,,,,,,,,,,,,,,,,,,60.0,0.035,1m,0.5,1.0,2.5,36.0,0.25,3,COMPLETE
77,77,-3.177675876764768,2025-06-21 01:38:21.081955,2025-06-21 01:38:22.119240,0 days 00:00:01.037285,12.0,0.025,5m,0.7,0.8,2.5,42.0,,,,,,,,,,,,,,,,,,,,,,24.0,0.0225,5m,1.0,0.5,2.5,60.0,14.0,0.0425,4m,0.9,0.9,2.5,32.0,,,,,,,,,,,,,,,,,,,,,,62.0,0.035,3m,0.5,0.9,2.0,34.0,26.0,0.025,4m,0.7,0.7,2.5,24.0,,,,,,,,,,,,,,,0.1,5,COMPLETE
78,78,-35.219594688484676,2025-06-21 01:38:22.139273,2025-06-21 01:38:23.438332,0 days 00:00:01.299059,,,,,,,,,,,,,,,,,,,,,,42.0,0.0475,2m,0.9,0.6,1.5,62.0,,,,,,,,,,,,,,,12.0,0.027500000000000004,4m,0.9,0.7,2.0,42.0,,,,,,,,44.0,0.0375,5m,1.0,1.0,1.5,18.0,,,,,,,,54.0,0.05,1m,0.8,0.8,1.5,36.0,54.0,0.03,2m,0.9,0.7,1.5,14.0,40.0,0.045000000000000005,4m,0.6,0.9,2.0,56.0,0.2,6,COMPLETE
79,79,-3.7644195544280468,2025-06-21 01:38:23.463355,2025-06-21 01:38:23.721170,0 days 00:00:00.257815,28.0,0.035,5m,0.9,1.0,2.0,50.0,,,,,,,,,,,,,,,,,,,,,,,,,,,,,,,,,,,,,,,,,,,,,,,,,,,,,,,,,,,,,,,,,,,,,,,,,,,,,,,,,,,,,0.15000000000000002,1,COMPLETE
80,80,-8.701016385097832,2025-06-21 01:38:23.739689,2025-06-21 01:38:24.571517,0 days 00:00:00.831828,,,,,,,,40.0,0.025,5m,0.9,0.8,1.5,48.0,,,,,,,,,,,,,,,64.0,0.0325,3m,0.7,0.8,3.0,52.0,,,,,,,,,,,,,,,,,,,,,,56.0,0.0475,3m,0.5,0.5,3.0,48.0,,,,,,,,38.0,0.035,5m,1.0,1.0,3.0,48.0,,,,,,,,,,,,,,,0.2,4,COMPLETE
81,81,-4.37344171773627,2025-06-21 01:38:24.590631,2025-06-21 01:38:25.240668,0 days 00:00:00.650037,,,,,,,,,,,,,,,,,,,,,,,,,,,,,56.0,0.015,2m,0.9,0.6,2.0,38.0,,,,,,,,,,,,,,,16.0,0.0375,3m,0.5,0.5,1.5,50.0,,,,,,,,,,,,,,,,,,,,,,,,,,,,,58.0,0.027500000000000004,4m,0.7,0.8,1.5,40.0,0.2,3,COMPLETE
82,82,-34.55598541210657,2025-06-21 01:38:25.280439,2025-06-21 01:38:25.941322,0 days 00:00:00.660883,,,,,,,,,,,,,,,,,,,,,,,,,,,,,,,,,,,,,,,,,,,30.0,0.0425,5m,0.6,0.6,3.0,32.0,30.0,0.02,5m,0.8,0.6,3.0,44.0,,,,,,,,,,,,,,,,,,,,,,28.0,0.015,1m,0.5,0.6,2.0,44.0,,,,,,,,0.25,3,COMPLETE
83,83,-11.476242016668987,2025-06-21 01:38:25.960493,2025-06-21 01:38:26.412272,0 days 00:00:00.451779,,,,,,,,,,,,,,,,,,,,,,,,,,,,,,,,,,,,,,,,,,,,,,,,,,,,,,,,,,,,,,,,,,,,,,,44.0,0.0125,5m,0.6,0.6,2.0,40.0,60.0,0.045000000000000005,4m,0.7,0.8,1.5,36.0,,,,,,,,0.2,2,COMPLETE
84,84,-2.9396738532777515,2025-06-21 01:38:26.429833,2025-06-21 01:38:27.087413,0 days 00:00:00.657580,,,,,,,,46.0,0.0325,2m,0.7,0.9,2.0,32.0,,,,,,,,,,,,,,,40.0,0.01,2m,0.6,0.9,1.5,60.0,,,,,,,,,,,,,,,,,,,,,,,,,,,,,54.0,0.045000000000000005,3m,0.6,0.8,1.5,28.0,,,,,,,,,,,,,,,,,,,,,,0.15000000000000002,3,COMPLETE
85,85,-35.584970005104175,2025-06-21 01:38:27.106807,2025-06-21 01:38:27.951527,0 days 00:00:00.844720,,,,,,,,,,,,,,,,,,,,,,,,,,,,,,,,,,,,30.0,0.0375,4m,1.0,1.0,3.0,38.0,22.0,0.05,1m,0.7,0.5,2.5,10.0,,,,,,,,,,,,,,,,,,,,,,16.0,0.02,1m,0.9,0.9,2.5,60.0,,,,,,,,48.0,0.0225,4m,0.5,1.0,2.0,30.0,0.2,4,COMPLETE
86,86,-69.30233175341903,2025-06-21 01:38:27.969276,2025-06-21 01:38:28.625459,0 days 00:00:00.656183,,,,,,,,34.0,0.027500000000000004,1m,0.6,0.5,2.5,10.0,,,,,,,,,,,,,,,,,,,,,,,,,,,,,40.0,0.025,4m,1.0,0.6,2.0,24.0,,,,,,,,,,,,,,,,,,,,,,34.0,0.025,3m,0.5,0.5,2.5,50.0,,,,,,,,,,,,,,,0.3,3,COMPLETE
87,87,-11.22752552411589,2025-06-21 01:38:28.643812,2025-06-21 01:38:29.089257,0 days 00:00:00.445445,,,,,,,,,,,,,,,,,,,,,,,,,,,,,,,,,,,,40.0,0.035,4m,1.0,1.0,3.0,44.0,,,,,,,,,,,,,,,,,,,,,,,,,,,,,24.0,0.02,4m,0.7,0.7,3.0,42.0,,,,,,,,,,,,,,,0.25,2,COMPLETE
88,88,-11.612638963007457,2025-06-21 01:38:29.107053,2025-06-21 01:38:30.365409,0 days 00:00:01.258356,22.0,0.0475,1m,1.0,0.8,2.5,36.0,,,,,,,,26.0,0.045000000000000005,2m,0.9,0.6,3.0,18.0,32.0,0.04,5m,0.8,0.8,2.5,38.0,,,,,,,,,,,,,,,,,,,,,,48.0,0.0425,2m,0.5,0.9,2.5,16.0,,,,,,,,44.0,0.0325,3m,0.6,1.0,2.0,40.0,,,,,,,,,,,,,,,52.0,0.0125,2m,0.8,1.0,2.5,60.0,0.1,6,COMPLETE
89,89,-97.25249887976685,2025-06-21 01:38:30.389433,2025-06-21 01:38:31.456516,0 days 00:00:01.067083,16.0,0.027500000000000004,2m,0.8,0.7,3.0,58.0,,,,,,,,,,,,,,,38.0,0.0425,5m,0.8,0.8,2.5,26.0,48.0,0.0375,1m,0.5,1.0,2.5,10.0,,,,,,,,48.0,0.015,2m,0.8,0.7,3.0,40.0,,,,,,,,,,,,,,,,,,,,,,,,,,,,,46.0,0.01,4m,0.6,0.5,2.5,24.0,,,,,,,,0.05,5,COMPLETE
90,90,-5.428591647223942,2025-06-21 01:38:31.476661,2025-06-21 01:38:33.373355,0 days 00:00:01.896694,38.0,0.03,5m,0.9,0.9,2.5,56.0,26.0,0.0475,3m,1.0,0.6,1.5,60.0,16.0,0.045000000000000005,2m,1.0,0.6,3.0,26.0,20.0,0.0375,5m,0.7,0.8,2.5,42.0,,,,,,,,,,,,,,,58.0,0.0325,3m,0.9,0.5,1.5,30.0,,,,,,,,34.0,0.0175,4m,0.6,0.9,2.5,60.0,36.0,0.04,3m,0.9,0.9,1.5,52.0,12.0,0.045000000000000005,2m,0.8,0.8,1.5,14.0,,,,,,,,36.0,0.0325,3m,0.6,0.7,1.5,46.0,0.15000000000000002,9,COMPLETE
91,91,-3.650513064865544,2025-06-21 01:38:33.392372,2025-06-21 01:38:35.336103,0 days 00:00:01.943731,,,,,,,,,,,,,,,24.0,0.027500000000000004,3m,0.7,0.7,2.5,42.0,,,,,,,,16.0,0.035,3m,0.7,0.7,3.0,46.0,22.0,0.027500000000000004,4m,0.9,0.9,3.0,40.0,52.0,0.0225,4m,0.6,0.5,2.5,20.0,40.0,0.0175,4m,0.6,0.6,2.0,24.0,42.0,0.0325,4m,0.6,0.6,1.5,64.0,42.0,0.015,4m,0.7,0.6,2.0,26.0,,,,,,,,42.0,0.0225,5m,0.5,0.6,2.0,32.0,60.0,0.025,4m,0.6,0.9,1.5,58.0,0.2,9,COMPLETE
92,92,-2.5334087429221133,2025-06-21 01:38:35.356550,2025-06-21 01:38:37.291969,0 days 00:00:01.935419,14.0,0.035,3m,0.9,1.0,2.0,60.0,,,,,,,,52.0,0.03,2m,0.8,0.8,1.5,36.0,46.0,0.0225,2m,0.9,0.5,2.5,52.0,46.0,0.0175,4m,0.8,0.5,3.0,52.0,24.0,0.04,4m,0.9,0.9,3.0,32.0,,,,,,,,44.0,0.0175,4m,0.6,0.7,2.0,10.0,38.0,0.04,4m,0.7,0.6,1.5,58.0,64.0,0.02,4m,0.7,0.5,2.0,16.0,,,,,,,,46.0,0.0225,5m,0.5,0.6,2.0,38.0,,,,,,,,0.15000000000000002,9,COMPLETE
93,93,-5.487968712585364,2025-06-21 01:38:37.322050,2025-06-21 01:38:39.107633,0 days 00:00:01.785583,58.0,0.0425,5m,0.7,0.8,3.0,48.0,28.0,0.0175,4m,1.0,0.7,2.0,64.0,,,,,,,,,,,,,,,,,,,,,,34.0,0.0325,4m,1.0,1.0,3.0,50.0,,,,,,,,54.0,0.0225,4m,0.7,0.5,1.5,36.0,26.0,0.035,4m,0.6,0.7,2.0,40.0,30.0,0.025,4m,0.5,0.6,2.5,34.0,10.0,0.0325,3m,0.8,0.8,3.0,44.0,,,,,,,,64.0,0.025,4m,0.5,0.9,1.5,52.0,0.15000000000000002,8,COMPLETE
94,94,-7.771783548726779,2025-06-21 01:38:39.326912,2025-06-21 01:38:41.425645,0 days 00:00:02.098733,32.0,0.0475,1m,1.0,1.0,2.5,32.0,,,,,,,,36.0,0.025,3m,0.9,0.7,3.0,46.0,46.0,0.0175,2m,0.9,0.5,2.5,48.0,,,,,,,,28.0,0.045000000000000005,4m,0.8,0.8,3.0,42.0,,,,,,,,36.0,0.03,4m,0.5,0.6,2.0,18.0,40.0,0.03,4m,0.5,0.5,1.5,52.0,22.0,0.015,5m,0.6,0.7,2.0,24.0,18.0,0.03,3m,0.8,0.8,3.0,34.0,54.0,0.027500000000000004,5m,0.5,0.7,2.0,24.0,64.0,0.02,4m,0.6,0.9,1.5,44.0,0.1,10,COMPLETE
95,95,-5.986610512039819,2025-06-21 01:38:41.445577,2025-06-21 01:38:43.518926,0 days 00:00:02.073349,,,,,,,,22.0,0.02,4m,1.0,0.7,2.0,52.0,42.0,0.035,2m,0.7,0.6,1.5,18.0,58.0,0.0225,1m,0.8,0.5,3.0,32.0,52.0,0.027500000000000004,5m,1.0,1.0,3.0,36.0,20.0,0.0375,4m,0.9,0.9,3.0,38.0,14.0,0.04,4m,0.7,0.6,1.5,14.0,28.0,0.0125,4m,0.6,0.6,2.5,26.0,,,,,,,,40.0,0.03,2m,1.0,0.8,1.5,16.0,10.0,0.027500000000000004,3m,0.9,0.9,2.5,40.0,60.0,0.015,5m,0.6,0.5,2.0,34.0,,,,,,,,0.15000000000000002,10,COMPLETE
96,96,-2.4777956089875195,2025-06-21 01:38:43.546454,2025-06-21 01:38:43.837663,0 days 00:00:00.291209,,,,,,,,,,,,,,,,,,,,,,,,,,,,,,,,,,,,,,,,,,,,,,,,,,,,,,,,,,,,,,,,48.0,0.0475,1m,0.8,0.5,2.0,32.0,,,,,,,,,,,,,,,,,,,,,,0.2,1,COMPLETE
97,97,-18.373255979382833,2025-06-21 01:38:43.855683,2025-06-21 01:38:44.538661,0 days 00:00:00.682978,,,,,,,,,,,,,,,18.0,0.04,3m,0.8,0.5,2.0,18.0,50.0,0.04,2m,0.9,0.6,2.5,20.0,44.0,0.025,1m,0.9,0.7,2.5,30.0,,,,,,,,,,,,,,,,,,,,,,,,,,,,,,,,,,,,,,,,,,,,,,,,,,,,,,,,,0.15000000000000002,3,COMPLETE
98,98,-9.94281775652073,2025-06-21 01:38:44.571403,2025-06-21 01:38:45.416853,0 days 00:00:00.845450,,,,,,,,,,,,,,,50.0,0.03,3m,0.9,0.8,2.0,32.0,,,,,,,,,,,,,,,30.0,0.027500000000000004,4m,1.0,1.0,2.5,44.0,,,,,,,,64.0,0.0175,4m,0.7,0.5,2.0,14.0,36.0,0.025,3m,0.6,0.6,2.0,44.0,,,,,,,,,,,,,,,,,,,,,,,,,,,,,0.2,4,COMPLETE
99,99,-0.6636388621437279,2025-06-21 01:38:45.434873,2025-06-21 01:38:45.889186,0 days 00:00:00.454313,,,,,,,,,,,,,,,,,,,,,,,,,,,,,,,,,,,,,,,,,,,,,,,,,,,,,,,,,,,,,,,,14.0,0.02,4m,0.7,0.6,1.5,30.0,14.0,0.0325,3m,0.7,0.6,3.0,56.0,,,,,,,,,,,,,,,0.5,2,COMPLETE
100,100,-2.8751704302708454,2025-06-21 01:38:45.908585,2025-06-21 01:38:46.167243,0 days 00:00:00.258658,,,,,,,,,,,,,,,,,,,,,,,,,,,,,,,,,,,,,,,,,,,,,,,,,,,,,,,,,54.0,0.0125,3m,0.9,0.8,3.0,32.0,,,,,,,,,,,,,,,,,,,,,,,,,,,,,0.4,1,COMPLETE
101,101,-8.423257681309027,2025-06-21 01:38:46.184680,2025-06-21 01:38:46.643621,0 days 00:00:00.458941,10.0,0.0325,2m,0.8,0.9,3.0,38.0,,,,,,,,28.0,0.025,2m,1.0,0.7,2.5,12.0,,,,,,,,,,,,,,,,,,,,,,,,,,,,,,,,,,,,,,,,,,,,,,,,,,,,,,,,,,,,,,,,,,,,,,,0.5,2,COMPLETE
102,102,-50.98133673972757,2025-06-21 01:38:46.662068,2025-06-21 01:38:47.321663,0 days 00:00:00.659595,,,,,,,,28.0,0.015,4m,0.9,0.5,2.0,50.0,,,,,,,,,,,,,,,28.0,0.045000000000000005,4m,0.8,0.6,1.5,24.0,,,,,,,,,,,,,,,40.0,0.0325,1m,0.8,0.7,1.5,30.0,,,,,,,,,,,,,,,,,,,,,,,,,,,,,,,,,,,,0.35000000000000003,3,COMPLETE
103,103,-6.0799465367373715,2025-06-21 01:38:47.344193,2025-06-21 01:38:47.789700,0 days 00:00:00.445507,,,,,,,,,,,,,,,,,,,,,,,,,,,,,14.0,0.0125,5m,1.0,0.9,2.0,64.0,,,,,,,,,,,,,,,,,,,,,,,,,,,,,,,,,,,,14.0,0.035,3m,0.7,0.6,3.0,48.0,,,,,,,,,,,,,,,0.45,2,COMPLETE
104,104,-2.944104945350268,2025-06-21 01:38:47.806231,2025-06-21 01:38:48.061020,0 days 00:00:00.254789,,,,,,,,,,,,,,,,,,,,,,,,,,,,,,,,,,,,,,,,,,,,,,,,,,,,,,,,,50.0,0.0225,4m,0.8,0.5,1.5,36.0,,,,,,,,,,,,,,,,,,,,,,,,,,,,,0.25,1,COMPLETE
105,105,-0.24325525139772564,2025-06-21 01:38:48.076636,2025-06-21 01:38:48.733635,0 days 00:00:00.656999,46.0,0.05,3m,0.9,0.7,2.0,62.0,14.0,0.0225,4m,1.0,0.6,2.0,54.0,,,,,,,,,,,,,,,,,,,,,,,,,,,,,,,,,,,,,,,,,,,32.0,0.0375,4m,0.5,0.7,1.5,46.0,,,,,,,,,,,,,,,,,,,,,,,,,,,,,0.45,3,COMPLETE
106,106,-0.860614540696468,2025-06-21 01:38:48.750614,2025-06-21 01:38:49.406723,0 days 00:00:00.656109,,,,,,,,14.0,0.0225,4m,1.0,0.6,1.5,54.0,14.0,0.0375,2m,0.9,0.5,2.5,26.0,64.0,0.0425,4m,1.0,0.9,2.0,42.0,,,,,,,,,,,,,,,,,,,,,,,,,,,,,,,,,,,,,,,,,,,,,,,,,,,,,,,,,,,,,,,,0.45,3,COMPLETE
