,number,value,datetime_start,datetime_complete,duration,params_DIAsynprice_DIA_beta_win,params_DIAsynprice_DIA_stop_loss,params_DIAsynprice_DIA_trade_freq,params_DIAsynprice_DIA_z_entry,params_DIAsynprice_DIA_z_exit,params_DIAsynprice_DIA_z_stop_scaler,params_DIAsynprice_DIA_z_win,params_QQQsynprice_QQQ_beta_win,params_QQQsynprice_QQQ_stop_loss,params_QQQsynprice_QQQ_trade_freq,params_QQQsynprice_QQQ_z_entry,params_QQQsynprice_QQQ_z_exit,params_QQQsynprice_QQQ_z_stop_scaler,params_QQQsynprice_QQQ_z_win,params_XLBsynprice_XLB_beta_win,params_XLBsynprice_XLB_stop_loss,params_XLBsynprice_XLB_trade_freq,params_XLBsynprice_XLB_z_entry,params_XLBsynprice_XLB_z_exit,params_XLBsynprice_XLB_z_stop_scaler,params_XLBsynprice_XLB_z_win,params_XLCsynprice_XLC_beta_win,params_XLCsynprice_XLC_stop_loss,params_XLCsynprice_XLC_trade_freq,params_XLCsynprice_XLC_z_entry,params_XLCsynprice_XLC_z_exit,params_XLCsynprice_XLC_z_stop_scaler,params_XLCsynprice_XLC_z_win,params_XLEsynprice_XLE_beta_win,params_XLEsynprice_XLE_stop_loss,params_XLEsynprice_XLE_trade_freq,params_XLEsynprice_XLE_z_entry,params_XLEsynprice_XLE_z_exit,params_XLEsynprice_XLE_z_stop_scaler,params_XLEsynprice_XLE_z_win,params_XLFsynprice_XLF_beta_win,params_XLFsynprice_XLF_stop_loss,params_XLFsynprice_XLF_trade_freq,params_XLFsynprice_XLF_z_entry,params_XLFsynprice_XLF_z_exit,params_XLFsynprice_XLF_z_stop_scaler,params_XLFsynprice_XLF_z_win,params_XLIsynprice_XLI_beta_win,params_XLIsynprice_XLI_stop_loss,params_XLIsynprice_XLI_trade_freq,params_XLIsynprice_XLI_z_entry,params_XLIsynprice_XLI_z_exit,params_XLIsynprice_XLI_z_stop_scaler,params_XLIsynprice_XLI_z_win,params_XLKsynprice_XLK_beta_win,params_XLKsynprice_XLK_stop_loss,params_XLKsynprice_XLK_trade_freq,params_XLKsynprice_XLK_z_entry,params_XLKsynprice_XLK_z_exit,params_XLKsynprice_XLK_z_stop_scaler,params_XLKsynprice_XLK_z_win,params_XLPsynprice_XLP_beta_win,params_XLPsynprice_XLP_stop_loss,params_XLPsynprice_XLP_trade_freq,params_XLPsynprice_XLP_z_entry,params_XLPsynprice_XLP_z_exit,params_XLPsynprice_XLP_z_stop_scaler,params_XLPsynprice_XLP_z_win,params_XLREsynprice_XLRE_beta_win,params_XLREsynprice_XLRE_stop_loss,params_XLREsynprice_XLRE_trade_freq,params_XLREsynprice_XLRE_z_entry,params_XLREsynprice_XLRE_z_exit,params_XLREsynprice_XLRE_z_stop_scaler,params_XLREsynprice_XLRE_z_win,params_XLUsynprice_XLU_beta_win,params_XLUsynprice_XLU_stop_loss,params_XLUsynprice_XLU_trade_freq,params_XLUsynprice_XLU_z_entry,params_XLUsynprice_XLU_z_exit,params_XLUsynprice_XLU_z_stop_scaler,params_XLUsynprice_XLU_z_win,params_XLVsynprice_XLV_beta_win,params_XLVsynprice_XLV_stop_loss,params_XLVsynprice_XLV_trade_freq,params_XLVsynprice_XLV_z_entry,params_XLVsynprice_XLV_z_exit,params_XLVsynprice_XLV_z_stop_scaler,params_XLVsynprice_XLV_z_win,params_XLYsynprice_XLY_beta_win,params_XLYsynprice_XLY_stop_loss,params_XLYsynprice_XLY_trade_freq,params_XLYsynprice_XLY_z_entry,params_XLYsynprice_XLY_z_exit,params_XLYsynprice_XLY_z_stop_scaler,params_XLYsynprice_XLY_z_win,params_buffer_capital,params_pairs_to_trade,state
0,0,-5.513102953839983,2025-06-21 01:17:12.384043,2025-06-21 01:17:13.029028,0 days 00:00:00.644985,,,,,,,,,,,,,,,,,,,,,,,,,,,,,,,,,,,,54.0,0.0225,4m,0.6,0.5,1.5,28.0,,,,,,,,12.0,0.0225,3m,0.7,0.6,2.5,42.0,28.0,0.025,5m,0.9,0.7,1.5,36.0,,,,,,,,,,,,,,,,,,,,,,,,,,,,,0.2,3,COMPLETE
1,1,-19.922476498023798,2025-06-21 01:17:13.077037,2025-06-21 01:17:14.861656,0 days 00:00:01.784619,,,,,,,,48.0,0.035,1m,0.7,1.0,3.0,48.0,52.0,0.0125,2m,0.6,0.8,2.5,10.0,,,,,,,,28.0,0.02,2m,1.0,1.0,2.0,42.0,16.0,0.0325,4m,1.0,0.6,1.5,12.0,14.0,0.0125,2m,0.9,1.0,3.0,60.0,54.0,0.027500000000000004,1m,1.0,0.8,2.5,38.0,18.0,0.04,3m,0.8,0.7,2.0,14.0,62.0,0.03,2m,0.8,0.8,2.0,52.0,,,,,,,,38.0,0.0375,3m,0.6,0.9,3.0,38.0,,,,,,,,0.5,9,COMPLETE
2,2,1.767658423667955,2025-06-21 01:17:14.898717,2025-06-21 01:17:15.139219,0 days 00:00:00.240502,,,,,,,,,,,,,,,,,,,,,,,,,,,,,,,,,,,,,,,,,,,,,,,,,,,,,,,,,,,,,,,,12.0,0.015,2m,0.8,0.8,1.5,30.0,,,,,,,,,,,,,,,,,,,,,,0.5,1,COMPLETE
3,3,-8.188115814176655,2025-06-21 01:17:15.157260,2025-06-21 01:17:15.774734,0 days 00:00:00.617474,,,,,,,,,,,,,,,,,,,,,,,,,,,,,,,,,,,,,,,,,,,50.0,0.045000000000000005,3m,0.6,0.5,1.5,40.0,,,,,,,,,,,,,,,,,,,,,,22.0,0.0225,2m,1.0,0.6,3.0,52.0,,,,,,,,56.0,0.027500000000000004,4m,0.7,0.7,3.0,16.0,0.35000000000000003,3,COMPLETE
4,4,-13.680463354824996,2025-06-21 01:17:15.795759,2025-06-21 01:17:17.738957,0 days 00:00:01.943198,10.0,0.045000000000000005,5m,1.0,0.9,1.5,32.0,,,,,,,,24.0,0.0325,2m,0.5,0.9,2.5,44.0,24.0,0.02,2m,1.0,0.6,1.5,38.0,56.0,0.015,3m,0.7,0.9,1.5,40.0,50.0,0.025,2m,0.6,1.0,3.0,48.0,64.0,0.04,1m,0.7,0.6,3.0,44.0,,,,,,,,,,,,,,,36.0,0.02,3m,1.0,0.8,2.5,46.0,12.0,0.05,3m,0.9,0.8,2.5,20.0,22.0,0.0325,3m,0.5,0.6,2.5,38.0,48.0,0.0475,2m,0.9,0.8,2.0,16.0,0.15000000000000002,10,COMPLETE
5,5,-31.024550035374055,2025-06-21 01:17:17.759084,2025-06-21 01:17:18.944381,0 days 00:00:01.185297,10.0,0.0475,5m,0.8,0.9,2.5,20.0,42.0,0.035,2m,0.8,0.6,2.5,34.0,,,,,,,,,,,,,,,40.0,0.02,1m,0.7,0.7,2.5,42.0,16.0,0.02,5m,0.6,1.0,2.5,28.0,,,,,,,,48.0,0.01,1m,0.8,0.6,1.5,60.0,,,,,,,,,,,,,,,,,,,,,,24.0,0.04,2m,0.6,0.9,3.0,26.0,,,,,,,,0.25,6,COMPLETE
6,6,-8.431111834123277,2025-06-21 01:17:18.990608,2025-06-21 01:17:19.595385,0 days 00:00:00.604777,,,,,,,,,,,,,,,,,,,,,,32.0,0.027500000000000004,3m,0.6,0.6,2.5,40.0,12.0,0.0425,2m,1.0,0.6,3.0,16.0,,,,,,,,,,,,,,,,,,,,,,,,,,,,,,,,,,,,,,,,,,,,,,,,,,46.0,0.035,5m,0.9,0.5,1.5,30.0,0.25,3,COMPLETE
7,7,-17.355506687672456,2025-06-21 01:17:19.615835,2025-06-21 01:17:21.611636,0 days 00:00:01.995801,50.0,0.05,4m,0.9,0.6,1.5,34.0,62.0,0.0375,2m,0.9,1.0,1.5,14.0,54.0,0.01,2m,0.8,0.7,3.0,16.0,14.0,0.03,2m,0.9,0.5,2.0,56.0,62.0,0.027500000000000004,1m,1.0,1.0,2.5,44.0,,,,,,,,26.0,0.0375,2m,0.8,0.6,1.5,18.0,50.0,0.0325,1m,0.8,0.9,1.5,22.0,62.0,0.015,3m,0.5,0.7,3.0,12.0,,,,,,,,16.0,0.02,3m,0.8,0.8,3.0,56.0,16.0,0.0175,5m,0.5,1.0,1.5,54.0,,,,,,,,0.1,10,COMPLETE
8,8,-9.252942236967577,2025-06-21 01:17:21.631293,2025-06-21 01:17:22.240349,0 days 00:00:00.609056,36.0,0.015,2m,0.7,0.8,3.0,46.0,,,,,,,,,,,,,,,58.0,0.0375,3m,0.5,0.6,2.5,28.0,,,,,,,,,,,,,,,,,,,,,,,,,,,,,,,,,,,,30.0,0.0125,3m,0.5,0.9,2.5,50.0,,,,,,,,,,,,,,,,,,,,,,0.05,3,COMPLETE
9,9,-19.63555238518122,2025-06-21 01:17:22.258283,2025-06-21 01:17:22.690453,0 days 00:00:00.432170,,,,,,,,,,,,,,,,,,,,,,,,,,,,,,,,,,,,,,,,,,,,,,,,,,,,,,,,,20.0,0.04,1m,0.6,0.8,2.0,16.0,18.0,0.0225,4m,0.5,0.7,2.0,48.0,,,,,,,,,,,,,,,,,,,,,,0.5,2,COMPLETE
10,10,-8.705091857261705,2025-06-21 01:17:22.710413,2025-06-21 01:17:23.961374,0 days 00:00:01.250961,,,,,,,,,,,,,,,10.0,0.0475,1m,1.0,0.5,1.5,64.0,64.0,0.05,1m,0.7,1.0,3.0,10.0,,,,,,,,,,,,,,,,,,,,,,,,,,,,,52.0,0.05,2m,1.0,1.0,3.0,56.0,,,,,,,,64.0,0.045000000000000005,5m,0.5,1.0,1.5,10.0,60.0,0.01,4m,1.0,0.5,1.5,10.0,10.0,0.0125,3m,0.5,1.0,3.0,56.0,0.4,6,COMPLETE
11,11,-4.697102236662602,2025-06-21 01:17:23.982399,2025-06-21 01:17:24.247441,0 days 00:00:00.265042,,,,,,,,,,,,,,,,,,,,,,,,,,,,,,,,,,,,64.0,0.05,1m,0.5,0.5,1.5,62.0,,,,,,,,,,,,,,,,,,,,,,,,,,,,,,,,,,,,,,,,,,,,,,,,,,0.2,1,COMPLETE
12,12,0.7075593440994005,2025-06-21 01:17:24.264469,2025-06-21 01:17:24.522109,0 days 00:00:00.257640,,,,,,,,,,,,,,,,,,,,,,,,,,,,,,,,,,,,,,,,,,,,,,,,,,,,,,,,,,,,,,,,10.0,0.0425,2m,0.8,0.5,1.5,16.0,,,,,,,,,,,,,,,,,,,,,,0.35000000000000003,1,COMPLETE
13,13,-5.833133713649601,2025-06-21 01:17:24.541616,2025-06-21 01:17:24.803715,0 days 00:00:00.262099,,,,,,,,,,,,,,,,,,,,,,,,,,,,,,,,,,,,,,,,,,,,,,,,,,24.0,0.05,2m,0.5,1.0,3.0,10.0,,,,,,,,,,,,,,,,,,,,,,,,,,,,,,,,,,,,0.4,1,COMPLETE
14,14,-84.10973354956495,2025-06-21 01:17:24.821741,2025-06-21 01:17:25.915329,0 days 00:00:01.093588,,,,,,,,,,,,,,,64.0,0.045000000000000005,5m,1.0,1.0,1.5,42.0,46.0,0.0125,5m,0.8,1.0,1.5,62.0,,,,,,,,,,,,,,,,,,,,,,,,,,,,,,,,,,,,10.0,0.0475,2m,0.8,0.5,1.5,16.0,52.0,0.01,1m,0.5,0.5,1.5,34.0,,,,,,,,20.0,0.01,1m,0.5,1.0,1.5,56.0,0.35000000000000003,5,COMPLETE
15,15,-17.195001528232158,2025-06-21 01:17:25.934141,2025-06-21 01:17:27.015542,0 days 00:00:01.081401,,,,,,,,,,,,,,,,,,,,,,46.0,0.045000000000000005,4m,1.0,0.8,3.0,12.0,,,,,,,,34.0,0.05,3m,1.0,0.8,3.0,64.0,,,,,,,,,,,,,,,42.0,0.01,4m,0.7,0.5,2.5,64.0,,,,,,,,36.0,0.0375,4m,0.7,1.0,2.0,64.0,,,,,,,,30.0,0.05,1m,1.0,0.5,2.5,40.0,0.45,5,COMPLETE
16,16,-13.692185612489924,2025-06-21 01:17:27.037218,2025-06-21 01:17:27.296088,0 days 00:00:00.258870,,,,,,,,,,,,,,,,,,,,,,10.0,0.01,1m,0.5,0.8,2.0,50.0,,,,,,,,,,,,,,,,,,,,,,,,,,,,,,,,,,,,,,,,,,,,,,,,,,,,,,,,,,,,,,,,0.35000000000000003,1,COMPLETE
17,17,-15.006009831035037,2025-06-21 01:17:27.313115,2025-06-21 01:17:28.931221,0 days 00:00:01.618106,62.0,0.0125,3m,0.5,0.5,3.0,64.0,,,,,,,,32.0,0.025,4m,0.8,0.5,2.0,60.0,44.0,0.04,4m,0.7,0.9,3.0,24.0,10.0,0.0475,4m,0.5,0.5,1.5,64.0,32.0,0.0375,5m,0.8,0.8,2.0,10.0,,,,,,,,64.0,0.05,5m,0.5,0.5,2.0,64.0,40.0,0.025,5m,1.0,0.5,1.5,38.0,,,,,,,,36.0,0.0325,5m,0.7,0.7,2.0,42.0,,,,,,,,,,,,,,,0.45,8,COMPLETE
18,18,-8.822410516768365,2025-06-21 01:17:28.951619,2025-06-21 01:17:29.796487,0 days 00:00:00.844868,,,,,,,,,,,,,,,12.0,0.0325,3m,0.7,0.7,3.0,26.0,,,,,,,,42.0,0.0375,5m,0.5,0.8,3.0,10.0,,,,,,,,40.0,0.0175,5m,0.5,1.0,2.5,14.0,,,,,,,,10.0,0.035,4m,0.5,1.0,2.5,34.0,,,,,,,,,,,,,,,,,,,,,,,,,,,,,0.3,4,COMPLETE
19,19,-47.89466649017542,2025-06-21 01:17:29.816560,2025-06-21 01:17:30.292948,0 days 00:00:00.476388,,,,,,,,,,,,,,,42.0,0.0225,1m,0.5,1.0,2.0,30.0,,,,,,,,,,,,,,,,,,,,,,10.0,0.025,4m,1.0,0.8,2.0,64.0,,,,,,,,,,,,,,,,,,,,,,,,,,,,,,,,,,,,,,,,,,,0.45,2,COMPLETE
20,20,-64.76821107229455,2025-06-21 01:17:30.312980,2025-06-21 01:17:31.811188,0 days 00:00:01.498208,30.0,0.03,1m,0.5,1.0,2.0,10.0,10.0,0.01,5m,0.5,0.5,1.5,64.0,,,,,,,,,,,,,,,24.0,0.0325,3m,0.8,0.5,2.0,62.0,10.0,0.01,3m,0.8,0.7,2.5,48.0,,,,,,,,32.0,0.0375,4m,1.0,0.7,3.0,52.0,64.0,0.05,2m,0.7,0.9,1.5,48.0,,,,,,,,,,,,,,,64.0,0.05,1m,1.0,0.7,2.0,60.0,,,,,,,,0.3,7,COMPLETE
21,21,0.0777153757883763,2025-06-21 01:17:31.829908,2025-06-21 01:17:32.087947,0 days 00:00:00.258039,,,,,,,,,,,,,,,24.0,0.04,3m,0.9,0.6,3.0,50.0,,,,,,,,,,,,,,,,,,,,,,,,,,,,,,,,,,,,,,,,,,,,,,,,,,,,,,,,,,,,,,,,,,,,,,,0.2,1,COMPLETE
22,22,-5.3167148910091555,2025-06-21 01:17:32.109541,2025-06-21 01:17:32.553957,0 days 00:00:00.444416,,,,,,,,,,,,,,,,,,,,,,28.0,0.02,5m,0.8,0.7,2.0,24.0,,,,,,,,,,,,,,,,,,,,,,,,,,,,,,,,,,,,,,,,,,,,,,,,,,44.0,0.0225,5m,0.8,0.8,2.0,14.0,,,,,,,,0.2,2,COMPLETE
23,23,-8.57795847233364,2025-06-21 01:17:32.572423,2025-06-21 01:17:32.831663,0 days 00:00:00.259240,,,,,,,,,,,,,,,,,,,,,,,,,,,,,,,,,,,,,,,,,,,64.0,0.027500000000000004,4m,1.0,0.8,2.0,24.0,,,,,,,,,,,,,,,,,,,,,,,,,,,,,,,,,,,,,,,,,,,0.15000000000000002,1,COMPLETE
24,24,-11.357720498040393,2025-06-21 01:17:32.850325,2025-06-21 01:17:33.302414,0 days 00:00:00.452089,26.0,0.03,4m,0.7,0.7,2.5,56.0,,,,,,,,,,,,,,,,,,,,,,,,,,,,,,,,,,,,28.0,0.0475,3m,0.5,0.9,2.5,30.0,,,,,,,,,,,,,,,,,,,,,,,,,,,,,,,,,,,,,,,,,,,0.4,2,COMPLETE
25,25,-20.025084741761926,2025-06-21 01:17:33.322446,2025-06-21 01:17:34.171550,0 days 00:00:00.849104,,,,,,,,,,,,,,,28.0,0.0425,3m,0.9,0.6,3.0,52.0,20.0,0.0225,5m,0.6,0.5,2.5,48.0,50.0,0.01,4m,0.8,0.7,1.5,24.0,,,,,,,,,,,,,,,,,,,,,,,,,,,,,,,,,,,,52.0,0.01,1m,1.0,0.5,2.5,28.0,,,,,,,,,,,,,,,0.3,4,COMPLETE
26,26,-5.294235644738135,2025-06-21 01:17:34.191429,2025-06-21 01:17:34.449699,0 days 00:00:00.258270,,,,,,,,,,,,,,,,,,,,,,,,,,,,,,,,,,,,,,,,,,,48.0,0.01,5m,0.7,0.7,1.5,50.0,,,,,,,,,,,,,,,,,,,,,,,,,,,,,,,,,,,,,,,,,,,0.15000000000000002,1,COMPLETE
27,27,-48.875755366056964,2025-06-21 01:17:34.469321,2025-06-21 01:17:35.317448,0 days 00:00:00.848127,,,,,,,,,,,,,,,,,,,,,,,,,,,,,26.0,0.05,5m,0.6,0.8,2.5,28.0,,,,,,,,28.0,0.0325,1m,0.8,0.5,2.5,10.0,10.0,0.01,5m,0.7,1.0,2.0,24.0,,,,,,,,,,,,,,,,,,,,,,48.0,0.05,1m,0.8,0.5,2.5,48.0,,,,,,,,0.25,4,COMPLETE
28,28,-12.63714357001537,2025-06-21 01:17:35.341001,2025-06-21 01:17:35.822841,0 days 00:00:00.481840,,,,,,,,,,,,,,,,,,,,,,,,,,,,,,,,,,,,,,,,,,,52.0,0.02,5m,0.6,0.9,2.0,52.0,36.0,0.02,3m,0.9,0.8,3.0,10.0,,,,,,,,,,,,,,,,,,,,,,,,,,,,,,,,,,,,0.5,2,COMPLETE
29,29,-3.699785005435783,2025-06-21 01:17:35.840519,2025-06-21 01:17:36.288310,0 days 00:00:00.447791,,,,,,,,12.0,0.0125,4m,1.0,0.8,3.0,14.0,22.0,0.0375,3m,0.9,0.6,2.5,52.0,,,,,,,,,,,,,,,,,,,,,,,,,,,,,,,,,,,,,,,,,,,,,,,,,,,,,,,,,,,,,,,,,,,,,,,0.1,2,COMPLETE
30,30,-3.3796446353112226,2025-06-21 01:17:36.306778,2025-06-21 01:17:36.598064,0 days 00:00:00.291286,,,,,,,,,,,,,,,,,,,,,,,,,,,,,,,,,,,,,,,,,,,,,,,,,,,,,,,,,,,,,,,,,,,,,,,,,,,,,,,,,,,,,34.0,0.025,4m,0.7,0.7,2.5,40.0,0.2,1,COMPLETE
31,31,-10.57429866263454,2025-06-21 01:17:36.621800,2025-06-21 01:17:36.929456,0 days 00:00:00.307656,,,,,,,,,,,,,,,,,,,,,,,,,,,,,,,,,,,,,,,,,,,,,,,,,,,,,,,,,50.0,0.02,1m,0.8,0.6,2.5,28.0,,,,,,,,,,,,,,,,,,,,,,,,,,,,,0.2,1,COMPLETE
32,32,-6.306948881640805,2025-06-21 01:17:36.949386,2025-06-21 01:17:37.222056,0 days 00:00:00.272670,,,,,,,,,,,,,,,,,,,,,,,,,,,,,,,,,,,,,,,,,,,,,,,,,,22.0,0.04,2m,0.6,0.5,2.0,26.0,,,,,,,,,,,,,,,,,,,,,,,,,,,,,,,,,,,,0.25,1,COMPLETE
33,33,-8.230848857032226,2025-06-21 01:17:37.240605,2025-06-21 01:17:37.948489,0 days 00:00:00.707884,,,,,,,,26.0,0.05,3m,0.5,0.8,2.0,38.0,,,,,,,,,,,,,,,,,,,,,,,,,,,,,,,,,,,,,,,,,,,,,,,,,,,,,,,,,30.0,0.0225,2m,0.6,0.9,3.0,10.0,,,,,,,,34.0,0.025,4m,0.7,0.7,2.5,40.0,0.15000000000000002,3,COMPLETE
34,34,-10.851134152705162,2025-06-21 01:17:37.968015,2025-06-21 01:17:38.458967,0 days 00:00:00.490952,,,,,,,,,,,,,,,42.0,0.05,5m,0.7,0.8,3.0,32.0,,,,,,,,,,,,,,,,,,,,,,,,,,,,,,,,,,,,,,,,,,,,,,,,,,48.0,0.0375,4m,0.8,0.7,2.0,42.0,,,,,,,,,,,,,,,0.1,2,COMPLETE
35,35,-5.521120125419932,2025-06-21 01:17:38.478183,2025-06-21 01:17:39.155958,0 days 00:00:00.677775,,,,,,,,62.0,0.0225,5m,0.7,0.7,2.5,64.0,,,,,,,,56.0,0.0375,4m,0.9,0.9,1.5,62.0,,,,,,,,,,,,,,,,,,,,,,,,,,,,,,,,,,,,,,,,,,,,,,,,,,30.0,0.025,4m,0.9,0.7,1.5,24.0,,,,,,,,0.2,3,COMPLETE
36,36,0.617708488528879,2025-06-21 01:17:39.175495,2025-06-21 01:17:39.459755,0 days 00:00:00.284260,,,,,,,,,,,,,,,,,,,,,,,,,,,,,,,,,,,,,,,,,,,,,,,,,,,,,,,,,,,,,,,,10.0,0.045000000000000005,2m,0.7,0.5,1.5,20.0,,,,,,,,,,,,,,,,,,,,,,0.3,1,COMPLETE
37,37,-13.447894459253222,2025-06-21 01:17:39.480888,2025-06-21 01:17:39.922841,0 days 00:00:00.441953,,,,,,,,,,,,,,,,,,,,,,,,,,,,,,,,,,,,,,,,,,,,,,,,,,,,,,,,,30.0,0.0325,5m,0.9,0.9,2.0,24.0,,,,,,,,60.0,0.0175,5m,0.6,0.6,2.5,24.0,,,,,,,,,,,,,,,0.35000000000000003,2,COMPLETE
38,38,-1.392876930625666,2025-06-21 01:17:39.941051,2025-06-21 01:17:40.597612,0 days 00:00:00.656561,,,,,,,,28.0,0.05,3m,1.0,0.5,2.0,28.0,,,,,,,,,,,,,,,,,,,,,,44.0,0.0125,1m,0.9,0.9,2.0,40.0,,,,,,,,,,,,,,,,,,,,,,10.0,0.0475,2m,0.7,0.5,1.5,20.0,,,,,,,,,,,,,,,,,,,,,,0.3,3,COMPLETE
39,39,-12.635452906613565,2025-06-21 01:17:40.615943,2025-06-21 01:17:42.282670,0 days 00:00:01.666727,50.0,0.0225,3m,1.0,0.5,2.0,44.0,50.0,0.0225,4m,0.6,0.9,3.0,48.0,18.0,0.04,4m,0.9,0.6,2.0,52.0,38.0,0.015,2m,0.6,0.7,2.5,32.0,64.0,0.027500000000000004,5m,0.9,0.6,2.0,56.0,,,,,,,,20.0,0.05,2m,0.9,0.7,3.0,26.0,64.0,0.0425,4m,0.6,0.9,2.5,48.0,52.0,0.0425,4m,0.6,0.6,3.0,50.0,,,,,,,,,,,,,,,,,,,,,,,,,,,,,0.35000000000000003,8,COMPLETE
40,40,-45.656859508473524,2025-06-21 01:17:42.315219,2025-06-21 01:17:43.202681,0 days 00:00:00.887462,64.0,0.0375,1m,0.6,0.7,3.0,22.0,,,,,,,,,,,,,,,,,,,,,,,,,,,,,,,,,,,,,,,,,,,40.0,0.02,4m,0.9,0.7,1.5,30.0,10.0,0.027500000000000004,1m,0.6,0.8,2.5,44.0,,,,,,,,,,,,,,,10.0,0.015,2m,0.7,1.0,2.5,64.0,,,,,,,,0.25,4,COMPLETE
41,41,-6.022030750849251,2025-06-21 01:17:43.222264,2025-06-21 01:17:43.486372,0 days 00:00:00.264108,,,,,,,,28.0,0.05,3m,1.0,0.5,2.0,26.0,,,,,,,,,,,,,,,,,,,,,,,,,,,,,,,,,,,,,,,,,,,,,,,,,,,,,,,,,,,,,,,,,,,,,,,,,,,,,,0.3,1,COMPLETE
42,42,-3.7267592208454485,2025-06-21 01:17:43.506070,2025-06-21 01:17:44.161806,0 days 00:00:00.655736,20.0,0.0225,2m,0.8,1.0,2.0,52.0,,,,,,,,,,,,,,,,,,,,,,,,,,,,,,,,,,,,,,,,,,,22.0,0.015,2m,0.9,0.9,2.0,54.0,,,,,,,,,,,,,,,,,,,,,,,,,,,,,64.0,0.035,2m,0.6,0.9,2.0,62.0,0.3,3,COMPLETE
43,43,-7.870474175002393,2025-06-21 01:17:44.178768,2025-06-21 01:17:44.846097,0 days 00:00:00.667329,,,,,,,,,,,,,,,34.0,0.02,3m,1.0,0.5,2.5,40.0,,,,,,,,,,,,,,,,,,,,,,38.0,0.035,1m,0.9,0.9,2.5,34.0,,,,,,,,,,,,,,,10.0,0.0475,2m,0.7,0.5,1.5,18.0,,,,,,,,,,,,,,,,,,,,,,0.4,3,COMPLETE
44,44,-5.18002561009069,2025-06-21 01:17:44.873643,2025-06-21 01:17:45.128207,0 days 00:00:00.254564,,,,,,,,,,,,,,,,,,,,,,,,,,,,,,,,,,,,,,,,,,,,,,,,,,,,,,,,,,,,,,,,,,,,,,,,,,,,,,54.0,0.0425,5m,0.9,0.6,2.0,26.0,,,,,,,,0.25,1,COMPLETE
45,45,-5.413457592176792,2025-06-21 01:17:45.146725,2025-06-21 01:17:45.616815,0 days 00:00:00.470090,,,,,,,,,,,,,,,,,,,,,,18.0,0.05,1m,0.9,0.9,2.0,18.0,,,,,,,,44.0,0.0125,1m,0.9,0.9,2.0,42.0,,,,,,,,,,,,,,,,,,,,,,,,,,,,,,,,,,,,,,,,,,,,,,,,,,0.5,2,COMPLETE
46,46,-1.5953301297468756,2025-06-21 01:17:45.636574,2025-06-21 01:17:45.925436,0 days 00:00:00.288862,,,,,,,,,,,,,,,,,,,,,,,,,,,,,,,,,,,,,,,,,,,,,,,,,,,,,,,,,28.0,0.01,3m,0.9,0.9,2.0,62.0,,,,,,,,,,,,,,,,,,,,,,,,,,,,,0.35000000000000003,1,COMPLETE
47,47,-6.7975215519421,2025-06-21 01:17:45.942435,2025-06-21 01:17:46.397825,0 days 00:00:00.455390,,,,,,,,,,,,,,,,,,,,,,,,,,,,,,,,,,,,40.0,0.04,1m,0.9,0.9,2.0,30.0,,,,,,,,,,,,,,,,,,,,,,,,,,,,,24.0,0.03,4m,0.9,0.9,1.5,50.0,,,,,,,,,,,,,,,0.25,2,COMPLETE
48,48,-6.225263427460472,2025-06-21 01:17:46.417639,2025-06-21 01:17:47.041901,0 days 00:00:00.624262,,,,,,,,24.0,0.0425,3m,0.9,0.6,2.0,24.0,,,,,,,,,,,,,,,,,,,,,,,,,,,,,,,,,,,,,,,,,,,,,,,,,,,,,,,,,,,,,,,,36.0,0.027500000000000004,4m,0.7,0.8,3.0,46.0,12.0,0.0175,3m,1.0,0.6,1.5,26.0,0.45,3,COMPLETE
49,49,-0.6981953080737217,2025-06-21 01:17:47.060926,2025-06-21 01:17:48.077061,0 days 00:00:01.016135,46.0,0.04,5m,0.9,0.6,2.5,64.0,,,,,,,,,,,,,,,36.0,0.0325,3m,0.7,0.7,1.5,46.0,,,,,,,,,,,,,,,56.0,0.0425,4m,0.6,0.6,2.0,54.0,,,,,,,,46.0,0.0175,2m,0.7,0.6,1.5,22.0,10.0,0.0425,2m,0.7,0.5,1.5,26.0,,,,,,,,,,,,,,,,,,,,,,0.4,5,COMPLETE
50,50,-12.657530095217034,2025-06-21 01:17:48.096083,2025-06-21 01:17:49.516045,0 days 00:00:01.419962,,,,,,,,,,,,,,,,,,,,,,36.0,0.0325,3m,0.7,0.7,1.5,46.0,18.0,0.0375,4m,0.6,0.9,3.0,54.0,,,,,,,,56.0,0.0425,4m,0.6,0.6,2.0,56.0,,,,,,,,46.0,0.0175,2m,0.7,0.6,1.5,22.0,22.0,0.0375,5m,0.8,0.6,1.5,30.0,44.0,0.05,1m,0.9,0.9,2.0,64.0,,,,,,,,24.0,0.0425,5m,0.8,0.9,2.0,50.0,0.4,7,COMPLETE
51,51,-6.702717836371509,2025-06-21 01:17:49.536015,2025-06-21 01:17:50.643820,0 days 00:00:01.107805,,,,,,,,,,,,,,,,,,,,,,,,,,,,,48.0,0.01,2m,0.9,0.9,2.0,28.0,26.0,0.015,2m,0.7,0.7,2.5,20.0,,,,,,,,56.0,0.0325,5m,0.6,0.6,2.5,32.0,34.0,0.02,2m,0.8,0.5,1.5,30.0,10.0,0.0425,2m,0.7,0.5,1.5,24.0,,,,,,,,,,,,,,,,,,,,,,0.35000000000000003,5,COMPLETE
52,52,-5.432506137274973,2025-06-21 01:17:50.669010,2025-06-21 01:17:51.939323,0 days 00:00:01.270313,,,,,,,,,,,,,,,40.0,0.027500000000000004,3m,0.6,0.9,3.0,22.0,52.0,0.025,3m,0.8,0.8,1.5,54.0,,,,,,,,64.0,0.027500000000000004,1m,0.9,0.9,2.0,52.0,58.0,0.03,4m,0.5,0.5,1.5,46.0,42.0,0.025,3m,0.7,0.7,3.0,18.0,,,,,,,,10.0,0.04,2m,0.7,0.5,1.5,28.0,,,,,,,,,,,,,,,,,,,,,,0.4,6,COMPLETE
