,number,value,datetime_start,datetime_complete,duration,params_AAPL_CERN_beta_win,params_AAPL_CERN_trade_freq,params_AAPL_CERN_z_entry,params_AAPL_CERN_z_exit,params_AAPL_CERN_z_win,params_CDNS_CERN_beta_win,params_CDNS_CERN_trade_freq,params_CDNS_CERN_z_entry,params_CDNS_CERN_z_exit,params_CDNS_CERN_z_win,params_PDD_BIIB_beta_win,params_PDD_BIIB_trade_freq,params_PDD_BIIB_z_entry,params_PDD_BIIB_z_exit,params_PDD_BIIB_z_win,params_QCOM_BIIB_beta_win,params_QCOM_BIIB_trade_freq,params_QCOM_BIIB_z_entry,params_QCOM_BIIB_z_exit,params_QCOM_BIIB_z_win,params_QCOM_WBA_beta_win,params_QCOM_WBA_trade_freq,params_QCOM_WBA_z_entry,params_QCOM_WBA_z_exit,params_QCOM_WBA_z_win,params_pairs_to_trade,state
0,0,-3.885425908027685,2025-05-29 23:54:07.340458,2025-05-29 23:54:07.746362,0 days 00:00:00.405904,,,,,,990.0,24m,2.6,-1.9,690.0,400,22m,0.2,-1.0999999999999996,640,,,,,,,,,,,2,COMPLETE
1,1,1.9913474036214998,2025-05-29 23:54:07.752863,2025-05-29 23:54:08.191347,0 days 00:00:00.438484,510.0,35m,3.0,-3.1,530.0,20.0,34m,1.0,-1.5,230.0,780,20m,2.3000000000000003,-0.7999999999999998,510,,,,,,,,,,,3,COMPLETE
2,2,-1.9822904007135673,2025-05-29 23:54:08.201798,2025-05-29 23:54:08.557758,0 days 00:00:00.355960,,,,,,720.0,12m,2.3000000000000003,-2.3,430.0,630,20m,1.4000000000000001,-3.5,780,,,,,,,,,,,2,COMPLETE
3,3,,2025-05-29 23:54:08.564274,2025-05-29 23:54:08.811058,0 days 00:00:00.246784,,,,,,,,,,,620,15m,1.9000000000000001,-1.5,840,,,,,,,,,,,1,FAIL
4,4,1.2113761857823682,2025-05-29 23:54:08.814440,2025-05-29 23:54:09.180382,0 days 00:00:00.365942,,,,,,180.0,36m,2.9000000000000004,-2.9,480.0,140,13m,2.5,-0.3999999999999999,260,,,,,,,,,,,2,COMPLETE
5,5,,2025-05-29 23:54:09.180382,2025-05-29 23:54:09.434736,0 days 00:00:00.254354,,,,,,,,,,,680,38m,0.4,-2.0999999999999996,440,,,,,,,,,,,1,FAIL
6,6,0.6129557689768628,2025-05-29 23:54:09.440941,2025-05-29 23:54:09.828749,0 days 00:00:00.387808,,,,,,60.0,15m,2.6,-3.1,120.0,60,1m,2.5,-3.5,900,,,,,,,,,,,2,COMPLETE
7,7,1.104246166162267,2025-05-29 23:54:09.828749,2025-05-29 23:54:10.480326,0 days 00:00:00.651577,550.0,19m,1.3,-1.7999999999999998,980.0,580.0,44m,2.9000000000000004,-2.9,640.0,770,54m,2.6,-1.5999999999999999,180,730.0,58m,1.1,-3.4,220.0,210.0,12m,3.0,-0.5,160.0,5,COMPLETE
8,8,2.768121023504817,2025-05-29 23:54:10.484389,2025-05-29 23:54:10.712915,0 days 00:00:00.228526,,,,,,,,,,,150,38m,1.2000000000000002,-2.9,390,,,,,,,,,,,1,COMPLETE
9,9,-1.5727732778800876,2025-05-29 23:54:10.712915,2025-05-29 23:54:11.076721,0 days 00:00:00.363806,,,,,,500.0,24m,1.5,-3.2,720.0,80,6m,3.2,-2.0999999999999996,800,,,,,,,,,,,2,COMPLETE
10,10,-6.2248182141334,2025-05-29 23:54:11.076721,2025-05-29 23:54:11.723476,0 days 00:00:00.646755,660.0,36m,1.6,-3.4,890.0,20.0,3m,1.3,-0.2999999999999998,70.0,410,34m,1.4000000000000001,-1.5999999999999999,990,370.0,37m,2.1,-1.7999999999999998,540.0,500.0,37m,1.8,-0.3999999999999999,640.0,5,COMPLETE
11,11,,2025-05-29 23:54:11.730487,2025-05-29 23:54:11.967020,0 days 00:00:00.236533,,,,,,,,,,,520,31m,0.30000000000000004,-0.6999999999999997,800,,,,,,,,,,,1,FAIL
12,12,-0.7920892202007723,2025-05-29 23:54:11.977692,2025-05-29 23:54:12.547904,0 days 00:00:00.570212,90.0,21m,1.0,-3.2,880.0,160.0,12m,2.0,-3.0,660.0,120,37m,2.3000000000000003,-0.09999999999999964,330,110.0,39m,0.5,-1.0,700.0,,,,,,4,COMPLETE
13,13,,2025-05-29 23:54:12.556449,2025-05-29 23:54:12.872954,0 days 00:00:00.316505,,,,,,,,,,,970,43m,0.4,-2.7,10,,,,,,,,,,,1,FAIL
14,14,,2025-05-29 23:54:12.883721,2025-05-29 23:54:13.205284,0 days 00:00:00.321563,,,,,,,,,,,980,38m,0.30000000000000004,-2.6,10,,,,,,,,,,,1,FAIL
15,15,2.257480330375822,2025-05-29 23:54:13.215786,2025-05-29 23:54:13.527480,0 days 00:00:00.311694,,,,,,,,,,,280,38m,0.5,-2.5,10,,,,,,,,,,,1,COMPLETE
16,16,-4.863108622398481,2025-05-29 23:54:13.527480,2025-05-29 23:54:13.815777,0 days 00:00:00.288297,,,,,,,,,,,300,38m,0.4,-2.7,40,,,,,,,,,,,1,COMPLETE
17,17,3.700860421266601,2025-05-29 23:54:13.815777,2025-05-29 23:54:14.108225,0 days 00:00:00.292448,,,,,,,,,,,290,7m,0.7000000000000001,-2.7,10,,,,,,,,,,,1,COMPLETE
18,18,2.2951144148300373,2025-05-29 23:54:14.108225,2025-05-29 23:54:14.397997,0 days 00:00:00.289772,,,,,,,,,,,250,7m,1.0,-2.9,430,,,,,,,,,,,1,COMPLETE
19,19,-1.0708532464971716,2025-05-29 23:54:14.408409,2025-05-29 23:54:14.937318,0 days 00:00:00.528909,980.0,30m,0.0,-0.19999999999999973,80.0,990.0,45m,0.0,-0.2999999999999998,990.0,570,14m,1.0,-3.0,180,,,,,,,,,,,3,COMPLETE
20,20,,2025-05-29 23:54:14.940521,2025-05-29 23:54:15.221016,0 days 00:00:00.280495,,,,,,,,,,,420,42m,0.8,-2.0,540,,,,,,,,,,,1,FAIL
21,21,-1.7485955822095565,2025-05-29 23:54:15.225493,2025-05-29 23:54:15.522913,0 days 00:00:00.297420,,,,,,,,,,,480,23m,0.9,-2.2,580,,,,,,,,,,,1,COMPLETE
22,22,,2025-05-29 23:54:15.522913,2025-05-29 23:54:16.174978,0 days 00:00:00.652065,110.0,14m,3.4000000000000004,0.0,10.0,370.0,21m,0.0,-1.0,900.0,980,32m,1.6,-3.0,370,900.0,44m,3.3000000000000003,0.0,990.0,,,,,,4,FAIL
23,23,0.2613785129607715,2025-05-29 23:54:16.183054,2025-05-29 23:54:16.890188,0 days 00:00:00.707134,10.0,15m,3.5,-0.19999999999999973,40.0,310.0,19m,3.5,-1.0,960.0,940,24m,1.8,-3.1,360,950.0,53m,3.3000000000000003,0.0,980.0,,,,,,4,COMPLETE
24,24,-4.36653970238326,2025-05-29 23:54:16.894208,2025-05-29 23:54:17.189040,0 days 00:00:00.294832,,,,,,,,,,,200,5m,0.0,-2.2,140,,,,,,,,,,,1,COMPLETE
25,25,2.616833120285832,2025-05-29 23:54:17.189040,2025-05-29 23:54:17.708382,0 days 00:00:00.519342,930.0,43m,2.5,-1.5,440.0,790.0,55m,0.5,-0.7999999999999998,290.0,380,8m,1.8,-2.4,670,,,,,,,,,,,3,COMPLETE
26,26,,2025-05-29 23:54:17.715194,2025-05-29 23:54:17.994366,0 days 00:00:00.279172,,,,,,,,,,,190,44m,0.7000000000000001,-3.2,450,,,,,,,,,,,1,FAIL
27,27,,2025-05-29 23:54:18.001643,2025-05-29 23:54:18.272340,0 days 00:00:00.270697,,,,,,,,,,,200,43m,1.4000000000000001,-3.2,450,,,,,,,,,,,1,FAIL
28,28,4.191327147272068,2025-05-29 23:54:18.280673,2025-05-29 23:54:18.546837,0 days 00:00:00.266164,,,,,,,,,,,20,49m,0.7000000000000001,-1.9,440,,,,,,,,,,,1,COMPLETE
29,29,-0.9390255456381326,2025-05-29 23:54:18.553190,2025-05-29 23:54:19.060893,0 days 00:00:00.507703,260.0,45m,0.30000000000000004,-1.9,410.0,380.0,14m,3.5,-2.3,810.0,20,49m,0.5,-1.7999999999999998,280,,,,,,,,,,,3,COMPLETE
30,30,2.7272396918095576,2025-05-29 23:54:19.063454,2025-05-29 23:54:19.331422,0 days 00:00:00.267968,,,,,,,,,,,180,7m,0.8,-3.2,430,,,,,,,,,,,1,COMPLETE
31,31,-0.39380868119430434,2025-05-29 23:54:19.331422,2025-05-29 23:54:19.597647,0 days 00:00:00.266225,,,,,,,,,,,40,2m,1.3,-1.1999999999999997,500,,,,,,,,,,,1,COMPLETE
32,32,-4.614055185768725,2025-05-29 23:54:19.611725,2025-05-29 23:54:19.987892,0 days 00:00:00.376167,,,,,,790.0,18m,0.7000000000000001,0.0,360.0,330,49m,0.7000000000000001,-2.7,110,,,,,,,,,,,2,COMPLETE
33,33,2.095042249072868,2025-05-29 23:54:19.987892,2025-05-29 23:54:20.259968,0 days 00:00:00.272076,,,,,,,,,,,200,25m,1.2000000000000002,-1.9,420,,,,,,,,,,,1,COMPLETE
34,34,-0.07847646151047412,2025-05-29 23:54:20.260829,2025-05-29 23:54:20.630940,0 days 00:00:00.370111,,,,,,610.0,35m,0.2,-1.4,830.0,10,32m,1.5,-2.7,280,,,,,,,,,,,2,COMPLETE
35,35,2.98107936797956,2025-05-29 23:54:20.630940,2025-05-29 23:54:20.916493,0 days 00:00:00.285553,,,,,,,,,,,120,31m,0.0,-1.4,560,,,,,,,,,,,1,COMPLETE
36,36,,2025-05-29 23:54:20.919157,2025-05-29 23:54:21.531564,0 days 00:00:00.612407,290.0,37m,2.3000000000000003,-1.0999999999999996,680.0,350.0,32m,1.7000000000000002,-2.3,560.0,230,31m,0.0,-1.2999999999999998,690,10.0,52m,3.5,-3.5,10.0,,,,,,4,FAIL
37,37,1.326885697905912,2025-05-29 23:54:21.534693,2025-05-29 23:54:22.164119,0 days 00:00:00.629426,330.0,48m,2.3000000000000003,-1.0999999999999996,640.0,410.0,23m,1.8,-3.5,570.0,220,10m,0.0,-1.1999999999999997,730,40.0,52m,3.3000000000000003,-3.5,100.0,,,,,,4,COMPLETE
38,38,2.497567626126919,2025-05-29 23:54:22.164119,2025-05-29 23:54:22.590714,0 days 00:00:00.426595,,,,,,870.0,47m,1.1,-2.3,180.0,110,31m,0.30000000000000004,-1.5,580,,,,,,,,,,,2,COMPLETE
39,39,,2025-05-29 23:54:22.593244,2025-05-29 23:54:22.877284,0 days 00:00:00.284040,,,,,,,,,,,440,59m,0.2,-0.7999999999999998,640,,,,,,,,,,,1,FAIL
40,40,-4.1344153896908376,2025-05-29 23:54:22.885856,2025-05-29 23:54:23.169843,0 days 00:00:00.283987,,,,,,,,,,,460,19m,0.2,-0.8999999999999999,640,,,,,,,,,,,1,COMPLETE
41,41,2.274308599359906,2025-05-29 23:54:23.169843,2025-05-29 23:54:23.574958,0 days 00:00:00.405115,,,,,,220.0,31m,0.6000000000000001,-0.8999999999999999,50.0,340,36m,0.6000000000000001,-1.4,500,,,,,,,,,,,2,COMPLETE
42,42,,2025-05-29 23:54:23.579512,2025-05-29 23:54:23.853893,0 days 00:00:00.274381,,,,,,,,,,,140,53m,1.1,-2.4,570,,,,,,,,,,,1,FAIL
43,43,,2025-05-29 23:54:23.859720,2025-05-29 23:54:24.144159,0 days 00:00:00.284439,,,,,,,,,,,150,52m,1.1,-2.0,580,,,,,,,,,,,1,FAIL
44,44,2.1471868909440732,2025-05-29 23:54:24.152672,2025-05-29 23:54:24.431073,0 days 00:00:00.278401,,,,,,,,,,,150,30m,1.1,-2.0,570,,,,,,,,,,,1,COMPLETE
45,45,3.6566932211053587,2025-05-29 23:54:24.436612,2025-05-29 23:54:24.722073,0 days 00:00:00.285461,,,,,,,,,,,80,48m,0.8,-0.7999999999999998,390,,,,,,,,,,,1,COMPLETE
46,46,,2025-05-29 23:54:24.722073,2025-05-29 23:54:25.029534,0 days 00:00:00.307461,,,,,,,,,,,70,48m,0.2,-0.7999999999999998,670,,,,,,,,,,,1,FAIL
47,47,,2025-05-29 23:54:25.032213,2025-05-29 23:54:25.327470,0 days 00:00:00.295257,,,,,,,,,,,80,47m,0.1,-0.6999999999999997,500,,,,,,,,,,,1,FAIL
48,48,,2025-05-29 23:54:25.333189,2025-05-29 23:54:25.619753,0 days 00:00:00.286564,,,,,,,,,,,80,53m,0.2,-0.5999999999999996,660,,,,,,,,,,,1,FAIL
49,49,,2025-05-29 23:54:25.621065,2025-05-29 23:54:25.913906,0 days 00:00:00.292841,,,,,,,,,,,80,48m,0.1,-0.7999999999999998,480,,,,,,,,,,,1,FAIL
50,50,,2025-05-29 23:54:25.913906,2025-05-29 23:54:26.204747,0 days 00:00:00.290841,,,,,,,,,,,80,48m,0.2,-0.6999999999999997,480,,,,,,,,,,,1,FAIL
51,51,,2025-05-29 23:54:26.208524,2025-05-29 23:54:26.495384,0 days 00:00:00.286860,,,,,,,,,,,80,43m,0.1,-0.6999999999999997,510,,,,,,,,,,,1,FAIL
52,52,,2025-05-29 23:54:26.503425,2025-05-29 23:54:26.795792,0 days 00:00:00.292367,,,,,,,,,,,80,48m,0.2,-0.5999999999999996,510,,,,,,,,,,,1,FAIL
53,53,,2025-05-29 23:54:26.798609,2025-05-29 23:54:27.097610,0 days 00:00:00.299001,,,,,,,,,,,90,48m,0.2,-0.5999999999999996,480,,,,,,,,,,,1,FAIL
54,54,,2025-05-29 23:54:27.098642,2025-05-29 23:54:27.374682,0 days 00:00:00.276040,,,,,,,,,,,70,48m,0.1,-0.5999999999999996,470,,,,,,,,,,,1,FAIL
55,55,4.708109434438149,2025-05-29 23:54:27.379698,2025-05-29 23:54:27.647581,0 days 00:00:00.267883,,,,,,,,,,,80,39m,0.2,-0.6999999999999997,500,,,,,,,,,,,1,COMPLETE
56,56,-0.3930133521366524,2025-05-29 23:54:27.650162,2025-05-29 23:54:27.947194,0 days 00:00:00.297032,,,,,,,,,,,80,39m,0.8,-0.5999999999999996,220,,,,,,,,,,,1,COMPLETE
57,57,1.328362684845916,2025-05-29 23:54:27.951342,2025-05-29 23:54:28.362729,0 days 00:00:00.411387,,,,,,660.0,46m,2.1,-1.7999999999999998,860.0,250,12m,1.6,-0.2999999999999998,490,,,,,,,,,,,2,COMPLETE
58,58,-0.08321343857631221,2025-05-29 23:54:28.362729,2025-05-29 23:54:28.776367,0 days 00:00:00.413638,,,,,,480.0,21m,3.1,-2.6,350.0,660,48m,0.2,-0.7999999999999998,340,,,,,,,,,,,2,COMPLETE
59,59,-2.299547827388709,2025-05-29 23:54:28.780461,2025-05-29 23:54:29.043388,0 days 00:00:00.262927,,,,,,,,,,,10,33m,0.6000000000000001,-1.0,650,,,,,,,,,,,1,COMPLETE
60,60,2.264869984450692,2025-05-29 23:54:29.045927,2025-05-29 23:54:29.444290,0 days 00:00:00.398363,,,,,,280.0,39m,1.5,-3.5,560.0,70,29m,2.1,-0.5999999999999996,90,,,,,,,,,,,2,COMPLETE
61,61,,2025-05-29 23:54:29.444938,2025-05-29 23:54:29.832991,0 days 00:00:00.388053,,,,,,900.0,16m,2.4000000000000004,-1.1999999999999997,900.0,150,41m,0.30000000000000004,-0.6999999999999997,840,,,,,,,,,,,2,FAIL
62,62,,2025-05-29 23:54:29.852374,2025-05-29 23:54:30.264891,0 days 00:00:00.412517,,,,,,890.0,41m,2.4000000000000004,-1.1999999999999997,20.0,140,44m,0.2,0.0,860,,,,,,,,,,,2,FAIL
63,63,-3.078133531889051,2025-05-29 23:54:30.270900,2025-05-29 23:54:30.710052,0 days 00:00:00.439152,,,,,,920.0,4m,2.4000000000000004,-1.4,20.0,160,53m,3.3000000000000003,0.0,790,,,,,,,,,,,2,COMPLETE
64,64,,2025-05-29 23:54:30.712410,2025-05-29 23:54:31.005258,0 days 00:00:00.292848,,,,,,,,,,,80,59m,0.4,-0.3999999999999999,450,,,,,,,,,,,1,FAIL
65,65,,2025-05-29 23:54:31.012961,2025-05-29 23:54:31.315168,0 days 00:00:00.302207,,,,,,,,,,,550,59m,0.4,-0.6999999999999997,450,,,,,,,,,,,1,FAIL
66,66,-2.652592434361896,2025-05-29 23:54:31.320929,2025-05-29 23:54:31.621052,0 days 00:00:00.300123,,,,,,,,,,,550,18m,0.4,-0.6999999999999997,460,,,,,,,,,,,1,COMPLETE
67,67,4.335777124693551,2025-05-29 23:54:31.626143,2025-05-29 23:54:31.924610,0 days 00:00:00.298467,,,,,,,,,,,120,35m,0.1,-1.2999999999999998,550,,,,,,,,,,,1,COMPLETE
68,68,,2025-05-29 23:54:31.927827,2025-05-29 23:54:32.222859,0 days 00:00:00.295032,,,,,,,,,,,80,35m,0.2,-0.3999999999999999,710,,,,,,,,,,,1,FAIL
69,69,,2025-05-29 23:54:32.229596,2025-05-29 23:54:32.514951,0 days 00:00:00.285355,,,,,,,,,,,90,41m,0.2,-0.3999999999999999,720,,,,,,,,,,,1,FAIL
70,70,,2025-05-29 23:54:32.526844,2025-05-29 23:54:32.813361,0 days 00:00:00.286517,,,,,,,,,,,90,50m,0.2,-1.0999999999999996,540,,,,,,,,,,,1,FAIL
71,71,,2025-05-29 23:54:32.813361,2025-05-29 23:54:33.110938,0 days 00:00:00.297577,,,,,,,,,,,90,35m,0.2,-0.3999999999999999,860,,,,,,,,,,,1,FAIL
72,72,,2025-05-29 23:54:33.117213,2025-05-29 23:54:33.398107,0 days 00:00:00.280894,,,,,,,,,,,80,59m,0.2,-0.3999999999999999,540,,,,,,,,,,,1,FAIL
73,73,,2025-05-29 23:54:33.398107,2025-05-29 23:54:33.685949,0 days 00:00:00.287842,,,,,,,,,,,80,35m,0.30000000000000004,-0.3999999999999999,870,,,,,,,,,,,1,FAIL
74,74,3.1882635063374227,2025-05-29 23:54:33.693440,2025-05-29 23:54:33.986152,0 days 00:00:00.292712,,,,,,,,,,,70,35m,0.2,-0.3999999999999999,540,,,,,,,,,,,1,COMPLETE
75,75,,2025-05-29 23:54:33.997279,2025-05-29 23:54:34.283679,0 days 00:00:00.286400,,,,,,,,,,,110,56m,0.7000000000000001,-1.0,630,,,,,,,,,,,1,FAIL
76,76,,2025-05-29 23:54:34.285446,2025-05-29 23:54:34.567684,0 days 00:00:00.282238,,,,,,,,,,,110,15m,2.9000000000000004,-1.0999999999999996,720,,,,,,,,,,,1,FAIL
77,77,-1.215855094350549,2025-05-29 23:54:34.576284,2025-05-29 23:54:34.848016,0 days 00:00:00.271732,,,,,,,,,,,110,15m,0.7000000000000001,-1.1999999999999997,860,,,,,,,,,,,1,COMPLETE
78,78,0.10686432140964407,2025-05-29 23:54:34.855166,2025-05-29 23:54:35.146379,0 days 00:00:00.291213,,,,,,,,,,,260,26m,0.30000000000000004,-3.4,690,,,,,,,,,,,1,COMPLETE
79,79,6.669554406511661,2025-05-29 23:54:35.146379,2025-05-29 23:54:35.430925,0 days 00:00:00.284546,,,,,,,,,,,60,51m,0.1,-1.0999999999999996,400,,,,,,,,,,,1,COMPLETE
80,80,3.2521789602208875,2025-05-29 23:54:35.431945,2025-05-29 23:54:35.729337,0 days 00:00:00.297392,,,,,,,,,,,160,4m,0.1,-1.7,300,,,,,,,,,,,1,COMPLETE
81,81,-1.2007607245550336,2025-05-29 23:54:35.729337,2025-05-29 23:54:36.145337,0 days 00:00:00.416000,,,,,,110.0,49m,0.9,-0.5,910.0,40,40m,2.9000000000000004,-1.0,230,,,,,,,,,,,2,COMPLETE
82,82,,2025-05-29 23:54:36.154016,2025-05-29 23:54:36.424569,0 days 00:00:00.270553,,,,,,,,,,,230,51m,0.4,-1.4,610,,,,,,,,,,,1,FAIL
83,83,,2025-05-29 23:54:36.428485,2025-05-29 23:54:36.744610,0 days 00:00:00.316125,,,,,,,,,,,230,51m,0.4,-1.4,610,,,,,,,,,,,1,FAIL
84,84,,2025-05-29 23:54:36.749566,2025-05-29 23:54:37.047647,0 days 00:00:00.298081,,,,,,,,,,,980,51m,0.4,-1.2999999999999998,600,,,,,,,,,,,1,FAIL
85,85,,2025-05-29 23:54:37.047647,2025-05-29 23:54:37.365809,0 days 00:00:00.318162,,,,,,,,,,,210,51m,0.4,-1.4,620,,,,,,,,,,,1,FAIL
86,86,,2025-05-29 23:54:37.374876,2025-05-29 23:54:37.688267,0 days 00:00:00.313391,,,,,,,,,,,210,56m,0.4,-1.4,460,,,,,,,,,,,1,FAIL
87,87,,2025-05-29 23:54:37.688267,2025-05-29 23:54:38.015370,0 days 00:00:00.327103,,,,,,,,,,,230,51m,0.4,-1.4,730,,,,,,,,,,,1,FAIL
88,88,0.6938659938694061,2025-05-29 23:54:38.017330,2025-05-29 23:54:38.315474,0 days 00:00:00.298144,,,,,,,,,,,210,21m,0.4,-0.3999999999999999,610,,,,,,,,,,,1,COMPLETE
89,89,-1.1540479929657388,2025-05-29 23:54:38.315474,2025-05-29 23:54:39.118458,0 days 00:00:00.802984,780.0,31m,0.7000000000000001,-2.5,220.0,750.0,43m,0.30000000000000004,-2.0,770.0,310,51m,0.5,-1.4,970,480.0,10m,0.0,-2.3,950.0,970.0,51m,0.1,-3.3,990.0,5,COMPLETE
90,90,,2025-05-29 23:54:39.125310,2025-05-29 23:54:39.412513,0 days 00:00:00.287203,,,,,,,,,,,410,50m,0.1,-2.4,380,,,,,,,,,,,1,FAIL
91,91,,2025-05-29 23:54:39.420883,2025-05-29 23:54:39.712328,0 days 00:00:00.291445,,,,,,,,,,,380,44m,0.30000000000000004,-2.4,710,,,,,,,,,,,1,FAIL
92,92,,2025-05-29 23:54:39.717576,2025-05-29 23:54:40.022874,0 days 00:00:00.305298,,,,,,,,,,,950,50m,0.1,-2.4,390,,,,,,,,,,,1,FAIL
93,93,,2025-05-29 23:54:40.029714,2025-05-29 23:54:40.322257,0 days 00:00:00.292543,,,,,,,,,,,910,45m,0.1,-2.4,460,,,,,,,,,,,1,FAIL
94,94,0.47566588962401984,2025-05-29 23:54:40.328429,2025-05-29 23:54:40.631651,0 days 00:00:00.303222,,,,,,,,,,,120,9m,0.1,-2.3,730,,,,,,,,,,,1,COMPLETE
95,95,3.0866113465977407,2025-05-29 23:54:40.633983,2025-05-29 23:54:40.931941,0 days 00:00:00.297958,,,,,,,,,,,70,42m,0.30000000000000004,-1.0999999999999996,390,,,,,,,,,,,1,COMPLETE
96,96,0.6781469476450358,2025-05-29 23:54:40.934882,2025-05-29 23:54:41.227056,0 days 00:00:00.292174,,,,,,,,,,,90,44m,1.0,-0.8999999999999999,380,,,,,,,,,,,1,COMPLETE
97,97,4.142595349537879,2025-05-29 23:54:41.227056,2025-05-29 23:54:41.533729,0 days 00:00:00.306673,,,,,,,,,,,40,17m,0.8,-0.5999999999999996,460,,,,,,,,,,,1,COMPLETE
98,98,1.235791254354028,2025-05-29 23:54:41.537797,2025-05-29 23:54:41.826726,0 days 00:00:00.288929,,,,,,,,,,,30,17m,0.5,-0.19999999999999973,530,,,,,,,,,,,1,COMPLETE
99,99,-1.4165780663649885,2025-05-29 23:54:41.832778,2025-05-29 23:54:42.267622,0 days 00:00:00.434844,,,,,,400.0,2m,3.2,-1.1999999999999997,160.0,400,47m,0.6000000000000001,-0.5999999999999996,470,,,,,,,,,,,2,COMPLETE
100,100,,2025-05-29 23:54:42.274860,2025-05-29 23:54:42.573146,0 days 00:00:00.298286,,,,,,,,,,,150,55m,0.9,-1.5999999999999999,320,,,,,,,,,,,1,FAIL
101,101,3.5286711981150973,2025-05-29 23:54:42.581067,2025-05-29 23:54:42.882356,0 days 00:00:00.301289,,,,,,,,,,,150,45m,0.1,-1.5999999999999999,320,,,,,,,,,,,1,COMPLETE
102,102,,2025-05-29 23:54:42.886773,2025-05-29 23:54:43.180163,0 days 00:00:00.293390,,,,,,,,,,,10,57m,0.9,-2.5,440,,,,,,,,,,,1,FAIL
103,103,,2025-05-29 23:54:43.180163,2025-05-29 23:54:43.485731,0 days 00:00:00.305568,,,,,,,,,,,10,56m,0.9,-2.5,460,,,,,,,,,,,1,FAIL
104,104,-0.4172205818262398,2025-05-29 23:54:43.490255,2025-05-29 23:54:43.786333,0 days 00:00:00.296078,,,,,,,,,,,10,16m,0.7000000000000001,-0.5,460,,,,,,,,,,,1,COMPLETE
105,105,,2025-05-29 23:54:43.789240,2025-05-29 23:54:44.339324,0 days 00:00:00.550084,290.0,42m,2.1,-1.0,690.0,860.0,52m,1.7000000000000002,0.0,400.0,230,52m,0.9,-1.2999999999999998,610,,,,,,,,,,,3,FAIL
106,106,-1.2360684422794108,2025-05-29 23:54:44.349655,2025-05-29 23:54:44.909223,0 days 00:00:00.559568,320.0,51m,2.3000000000000003,-1.0,680.0,870.0,5m,1.6,-0.5999999999999996,390.0,240,27m,0.4,-1.2999999999999998,620,,,,,,,,,,,3,COMPLETE
107,107,1.0758067478986921,2025-05-29 23:54:44.909223,2025-05-29 23:54:45.218526,0 days 00:00:00.309303,,,,,,,,,,,180,28m,1.1,-1.0,440,,,,,,,,,,,1,COMPLETE
108,108,-4.573199367780062,2025-05-29 23:54:45.222680,2025-05-29 23:54:45.640012,0 days 00:00:00.417332,,,,,,560.0,11m,2.7,-2.0,580.0,900,13m,0.9,-0.6999999999999997,530,,,,,,,,,,,2,COMPLETE
109,109,0.6897920664409223,2025-05-29 23:54:45.646017,2025-05-29 23:54:45.955350,0 days 00:00:00.309333,,,,,,,,,,,50,56m,0.8,-0.7999999999999998,400,,,,,,,,,,,1,COMPLETE
110,110,,2025-05-29 23:54:45.959714,2025-05-29 23:54:46.250943,0 days 00:00:00.291229,,,,,,,,,,,100,58m,0.0,-2.6,350,,,,,,,,,,,1,FAIL
111,111,2.016233336379592,2025-05-29 23:54:46.254661,2025-05-29 23:54:46.960024,0 days 00:00:00.705363,750.0,33m,3.4000000000000004,-2.6,250.0,300.0,26m,0.0,-2.7,260.0,100,11m,0.0,-1.0999999999999996,350,1000.0,33m,2.0,0.0,340.0,,,,,,4,COMPLETE
112,112,1.93639446900823,2025-05-29 23:54:46.966445,2025-05-29 23:54:47.271094,0 days 00:00:00.304649,,,,,,,,,,,60,46m,1.3,-2.6,410,,,,,,,,,,,1,COMPLETE
113,113,1.7653185905776667,2025-05-29 23:54:47.274335,2025-05-29 23:54:47.567447,0 days 00:00:00.293112,,,,,,,,,,,120,59m,0.9,-0.7999999999999998,20,,,,,,,,,,,1,COMPLETE
114,114,,2025-05-29 23:54:47.572726,2025-05-29 23:54:47.864555,0 days 00:00:00.291829,,,,,,,,,,,40,52m,0.30000000000000004,-1.7999999999999998,600,,,,,,,,,,,1,FAIL
115,115,,2025-05-29 23:54:47.864555,2025-05-29 23:54:48.166696,0 days 00:00:00.302141,,,,,,,,,,,190,41m,0.30000000000000004,-1.7999999999999998,600,,,,,,,,,,,1,FAIL
116,116,,2025-05-29 23:54:48.170703,2025-05-29 23:54:48.463147,0 days 00:00:00.292444,,,,,,,,,,,40,50m,0.30000000000000004,-1.7999999999999998,600,,,,,,,,,,,1,FAIL
117,117,4.592132812936533,2025-05-29 23:54:48.469160,2025-05-29 23:54:48.753374,0 days 00:00:00.284214,,,,,,,,,,,40,43m,0.30000000000000004,-1.7999999999999998,480,,,,,,,,,,,1,COMPLETE
118,118,,2025-05-29 23:54:48.753374,2025-05-29 23:54:49.043981,0 days 00:00:00.290607,,,,,,,,,,,40,55m,0.2,-1.9,500,,,,,,,,,,,1,FAIL
119,119,,2025-05-29 23:54:49.047909,2025-05-29 23:54:49.342201,0 days 00:00:00.294292,,,,,,,,,,,40,43m,0.30000000000000004,-2.0999999999999996,600,,,,,,,,,,,1,FAIL
