,number,value,datetime_start,datetime_complete,duration,params_ALGN_CELG_beta_win,params_ALGN_CELG_trade_freq,params_ALGN_CELG_z_entry,params_ALGN_CELG_z_exit,params_ALGN_CELG_z_win,params_ATVI_TTWO_beta_win,params_ATVI_TTWO_trade_freq,params_ATVI_TTWO_z_entry,params_ATVI_TTWO_z_exit,params_ATVI_TTWO_z_win,params_AVGO_CELG_beta_win,params_AVGO_CELG_trade_freq,params_AVGO_CELG_z_entry,params_AVGO_CELG_z_exit,params_AVGO_CELG_z_win,params_BIDU_CELG_beta_win,params_BIDU_CELG_trade_freq,params_BIDU_CELG_z_entry,params_BIDU_CELG_z_exit,params_BIDU_CELG_z_win,params_BIIB_FOXA_beta_win,params_BIIB_FOXA_trade_freq,params_BIIB_FOXA_z_entry,params_BIIB_FOXA_z_exit,params_BIIB_FOXA_z_win,params_FOX_BIIB_beta_win,params_FOX_BIIB_trade_freq,params_FOX_BIIB_z_entry,params_FOX_BIIB_z_exit,params_FOX_BIIB_z_win,params_FOX_FOXA_beta_win,params_FOX_FOXA_trade_freq,params_FOX_FOXA_z_entry,params_FOX_FOXA_z_exit,params_FOX_FOXA_z_win,params_NTES_CELG_beta_win,params_NTES_CELG_trade_freq,params_NTES_CELG_z_entry,params_NTES_CELG_z_exit,params_NTES_CELG_z_win,params_PEP_CELG_beta_win,params_PEP_CELG_trade_freq,params_PEP_CELG_z_entry,params_PEP_CELG_z_exit,params_PEP_CELG_z_win,params_TTWO_HSIC_beta_win,params_TTWO_HSIC_trade_freq,params_TTWO_HSIC_z_entry,params_TTWO_HSIC_z_exit,params_TTWO_HSIC_z_win,params_pairs_to_trade,state
152,152,,2025-05-29 23:37:25.862958,2025-05-29 23:37:26.216733,0 days 00:00:00.353775,,,,,,,,,,,230,44m,2.3000000000000003,-0.09999999999999964,220,,,,,,,,,,,350,29m,3.1,-2.8,940,,,,,,,,,,,,,,,,,,,,,1,FAIL
153,153,-3.2288366921203577,2025-05-29 23:37:26.216733,2025-05-29 23:37:26.586000,0 days 00:00:00.369267,,,,,,,,,,,230,44m,3.4000000000000004,-1.2999999999999998,170,,,,,,,,,,,200,24m,2.4000000000000004,-2.8,320,,,,,,,,,,,,,,,,,,,,,1,COMPLETE
154,154,-1.236038714482305,2025-05-29 23:37:26.587771,2025-05-29 23:37:26.958338,0 days 00:00:00.370567,,,,,,,,,,,320,7m,0.0,-0.09999999999999964,240,,,,,,,,,,,460,35m,2.8000000000000003,-2.2,930,,,,,,,,,,,,,,,,,,,,,1,COMPLETE
155,155,-1.2458087038800567,2025-05-29 23:37:26.967435,2025-05-29 23:37:27.315006,0 days 00:00:00.347571,,,,,,,,,,,280,17m,2.1,-1.5999999999999999,210,,,,,,,,,,,260,21m,3.1,-2.4,790,,,,,,,,,,,,,,,,,,,,,1,COMPLETE
156,156,,2025-05-29 23:37:27.315006,2025-05-29 23:37:27.723825,0 days 00:00:00.408819,,,,,,,,,,,430,50m,1.8,-3.3,340,,,,,,,,,,,330,36m,2.1,-2.8,860,,,,,,,,,,,,,,,,,,,,,1,FAIL
157,157,,2025-05-29 23:37:27.723825,2025-05-29 23:37:28.099979,0 days 00:00:00.376154,,,,,,,,,,,430,55m,1.8,-1.0,120,,,,,,,,,,,360,36m,2.1,-2.0,840,,,,,,,,,,,,,,,,,,,,,1,FAIL
158,158,,2025-05-29 23:37:28.103985,2025-05-29 23:37:28.497049,0 days 00:00:00.393064,,,,,,,,,,,430,38m,0.6000000000000001,-1.0,140,,,,,,,,,,,500,29m,2.1,-2.8,850,,,,,,,,,,,,,,,,,,,,,1,FAIL
159,159,-3.099245838922483,2025-05-29 23:37:28.497049,2025-05-29 23:37:28.879025,0 days 00:00:00.381976,,,,,,,,,,,380,4m,1.9000000000000001,-1.0,350,,,,,,,,,,,340,36m,2.1,0.0,840,,,,,,,,,,,,,,,,,,,,,1,COMPLETE
160,160,,2025-05-29 23:37:28.879025,2025-05-29 23:37:29.523151,0 days 00:00:00.644126,,,,,,,,,,,420,50m,2.5,-3.3,150,,,,,,660.0,35m,0.5,-3.0,500.0,500,29m,2.6,-2.7,930,,,,,,,,,,,610.0,21m,1.5,-1.7,410.0,,,,,,2,FAIL
161,161,0.30021371009397624,2025-05-29 23:37:29.523151,2025-05-29 23:37:30.106804,0 days 00:00:00.583653,,,,,,,,,,,600,50m,2.5,-0.6999999999999997,90,,,,,,730.0,35m,1.6,-2.9,500.0,500,11m,2.6,-2.7,260,,,,,,,,,,,610.0,49m,2.8000000000000003,-1.7,520.0,,,,,,2,COMPLETE
162,162,-0.43043265738965614,2025-05-29 23:37:30.106804,2025-05-29 23:37:30.455360,0 days 00:00:00.348556,,,,,,,,,,,430,38m,0.6000000000000001,-0.19999999999999973,280,,,,,,,,,,,370,2m,1.9000000000000001,-2.0,520,,,,,,,,,,,,,,,,,,,,,1,COMPLETE
163,163,-0.5073399495036025,2025-05-29 23:37:30.455360,2025-05-29 23:37:31.217363,0 days 00:00:00.762003,230.0,8m,2.6,-2.9,620.0,,,,,,410,3m,1.6,-3.3,140,,,,,,650.0,15m,0.5,-3.2,80.0,560,5m,2.0,-0.5999999999999996,380,,,,,,,,,,,530.0,47m,1.9000000000000001,-1.2999999999999998,410.0,210.0,27m,2.8000000000000003,-2.3,820.0,3,COMPLETE
164,164,,2025-05-29 23:37:31.217363,2025-05-29 23:37:31.771779,0 days 00:00:00.554416,,,,,,,,,,,210,16m,1.8,-1.9,410,,,,,,890.0,45m,0.7000000000000001,-3.0,180.0,320,29m,2.2,-3.1,930,,,,,,,,,,,970.0,21m,1.5,-0.8999999999999999,470.0,,,,,,2,FAIL
165,165,,2025-05-29 23:37:31.782152,2025-05-29 23:37:32.340670,0 days 00:00:00.558518,,,,,,,,,,,260,55m,1.8,-1.7999999999999998,190,,,,,,680.0,30m,0.7000000000000001,-3.5,200.0,320,34m,2.2,-3.1,460,,,,,,,,,,,960.0,37m,1.5,-0.8999999999999999,460.0,,,,,,2,FAIL
166,166,1.5732149887123168,2025-05-29 23:37:32.351272,2025-05-29 23:37:32.922823,0 days 00:00:00.571551,,,,,,,,,,,250,55m,2.0,-1.9,190,,,,,,410.0,33m,0.7000000000000001,-3.0,180.0,320,13m,2.2,-3.1,920,,,,,,,,,,,960.0,21m,1.5,-0.8999999999999999,460.0,,,,,,2,COMPLETE
167,167,,2025-05-29 23:37:32.922823,2025-05-29 23:37:33.270383,0 days 00:00:00.347560,,,,,,,,,,,190,51m,1.8,-1.0999999999999996,390,,,,,,,,,,,400,43m,2.3000000000000003,-0.2999999999999998,120,,,,,,,,,,,,,,,,,,,,,1,FAIL
168,168,,2025-05-29 23:37:33.275416,2025-05-29 23:37:33.615927,0 days 00:00:00.340511,,,,,,,,,,,200,51m,1.8,-0.2999999999999998,500,,,,,,,,,,,280,29m,2.3000000000000003,-3.2,750,,,,,,,,,,,,,,,,,,,,,1,FAIL
169,169,-0.6187036649652319,2025-05-29 23:37:33.626334,2025-05-29 23:37:33.960243,0 days 00:00:00.333909,,,,,,,,,,,210,44m,1.8,-3.5,400,,,,,,,,,,,450,10m,2.3000000000000003,-2.3,170,,,,,,,,,,,,,,,,,,,,,1,COMPLETE
170,170,-0.38269187465617255,2025-05-29 23:37:33.970592,2025-05-29 23:37:34.513219,0 days 00:00:00.542627,,,,,,,,,,,530,8m,2.3000000000000003,-2.4,440,,,,,,900.0,29m,1.2000000000000002,-3.5,340.0,400,29m,1.9000000000000001,-0.2999999999999998,940,,,,,,,,,,,350.0,37m,1.5,-1.4,200.0,,,,,,2,COMPLETE
171,171,,2025-05-29 23:37:34.513219,2025-05-29 23:37:35.051848,0 days 00:00:00.538629,,,,,,,,,,,510,27m,1.5,0.0,1000,,,,,,850.0,45m,1.5,-2.0,250.0,480,44m,0.4,-2.9,880,,,,,,,,,,,920.0,41m,1.3,-1.0999999999999996,320.0,,,,,,2,FAIL
172,172,,2025-05-29 23:37:35.051848,2025-05-29 23:37:35.667671,0 days 00:00:00.615823,,,,,,,,,,,490,27m,1.7000000000000002,0.0,1000,,,,,,840.0,49m,1.5,-1.9,250.0,650,23m,0.4,-2.9,850,,,,,,,,,,,920.0,27m,1.3,-1.0999999999999996,440.0,,,,,,2,FAIL
173,173,,2025-05-29 23:37:35.667671,2025-05-29 23:37:36.277400,0 days 00:00:00.609729,,,,,,,,,,,450,27m,1.7000000000000002,0.0,1000,,,,,,820.0,45m,1.5,-1.9,260.0,510,44m,0.4,-2.9,860,,,,,,,,,,,860.0,40m,1.3,-1.0999999999999996,430.0,,,,,,2,FAIL
174,174,2.11426224573073,2025-05-29 23:37:36.277400,2025-05-29 23:37:36.892513,0 days 00:00:00.615113,,,,,,,,,,,500,27m,1.7000000000000002,0.0,980,,,,,,850.0,48m,1.3,-1.9,260.0,500,23m,1.8,-2.9,870,,,,,,,,,,,800.0,1m,1.3,-1.0999999999999996,450.0,,,,,,2,COMPLETE
175,175,2.8028130608317463,2025-05-29 23:37:36.902743,2025-05-29 23:37:37.458859,0 days 00:00:00.556116,,,,,,,,,,,440,22m,1.5,-0.2999999999999998,950,,,,,,810.0,17m,1.5,-1.5999999999999999,280.0,420,44m,0.5,-2.8,850,,,,,,,,,,,930.0,41m,1.0,-1.0999999999999996,300.0,,,,,,2,COMPLETE
176,176,-1.510182626494432,2025-05-29 23:37:37.468460,2025-05-29 23:37:38.049062,0 days 00:00:00.580602,,,,,,,,,,,450,13m,1.5,-0.2999999999999998,950,,,,,,800.0,17m,1.9000000000000001,-1.5,300.0,360,44m,1.7000000000000002,-3.0,120,,,,,,,,,,,920.0,5m,1.1,-1.1999999999999997,310.0,,,,,,2,COMPLETE
177,177,,2025-05-29 23:37:38.055580,2025-05-29 23:37:38.868581,0 days 00:00:00.813001,530.0,46m,2.0,-2.3,330.0,,,,,,330,22m,1.3,-0.5,910,,,,,,700.0,49m,1.6,-2.5,400.0,470,34m,1.4000000000000001,-2.8,820,,,,,,,,,,,870.0,27m,0.8,-0.8999999999999999,160.0,460.0,37m,0.1,-1.5,250.0,3,FAIL
178,178,-2.608878026937563,2025-05-29 23:37:38.868581,2025-05-29 23:37:39.687167,0 days 00:00:00.818586,510.0,26m,1.6,-2.3,320.0,,,,,,330,16m,1.4000000000000001,-3.0,910,,,,,,700.0,45m,0.0,-2.5,220.0,280,56m,1.6,-2.8,750,,,,,,,,,,,980.0,27m,0.9,-0.8999999999999999,230.0,340.0,20m,0.0,-1.5,280.0,3,COMPLETE
179,179,4.085428940170355,2025-05-29 23:37:39.698452,2025-05-29 23:37:40.252578,0 days 00:00:00.554126,,,,,,,,,,,370,30m,2.7,-0.5,930,,,,,,740.0,12m,1.7000000000000002,-2.7,190.0,470,33m,1.4000000000000001,-3.2,820,,,,,,,,,,,930.0,41m,1.0,-1.5999999999999999,670.0,,,,,,2,COMPLETE
180,180,3.289983265953225,2025-05-29 23:37:40.252578,2025-05-29 23:37:40.820194,0 days 00:00:00.567616,,,,,,,,,,,360,30m,2.7,-0.5,500,,,,,,750.0,12m,1.6,-2.7,190.0,590,33m,1.5,-2.7,820,,,,,,,,,,,890.0,24m,1.0,-1.9,640.0,,,,,,2,COMPLETE
181,181,1.3873808920730304,2025-05-29 23:37:40.820194,2025-05-29 23:37:41.389128,0 days 00:00:00.568934,,,,,,,,,,,370,22m,2.9000000000000004,-0.5999999999999996,600,,,,,,730.0,3m,1.6,-2.7,110.0,640,33m,1.5,-2.6,820,,,,,,,,,,,930.0,41m,0.8,-1.9,130.0,,,,,,2,COMPLETE
182,182,3.5238732478517765,2025-05-29 23:37:41.389128,2025-05-29 23:37:41.968481,0 days 00:00:00.579353,,,,,,,,,,,350,22m,2.7,-0.5,520,,,,,,760.0,17m,1.9000000000000001,-2.6,190.0,710,34m,1.2000000000000002,-2.7,800,,,,,,,,,,,880.0,41m,1.0,-2.0999999999999996,670.0,,,,,,2,COMPLETE
183,183,2.5891554784356834,2025-05-29 23:37:41.968481,2025-05-29 23:37:42.539448,0 days 00:00:00.570967,,,,,,,,,,,350,30m,2.8000000000000003,-0.5,460,,,,,,680.0,12m,2.0,-2.6,180.0,780,34m,1.2000000000000002,-2.8,670,,,,,,,,,,,890.0,41m,0.7000000000000001,-2.0999999999999996,680.0,,,,,,2,COMPLETE
184,184,0.08766820778580385,2025-05-29 23:37:42.549978,2025-05-29 23:37:43.111228,0 days 00:00:00.561250,,,,,,,,,,,440,30m,3.1,-0.2999999999999998,500,,,,,,750.0,12m,1.9000000000000001,-2.8,200.0,780,14m,1.1,-2.7,810,,,,,,,,,,,1000.0,40m,1.0,-2.0,630.0,,,,,,2,COMPLETE
185,185,3.485536356083684,2025-05-29 23:37:43.111228,2025-05-29 23:37:43.679023,0 days 00:00:00.567795,,,,,,,,,,,310,22m,2.7,-0.3999999999999999,580,,,,,,780.0,17m,1.5,-2.9,230.0,700,33m,1.4000000000000001,-3.0,850,,,,,,,,,,,940.0,24m,1.0,-1.7999999999999998,590.0,,,,,,2,COMPLETE
186,186,3.500137179683275,2025-05-29 23:37:43.689407,2025-05-29 23:37:44.279419,0 days 00:00:00.590012,,,,,,,,,,,420,22m,2.7,-0.3999999999999999,540,,,,,,770.0,17m,1.5,-2.9,240.0,710,33m,1.4000000000000001,-3.1,770,,,,,,,,,,,960.0,41m,1.0,-2.2,640.0,,,,,,2,COMPLETE
187,187,,2025-05-29 23:37:44.288071,2025-05-29 23:37:44.882626,0 days 00:00:00.594555,,,,,,,,,,,270,22m,2.7,-0.3999999999999999,580,,,,,,710.0,42m,1.7000000000000002,-3.0,230.0,640,33m,1.3,-3.3,710,,,,,,,,,,,870.0,24m,0.8,-2.4,660.0,,,,,,2,FAIL
188,188,3.485536356083684,2025-05-29 23:37:44.882626,2025-05-29 23:37:45.516499,0 days 00:00:00.633873,,,,,,,,,,,300,22m,2.7,-0.7999999999999998,540,,,,,,780.0,17m,1.8,-3.0,240.0,710,33m,1.4000000000000001,-3.3,770,,,,,,,,,,,900.0,24m,0.8,-2.4,660.0,,,,,,2,COMPLETE
189,189,,2025-05-29 23:37:45.519497,2025-05-29 23:37:46.062397,0 days 00:00:00.542900,,,,,,,,,,,290,22m,2.7,-0.7999999999999998,530,,,,,,710.0,59m,1.7000000000000002,-2.9,240.0,720,33m,1.4000000000000001,-3.4,740,,,,,,,,,,,970.0,42m,0.8,-2.4,660.0,,,,,,2,FAIL
190,190,4.249236984547908,2025-05-29 23:37:46.062397,2025-05-29 23:37:46.632207,0 days 00:00:00.569810,,,,,,,,,,,270,22m,2.7,-0.7999999999999998,630,,,,,,720.0,17m,1.7000000000000002,-2.9,230.0,720,33m,1.4000000000000001,-3.3,720,,,,,,,,,,,970.0,42m,0.8,-2.3,660.0,,,,,,2,COMPLETE
191,191,4.049638145812798,2025-05-29 23:37:46.648282,2025-05-29 23:37:47.260328,0 days 00:00:00.612046,,,,,,,,,,,300,22m,2.7,-0.6999999999999997,580,,,,,,710.0,17m,1.7000000000000002,-2.9,150.0,680,33m,1.4000000000000001,-3.4,770,,,,,,,,,,,960.0,24m,0.6000000000000001,-2.4,660.0,,,,,,2,COMPLETE
192,192,3.9034232305428613,2025-05-29 23:37:47.276414,2025-05-29 23:37:47.873468,0 days 00:00:00.597054,,,,,,,,,,,300,51m,2.7,-0.7999999999999998,580,,,,,,700.0,17m,1.7000000000000002,-2.9,230.0,720,33m,1.2000000000000002,-3.4,770,,,,,,,,,,,970.0,42m,0.5,-2.4,710.0,,,,,,2,COMPLETE
193,193,4.011015481960097,2025-05-29 23:37:47.873468,2025-05-29 23:37:48.438026,0 days 00:00:00.564558,,,,,,,,,,,270,22m,2.7,-0.7999999999999998,580,,,,,,710.0,17m,1.7000000000000002,-3.0,240.0,710,33m,1.4000000000000001,-3.4,700,,,,,,,,,,,970.0,42m,0.4,-2.4,710.0,,,,,,2,COMPLETE
194,194,4.011015481960097,2025-05-29 23:37:48.438026,2025-05-29 23:37:48.975507,0 days 00:00:00.537481,,,,,,,,,,,270,22m,2.7,-0.5999999999999996,580,,,,,,710.0,17m,1.8,-3.0,230.0,720,33m,1.4000000000000001,-3.4,730,,,,,,,,,,,970.0,42m,0.30000000000000004,-2.4,710.0,,,,,,2,COMPLETE
195,195,4.011015481960097,2025-05-29 23:37:48.975507,2025-05-29 23:37:49.524253,0 days 00:00:00.548746,,,,,,,,,,,300,22m,2.8000000000000003,-0.7999999999999998,540,,,,,,710.0,17m,1.8,-3.0,240.0,710,33m,1.4000000000000001,-3.4,730,,,,,,,,,,,960.0,42m,0.30000000000000004,-2.4,730.0,,,,,,2,COMPLETE
196,196,4.249236984547908,2025-05-29 23:37:49.531256,2025-05-29 23:37:50.072396,0 days 00:00:00.541140,,,,,,,,,,,300,22m,3.0,-0.7999999999999998,540,,,,,,720.0,17m,1.8,-3.0,240.0,720,33m,1.3,-3.4,730,,,,,,,,,,,960.0,42m,0.30000000000000004,-2.4,710.0,,,,,,2,COMPLETE
197,197,4.011015481960097,2025-05-29 23:37:50.072396,2025-05-29 23:37:50.634354,0 days 00:00:00.561958,,,,,,,,,,,290,22m,3.0,-0.7999999999999998,540,,,,,,710.0,17m,1.8,-3.0,240.0,720,33m,1.4000000000000001,-3.4,730,,,,,,,,,,,960.0,42m,0.30000000000000004,-2.4,740.0,,,,,,2,COMPLETE
198,198,4.011015481960097,2025-05-29 23:37:50.650473,2025-05-29 23:37:51.209204,0 days 00:00:00.558731,,,,,,,,,,,270,22m,3.0,-0.7999999999999998,540,,,,,,710.0,17m,1.8,-3.0,230.0,710,33m,1.4000000000000001,-3.4,730,,,,,,,,,,,970.0,24m,0.30000000000000004,-2.4,730.0,,,,,,2,COMPLETE
199,199,4.011015481960097,2025-05-29 23:37:51.209204,2025-05-29 23:37:51.776922,0 days 00:00:00.567718,,,,,,,,,,,270,22m,3.0,-0.7999999999999998,580,,,,,,710.0,17m,1.7000000000000002,-3.1,220.0,730,33m,1.4000000000000001,-3.4,710,,,,,,,,,,,960.0,42m,0.2,-2.7,710.0,,,,,,2,COMPLETE
