,number,value,datetime_start,datetime_complete,duration,params_AAL_ADSK_beta_win,params_AAL_ADSK_trade_freq,params_AAL_ADSK_z_entry,params_AAL_ADSK_z_exit,params_AAL_ADSK_z_win,params_ATVI_SIRI_beta_win,params_ATVI_SIRI_trade_freq,params_ATVI_SIRI_z_entry,params_ATVI_SIRI_z_exit,params_ATVI_SIRI_z_win,params_BIDU_NTAP_beta_win,params_BIDU_NTAP_trade_freq,params_BIDU_NTAP_z_entry,params_BIDU_NTAP_z_exit,params_BIDU_NTAP_z_win,params_BMRN_WDAY_beta_win,params_BMRN_WDAY_trade_freq,params_BMRN_WDAY_z_entry,params_BMRN_WDAY_z_exit,params_BMRN_WDAY_z_win,params_CSCO_PAYX_beta_win,params_CSCO_PAYX_trade_freq,params_CSCO_PAYX_z_entry,params_CSCO_PAYX_z_exit,params_CSCO_PAYX_z_win,params_INTC_LULU_beta_win,params_INTC_LULU_trade_freq,params_INTC_LULU_z_entry,params_INTC_LULU_z_exit,params_INTC_LULU_z_win,params_MELI_ULTA_beta_win,params_MELI_ULTA_trade_freq,params_MELI_ULTA_z_entry,params_MELI_ULTA_z_exit,params_MELI_ULTA_z_win,params_NTES_SYMC_beta_win,params_NTES_SYMC_trade_freq,params_NTES_SYMC_z_entry,params_NTES_SYMC_z_exit,params_NTES_SYMC_z_win,params_NVDA_SIRI_beta_win,params_NVDA_SIRI_trade_freq,params_NVDA_SIRI_z_entry,params_NVDA_SIRI_z_exit,params_NVDA_SIRI_z_win,params_WDC_SIRI_beta_win,params_WDC_SIRI_trade_freq,params_WDC_SIRI_z_entry,params_WDC_SIRI_z_exit,params_WDC_SIRI_z_win,params_pairs_to_trade,state
158,158,,2025-05-29 23:41:31.276011,2025-05-29 23:41:31.668560,0 days 00:00:00.392549,,,,,,,,,,,,,,,,,,,,,,,,,,,,,,,,,,,,260,35m,0.9,-0.5999999999999996,750,,,,,,980,58m,2.7,-1.0,130,1,FAIL
159,159,,2025-05-29 23:41:31.668560,2025-05-29 23:41:32.090910,0 days 00:00:00.422350,,,,,,,,,,,,,,,,,,,,,,,,,,,,,,,,,,,,400,42m,0.9,-0.5999999999999996,910,,,,,,940,48m,2.7,-3.5,440,1,FAIL
160,160,,2025-05-29 23:41:32.097446,2025-05-29 23:41:32.500172,0 days 00:00:00.402726,,,,,,,,,,,,,,,,,,,,,,,,,,,,,,,,,,,,810,56m,0.7000000000000001,-1.2999999999999998,760,,,,,,830,59m,2.7,-1.5999999999999999,440,1,FAIL
161,161,,2025-05-29 23:41:32.500172,2025-05-29 23:41:32.895746,0 days 00:00:00.395574,,,,,,,,,,,,,,,,,,,,,,,,,,,,,,,,,,,,690,35m,0.9,-0.5999999999999996,900,,,,,,1000,43m,2.7,-1.5999999999999999,480,1,FAIL
162,162,,2025-05-29 23:41:32.895746,2025-05-29 23:41:33.298126,0 days 00:00:00.402380,,,,,,,,,,,,,,,,,,,,,,,,,,,,,,,,,,,,250,51m,0.9,-1.2999999999999998,750,,,,,,990,48m,2.7,-1.5999999999999999,140,1,FAIL
163,163,,2025-05-29 23:41:33.308574,2025-05-29 23:41:33.724309,0 days 00:00:00.415735,,,,,,,,,,,,,,,,,,,,,,,,,,,,,,,,,,,,410,56m,0.9,-1.0999999999999996,760,,,,,,990,59m,2.5,-3.5,490,1,FAIL
164,164,,2025-05-29 23:41:33.731821,2025-05-29 23:41:34.135019,0 days 00:00:00.403198,,,,,,,,,,,,,,,,,,,,,,,,,,,,,,,,,,,,810,56m,0.9,-1.2999999999999998,760,,,,,,990,58m,2.5,-1.5999999999999999,440,1,FAIL
165,165,,2025-05-29 23:41:34.135019,2025-05-29 23:41:34.534577,0 days 00:00:00.399558,,,,,,,,,,,,,,,,,,,,,,,,,,,,,,,,,,,,260,42m,0.9,-1.2999999999999998,760,,,,,,940,48m,2.7,-1.5999999999999999,440,1,FAIL
166,166,,2025-05-29 23:41:34.534577,2025-05-29 23:41:34.939759,0 days 00:00:00.405182,,,,,,,,,,,,,,,,,,,,,,,,,,,,,,,,,,,,800,55m,0.9,-1.2999999999999998,900,,,,,,940,22m,2.7,-1.5999999999999999,490,1,FAIL
167,167,,2025-05-29 23:41:34.949947,2025-05-29 23:41:35.334275,0 days 00:00:00.384328,,,,,,,,,,,,,,,,,,,,,,,,,,,,,,,,,,,,410,35m,0.9,-1.2999999999999998,760,,,,,,980,22m,2.5,-1.5999999999999999,440,1,FAIL
168,168,,2025-05-29 23:41:35.336816,2025-05-29 23:41:35.741488,0 days 00:00:00.404672,,,,,,,,,,,,,,,,,,,,,,,,,,,,,,,,,,,,500,35m,0.9,-1.0999999999999996,910,,,,,,1000,48m,2.7,-1.5999999999999999,440,1,FAIL
169,169,,2025-05-29 23:41:35.741488,2025-05-29 23:41:36.137934,0 days 00:00:00.396446,,,,,,,,,,,,,,,,,,,,,,,,,,,,,,,,,,,,810,56m,0.9,-1.0999999999999996,750,,,,,,990,43m,2.7,-1.5999999999999999,450,1,FAIL
170,170,,2025-05-29 23:41:36.146989,2025-05-29 23:41:36.563518,0 days 00:00:00.416529,,,,,,,,,,,,,,,,,,,,,,,,,,,,,,,,,,,,250,57m,0.9,-0.5999999999999996,750,,,,,,1000,59m,2.7,-1.5999999999999999,430,1,FAIL
171,171,,2025-05-29 23:41:36.569575,2025-05-29 23:41:36.973069,0 days 00:00:00.403494,,,,,,,,,,,,,,,,,,,,,,,,,,,,,,,,,,,,260,55m,0.7000000000000001,-0.5999999999999996,750,,,,,,990,59m,2.4000000000000004,-1.5999999999999999,500,1,FAIL
172,172,,2025-05-29 23:41:36.978667,2025-05-29 23:41:37.388251,0 days 00:00:00.409584,,,,,,,,,,,,,,,,,,,,,,,,,,,,,,,,,,,,490,56m,0.9,-1.2999999999999998,750,,,,,,1000,59m,2.7,-1.0,440,1,FAIL
173,173,,2025-05-29 23:41:37.388251,2025-05-29 23:41:37.791124,0 days 00:00:00.402873,,,,,,,,,,,,,,,,,,,,,,,,,,,,,,,,,,,,800,55m,1.4000000000000001,-1.2999999999999998,760,,,,,,940,58m,2.7,-1.5999999999999999,440,1,FAIL
174,174,0.15791268224399038,2025-05-29 23:41:37.801244,2025-05-29 23:41:38.213828,0 days 00:00:00.412584,,,,,,,,,,,,,,,,,,,,,,,,,,,,,,,,,,,,260,9m,0.9,-0.5999999999999996,750,,,,,,990,11m,2.5,-1.5999999999999999,440,1,COMPLETE
175,175,,2025-05-29 23:41:38.213828,2025-05-29 23:41:38.864810,0 days 00:00:00.650982,,,,,,,,,,,520.0,45m,3.2,-0.6999999999999997,500.0,,,,,,,,,,,520.0,52m,0.2,-3.1,820.0,,,,,,800,35m,0.7000000000000001,-1.0999999999999996,910,,,,,,830,59m,3.1,-1.0,490,2,FAIL
176,176,,2025-05-29 23:41:38.868876,2025-05-29 23:41:39.517268,0 days 00:00:00.648392,,,,,,,,,,,520.0,47m,3.2,-0.8999999999999999,580.0,,,,,,,,,,,530.0,56m,1.3,-3.1,900.0,,,,,,810,35m,0.5,-1.0999999999999996,910,,,,,,820,58m,2.7,-1.0,500,2,FAIL
177,177,,2025-05-29 23:41:39.522685,2025-05-29 23:41:40.218339,0 days 00:00:00.695654,,,,,,,,,,,520.0,37m,2.1,-0.7999999999999998,720.0,,,,,,,,,,,520.0,37m,1.2000000000000002,-3.1,890.0,,,,,,800,55m,1.8,-1.0999999999999996,910,,,,,,880,59m,2.7,-1.0,540,2,FAIL
178,178,-3.9571279510087694,2025-05-29 23:41:40.228526,2025-05-29 23:41:40.868960,0 days 00:00:00.640434,,,,,,,,,,,390.0,11m,2.1,-0.6999999999999997,570.0,,,,,,,,,,,460.0,56m,0.2,-3.1,910.0,,,,,,810,51m,0.7000000000000001,-1.0,900,,,,,,820,48m,2.7,-1.2999999999999998,540,2,COMPLETE
179,179,-1.6125678940234611,2025-05-29 23:41:40.876134,2025-05-29 23:41:42.170397,0 days 00:00:01.294263,790.0,33m,2.5,-2.8,170.0,980.0,30m,3.3000000000000003,-3.5,980.0,540.0,41m,3.2,-1.0999999999999996,500.0,390.0,2m,0.0,-1.0999999999999996,690.0,30.0,51m,3.5,0.0,560.0,520.0,30m,1.2000000000000002,-2.9,810.0,970.0,45m,3.3000000000000003,-2.2,950.0,410,56m,1.8,-2.3,800,880.0,42m,2.9000000000000004,-1.9,130.0,880,59m,3.1,-3.5,500,5,COMPLETE
180,180,,2025-05-29 23:41:42.176664,2025-05-29 23:41:42.563705,0 days 00:00:00.387041,,,,,,,,,,,,,,,,,,,,,,,,,,,,,,,,,,,,700,35m,1.3,-1.2999999999999998,920,,,,,,940,35m,3.4000000000000004,-1.4,460,1,FAIL
181,181,,2025-05-29 23:41:42.563705,2025-05-29 23:41:42.950612,0 days 00:00:00.386907,,,,,,,,,,,,,,,,,,,,,,,,,,,,,,,,,,,,690,35m,0.2,-1.2999999999999998,960,,,,,,350,43m,3.4000000000000004,-1.4,450,1,FAIL
182,182,,2025-05-29 23:41:42.959174,2025-05-29 23:41:43.332602,0 days 00:00:00.373428,,,,,,,,,,,,,,,,,,,,,,,,,,,,,,,,,,,,160,35m,1.4000000000000001,-0.7999999999999998,950,,,,,,930,41m,3.4000000000000004,-1.7999999999999998,140,1,FAIL
183,183,,2025-05-29 23:41:43.332602,2025-05-29 23:41:43.705698,0 days 00:00:00.373096,,,,,,,,,,,,,,,,,,,,,,,,,,,,,,,,,,,,690,35m,1.3,-1.2999999999999998,960,,,,,,350,58m,3.4000000000000004,-1.4,140,1,FAIL
184,184,,2025-05-29 23:41:43.708193,2025-05-29 23:41:44.094824,0 days 00:00:00.386631,,,,,,,,,,,,,,,,,,,,,,,,,,,,,,,,,,,,10,24m,1.4000000000000001,-1.4,940,,,,,,930,35m,3.4000000000000004,-1.4,950,1,FAIL
185,185,,2025-05-29 23:41:44.094824,2025-05-29 23:41:44.480149,0 days 00:00:00.385325,,,,,,,,,,,,,,,,,,,,,,,,,,,,,,,,,,,,490,55m,0.2,-1.2999999999999998,720,,,,,,940,22m,3.4000000000000004,-1.4,970,1,FAIL
186,186,,2025-05-29 23:41:44.492590,2025-05-29 23:41:44.893925,0 days 00:00:00.401335,,,,,,,,,,,,,,,,,,,,,,,,,,,,,,,,,,,,690,42m,0.2,-1.2999999999999998,960,,,,,,340,58m,2.1,-2.9,140,1,FAIL
187,187,,2025-05-29 23:41:44.904040,2025-05-29 23:41:45.297064,0 days 00:00:00.393024,,,,,,,,,,,,,,,,,,,,,,,,,,,,,,,,,,,,160,34m,1.4000000000000001,-1.2999999999999998,960,,,,,,350,35m,1.9000000000000001,-2.9,950,1,FAIL
188,188,,2025-05-29 23:41:45.301232,2025-05-29 23:41:45.688556,0 days 00:00:00.387324,,,,,,,,,,,,,,,,,,,,,,,,,,,,,,,,,,,,480,35m,0.2,-1.4,960,,,,,,940,58m,1.9000000000000001,-1.0,940,1,FAIL
189,189,,2025-05-29 23:41:45.688556,2025-05-29 23:41:46.088076,0 days 00:00:00.399520,,,,,,,,,,,,,,,,,,,,,,,,,,,,,,,,,,,,640,42m,0.2,-1.4,950,,,,,,940,29m,2.0,-1.4,960,1,FAIL
190,190,,2025-05-29 23:41:46.098343,2025-05-29 23:41:46.487668,0 days 00:00:00.389325,,,,,,,,,,,,,,,,,,,,,,,,,,,,,,,,,,,,640,24m,1.4000000000000001,-1.2999999999999998,950,,,,,,940,22m,3.4000000000000004,-1.4,940,1,FAIL
191,191,,2025-05-29 23:41:46.487668,2025-05-29 23:41:46.883859,0 days 00:00:00.396191,,,,,,,,,,,,,,,,,,,,,,,,,,,,,,,,,,,,490,55m,0.2,-1.2999999999999998,960,,,,,,930,22m,3.4000000000000004,-1.4,470,1,FAIL
192,192,,2025-05-29 23:41:46.893835,2025-05-29 23:41:47.274473,0 days 00:00:00.380638,,,,,,,,,,,,,,,,,,,,,,,,,,,,,,,,,,,,690,42m,0.2,-0.7999999999999998,970,,,,,,940,58m,3.4000000000000004,-1.4,470,1,FAIL
193,193,,2025-05-29 23:41:47.284700,2025-05-29 23:41:47.665877,0 days 00:00:00.381177,,,,,,,,,,,,,,,,,,,,,,,,,,,,,,,,,,,,690,35m,0.2,-1.4,610,,,,,,300,58m,1.4000000000000001,-1.4,160,1,FAIL
194,194,,2025-05-29 23:41:47.665877,2025-05-29 23:41:48.066264,0 days 00:00:00.400387,,,,,,,,,,,,,,,,,,,,,,,,,,,,,,,,,,,,490,45m,0.2,-1.4,960,,,,,,350,58m,3.4000000000000004,-1.4,940,1,FAIL
195,195,,2025-05-29 23:41:48.066264,2025-05-29 23:41:48.478138,0 days 00:00:00.411874,,,,,,,,,,,,,,,,,,,,,,,,,,,,,,,,,,,,150,42m,1.4000000000000001,-1.5999999999999999,940,,,,,,940,58m,3.4000000000000004,-2.9,150,1,FAIL
196,196,,2025-05-29 23:41:48.484023,2025-05-29 23:41:48.868511,0 days 00:00:00.384488,,,,,,,,,,,,,,,,,,,,,,,,,,,,,,,,,,,,490,42m,0.5,-1.4,760,,,,,,360,35m,2.1,-1.0999999999999996,130,1,FAIL
197,197,,2025-05-29 23:41:48.876537,2025-05-29 23:41:49.254668,0 days 00:00:00.378131,,,,,,,,,,,,,,,,,,,,,,,,,,,,,,,,,,,,470,55m,1.4000000000000001,-0.2999999999999998,970,,,,,,350,43m,3.4000000000000004,-1.4,930,1,FAIL
198,198,,2025-05-29 23:41:49.265219,2025-05-29 23:41:49.690193,0 days 00:00:00.424974,,,,,,,,,,,,,,,,,,,,,,,,,,,,,,,,,,,,690,55m,1.4000000000000001,-1.2999999999999998,940,,,,,,940,42m,2.0,-1.4,730,1,FAIL
199,199,,2025-05-29 23:41:49.690193,2025-05-29 23:41:50.121163,0 days 00:00:00.430970,,,,,,,,,,,,,,,,,,,,,,,,,,,,,,,,,,,,550,24m,0.2,-1.4,610,,,,,,350,43m,1.9000000000000001,-1.4,940,1,FAIL
