,number,value,datetime_start,datetime_complete,duration,params_ASML_ISRG_beta_win,params_ASML_ISRG_trade_freq,params_ASML_ISRG_z_entry,params_ASML_ISRG_z_exit,params_ASML_ISRG_z_win,params_CELG_IDXX_beta_win,params_CELG_IDXX_trade_freq,params_CELG_IDXX_z_entry,params_CELG_IDXX_z_exit,params_CELG_IDXX_z_win,params_CSX_MAR_beta_win,params_CSX_MAR_trade_freq,params_CSX_MAR_z_entry,params_CSX_MAR_z_exit,params_CSX_MAR_z_win,params_ILMN_INCY_beta_win,params_ILMN_INCY_trade_freq,params_ILMN_INCY_z_entry,params_ILMN_INCY_z_exit,params_ILMN_INCY_z_win,params_LRCX_CHTR_beta_win,params_LRCX_CHTR_trade_freq,params_LRCX_CHTR_z_entry,params_LRCX_CHTR_z_exit,params_LRCX_CHTR_z_win,params_MSFT_VRTX_beta_win,params_MSFT_VRTX_trade_freq,params_MSFT_VRTX_z_entry,params_MSFT_VRTX_z_exit,params_MSFT_VRTX_z_win,params_NFLX_IDXX_beta_win,params_NFLX_IDXX_trade_freq,params_NFLX_IDXX_z_entry,params_NFLX_IDXX_z_exit,params_NFLX_IDXX_z_win,params_TTWO_SWKS_beta_win,params_TTWO_SWKS_trade_freq,params_TTWO_SWKS_z_entry,params_TTWO_SWKS_z_exit,params_TTWO_SWKS_z_win,params_WDC_CERN_beta_win,params_WDC_CERN_trade_freq,params_WDC_CERN_z_entry,params_WDC_CERN_z_exit,params_WDC_CERN_z_win,params_WYNN_ADSK_beta_win,params_WYNN_ADSK_trade_freq,params_WYNN_ADSK_z_entry,params_WYNN_ADSK_z_exit,params_WYNN_ADSK_z_win,params_pairs_to_trade,state
0,0,1.9463747209747118,2025-05-29 23:32:48.339884,2025-05-29 23:32:48.818416,0 days 00:00:00.478532,250.0,35m,0.8,-2.5,20.0,,,,,,,,,,,550,21m,1.8,-1.1999999999999997,780,,,,,,,,,,,,,,,,990.0,24m,2.6,-1.9,690.0,400,22m,0.2,-1.0999999999999996,640,,,,,,2,COMPLETE
1,1,1.070146596261801,2025-05-29 23:32:48.828903,2025-05-29 23:32:49.437132,0 days 00:00:00.608229,770.0,16m,1.3,-3.1,250.0,790.0,13m,1.5,-1.1999999999999997,720.0,480.0,39m,2.8000000000000003,-2.9,540.0,380,17m,2.2,-0.5,90,,,,,,,,,,,,,,,,240.0,21m,2.7,-2.0999999999999996,630.0,510,35m,3.0,-3.1,530,,,,,,3,COMPLETE
2,2,-1.483967973291671,2025-05-29 23:32:49.453285,2025-05-29 23:32:50.251273,0 days 00:00:00.797988,470.0,3m,0.6000000000000001,-0.3999999999999999,960.0,420.0,19m,2.6,-1.9,530.0,870.0,24m,2.9000000000000004,-3.0,10.0,830,49m,3.3000000000000003,-1.5,300,110.0,17m,0.4,-0.09999999999999964,570.0,,,,,,,,,,,920.0,5m,0.7000000000000001,-2.6,190.0,390,41m,0.1,-1.0999999999999996,220,620.0,59m,0.6000000000000001,-1.7999999999999998,430.0,4,COMPLETE
3,3,0.9198094500051291,2025-05-29 23:32:50.251273,2025-05-29 23:32:50.559080,0 days 00:00:00.307807,,,,,,,,,,,,,,,,140,12m,1.0,-2.8,740,,,,,,,,,,,,,,,,,,,,,900,43m,3.0,-1.4,170,,,,,,1,COMPLETE
4,4,-0.07344397432196617,2025-05-29 23:32:50.567472,2025-05-29 23:32:51.030388,0 days 00:00:00.462916,920.0,42m,2.7,-0.7999999999999998,250.0,,,,,,,,,,,410,9m,2.8000000000000003,-2.2,20,,,,,,,,,,,,,,,,140.0,40m,1.6,-3.0,490.0,870,29m,1.6,-0.2999999999999998,570,,,,,,2,COMPLETE
5,5,2.81341728514247,2025-05-29 23:32:51.035029,2025-05-29 23:32:52.004137,0 days 00:00:00.969108,140.0,46m,3.4000000000000004,-2.3,540.0,280.0,37m,2.2,-0.2999999999999998,610.0,430.0,14m,2.2,-0.3999999999999999,640.0,460,28m,1.5,-3.5,520,30.0,58m,1.2000000000000002,-1.5999999999999999,290.0,680.0,51m,1.9000000000000001,-3.3,300.0,70.0,19m,0.1,-1.4,570.0,700.0,42m,3.4000000000000004,-2.0,100.0,680,42m,0.1,-1.0,540,930.0,7m,1.7000000000000002,-1.7999999999999998,700.0,5,COMPLETE
6,6,,2025-05-29 23:32:52.008047,2025-05-29 23:32:52.316450,0 days 00:00:00.308403,,,,,,,,,,,,,,,,680,39m,0.6000000000000001,-1.7,970,,,,,,,,,,,,,,,,,,,,,800,25m,1.7000000000000002,0.0,840,,,,,,1,FAIL
7,7,-1.3958196108860168,2025-05-29 23:32:52.321549,2025-05-29 23:32:52.984918,0 days 00:00:00.663369,930.0,12m,0.9,-3.2,860.0,800.0,12m,1.1,-1.5,270.0,550.0,19m,2.9000000000000004,-2.5,250.0,40,29m,3.3000000000000003,-0.3999999999999999,270,,,,,,,,,,,,,,,,800.0,51m,2.0,-2.0999999999999996,930.0,920,23m,1.3,-0.8999999999999999,10,,,,,,3,COMPLETE
8,8,-2.009232962130718,2025-05-29 23:32:52.988426,2025-05-29 23:32:53.436622,0 days 00:00:00.448196,960.0,48m,2.0,-0.2999999999999998,590.0,,,,,,,,,,,760,31m,3.0,-0.8999999999999999,600,,,,,,,,,,,,,,,,330.0,1m,2.5,0.0,790.0,60,47m,2.5,-0.6999999999999997,40,,,,,,2,COMPLETE
9,9,,2025-05-29 23:32:53.452589,2025-05-29 23:32:53.904805,0 days 00:00:00.452216,270.0,22m,2.5,-2.7,650.0,,,,,,,,,,,950,51m,2.7,-0.7999999999999998,180,,,,,,,,,,,,,,,,960.0,37m,3.0,-1.4,360.0,670,51m,2.4000000000000004,0.0,460,,,,,,2,FAIL
10,10,2.709606670321953,2025-05-29 23:32:53.920816,2025-05-29 23:32:54.858588,0 days 00:00:00.937772,10.0,26m,0.1,-0.7999999999999998,800.0,50.0,38m,2.0,-1.5,230.0,580.0,50m,1.5,-0.6999999999999997,860.0,870,31m,1.5,-0.3999999999999999,230,720.0,37m,1.2000000000000002,-1.7999999999999998,150.0,290.0,53m,0.30000000000000004,-0.19999999999999973,380.0,210.0,40m,0.1,-1.7,180.0,870.0,51m,2.5,-3.3,730.0,980,6m,0.2,-3.4,40,920.0,17m,1.2000000000000002,-1.5,770.0,5,COMPLETE
11,11,1.6649118490194263,2025-05-29 23:32:54.874480,2025-05-29 23:32:55.488815,0 days 00:00:00.614335,400.0,18m,2.2,-0.3999999999999999,620.0,580.0,56m,2.7,-2.7,230.0,280.0,19m,1.4000000000000001,-2.3,330.0,130,24m,1.6,-0.6999999999999997,820,,,,,,,,,,,,,,,,500.0,57m,0.6000000000000001,-3.0,700.0,990,18m,2.2,-1.0,390,,,,,,3,COMPLETE
12,12,-1.0604160080266367,2025-05-29 23:32:55.488815,2025-05-29 23:32:56.680366,0 days 00:00:01.191551,10.0,46m,3.5,-1.9,350.0,140.0,20m,0.2,0.0,1000.0,40.0,14m,0.2,-0.09999999999999964,830.0,320,28m,0.1,-3.5,990,20.0,30m,3.2,-3.5,130.0,950.0,51m,2.9000000000000004,-3.5,160.0,60.0,19m,2.0,-0.09999999999999964,820.0,640.0,42m,3.4000000000000004,-0.8999999999999999,30.0,610,30m,1.0,-2.3,910,70.0,23m,3.2,-3.3,970.0,5,COMPLETE
13,13,0.1976083835120957,2025-05-29 23:32:56.688566,2025-05-29 23:32:57.847427,0 days 00:00:01.158861,60.0,17m,3.5,-1.2999999999999998,760.0,10.0,38m,2.1,0.0,70.0,660.0,51m,1.5,-0.5999999999999996,930.0,640,28m,0.9,-2.2,390,830.0,16m,1.2000000000000002,-1.7999999999999998,100.0,240.0,31m,0.0,0.0,460.0,120.0,36m,0.1,-1.9,120.0,710.0,19m,3.4000000000000004,-1.1999999999999997,380.0,720,42m,0.5,-2.0999999999999996,800,990.0,17m,1.4000000000000001,-1.2999999999999998,780.0,5,COMPLETE
14,14,0.5365348225311087,2025-05-29 23:32:57.863557,2025-05-29 23:32:59.044182,0 days 00:00:01.180625,230.0,46m,0.1,-1.9,680.0,290.0,37m,3.5,-0.7999999999999998,530.0,350.0,50m,1.9000000000000001,-1.0999999999999996,690.0,920,8m,1.4000000000000001,-3.4,500,700.0,58m,1.7000000000000002,-1.5999999999999999,340.0,610.0,43m,1.3,-1.7,380.0,360.0,40m,0.2,-1.5,370.0,510.0,51m,3.1,-3.5,300.0,720,6m,0.8,-3.4,370,990.0,7m,2.0,-1.9,670.0,5,COMPLETE
15,15,-2.8633670892537655,2025-05-29 23:32:59.057799,2025-05-29 23:33:00.025261,0 days 00:00:00.967462,220.0,54m,2.7,-1.2999999999999998,520.0,210.0,15m,2.1,-3.2,820.0,780.0,22m,2.1,-1.2999999999999998,680.0,1000,43m,2.3000000000000003,-2.0,190,450.0,37m,0.8,-1.7999999999999998,970.0,,,,,,,,,,,810.0,12m,1.7000000000000002,-1.0,950.0,130,28m,0.1,-2.6,780,690.0,20m,1.6,-0.09999999999999964,40.0,4,COMPLETE
16,16,-3.207304889914535,2025-05-29 23:33:00.035169,2025-05-29 23:33:00.948086,0 days 00:00:00.912917,640.0,26m,1.4000000000000001,-2.4,430.0,10.0,45m,0.9,-2.0999999999999996,370.0,1000.0,55m,0.9,-0.09999999999999964,1000.0,680,27m,0.5,0.0,480,440.0,10m,2.4000000000000004,-1.1999999999999997,380.0,,,,,,,,,,,570.0,2m,2.1,-3.5,530.0,740,12m,0.8,-1.7,370,820.0,17m,0.5,-1.1999999999999997,510.0,4,COMPLETE
17,17,-2.210181602805509,2025-05-29 23:33:00.948086,2025-05-29 23:33:02.040028,0 days 00:00:01.091942,110.0,21m,0.0,-1.1999999999999997,800.0,340.0,37m,2.7,-0.6999999999999997,70.0,270.0,50m,2.3000000000000003,-0.8999999999999999,760.0,290,39m,1.2000000000000002,-2.7,660,980.0,35m,0.0,-2.6,10.0,430.0,26m,1.7000000000000002,-3.5,970.0,950.0,46m,0.0,-1.4,590.0,770.0,48m,3.0,-2.7,10.0,800,1m,2.0,-0.19999999999999973,700,420.0,6m,2.4000000000000004,-2.6,800.0,5,COMPLETE
18,18,0.05122866577003005,2025-05-29 23:33:02.040028,2025-05-29 23:33:02.977637,0 days 00:00:00.937609,350.0,23m,2.8000000000000003,-2.5,980.0,530.0,29m,1.8,-0.6999999999999997,690.0,470.0,41m,0.9,-1.7999999999999998,540.0,530,51m,2.0,-2.8,370,290.0,2m,1.5,-0.6999999999999997,310.0,,,,,,,,,,,900.0,43m,0.0,-1.4,170.0,590,4m,0.5,-2.7,190,350.0,36m,1.1,-0.6999999999999997,520.0,4,COMPLETE
19,19,0.3941305944729911,2025-05-29 23:33:02.977637,2025-05-29 23:33:04.074338,0 days 00:00:01.096701,160.0,29m,1.6,0.0,700.0,140.0,2m,3.3000000000000003,-2.3,400.0,650.0,40m,1.0,-0.5,450.0,640,41m,0.5,-1.4,150,650.0,19m,2.3000000000000003,-2.5,600.0,710.0,36m,0.1,0.0,120.0,350.0,42m,3.5,-2.6,20.0,400.0,8m,2.3000000000000003,0.0,860.0,290,51m,1.4000000000000001,-1.7999999999999998,450,800.0,40m,2.4000000000000004,-2.3,980.0,5,COMPLETE
20,20,0.7057781728722538,2025-05-29 23:33:04.090250,2025-05-29 23:33:05.043457,0 days 00:00:00.953207,330.0,5m,3.1,-0.8999999999999999,860.0,960.0,22m,1.4000000000000001,-1.2999999999999998,630.0,80.0,10m,2.4000000000000004,-1.5999999999999999,850.0,840,52m,2.6,-1.7999999999999998,440,240.0,20m,0.8,-2.4,270.0,,,,,,,,,,,680.0,15m,1.2000000000000002,-1.5999999999999999,450.0,600,13m,0.5,-0.5999999999999996,320,850.0,7m,0.1,-1.1999999999999997,700.0,4,COMPLETE
21,21,-2.9912591974048985,2025-05-29 23:33:05.043457,2025-05-29 23:33:06.216140,0 days 00:00:01.172683,600.0,28m,2.2,-3.5,500.0,250.0,40m,2.3000000000000003,-0.3999999999999999,220.0,410.0,54m,3.4000000000000004,-0.5999999999999996,680.0,480,36m,1.5,0.0,590,570.0,45m,2.2,-1.0,730.0,10.0,53m,2.6,-1.9,690.0,30.0,19m,1.2000000000000002,-0.7999999999999998,450.0,50.0,9m,3.0,-0.5999999999999996,270.0,810,10m,0.0,-3.5,970,560.0,43m,0.9,-2.8,290.0,5,COMPLETE
22,22,-2.2606992427789905,2025-05-29 23:33:06.216140,2025-05-29 23:33:06.979440,0 days 00:00:00.763300,20.0,59m,1.1,-1.7,10.0,430.0,33m,0.6000000000000001,-2.6,410.0,170.0,7m,0.4,0.0,430.0,240,5m,0.5,-3.2,280,,,,,,,,,,,,,,,,880.0,23m,3.4000000000000004,-2.6,590.0,1000,5m,3.5,0.0,260,,,,,,3,COMPLETE
23,23,-3.819749044627695,2025-05-29 23:33:06.997853,2025-05-29 23:33:07.560585,0 days 00:00:00.562732,240.0,2m,0.4,-2.5,90.0,,,,,,,,,,,510,21m,1.9000000000000001,-1.0999999999999996,890,,,,,,,,,,,,,,,,980.0,24m,2.7,-2.0,750.0,370,22m,0.4,-1.4,550,,,,,,2,COMPLETE
24,24,,2025-05-29 23:33:07.560585,2025-05-29 23:33:07.902482,0 days 00:00:00.341897,,,,,,,,,,,,,,,,530,21m,1.8,-1.2999999999999998,690,,,,,,,,,,,,,,,,,,,,,300,22m,1.0,-1.2999999999999998,650,,,,,,1,FAIL
25,25,0.5007789086642143,2025-05-29 23:33:07.918531,2025-05-29 23:33:08.268693,0 days 00:00:00.350162,,,,,,,,,,,,,,,,590,21m,1.7000000000000002,-1.1999999999999997,730,,,,,,,,,,,,,,,,,,,,,240,6m,1.0,-1.5,630,,,,,,1,COMPLETE
26,26,2.7129569934222078,2025-05-29 23:33:08.283038,2025-05-29 23:33:08.839303,0 days 00:00:00.556265,140.0,41m,0.5,-2.2,190.0,,,,,,,,,,,760,31m,1.2000000000000002,-0.3999999999999999,950,,,,,,,,,,,,,,,,1000.0,24m,2.6,-1.9,670.0,460,42m,0.2,-1.1999999999999997,680,,,,,,2,COMPLETE
27,27,,2025-05-29 23:33:08.839303,2025-05-29 23:33:09.174827,0 days 00:00:00.335524,,,,,,,,,,,,,,,,800,34m,0.9,-0.3999999999999999,980,,,,,,,,,,,,,,,,,,,,,520,42m,0.8,-2.0,750,,,,,,1,FAIL
28,28,,2025-05-29 23:33:09.190664,2025-05-29 23:33:09.517848,0 days 00:00:00.327184,,,,,,,,,,,,,,,,830,31m,0.9,-0.2999999999999998,990,,,,,,,,,,,,,,,,,,,,,510,42m,0.7000000000000001,-2.0,750,,,,,,1,FAIL
29,29,,2025-05-29 23:33:09.517848,2025-05-29 23:33:09.851392,0 days 00:00:00.333544,,,,,,,,,,,,,,,,750,13m,0.9,-0.19999999999999973,990,,,,,,,,,,,,,,,,,,,,,520,19m,0.8,-1.9,740,,,,,,1,FAIL
30,30,,2025-05-29 23:33:09.851392,2025-05-29 23:33:10.200910,0 days 00:00:00.349518,,,,,,,,,,,,,,,,770,31m,1.0,-0.2999999999999998,990,,,,,,,,,,,,,,,,,,,,,500,42m,0.8,-2.0,740,,,,,,1,FAIL
31,31,,2025-05-29 23:33:10.210926,2025-05-29 23:33:10.545328,0 days 00:00:00.334402,,,,,,,,,,,,,,,,790,38m,1.0,-0.3999999999999999,920,,,,,,,,,,,,,,,,,,,,,500,42m,0.8,-2.0,750,,,,,,1,FAIL
32,32,,2025-05-29 23:33:10.561061,2025-05-29 23:33:10.878968,0 days 00:00:00.317907,,,,,,,,,,,,,,,,730,35m,0.9,-0.19999999999999973,910,,,,,,,,,,,,,,,,,,,,,480,42m,0.8,-1.9,770,,,,,,1,FAIL
33,33,,2025-05-29 23:33:10.897915,2025-05-29 23:33:11.236266,0 days 00:00:00.338351,,,,,,,,,,,,,,,,770,31m,0.9,-0.3999999999999999,950,,,,,,,,,,,,,,,,,,,,,480,42m,0.8,-2.0,740,,,,,,1,FAIL
34,34,,2025-05-29 23:33:11.236266,2025-05-29 23:33:11.578977,0 days 00:00:00.342711,,,,,,,,,,,,,,,,740,31m,0.9,-0.3999999999999999,970,,,,,,,,,,,,,,,,,,,,,490,42m,0.8,-1.9,740,,,,,,1,FAIL
35,35,,2025-05-29 23:33:11.594662,2025-05-29 23:33:11.934689,0 days 00:00:00.340027,,,,,,,,,,,,,,,,770,31m,1.1,-0.2999999999999998,950,,,,,,,,,,,,,,,,,,,,,510,42m,0.7000000000000001,-2.0,780,,,,,,1,FAIL
36,36,2.4906610481304217,2025-05-29 23:33:11.942819,2025-05-29 23:33:12.483122,0 days 00:00:00.540303,120.0,41m,0.4,-2.2,190.0,,,,,,,,,,,760,31m,1.1,-0.2999999999999998,590,,,,,,,,,,,,,,,,840.0,42m,3.0,-1.7,810.0,490,42m,0.8,-2.0,720,,,,,,2,COMPLETE
37,37,,2025-05-29 23:33:12.504635,2025-05-29 23:33:12.863475,0 days 00:00:00.358840,,,,,,,,,,,,,,,,970,31m,0.7000000000000001,-0.5999999999999996,960,,,,,,,,,,,,,,,,,,,,,520,42m,0.30000000000000004,-0.5,460,,,,,,1,FAIL
38,38,,2025-05-29 23:33:12.879392,2025-05-29 23:33:13.227002,0 days 00:00:00.347610,,,,,,,,,,,,,,,,990,31m,0.7000000000000001,-0.8999999999999999,990,,,,,,,,,,,,,,,,,,,,,530,32m,0.0,-0.5999999999999996,470,,,,,,1,FAIL
39,39,,2025-05-29 23:33:13.227002,2025-05-29 23:33:13.601534,0 days 00:00:00.374532,,,,,,,,,,,,,,,,1000,31m,0.8,-0.7999999999999998,950,,,,,,,,,,,,,,,,,,,,,540,42m,0.4,-0.6999999999999997,820,,,,,,1,FAIL
40,40,,2025-05-29 23:33:13.605779,2025-05-29 23:33:13.948842,0 days 00:00:00.343063,,,,,,,,,,,,,,,,1000,31m,0.8,-0.7999999999999998,940,,,,,,,,,,,,,,,,,,,,,490,42m,0.30000000000000004,-0.5999999999999996,460,,,,,,1,FAIL
41,41,,2025-05-29 23:33:13.964827,2025-05-29 23:33:14.323381,0 days 00:00:00.358554,,,,,,,,,,,,,,,,950,14m,0.8,-0.7999999999999998,970,,,,,,,,,,,,,,,,,,,,,530,58m,0.30000000000000004,-0.5999999999999996,470,,,,,,1,FAIL
42,42,,2025-05-29 23:33:14.323381,2025-05-29 23:33:14.681946,0 days 00:00:00.358565,,,,,,,,,,,,,,,,920,31m,0.8,-0.7999999999999998,960,,,,,,,,,,,,,,,,,,,,,510,42m,0.30000000000000004,-0.5999999999999996,460,,,,,,1,FAIL
43,43,,2025-05-29 23:33:14.696133,2025-05-29 23:33:15.070262,0 days 00:00:00.374129,,,,,,,,,,,,,,,,1000,46m,0.8,-0.7999999999999998,960,,,,,,,,,,,,,,,,,,,,,500,42m,0.30000000000000004,-0.6999999999999997,470,,,,,,1,FAIL
44,44,0.4531054700054066,2025-05-29 23:33:15.088238,2025-05-29 23:33:16.089544,0 days 00:00:01.001306,150.0,41m,0.30000000000000004,-2.9,350.0,120.0,28m,2.9000000000000004,-1.5,870.0,600.0,28m,1.7000000000000002,-1.7,620.0,1000,31m,0.7000000000000001,-0.6999999999999997,980,800.0,59m,1.0,-2.0,190.0,,,,,,,,,,,1000.0,22m,2.1,-2.3,610.0,510,42m,0.30000000000000004,-0.5,450,210.0,58m,2.1,-0.6999999999999997,880.0,4,COMPLETE
45,45,,2025-05-29 23:33:16.105387,2025-05-29 23:33:16.453738,0 days 00:00:00.348351,,,,,,,,,,,,,,,,880,38m,1.3,-2.5,880,,,,,,,,,,,,,,,,,,,,,660,48m,0.0,-3.0,840,,,,,,1,FAIL
46,46,,2025-05-29 23:33:16.453738,2025-05-29 23:33:16.811984,0 days 00:00:00.358246,,,,,,,,,,,,,,,,730,26m,1.4000000000000001,-2.5,880,,,,,,,,,,,,,,,,,,,,,660,33m,0.0,-3.0,120,,,,,,1,FAIL
47,47,-0.627077707537398,2025-05-29 23:33:16.811984,2025-05-29 23:33:17.186097,0 days 00:00:00.374113,,,,,,,,,,,,,,,,730,44m,1.4000000000000001,-0.19999999999999973,880,,,,,,,,,,,,,,,,,,,,,680,20m,0.0,-2.8,110,,,,,,1,COMPLETE
48,48,-2.350016525414784,2025-05-29 23:33:17.196406,2025-05-29 23:33:17.999633,0 days 00:00:00.803227,320.0,25m,0.7000000000000001,-2.2,380.0,680.0,44m,1.8,-3.4,10.0,730.0,57m,1.3,-0.5,840.0,870,56m,0.1,-2.5,200,,,,,,,,,,,,,,,,750.0,17m,1.3,-3.1,860.0,460,7m,1.1,-1.2999999999999998,840,,,,,,3,COMPLETE
49,49,0.06205292035838352,2025-05-29 23:33:18.012755,2025-05-29 23:33:19.230411,0 days 00:00:01.217656,80.0,15m,0.0,-1.5999999999999999,510.0,360.0,18m,2.3000000000000003,-1.0,580.0,340.0,18m,3.5,-3.4,1000.0,930,32m,1.3,-1.5999999999999999,660,280.0,33m,1.4000000000000001,-3.2,430.0,350.0,49m,1.1,-1.5,350.0,310.0,44m,1.1,-3.5,670.0,620.0,32m,2.3000000000000003,-2.3,410.0,290,49m,0.7000000000000001,-2.3,650,730.0,51m,3.2,-2.0999999999999996,640.0,5,COMPLETE
50,50,-0.10069942144262427,2025-05-29 23:33:19.238954,2025-05-29 23:33:19.830495,0 days 00:00:00.591541,470.0,11m,1.8,-2.0999999999999996,140.0,,,,,,,,,,,790,20m,2.1,-0.8999999999999999,20,,,,,,,,,,,,,,,,930.0,26m,3.5,-0.3999999999999999,550.0,630,59m,0.30000000000000004,-1.7,470,,,,,,2,COMPLETE
51,51,,2025-05-29 23:33:19.840779,2025-05-29 23:33:20.196310,0 days 00:00:00.355531,,,,,,,,,,,,,,,,580,15m,1.8,-0.6999999999999997,370,,,,,,,,,,,,,,,,,,,,,840,24m,1.8,-0.8999999999999999,610,,,,,,1,FAIL
52,52,,2025-05-29 23:33:20.196310,2025-05-29 23:33:20.564168,0 days 00:00:00.367858,,,,,,,,,,,,,,,,440,45m,2.4000000000000004,-0.5999999999999996,360,,,,,,,,,,,,,,,,,,,,,840,55m,0.6000000000000001,-0.7999999999999998,610,,,,,,1,FAIL
53,53,,2025-05-29 23:33:20.564168,2025-05-29 23:33:20.928004,0 days 00:00:00.363836,,,,,,,,,,,,,,,,910,16m,1.8,-0.6999999999999997,390,,,,,,,,,,,,,,,,,,,,,790,55m,1.8,-0.7999999999999998,610,,,,,,1,FAIL
54,54,,2025-05-29 23:33:20.928004,2025-05-29 23:33:21.273009,0 days 00:00:00.345005,,,,,,,,,,,,,,,,440,33m,1.8,-0.5999999999999996,830,,,,,,,,,,,,,,,,,,,,,190,54m,1.8,-0.7999999999999998,620,,,,,,1,FAIL
55,55,,2025-05-29 23:33:21.283219,2025-05-29 23:33:21.647261,0 days 00:00:00.364042,,,,,,,,,,,,,,,,460,35m,1.8,-0.5999999999999996,350,,,,,,,,,,,,,,,,,,,,,820,25m,0.6000000000000001,-1.1999999999999997,610,,,,,,1,FAIL
56,56,,2025-05-29 23:33:21.658528,2025-05-29 23:33:21.996437,0 days 00:00:00.337909,,,,,,,,,,,,,,,,590,40m,0.8,-3.1,350,,,,,,,,,,,,,,,,,,,,,830,26m,1.8,-1.1999999999999997,580,,,,,,1,FAIL
57,57,,2025-05-29 23:33:22.003667,2025-05-29 23:33:22.318402,0 days 00:00:00.314735,,,,,,,,,,,,,,,,450,26m,1.8,-1.1999999999999997,350,,,,,,,,,,,,,,,,,,,,,790,39m,1.8,-0.7999999999999998,600,,,,,,1,FAIL
58,58,-0.5813395554898262,2025-05-29 23:33:22.318402,2025-05-29 23:33:22.688667,0 days 00:00:00.370265,,,,,,,,,,,,,,,,700,2m,1.8,-3.2,340,,,,,,,,,,,,,,,,,,,,,550,55m,1.8,-0.7999999999999998,580,,,,,,1,COMPLETE
59,59,1.21892922512081,2025-05-29 23:33:22.705089,2025-05-29 23:33:23.485626,0 days 00:00:00.780537,140.0,33m,0.4,-2.8,210.0,70.0,59m,1.4000000000000001,-0.2999999999999998,160.0,180.0,38m,2.6,-0.8999999999999999,90.0,580,31m,1.1,-0.2999999999999998,570,,,,,,,,,,,,,,,,840.0,27m,3.1,-1.7,810.0,440,33m,0.7000000000000001,-2.0,710,,,,,,3,COMPLETE
60,60,-3.0029140370235803,2025-05-29 23:33:23.495695,2025-05-29 23:33:24.065431,0 days 00:00:00.569736,180.0,13m,0.30000000000000004,-2.2,160.0,,,,,,,,,,,440,14m,0.8,-0.5,530,,,,,,,,,,,,,,,,850.0,50m,2.9000000000000004,-1.4,710.0,350,42m,0.30000000000000004,-3.2,740,,,,,,2,COMPLETE
61,61,-2.119514082009534,2025-05-29 23:33:24.075795,2025-05-29 23:33:24.613388,0 days 00:00:00.537593,70.0,57m,0.5,-1.5999999999999999,290.0,,,,,,,,,,,800,10m,1.2000000000000002,-0.5999999999999996,430,,,,,,,,,,,,,,,,720.0,42m,3.2,-1.5999999999999999,660.0,460,32m,0.0,-1.1999999999999997,630,,,,,,2,COMPLETE
62,62,,2025-05-29 23:33:24.623643,2025-05-29 23:33:24.969126,0 days 00:00:00.345483,,,,,,,,,,,,,,,,730,37m,1.6,-0.19999999999999973,660,,,,,,,,,,,,,,,,,,,,,520,36m,0.6000000000000001,-3.0,880,,,,,,1,FAIL
63,63,-2.443001092397364,2025-05-29 23:33:24.979203,2025-05-29 23:33:25.312237,0 days 00:00:00.333034,,,,,,,,,,,,,,,,890,4m,1.6,-0.09999999999999964,690,,,,,,,,,,,,,,,,,,,,,530,38m,0.2,-3.1,830,,,,,,1,COMPLETE
64,64,0.4574636773825695,2025-05-29 23:33:25.312237,2025-05-29 23:33:25.891348,0 days 00:00:00.579111,290.0,41m,0.9,-2.8,130.0,,,,,,,,,,,360,55m,2.3000000000000003,-0.8999999999999999,790,,,,,,,,,,,,,,,,960.0,18m,2.5,-1.7999999999999998,830.0,420,36m,0.6000000000000001,-1.1999999999999997,660,,,,,,2,COMPLETE
65,65,1.6744932342297525,2025-05-29 23:33:25.905343,2025-05-29 23:33:26.916889,0 days 00:00:01.011546,100.0,52m,1.1,-2.0999999999999996,70.0,220.0,58m,3.1,-1.7,320.0,850.0,21m,2.0,-1.4,780.0,740,22m,1.0,-0.2999999999999998,90,950.0,40m,2.0,-1.1999999999999997,210.0,,,,,,,,,,,860.0,44m,2.7,-2.3,990.0,830,2m,1.3,-1.5999999999999999,510,950.0,38m,1.4000000000000001,-1.5,330.0,4,COMPLETE
66,66,0.6435237890344896,2025-05-29 23:33:26.927287,2025-05-29 23:33:27.749073,0 days 00:00:00.821786,20.0,43m,0.7000000000000001,-1.9,450.0,450.0,7m,2.4000000000000004,-0.3999999999999999,480.0,540.0,11m,0.7000000000000001,-0.2999999999999998,590.0,640,50m,0.7000000000000001,-1.1999999999999997,920,,,,,,,,,,,,,,,,1000.0,25m,2.8000000000000003,-1.9,720.0,930,14m,0.2,-0.8999999999999999,880,,,,,,3,COMPLETE
