,number,value,datetime_start,datetime_complete,duration,params_AAPL_CERN_beta_win,params_AAPL_CERN_trade_freq,params_AAPL_CERN_z_entry,params_AAPL_CERN_z_exit,params_AAPL_CERN_z_win,params_CDNS_CERN_beta_win,params_CDNS_CERN_trade_freq,params_CDNS_CERN_z_entry,params_CDNS_CERN_z_exit,params_CDNS_CERN_z_win,params_PDD_BIIB_beta_win,params_PDD_BIIB_trade_freq,params_PDD_BIIB_z_entry,params_PDD_BIIB_z_exit,params_PDD_BIIB_z_win,params_QCOM_BIIB_beta_win,params_QCOM_BIIB_trade_freq,params_QCOM_BIIB_z_entry,params_QCOM_BIIB_z_exit,params_QCOM_BIIB_z_win,params_QCOM_WBA_beta_win,params_QCOM_WBA_trade_freq,params_QCOM_WBA_z_entry,params_QCOM_WBA_z_exit,params_QCOM_WBA_z_win,params_pairs_to_trade,state
120,120,,2025-05-29 23:54:49.347857,2025-05-29 23:54:49.643289,0 days 00:00:00.295432,,,,,,,,,,,40,43m,0.30000000000000004,-2.0,600,,,,,,,,,,,1,FAIL
121,121,,2025-05-29 23:54:49.645799,2025-05-29 23:54:49.915124,0 days 00:00:00.269325,,,,,,,,,,,40,55m,0.30000000000000004,-1.7999999999999998,490,,,,,,,,,,,1,FAIL
122,122,,2025-05-29 23:54:49.932083,2025-05-29 23:54:50.219111,0 days 00:00:00.287028,,,,,,,,,,,40,43m,0.2,-1.7999999999999998,600,,,,,,,,,,,1,FAIL
123,123,5.03880590749955,2025-05-29 23:54:50.223419,2025-05-29 23:54:50.512903,0 days 00:00:00.289484,,,,,,,,,,,180,3m,0.30000000000000004,-1.9,590,,,,,,,,,,,1,COMPLETE
124,124,0.5542895610626891,2025-05-29 23:54:50.526708,2025-05-29 23:54:50.821690,0 days 00:00:00.294982,,,,,,,,,,,700,3m,0.30000000000000004,-1.7999999999999998,600,,,,,,,,,,,1,COMPLETE
125,125,,2025-05-29 23:54:50.826497,2025-05-29 23:54:51.115740,0 days 00:00:00.289243,,,,,,,,,,,180,39m,0.2,-2.0,490,,,,,,,,,,,1,FAIL
126,126,4.574301934777349,2025-05-29 23:54:51.121895,2025-05-29 23:54:51.410457,0 days 00:00:00.288562,,,,,,,,,,,50,43m,0.2,-2.0,500,,,,,,,,,,,1,COMPLETE
127,127,1.6382461802772896,2025-05-29 23:54:51.415120,2025-05-29 23:54:51.681990,0 days 00:00:00.266870,,,,,,,,,,,10,43m,0.1,-2.0999999999999996,500,,,,,,,,,,,1,COMPLETE
128,128,,2025-05-29 23:54:51.698299,2025-05-29 23:54:52.100837,0 days 00:00:00.402538,,,,,,680.0,54m,1.9000000000000001,0.0,750.0,180,43m,0.2,-1.9,550,,,,,,,,,,,2,FAIL
129,129,,2025-05-29 23:54:52.100837,2025-05-29 23:54:52.513001,0 days 00:00:00.412164,,,,,,1000.0,17m,1.3,-1.7,730.0,180,43m,0.0,-1.9,690,,,,,,,,,,,2,FAIL
130,130,-0.6230661563197704,2025-05-29 23:54:52.521852,2025-05-29 23:54:52.931358,0 days 00:00:00.409506,,,,,,670.0,16m,1.9000000000000001,0.0,470.0,180,43m,0.2,-1.9,560,,,,,,,,,,,2,COMPLETE
131,131,4.136454004427814,2025-05-29 23:54:52.936059,2025-05-29 23:54:53.208419,0 days 00:00:00.272360,,,,,,,,,,,40,41m,0.0,-1.7,480,,,,,,,,,,,1,COMPLETE
132,132,,2025-05-29 23:54:53.215353,2025-05-29 23:54:53.515702,0 days 00:00:00.300349,,,,,,,,,,,120,50m,0.30000000000000004,-2.0,440,,,,,,,,,,,1,FAIL
133,133,,2025-05-29 23:54:53.527209,2025-05-29 23:54:53.828405,0 days 00:00:00.301196,,,,,,,,,,,130,52m,0.30000000000000004,-2.0,440,,,,,,,,,,,1,FAIL
134,134,1.988908981915284,2025-05-29 23:54:53.828405,2025-05-29 23:54:54.148253,0 days 00:00:00.319848,,,,,,,,,,,130,39m,0.30000000000000004,-2.0,440,,,,,,,,,,,1,COMPLETE
135,135,,2025-05-29 23:54:54.148253,2025-05-29 23:54:54.468827,0 days 00:00:00.320574,,,,,,,,,,,40,52m,0.4,-1.5,520,,,,,,,,,,,1,FAIL
136,136,,2025-05-29 23:54:54.468827,2025-05-29 23:54:54.746948,0 days 00:00:00.278121,,,,,,,,,,,50,50m,0.4,-1.5,520,,,,,,,,,,,1,FAIL
137,137,,2025-05-29 23:54:54.748954,2025-05-29 23:54:55.021593,0 days 00:00:00.272639,,,,,,,,,,,90,57m,0.4,-1.5,530,,,,,,,,,,,1,FAIL
138,138,,2025-05-29 23:54:55.031179,2025-05-29 23:54:55.300034,0 days 00:00:00.268855,,,,,,,,,,,90,50m,0.4,-1.5,510,,,,,,,,,,,1,FAIL
139,139,,2025-05-29 23:54:55.308174,2025-05-29 23:54:55.568569,0 days 00:00:00.260395,,,,,,,,,,,90,50m,0.4,-1.5,530,,,,,,,,,,,1,FAIL
140,140,,2025-05-29 23:54:55.584660,2025-05-29 23:54:55.853768,0 days 00:00:00.269108,,,,,,,,,,,90,52m,0.4,-2.0999999999999996,530,,,,,,,,,,,1,FAIL
141,141,,2025-05-29 23:54:55.853768,2025-05-29 23:54:56.144608,0 days 00:00:00.290840,,,,,,,,,,,90,52m,0.5,-1.5,520,,,,,,,,,,,1,FAIL
142,142,,2025-05-29 23:54:56.153222,2025-05-29 23:54:56.443270,0 days 00:00:00.290048,,,,,,,,,,,50,50m,0.4,-1.5,520,,,,,,,,,,,1,FAIL
143,143,,2025-05-29 23:54:56.448035,2025-05-29 23:54:56.702969,0 days 00:00:00.254934,,,,,,,,,,,90,52m,0.4,-1.5,520,,,,,,,,,,,1,FAIL
144,144,,2025-05-29 23:54:56.717859,2025-05-29 23:54:56.984220,0 days 00:00:00.266361,,,,,,,,,,,90,52m,0.4,-1.5,520,,,,,,,,,,,1,FAIL
145,145,,2025-05-29 23:54:56.984220,2025-05-29 23:54:57.257882,0 days 00:00:00.273662,,,,,,,,,,,90,50m,0.4,-1.5,520,,,,,,,,,,,1,FAIL
146,146,,2025-05-29 23:54:57.264869,2025-05-29 23:54:57.554833,0 days 00:00:00.289964,,,,,,,,,,,90,57m,0.4,-2.2,530,,,,,,,,,,,1,FAIL
147,147,,2025-05-29 23:54:57.554833,2025-05-29 23:54:57.844618,0 days 00:00:00.289785,,,,,,,,,,,50,55m,0.4,-1.5,530,,,,,,,,,,,1,FAIL
148,148,,2025-05-29 23:54:57.844618,2025-05-29 23:54:58.128745,0 days 00:00:00.284127,,,,,,,,,,,90,57m,0.4,-1.5,530,,,,,,,,,,,1,FAIL
149,149,,2025-05-29 23:54:58.128745,2025-05-29 23:54:58.429465,0 days 00:00:00.300720,,,,,,,,,,,90,55m,0.4,-1.5,510,,,,,,,,,,,1,FAIL
150,150,,2025-05-29 23:54:58.430476,2025-05-29 23:54:58.702054,0 days 00:00:00.271578,,,,,,,,,,,50,55m,0.4,-1.5,540,,,,,,,,,,,1,FAIL
151,151,,2025-05-29 23:54:58.719857,2025-05-29 23:54:59.013489,0 days 00:00:00.293632,,,,,,,,,,,90,57m,0.5,-1.5,590,,,,,,,,,,,1,FAIL
152,152,,2025-05-29 23:54:59.018226,2025-05-29 23:54:59.312399,0 days 00:00:00.294173,,,,,,,,,,,90,57m,0.4,-1.5,520,,,,,,,,,,,1,FAIL
153,153,,2025-05-29 23:54:59.324788,2025-05-29 23:54:59.611051,0 days 00:00:00.286263,,,,,,,,,,,90,57m,0.4,-1.5,520,,,,,,,,,,,1,FAIL
154,154,,2025-05-29 23:54:59.611051,2025-05-29 23:54:59.895653,0 days 00:00:00.284602,,,,,,,,,,,90,58m,0.4,-1.5,520,,,,,,,,,,,1,FAIL
155,155,,2025-05-29 23:54:59.906339,2025-05-29 23:55:00.193132,0 days 00:00:00.286793,,,,,,,,,,,90,50m,0.4,-1.5,520,,,,,,,,,,,1,FAIL
156,156,-0.08793943190236853,2025-05-29 23:55:00.193132,2025-05-29 23:55:00.491476,0 days 00:00:00.298344,,,,,,,,,,,90,22m,0.4,-1.5,520,,,,,,,,,,,1,COMPLETE
157,157,,2025-05-29 23:55:00.498029,2025-05-29 23:55:00.794401,0 days 00:00:00.296372,,,,,,,,,,,60,52m,0.2,-2.2,550,,,,,,,,,,,1,FAIL
158,158,5.214791725270247,2025-05-29 23:55:00.795836,2025-05-29 23:55:01.090995,0 days 00:00:00.295159,,,,,,,,,,,50,57m,0.2,-2.2,370,,,,,,,,,,,1,COMPLETE
159,159,,2025-05-29 23:55:01.090995,2025-05-29 23:55:01.381422,0 days 00:00:00.290427,,,,,,,,,,,140,57m,0.1,-1.9,560,,,,,,,,,,,1,FAIL
160,160,,2025-05-29 23:55:01.381422,2025-05-29 23:55:01.664578,0 days 00:00:00.283156,,,,,,,,,,,140,57m,0.1,-2.3,370,,,,,,,,,,,1,FAIL
161,161,,2025-05-29 23:55:01.672447,2025-05-29 23:55:01.960016,0 days 00:00:00.287569,,,,,,,,,,,140,57m,0.1,-2.0999999999999996,550,,,,,,,,,,,1,FAIL
162,162,,2025-05-29 23:55:01.968303,2025-05-29 23:55:02.259829,0 days 00:00:00.291526,,,,,,,,,,,60,57m,0.1,-2.2,420,,,,,,,,,,,1,FAIL
163,163,,2025-05-29 23:55:02.265461,2025-05-29 23:55:02.548104,0 days 00:00:00.282643,,,,,,,,,,,60,57m,0.1,-2.3,550,,,,,,,,,,,1,FAIL
164,164,,2025-05-29 23:55:02.554135,2025-05-29 23:55:02.813180,0 days 00:00:00.259045,,,,,,,,,,,140,57m,0.1,-2.3,370,,,,,,,,,,,1,FAIL
165,165,,2025-05-29 23:55:02.820047,2025-05-29 23:55:03.103999,0 days 00:00:00.283952,,,,,,,,,,,140,57m,0.1,-2.3,370,,,,,,,,,,,1,FAIL
166,166,5.51914887905343,2025-05-29 23:55:03.108007,2025-05-29 23:55:03.379843,0 days 00:00:00.271836,,,,,,,,,,,60,50m,0.1,-2.3,360,,,,,,,,,,,1,COMPLETE
167,167,-0.18459392964112847,2025-05-29 23:55:03.385856,2025-05-29 23:55:03.654647,0 days 00:00:00.268791,,,,,,,,,,,140,52m,0.2,-2.4,260,,,,,,,,,,,1,COMPLETE
168,168,3.885924864989902,2025-05-29 23:55:03.654647,2025-05-29 23:55:03.948199,0 days 00:00:00.293552,,,,,,,,,,,60,55m,0.0,-2.2,360,,,,,,,,,,,1,COMPLETE
169,169,,2025-05-29 23:55:03.952556,2025-05-29 23:55:04.250184,0 days 00:00:00.297628,,,,,,,,,,,100,50m,0.1,-2.0999999999999996,590,,,,,,,,,,,1,FAIL
170,170,,2025-05-29 23:55:04.254824,2025-05-29 23:55:04.551323,0 days 00:00:00.296499,,,,,,,,,,,180,50m,0.1,-2.0999999999999996,680,,,,,,,,,,,1,FAIL
171,171,3.108165549001231,2025-05-29 23:55:04.557034,2025-05-29 23:55:04.857667,0 days 00:00:00.300633,,,,,,,,,,,100,57m,0.1,-2.0999999999999996,320,,,,,,,,,,,1,COMPLETE
172,172,2.2276906885138525,2025-05-29 23:55:04.861069,2025-05-29 23:55:05.165267,0 days 00:00:00.304198,,,,,,,,,,,170,20m,0.5,-2.5,550,,,,,,,,,,,1,COMPLETE
173,173,,2025-05-29 23:55:05.171189,2025-05-29 23:55:05.461617,0 days 00:00:00.290428,,,,,,,,,,,230,50m,0.30000000000000004,-2.3,590,,,,,,,,,,,1,FAIL
174,174,0.14251022845729716,2025-05-29 23:55:05.468454,2025-05-29 23:55:05.785160,0 days 00:00:00.316706,,,,,,,,,,,140,1m,2.1,-2.3,590,,,,,,,,,,,1,COMPLETE
175,175,-1.0371434484509425,2025-05-29 23:55:05.789702,2025-05-29 23:55:06.094771,0 days 00:00:00.305069,,,,,,,,,,,30,35m,0.2,-1.9,370,,,,,,,,,,,1,COMPLETE
176,176,5.2123550346959835,2025-05-29 23:55:06.098874,2025-05-29 23:55:06.437294,0 days 00:00:00.338420,,,,,,,,,,,60,50m,0.30000000000000004,-2.0,420,,,,,,,,,,,1,COMPLETE
177,177,,2025-05-29 23:55:06.444333,2025-05-29 23:55:06.777813,0 days 00:00:00.333480,,,,,,,,,,,80,50m,0.4,-2.0,420,,,,,,,,,,,1,FAIL
178,178,,2025-05-29 23:55:06.777813,2025-05-29 23:55:07.071036,0 days 00:00:00.293223,,,,,,,,,,,90,51m,0.4,-2.0,420,,,,,,,,,,,1,FAIL
179,179,,2025-05-29 23:55:07.081410,2025-05-29 23:55:07.380339,0 days 00:00:00.298929,,,,,,,,,,,90,50m,0.30000000000000004,-2.0,420,,,,,,,,,,,1,FAIL
180,180,,2025-05-29 23:55:07.384432,2025-05-29 23:55:07.669242,0 days 00:00:00.284810,,,,,,,,,,,90,50m,0.4,-2.0999999999999996,420,,,,,,,,,,,1,FAIL
181,181,,2025-05-29 23:55:07.679982,2025-05-29 23:55:07.974036,0 days 00:00:00.294054,,,,,,,,,,,90,54m,0.4,-2.0,430,,,,,,,,,,,1,FAIL
182,182,,2025-05-29 23:55:07.980597,2025-05-29 23:55:08.272938,0 days 00:00:00.292341,,,,,,,,,,,90,58m,3.5,-2.0999999999999996,420,,,,,,,,,,,1,FAIL
183,183,,2025-05-29 23:55:08.282199,2025-05-29 23:55:08.596364,0 days 00:00:00.314165,,,,,,,,,,,90,58m,0.4,-2.0,420,,,,,,,,,,,1,FAIL
184,184,,2025-05-29 23:55:08.606107,2025-05-29 23:55:08.912134,0 days 00:00:00.306027,,,,,,,,,,,80,50m,0.4,-2.0,420,,,,,,,,,,,1,FAIL
185,185,,2025-05-29 23:55:08.916000,2025-05-29 23:55:09.207839,0 days 00:00:00.291839,,,,,,,,,,,90,50m,0.4,-2.0,430,,,,,,,,,,,1,FAIL
186,186,,2025-05-29 23:55:09.212075,2025-05-29 23:55:09.516695,0 days 00:00:00.304620,,,,,,,,,,,90,51m,0.4,-2.0,420,,,,,,,,,,,1,FAIL
187,187,,2025-05-29 23:55:09.516695,2025-05-29 23:55:09.814909,0 days 00:00:00.298214,,,,,,,,,,,90,54m,0.4,-2.0,420,,,,,,,,,,,1,FAIL
188,188,,2025-05-29 23:55:09.824497,2025-05-29 23:55:10.130052,0 days 00:00:00.305555,,,,,,,,,,,90,50m,0.4,-1.5999999999999999,420,,,,,,,,,,,1,FAIL
189,189,,2025-05-29 23:55:10.130052,2025-05-29 23:55:10.439488,0 days 00:00:00.309436,,,,,,,,,,,90,50m,0.4,-2.0,420,,,,,,,,,,,1,FAIL
190,190,,2025-05-29 23:55:10.450573,2025-05-29 23:55:10.747398,0 days 00:00:00.296825,,,,,,,,,,,90,58m,0.30000000000000004,-2.0,420,,,,,,,,,,,1,FAIL
191,191,,2025-05-29 23:55:10.753214,2025-05-29 23:55:11.046667,0 days 00:00:00.293453,,,,,,,,,,,90,51m,0.4,-2.0,420,,,,,,,,,,,1,FAIL
192,192,0.07035167706017495,2025-05-29 23:55:11.047746,2025-05-29 23:55:11.350085,0 days 00:00:00.302339,,,,,,,,,,,80,54m,0.4,-2.0,410,,,,,,,,,,,1,COMPLETE
193,193,,2025-05-29 23:55:11.361472,2025-05-29 23:55:11.652110,0 days 00:00:00.290638,,,,,,,,,,,50,50m,0.30000000000000004,-1.7999999999999998,500,,,,,,,,,,,1,FAIL
194,194,,2025-05-29 23:55:11.653178,2025-05-29 23:55:11.940629,0 days 00:00:00.287451,,,,,,,,,,,110,51m,0.30000000000000004,-1.7999999999999998,500,,,,,,,,,,,1,FAIL
195,195,,2025-05-29 23:55:11.952548,2025-05-29 23:55:12.231032,0 days 00:00:00.278484,,,,,,,,,,,200,37m,0.30000000000000004,-1.7999999999999998,500,,,,,,,,,,,1,FAIL
196,196,,2025-05-29 23:55:12.241278,2025-05-29 23:55:12.549902,0 days 00:00:00.308624,,,,,,,,,,,60,50m,0.30000000000000004,-2.2,510,,,,,,,,,,,1,FAIL
197,197,,2025-05-29 23:55:12.554264,2025-05-29 23:55:12.833413,0 days 00:00:00.279149,,,,,,,,,,,50,50m,0.30000000000000004,-1.7999999999999998,500,,,,,,,,,,,1,FAIL
198,198,,2025-05-29 23:55:12.844153,2025-05-29 23:55:13.130112,0 days 00:00:00.285959,,,,,,,,,,,50,50m,3.5,-1.7999999999999998,510,,,,,,,,,,,1,FAIL
199,199,,2025-05-29 23:55:13.131427,2025-05-29 23:55:13.426545,0 days 00:00:00.295118,,,,,,,,,,,50,57m,0.30000000000000004,-1.5999999999999999,510,,,,,,,,,,,1,FAIL
