,number,value,datetime_start,datetime_complete,duration,params_AMZN_BIDU_beta_win,params_AMZN_BIDU_trade_freq,params_AMZN_BIDU_z_entry,params_AMZN_BIDU_z_exit,params_AMZN_BIDU_z_win,params_AMZN_PCAR_beta_win,params_AMZN_PCAR_trade_freq,params_AMZN_PCAR_z_entry,params_AMZN_PCAR_z_exit,params_AMZN_PCAR_z_win,params_MELI_WBA_beta_win,params_MELI_WBA_trade_freq,params_MELI_WBA_z_entry,params_MELI_WBA_z_exit,params_MELI_WBA_z_win,params_REGN_WBA_beta_win,params_REGN_WBA_trade_freq,params_REGN_WBA_z_entry,params_REGN_WBA_z_exit,params_REGN_WBA_z_win,params_SPLK_GOOG_beta_win,params_SPLK_GOOG_trade_freq,params_SPLK_GOOG_z_entry,params_SPLK_GOOG_z_exit,params_SPLK_GOOG_z_win,params_pairs_to_trade,state
0,0,,2025-05-30 00:01:24.554389,2025-05-30 00:01:24.797099,0 days 00:00:00.242710,,,,,,990.0,24m,2.6,-1.9,690.0,400,22m,0.2,-1.0999999999999996,640,,,,,,,,,,,2,FAIL
1,1,,2025-05-30 00:01:24.799099,2025-05-30 00:01:25.059942,0 days 00:00:00.260843,510.0,35m,3.0,-3.1,530.0,20.0,34m,1.0,-1.5,230.0,780,20m,2.3000000000000003,-0.7999999999999998,510,,,,,,,,,,,3,FAIL
2,2,,2025-05-30 00:01:25.062065,2025-05-30 00:01:25.263363,0 days 00:00:00.201298,,,,,,720.0,12m,2.3000000000000003,-2.3,430.0,630,20m,1.4000000000000001,-3.5,780,,,,,,,,,,,2,FAIL
3,3,,2025-05-30 00:01:25.265366,2025-05-30 00:01:25.403385,0 days 00:00:00.138019,,,,,,,,,,,620,15m,1.9000000000000001,-1.5,840,,,,,,,,,,,1,FAIL
4,4,,2025-05-30 00:01:25.405385,2025-05-30 00:01:25.612690,0 days 00:00:00.207305,,,,,,180.0,36m,2.9000000000000004,-2.9,480.0,140,13m,2.5,-0.3999999999999999,260,,,,,,,,,,,2,FAIL
5,5,,2025-05-30 00:01:25.614689,2025-05-30 00:01:25.760322,0 days 00:00:00.145633,,,,,,,,,,,680,38m,0.4,-2.0999999999999996,440,,,,,,,,,,,1,FAIL
6,6,,2025-05-30 00:01:25.761321,2025-05-30 00:01:25.961209,0 days 00:00:00.199888,,,,,,60.0,15m,2.6,-3.1,120.0,60,1m,2.5,-3.5,900,,,,,,,,,,,2,FAIL
7,7,-0.2842432667884068,2025-05-30 00:01:25.963207,2025-05-30 00:01:26.352553,0 days 00:00:00.389346,550.0,19m,1.3,-1.7999999999999998,980.0,580.0,44m,2.9000000000000004,-2.9,640.0,770,54m,2.6,-1.5999999999999999,180,210.0,12m,3.0,-0.5,160.0,730.0,58m,1.1,-3.4,220.0,5,COMPLETE
8,8,,2025-05-30 00:01:26.355557,2025-05-30 00:01:26.489493,0 days 00:00:00.133936,,,,,,,,,,,150,38m,1.2000000000000002,-2.9,390,,,,,,,,,,,1,FAIL
9,9,,2025-05-30 00:01:26.491489,2025-05-30 00:01:26.690820,0 days 00:00:00.199331,,,,,,500.0,24m,1.5,-3.2,720.0,80,6m,3.2,-2.0999999999999996,800,,,,,,,,,,,2,FAIL
10,10,-3.0391221977107414,2025-05-30 00:01:26.692823,2025-05-30 00:01:27.071124,0 days 00:00:00.378301,660.0,36m,1.6,-3.4,890.0,20.0,3m,1.3,-0.2999999999999998,70.0,410,34m,1.4000000000000001,-1.5999999999999999,990,500.0,37m,1.8,-0.3999999999999999,640.0,370.0,37m,2.1,-1.7999999999999998,540.0,5,COMPLETE
11,11,,2025-05-30 00:01:27.074124,2025-05-30 00:01:27.211823,0 days 00:00:00.137699,,,,,,,,,,,520,31m,0.30000000000000004,-0.6999999999999997,800,,,,,,,,,,,1,FAIL
12,12,,2025-05-30 00:01:27.213820,2025-05-30 00:01:27.520408,0 days 00:00:00.306588,90.0,21m,1.0,-3.2,880.0,160.0,12m,2.0,-3.0,660.0,120,37m,2.3000000000000003,-0.09999999999999964,330,,,,,,110.0,39m,0.5,-1.0,700.0,4,FAIL
13,13,,2025-05-30 00:01:27.523408,2025-05-30 00:01:27.653599,0 days 00:00:00.130191,,,,,,,,,,,240,6m,3.2,-0.5,370,,,,,,,,,,,1,FAIL
14,14,-2.461920811419593,2025-05-30 00:01:27.656702,2025-05-30 00:01:28.019318,0 days 00:00:00.362616,10.0,17m,1.6,-3.3,170.0,840.0,42m,3.5,-0.8999999999999999,860.0,450,49m,0.0,-0.3999999999999999,810,830.0,16m,2.8000000000000003,-1.0,800.0,660.0,31m,0.6000000000000001,-2.8,180.0,5,COMPLETE
15,15,,2025-05-30 00:01:28.021363,2025-05-30 00:01:28.158275,0 days 00:00:00.136912,,,,,,,,,,,80,43m,1.3,-1.5,900,,,,,,,,,,,1,FAIL
16,16,1.2077655097830973,2025-05-30 00:01:28.160274,2025-05-30 00:01:28.491715,0 days 00:00:00.331441,120.0,3m,2.6,-1.7,80.0,480.0,20m,0.1,-2.3,350.0,630,3m,0.6000000000000001,-1.7,670,,,,,,720.0,10m,0.30000000000000004,-1.0999999999999996,280.0,4,COMPLETE
17,17,,2025-05-30 00:01:28.493714,2025-05-30 00:01:28.828055,0 days 00:00:00.334341,590.0,22m,1.8,-1.9,160.0,20.0,12m,1.0,-1.7,490.0,410,38m,1.3,-1.7999999999999998,500,,,,,,330.0,55m,0.1,-2.7,390.0,4,FAIL
18,18,0.1024204329481125,2025-05-30 00:01:28.831085,2025-05-30 00:01:29.225894,0 days 00:00:00.394809,400.0,42m,0.2,-3.3,330.0,320.0,28m,0.30000000000000004,-2.3,940.0,460,42m,2.0,-0.2999999999999998,460,370.0,32m,2.6,-2.3,1000.0,190.0,13m,3.0,-0.2999999999999998,180.0,5,COMPLETE
19,19,-0.9162077732254322,2025-05-30 00:01:29.227893,2025-05-30 00:01:29.615281,0 days 00:00:00.387388,640.0,8m,1.6,0.0,210.0,940.0,29m,2.1,-0.09999999999999964,940.0,680,42m,2.3000000000000003,-1.5,770,890.0,22m,0.0,-2.5,270.0,420.0,31m,2.3000000000000003,-2.4,950.0,5,COMPLETE
20,20,,2025-05-30 00:01:29.618280,2025-05-30 00:01:29.753319,0 days 00:00:00.135039,,,,,,,,,,,530,16m,1.6,-0.6999999999999997,320,,,,,,,,,,,1,FAIL
21,21,,2025-05-30 00:01:29.755319,2025-05-30 00:01:30.016753,0 days 00:00:00.261434,740.0,50m,1.5,-2.4,900.0,540.0,26m,0.0,-1.9,720.0,630,39m,3.2,-0.7999999999999998,340,,,,,,,,,,,3,FAIL
22,22,0.21147490557090018,2025-05-30 00:01:30.019756,2025-05-30 00:01:30.368421,0 days 00:00:00.348665,830.0,58m,1.1,-2.2,370.0,310.0,46m,2.4000000000000004,-1.7,810.0,130,7m,2.7,-1.4,660,,,,,,350.0,13m,1.6,-3.1,760.0,4,COMPLETE
23,23,3.15161759453505,2025-05-30 00:01:30.369014,2025-05-30 00:01:30.564601,0 days 00:00:00.195587,,,,,,360.0,54m,1.9000000000000001,-3.0,30.0,750,6m,1.2000000000000002,-1.5,290,,,,,,,,,,,2,COMPLETE
24,24,0.5792572837000234,2025-05-30 00:01:30.566601,2025-05-30 00:01:30.940607,0 days 00:00:00.374006,900.0,37m,1.8,-0.5999999999999996,500.0,910.0,37m,0.30000000000000004,-1.5999999999999999,90.0,970,6m,1.1,-3.0,750,840.0,51m,2.4000000000000004,-1.0999999999999996,370.0,480.0,30m,0.6000000000000001,-0.5,190.0,5,COMPLETE
25,25,3.0291175294075456,2025-05-30 00:01:30.942606,2025-05-30 00:01:31.079222,0 days 00:00:00.136616,,,,,,,,,,,890,5m,0.30000000000000004,-1.0,350,,,,,,,,,,,1,COMPLETE
26,26,,2025-05-30 00:01:31.081222,2025-05-30 00:01:31.234069,0 days 00:00:00.152847,,,,,,,,,,,200,6m,3.1,-2.7,10,,,,,,,,,,,1,FAIL
27,27,,2025-05-30 00:01:31.236068,2025-05-30 00:01:31.388520,0 days 00:00:00.152452,,,,,,,,,,,170,6m,3.4000000000000004,-2.7,10,,,,,,,,,,,1,FAIL
28,28,-1.7356758845235336,2025-05-30 00:01:31.390520,2025-05-30 00:01:31.543047,0 days 00:00:00.152527,,,,,,,,,,,210,6m,1.1,-2.8,10,,,,,,,,,,,1,COMPLETE
29,29,2.121047369693164,2025-05-30 00:01:31.544183,2025-05-30 00:01:31.695845,0 days 00:00:00.151662,,,,,,,,,,,970,5m,0.1,-0.7999999999999998,370,,,,,,,,,,,1,COMPLETE
30,30,,2025-05-30 00:01:31.697271,2025-05-30 00:01:31.934839,0 days 00:00:00.237568,,,,,,10.0,54m,1.2000000000000002,-3.4,340.0,820,25m,3.4000000000000004,-2.2,270,,,,,,,,,,,2,FAIL
31,31,,2025-05-30 00:01:31.934839,2025-05-30 00:01:32.176859,0 days 00:00:00.242020,,,,,,30.0,54m,1.2000000000000002,-3.5,340.0,810,21m,0.6000000000000001,-2.4,250,,,,,,,,,,,2,FAIL
32,32,-1.7621989216311278,2025-05-30 00:01:32.178859,2025-05-30 00:01:32.430599,0 days 00:00:00.251740,,,,,,80.0,2m,1.2000000000000002,-3.3,340.0,820,29m,0.6000000000000001,-2.4,280,,,,,,,,,,,2,COMPLETE
33,33,,2025-05-30 00:01:32.432599,2025-05-30 00:01:32.669245,0 days 00:00:00.236646,,,,,,680.0,54m,1.4000000000000001,-3.4,270.0,840,38m,3.5,-0.8999999999999999,160,,,,,,,,,,,2,FAIL
34,34,,2025-05-30 00:01:32.673250,2025-05-30 00:01:32.917145,0 days 00:00:00.243895,,,,,,680.0,54m,1.5,-3.4,280.0,850,46m,0.6000000000000001,-0.8999999999999999,100,,,,,,,,,,,2,FAIL
35,35,,2025-05-30 00:01:32.919145,2025-05-30 00:01:33.141206,0 days 00:00:00.222061,,,,,,540.0,54m,1.5,-3.4,290.0,870,43m,3.3000000000000003,-1.0,180,,,,,,,,,,,2,FAIL
36,36,,2025-05-30 00:01:33.143206,2025-05-30 00:01:33.384389,0 days 00:00:00.241183,,,,,,670.0,54m,1.4000000000000001,-3.5,290.0,840,17m,3.5,-0.8999999999999999,190,,,,,,,,,,,2,FAIL
37,37,,2025-05-30 00:01:33.386388,2025-05-30 00:01:33.615692,0 days 00:00:00.229304,,,,,,670.0,54m,1.2000000000000002,-3.5,270.0,860,48m,3.5,-0.8999999999999999,170,,,,,,,,,,,2,FAIL
38,38,,2025-05-30 00:01:33.618691,2025-05-30 00:01:33.845265,0 days 00:00:00.226574,,,,,,670.0,54m,1.3,-3.5,290.0,840,18m,3.5,-0.8999999999999999,100,,,,,,,,,,,2,FAIL
39,39,,2025-05-30 00:01:33.847004,2025-05-30 00:01:34.073637,0 days 00:00:00.226633,,,,,,650.0,54m,1.4000000000000001,-3.4,320.0,800,18m,0.6000000000000001,-0.8999999999999999,150,,,,,,,,,,,2,FAIL
40,40,,2025-05-30 00:01:34.076278,2025-05-30 00:01:34.306917,0 days 00:00:00.230639,,,,,,680.0,35m,1.3,-3.5,250.0,840,43m,0.7000000000000001,-0.8999999999999999,160,,,,,,,,,,,2,FAIL
41,41,,2025-05-30 00:01:34.308944,2025-05-30 00:01:34.539268,0 days 00:00:00.230324,,,,,,680.0,15m,1.4000000000000001,-3.5,320.0,860,47m,1.6,-1.0999999999999996,150,,,,,,,,,,,2,FAIL
42,42,,2025-05-30 00:01:34.541321,2025-05-30 00:01:34.762381,0 days 00:00:00.221060,,,,,,680.0,54m,1.5,-3.5,270.0,840,19m,3.3000000000000003,-0.8999999999999999,170,,,,,,,,,,,2,FAIL
43,43,,2025-05-30 00:01:34.765492,2025-05-30 00:01:34.985150,0 days 00:00:00.219658,,,,,,630.0,30m,1.4000000000000001,-3.4,260.0,860,48m,3.3000000000000003,-1.0,150,,,,,,,,,,,2,FAIL
44,44,,2025-05-30 00:01:34.987148,2025-05-30 00:01:35.207270,0 days 00:00:00.220122,,,,,,650.0,22m,1.6,-3.4,270.0,830,58m,0.6000000000000001,-1.0999999999999996,130,,,,,,,,,,,2,FAIL
45,45,,2025-05-30 00:01:35.209269,2025-05-30 00:01:35.429131,0 days 00:00:00.219862,,,,,,610.0,12m,1.4000000000000001,-3.5,320.0,850,23m,3.2,-1.0,160,,,,,,,,,,,2,FAIL
46,46,,2025-05-30 00:01:35.431208,2025-05-30 00:01:35.663973,0 days 00:00:00.232765,,,,,,690.0,15m,1.4000000000000001,-3.3,280.0,840,32m,0.6000000000000001,-0.8999999999999999,190,,,,,,,,,,,2,FAIL
47,47,,2025-05-30 00:01:35.666973,2025-05-30 00:01:35.893208,0 days 00:00:00.226235,,,,,,650.0,54m,1.4000000000000001,-3.5,290.0,840,41m,3.5,-0.8999999999999999,160,,,,,,,,,,,2,FAIL
48,48,,2025-05-30 00:01:35.895204,2025-05-30 00:01:36.121404,0 days 00:00:00.226200,,,,,,660.0,17m,1.4000000000000001,-3.5,280.0,860,2m,3.5,-0.8999999999999999,170,,,,,,,,,,,2,FAIL
49,49,,2025-05-30 00:01:36.124403,2025-05-30 00:01:36.349740,0 days 00:00:00.225337,,,,,,710.0,54m,1.4000000000000001,-3.5,270.0,830,9m,3.4000000000000004,-0.8999999999999999,130,,,,,,,,,,,2,FAIL
50,50,,2025-05-30 00:01:36.352499,2025-05-30 00:01:36.575286,0 days 00:00:00.222787,,,,,,670.0,47m,1.4000000000000001,-3.4,260.0,800,52m,3.2,-1.0,160,,,,,,,,,,,2,FAIL
51,51,,2025-05-30 00:01:36.577283,2025-05-30 00:01:36.803954,0 days 00:00:00.226671,,,,,,680.0,40m,1.4000000000000001,-3.5,280.0,860,46m,1.6,-1.0,140,,,,,,,,,,,2,FAIL
52,52,,2025-05-30 00:01:36.806952,2025-05-30 00:01:37.033654,0 days 00:00:00.226702,,,,,,690.0,48m,1.5,-3.5,280.0,840,57m,3.4000000000000004,-0.8999999999999999,160,,,,,,,,,,,2,FAIL
53,53,,2025-05-30 00:01:37.035203,2025-05-30 00:01:37.253472,0 days 00:00:00.218269,,,,,,590.0,54m,1.4000000000000001,-3.5,280.0,860,58m,3.2,-0.8999999999999999,160,,,,,,,,,,,2,FAIL
54,54,,2025-05-30 00:01:37.253472,2025-05-30 00:01:37.479836,0 days 00:00:00.226364,,,,,,660.0,21m,1.3,-3.5,300.0,860,12m,0.6000000000000001,-0.8999999999999999,190,,,,,,,,,,,2,FAIL
55,55,,2025-05-30 00:01:37.481844,2025-05-30 00:01:37.701960,0 days 00:00:00.220116,,,,,,660.0,51m,1.2000000000000002,-2.7,300.0,810,23m,0.7000000000000001,-0.8999999999999999,140,,,,,,,,,,,2,FAIL
56,56,,2025-05-30 00:01:37.704960,2025-05-30 00:01:37.928599,0 days 00:00:00.223639,,,,,,630.0,54m,1.4000000000000001,-3.4,280.0,850,48m,0.6000000000000001,-1.0,170,,,,,,,,,,,2,FAIL
57,57,1.6886283310469368,2025-05-30 00:01:37.931432,2025-05-30 00:01:38.148282,0 days 00:00:00.216850,,,,,,610.0,54m,1.4000000000000001,-3.2,270.0,830,2m,3.5,-2.4,160,,,,,,,,,,,2,COMPLETE
58,58,,2025-05-30 00:01:38.150280,2025-05-30 00:01:38.398944,0 days 00:00:00.248664,,,,,,220.0,56m,2.5,-2.6,540.0,680,12m,0.6000000000000001,-0.8999999999999999,490,,,,,,,,,,,2,FAIL
59,59,,2025-05-30 00:01:38.398944,2025-05-30 00:01:38.633854,0 days 00:00:00.234910,,,,,,250.0,11m,2.9000000000000004,-2.5,550.0,610,59m,0.6000000000000001,-0.8999999999999999,530,,,,,,,,,,,2,FAIL
60,60,,2025-05-30 00:01:38.635279,2025-05-30 00:01:38.873194,0 days 00:00:00.237915,,,,,,240.0,54m,2.7,-2.6,590.0,610,16m,0.7000000000000001,-0.8999999999999999,440,,,,,,,,,,,2,FAIL
61,61,,2025-05-30 00:01:38.875193,2025-05-30 00:01:39.110361,0 days 00:00:00.235168,,,,,,240.0,54m,2.7,-2.5,570.0,610,55m,0.6000000000000001,-0.8999999999999999,470,,,,,,,,,,,2,FAIL
62,62,,2025-05-30 00:01:39.112359,2025-05-30 00:01:39.344433,0 days 00:00:00.232074,,,,,,270.0,54m,2.7,-2.5,580.0,620,21m,0.6000000000000001,-0.8999999999999999,520,,,,,,,,,,,2,FAIL
63,63,-3.970838539930102,2025-05-30 00:01:39.346637,2025-05-30 00:01:39.584163,0 days 00:00:00.237526,,,,,,230.0,54m,2.0,-2.5,600.0,620,4m,0.6000000000000001,-1.0,520,,,,,,,,,,,2,COMPLETE
64,64,-1.8732316265489308,2025-05-30 00:01:39.586165,2025-05-30 00:01:39.896798,0 days 00:00:00.310633,300.0,10m,3.2,-0.8999999999999999,760.0,760.0,5m,0.8,-1.0999999999999996,200.0,890,52m,1.6,-1.0,270,,,,,,,,,,,3,COMPLETE
65,65,,2025-05-30 00:01:39.896798,2025-05-30 00:01:40.050726,0 days 00:00:00.153928,,,,,,,,,,,730,33m,1.0,0.0,480,,,,,,,,,,,1,FAIL
66,66,,2025-05-30 00:01:40.051725,2025-05-30 00:01:40.200991,0 days 00:00:00.149266,,,,,,,,,,,720,14m,0.8,-3.5,500,,,,,,,,,,,1,FAIL
67,67,,2025-05-30 00:01:40.202990,2025-05-30 00:01:40.369492,0 days 00:00:00.166502,,,,,,,,,,,730,19m,0.9,-3.5,520,,,,,,,,,,,1,FAIL
68,68,,2025-05-30 00:01:40.371113,2025-05-30 00:01:40.524252,0 days 00:00:00.153139,,,,,,,,,,,720,21m,1.0,-2.2,490,,,,,,,,,,,1,FAIL
69,69,,2025-05-30 00:01:40.526773,2025-05-30 00:01:40.673920,0 days 00:00:00.147147,,,,,,,,,,,720,47m,1.0,-2.0999999999999996,500,,,,,,,,,,,1,FAIL
70,70,,2025-05-30 00:01:40.676920,2025-05-30 00:01:40.834470,0 days 00:00:00.157550,,,,,,,,,,,740,12m,1.0,0.0,490,,,,,,,,,,,1,FAIL
71,71,-3.5974182191657915,2025-05-30 00:01:40.836165,2025-05-30 00:01:40.989027,0 days 00:00:00.152862,,,,,,,,,,,750,1m,1.1,0.0,510,,,,,,,,,,,1,COMPLETE
72,72,,2025-05-30 00:01:40.990026,2025-05-30 00:01:41.285599,0 days 00:00:00.295573,990.0,55m,0.1,-2.4,660.0,460.0,36m,2.7,-3.5,480.0,560,19m,0.4,-2.2,10,,,,,,,,,,,3,FAIL
73,73,,2025-05-30 00:01:41.287597,2025-05-30 00:01:41.581790,0 days 00:00:00.294193,260.0,50m,0.2,-2.2,670.0,450.0,14m,2.8000000000000003,-3.5,470.0,560,13m,0.4,-2.2,10,,,,,,,,,,,3,FAIL
74,74,,2025-05-30 00:01:41.581790,2025-05-30 00:01:41.878524,0 days 00:00:00.296734,1000.0,49m,0.4,-2.6,680.0,430.0,52m,2.8000000000000003,-3.5,450.0,300,48m,0.4,-3.5,10,,,,,,,,,,,3,FAIL
75,75,,2025-05-30 00:01:41.882038,2025-05-30 00:01:42.182569,0 days 00:00:00.300531,990.0,11m,0.1,-2.4,700.0,440.0,25m,2.6,-2.7,490.0,320,47m,0.30000000000000004,-3.5,80,,,,,,,,,,,3,FAIL
76,76,,2025-05-30 00:01:42.184575,2025-05-30 00:01:42.495475,0 days 00:00:00.310900,1000.0,13m,0.1,-2.5,680.0,430.0,27m,2.7,-2.6,440.0,570,31m,0.4,-3.5,60,,,,,,,,,,,3,FAIL
77,77,,2025-05-30 00:01:42.497593,2025-05-30 00:01:42.789315,0 days 00:00:00.291722,990.0,20m,0.2,-2.4,710.0,460.0,9m,2.7,-3.5,480.0,310,51m,0.4,-2.3,20,,,,,,,,,,,3,FAIL
78,78,,2025-05-30 00:01:42.792314,2025-05-30 00:01:43.084017,0 days 00:00:00.291703,200.0,27m,0.0,-2.5,680.0,440.0,41m,3.1,-2.7,450.0,570,50m,0.5,-2.2,90,,,,,,,,,,,3,FAIL
79,79,,2025-05-30 00:01:43.084017,2025-05-30 00:01:43.391187,0 days 00:00:00.307170,1000.0,52m,0.1,-2.6,690.0,460.0,18m,3.0,-3.5,470.0,560,31m,0.4,-2.2,20,,,,,,,,,,,3,FAIL
80,80,,2025-05-30 00:01:43.392977,2025-05-30 00:01:43.698943,0 days 00:00:00.305966,970.0,50m,0.0,-2.5,710.0,430.0,50m,2.8000000000000003,-2.7,470.0,590,33m,0.5,-2.2,60,,,,,,,,,,,3,FAIL
81,81,,2025-05-30 00:01:43.702038,2025-05-30 00:01:44.009261,0 days 00:00:00.307223,1000.0,23m,0.0,-2.5,690.0,410.0,35m,2.7,-2.8,480.0,630,27m,0.4,-2.0999999999999996,110,,,,,,,,,,,3,FAIL
82,82,,2025-05-30 00:01:44.011154,2025-05-30 00:01:44.309498,0 days 00:00:00.298344,990.0,35m,0.0,-2.5,690.0,420.0,39m,2.7,-2.9,470.0,560,10m,0.4,-2.3,80,,,,,,,,,,,3,FAIL
83,83,-0.7487950252921594,2025-05-30 00:01:44.311495,2025-05-30 00:01:44.605588,0 days 00:00:00.294093,250.0,9m,0.0,-2.3,700.0,430.0,48m,3.2,-2.7,460.0,310,36m,0.4,-2.2,70,,,,,,,,,,,3,COMPLETE
84,84,,2025-05-30 00:01:44.608587,2025-05-30 00:01:44.829179,0 days 00:00:00.220592,,,,,,710.0,55m,2.7,-3.5,20.0,580,10m,1.0,-3.5,380,,,,,,,,,,,2,FAIL
85,85,,2025-05-30 00:01:44.831176,2025-05-30 00:01:45.054441,0 days 00:00:00.223265,,,,,,700.0,7m,2.7,-3.5,10.0,560,32m,1.0,-3.4,360,,,,,,,,,,,2,FAIL
86,86,,2025-05-30 00:01:45.057789,2025-05-30 00:01:45.299387,0 days 00:00:00.241598,,,,,,690.0,49m,2.6,-3.5,30.0,570,30m,0.9,-3.5,460,,,,,,,,,,,2,FAIL
87,87,,2025-05-30 00:01:45.302390,2025-05-30 00:01:45.532386,0 days 00:00:00.229996,,,,,,700.0,52m,2.7,-3.5,30.0,570,21m,0.9,-2.0,350,,,,,,,,,,,2,FAIL
88,88,-1.759011997702472,2025-05-30 00:01:45.534443,2025-05-30 00:01:45.768815,0 days 00:00:00.234372,,,,,,700.0,4m,2.6,-2.0,40.0,630,50m,0.9,-3.5,390,,,,,,,,,,,2,COMPLETE
89,89,,2025-05-30 00:01:45.771943,2025-05-30 00:01:45.931414,0 days 00:00:00.159471,,,,,,,,,,,540,35m,1.9000000000000001,-2.0,280,,,,,,,,,,,1,FAIL
90,90,,2025-05-30 00:01:45.934416,2025-05-30 00:01:46.089384,0 days 00:00:00.154968,,,,,,,,,,,1000,18m,1.8,-2.0,280,,,,,,,,,,,1,FAIL
91,91,,2025-05-30 00:01:46.091384,2025-05-30 00:01:46.250669,0 days 00:00:00.159285,,,,,,,,,,,560,27m,1.6,-2.0,280,,,,,,,,,,,1,FAIL
92,92,,2025-05-30 00:01:46.252670,2025-05-30 00:01:46.404752,0 days 00:00:00.152082,,,,,,,,,,,20,35m,1.8,-2.0,300,,,,,,,,,,,1,FAIL
93,93,,2025-05-30 00:01:46.406751,2025-05-30 00:01:46.563832,0 days 00:00:00.157081,,,,,,,,,,,560,51m,1.9000000000000001,-2.0999999999999996,260,,,,,,,,,,,1,FAIL
94,94,,2025-05-30 00:01:46.566574,2025-05-30 00:01:46.721233,0 days 00:00:00.154659,,,,,,,,,,,880,26m,1.9000000000000001,-0.6999999999999997,270,,,,,,,,,,,1,FAIL
95,95,,2025-05-30 00:01:46.721233,2025-05-30 00:01:46.874905,0 days 00:00:00.153672,,,,,,,,,,,910,46m,1.8,-2.0999999999999996,260,,,,,,,,,,,1,FAIL
96,96,,2025-05-30 00:01:46.875904,2025-05-30 00:01:47.024529,0 days 00:00:00.148625,,,,,,,,,,,550,48m,1.9000000000000001,-2.0,280,,,,,,,,,,,1,FAIL
97,97,,2025-05-30 00:01:47.026525,2025-05-30 00:01:47.169775,0 days 00:00:00.143250,,,,,,,,,,,540,43m,1.9000000000000001,-2.0,280,,,,,,,,,,,1,FAIL
98,98,,2025-05-30 00:01:47.169775,2025-05-30 00:01:47.321357,0 days 00:00:00.151582,,,,,,,,,,,540,28m,2.0,-2.0,260,,,,,,,,,,,1,FAIL
99,99,,2025-05-30 00:01:47.323357,2025-05-30 00:01:47.466159,0 days 00:00:00.142802,,,,,,,,,,,550,48m,1.9000000000000001,-2.0,280,,,,,,,,,,,1,FAIL
100,100,,2025-05-30 00:01:47.472206,2025-05-30 00:01:47.629396,0 days 00:00:00.157190,,,,,,,,,,,910,10m,1.9000000000000001,-2.0999999999999996,310,,,,,,,,,,,1,FAIL
101,101,,2025-05-30 00:01:47.631635,2025-05-30 00:01:47.781477,0 days 00:00:00.149842,,,,,,,,,,,550,47m,1.9000000000000001,-1.1999999999999997,270,,,,,,,,,,,1,FAIL
102,102,,2025-05-30 00:01:47.781477,2025-05-30 00:01:47.939199,0 days 00:00:00.157722,,,,,,,,,,,10,8m,1.8,-1.1999999999999997,270,,,,,,,,,,,1,FAIL
103,103,,2025-05-30 00:01:47.939199,2025-05-30 00:01:48.087972,0 days 00:00:00.148773,,,,,,,,,,,10,20m,1.6,-2.0,270,,,,,,,,,,,1,FAIL
104,104,,2025-05-30 00:01:48.091179,2025-05-30 00:01:48.242922,0 days 00:00:00.151743,,,,,,,,,,,540,32m,1.9000000000000001,-2.0999999999999996,280,,,,,,,,,,,1,FAIL
105,105,0.28963210802665473,2025-05-30 00:01:48.244918,2025-05-30 00:01:48.400106,0 days 00:00:00.155188,,,,,,,,,,,560,9m,2.0,-2.0,240,,,,,,,,,,,1,COMPLETE
106,106,,2025-05-30 00:01:48.402104,2025-05-30 00:01:48.660335,0 days 00:00:00.258231,,,,,,160.0,16m,1.7000000000000002,-3.5,480.0,990,53m,1.4000000000000001,-1.1999999999999997,380,,,,,,,,,,,2,FAIL
107,107,-1.0519036626285723,2025-05-30 00:01:48.660335,2025-05-30 00:01:48.893118,0 days 00:00:00.232783,,,,,,170.0,25m,0.8,-3.4,710.0,20,25m,1.5,-1.1999999999999997,360,,,,,,,,,,,2,COMPLETE
108,108,1.6210890297188485,2025-05-30 00:01:48.895115,2025-05-30 00:01:49.060606,0 days 00:00:00.165491,,,,,,,,,,,980,5m,0.0,-0.6999999999999997,370,,,,,,,,,,,1,COMPLETE
109,109,,2025-05-30 00:01:49.060606,2025-05-30 00:01:49.217481,0 days 00:00:00.156875,,,,,,,,,,,900,11m,0.30000000000000004,-0.6999999999999997,430,,,,,,,,,,,1,FAIL
110,110,,2025-05-30 00:01:49.219608,2025-05-30 00:01:49.369637,0 days 00:00:00.150029,,,,,,,,,,,900,31m,0.1,-0.7999999999999998,450,,,,,,,,,,,1,FAIL
111,111,,2025-05-30 00:01:49.369637,2025-05-30 00:01:49.527941,0 days 00:00:00.158304,,,,,,,,,,,900,27m,0.30000000000000004,-0.7999999999999998,420,,,,,,,,,,,1,FAIL
112,112,,2025-05-30 00:01:49.529941,2025-05-30 00:01:49.678304,0 days 00:00:00.148363,,,,,,,,,,,930,56m,0.2,-0.8999999999999999,440,,,,,,,,,,,1,FAIL
113,113,,2025-05-30 00:01:49.681152,2025-05-30 00:01:49.839501,0 days 00:00:00.158349,,,,,,,,,,,900,56m,0.30000000000000004,-0.6999999999999997,430,,,,,,,,,,,1,FAIL
114,114,,2025-05-30 00:01:49.841500,2025-05-30 00:01:49.999993,0 days 00:00:00.158493,,,,,,,,,,,900,18m,0.2,-0.6999999999999997,440,,,,,,,,,,,1,FAIL
115,115,,2025-05-30 00:01:50.002042,2025-05-30 00:01:50.149826,0 days 00:00:00.147784,,,,,,,,,,,900,17m,0.2,-0.6999999999999997,450,,,,,,,,,,,1,FAIL
116,116,,2025-05-30 00:01:50.151890,2025-05-30 00:01:50.300382,0 days 00:00:00.148492,,,,,,,,,,,920,39m,0.30000000000000004,-0.6999999999999997,580,,,,,,,,,,,1,FAIL
