,number,value,datetime_start,datetime_complete,duration,params_ALGN_CELG_beta_win,params_ALGN_CELG_trade_freq,params_ALGN_CELG_z_entry,params_ALGN_CELG_z_exit,params_ALGN_CELG_z_win,params_ATVI_TTWO_beta_win,params_ATVI_TTWO_trade_freq,params_ATVI_TTWO_z_entry,params_ATVI_TTWO_z_exit,params_ATVI_TTWO_z_win,params_AVGO_CELG_beta_win,params_AVGO_CELG_trade_freq,params_AVGO_CELG_z_entry,params_AVGO_CELG_z_exit,params_AVGO_CELG_z_win,params_BIDU_CELG_beta_win,params_BIDU_CELG_trade_freq,params_BIDU_CELG_z_entry,params_BIDU_CELG_z_exit,params_BIDU_CELG_z_win,params_BIIB_FOXA_beta_win,params_BIIB_FOXA_trade_freq,params_BIIB_FOXA_z_entry,params_BIIB_FOXA_z_exit,params_BIIB_FOXA_z_win,params_FOX_BIIB_beta_win,params_FOX_BIIB_trade_freq,params_FOX_BIIB_z_entry,params_FOX_BIIB_z_exit,params_FOX_BIIB_z_win,params_FOX_FOXA_beta_win,params_FOX_FOXA_trade_freq,params_FOX_FOXA_z_entry,params_FOX_FOXA_z_exit,params_FOX_FOXA_z_win,params_NTES_CELG_beta_win,params_NTES_CELG_trade_freq,params_NTES_CELG_z_entry,params_NTES_CELG_z_exit,params_NTES_CELG_z_win,params_PEP_CELG_beta_win,params_PEP_CELG_trade_freq,params_PEP_CELG_z_entry,params_PEP_CELG_z_exit,params_PEP_CELG_z_win,params_TTWO_HSIC_beta_win,params_TTWO_HSIC_trade_freq,params_TTWO_HSIC_z_entry,params_TTWO_HSIC_z_exit,params_TTWO_HSIC_z_win,params_pairs_to_trade,state
0,0,3.135006774840398,2025-05-29 23:36:05.277182,2025-05-29 23:36:05.781272,0 days 00:00:00.504090,,,,,,,,,,,400,22m,0.2,-1.0999999999999996,640,,,,,,250.0,35m,0.8,-2.5,20.0,550,21m,1.8,-1.1999999999999997,780,,,,,,,,,,,990.0,24m,2.6,-1.9,690.0,,,,,,2,COMPLETE
1,1,3.026576825312836,2025-05-29 23:36:05.781272,2025-05-29 23:36:06.402119,0 days 00:00:00.620847,790.0,13m,1.5,-1.1999999999999997,720.0,,,,,,510,35m,3.0,-3.1,530,,,,,,770.0,16m,1.3,-3.1,250.0,380,17m,2.2,-0.5,90,,,,,,,,,,,240.0,21m,2.7,-2.0999999999999996,630.0,480.0,39m,2.8000000000000003,-2.9,540.0,3,COMPLETE
2,2,-1.834311275062875,2025-05-29 23:36:06.410185,2025-05-29 23:36:07.161775,0 days 00:00:00.751590,420.0,19m,2.6,-1.9,530.0,110.0,17m,0.4,-0.09999999999999964,570.0,390,41m,0.1,-1.0999999999999996,220,,,,,,470.0,3m,0.6000000000000001,-0.3999999999999999,960.0,830,49m,3.3000000000000003,-1.5,300,,,,,,620.0,59m,0.6000000000000001,-1.7999999999999998,430.0,920.0,5m,0.7000000000000001,-2.6,190.0,870.0,24m,2.9000000000000004,-3.0,10.0,4,COMPLETE
3,3,-0.12248075344251089,2025-05-29 23:36:07.161775,2025-05-29 23:36:07.454827,0 days 00:00:00.293052,,,,,,,,,,,900,43m,3.0,-1.4,170,,,,,,,,,,,140,12m,1.0,-2.8,740,,,,,,,,,,,,,,,,,,,,,1,COMPLETE
4,4,-1.5666608391788068,2025-05-29 23:36:07.461554,2025-05-29 23:36:07.905720,0 days 00:00:00.444166,,,,,,,,,,,870,29m,1.6,-0.2999999999999998,570,,,,,,920.0,42m,2.7,-0.7999999999999998,250.0,410,9m,2.8000000000000003,-2.2,20,,,,,,,,,,,140.0,40m,1.6,-3.0,490.0,,,,,,2,COMPLETE
5,5,-3.3875958640941297,2025-05-29 23:36:07.915985,2025-05-29 23:36:08.842395,0 days 00:00:00.926410,280.0,37m,2.2,-0.2999999999999998,610.0,30.0,58m,1.2000000000000002,-1.5999999999999999,290.0,680,42m,0.1,-1.0,540,70.0,19m,0.1,-1.4,570.0,140.0,46m,3.4000000000000004,-2.3,540.0,460,28m,1.5,-3.5,520,680.0,51m,1.9000000000000001,-3.3,300.0,930.0,7m,1.7000000000000002,-1.7999999999999998,700.0,700.0,42m,3.4000000000000004,-2.0,100.0,430.0,14m,2.2,-0.3999999999999999,640.0,5,COMPLETE
6,6,,2025-05-29 23:36:08.847259,2025-05-29 23:36:09.145066,0 days 00:00:00.297807,,,,,,,,,,,800,25m,1.7000000000000002,0.0,840,,,,,,,,,,,680,39m,0.6000000000000001,-1.7,970,,,,,,,,,,,,,,,,,,,,,1,FAIL
7,7,2.0770320133888918,2025-05-29 23:36:09.152499,2025-05-29 23:36:09.772003,0 days 00:00:00.619504,800.0,12m,1.1,-1.5,270.0,,,,,,920,23m,1.3,-0.8999999999999999,10,,,,,,930.0,12m,0.9,-3.2,860.0,40,29m,3.3000000000000003,-0.3999999999999999,270,,,,,,,,,,,800.0,51m,2.0,-2.0999999999999996,930.0,550.0,19m,2.9000000000000004,-2.5,250.0,3,COMPLETE
8,8,-0.276178408379907,2025-05-29 23:36:09.777712,2025-05-29 23:36:10.237271,0 days 00:00:00.459559,,,,,,,,,,,60,47m,2.5,-0.6999999999999997,40,,,,,,960.0,48m,2.0,-0.2999999999999998,590.0,760,31m,3.0,-0.8999999999999999,600,,,,,,,,,,,330.0,1m,2.5,0.0,790.0,,,,,,2,COMPLETE
9,9,,2025-05-29 23:36:10.246378,2025-05-29 23:36:10.678219,0 days 00:00:00.431841,,,,,,,,,,,670,51m,2.4000000000000004,0.0,460,,,,,,270.0,22m,2.5,-2.7,650.0,950,51m,2.7,-0.7999999999999998,180,,,,,,,,,,,960.0,37m,3.0,-1.4,360.0,,,,,,2,FAIL
10,10,-1.129766358125977,2025-05-29 23:36:10.678219,2025-05-29 23:36:11.586304,0 days 00:00:00.908085,50.0,38m,2.0,-1.5,230.0,720.0,37m,1.2000000000000002,-1.7999999999999998,150.0,980,6m,0.2,-3.4,40,210.0,40m,0.1,-1.7,180.0,10.0,26m,0.1,-0.7999999999999998,800.0,870,31m,1.5,-0.3999999999999999,230,290.0,53m,0.30000000000000004,-0.19999999999999973,380.0,920.0,17m,1.2000000000000002,-1.5,770.0,870.0,51m,2.5,-3.3,730.0,580.0,50m,1.5,-0.6999999999999997,860.0,5,COMPLETE
11,11,-1.2266757352885853,2025-05-29 23:36:11.592818,2025-05-29 23:36:12.187716,0 days 00:00:00.594898,580.0,56m,2.7,-2.7,230.0,,,,,,990,18m,2.2,-1.0,390,,,,,,400.0,18m,2.2,-0.3999999999999999,620.0,130,24m,1.6,-0.6999999999999997,820,,,,,,,,,,,500.0,57m,0.6000000000000001,-3.0,700.0,280.0,19m,1.4000000000000001,-2.3,330.0,3,COMPLETE
12,12,,2025-05-29 23:36:12.187716,2025-05-29 23:36:12.530504,0 days 00:00:00.342788,,,,,,,,,,,200,22m,0.9,-2.3,910,,,,,,,,,,,650,21m,0.0,-1.5,980,,,,,,,,,,,,,,,,,,,,,1,FAIL
13,13,,2025-05-29 23:36:12.539307,2025-05-29 23:36:12.857758,0 days 00:00:00.318451,,,,,,,,,,,180,22m,0.9,-2.2,890,,,,,,,,,,,630,21m,0.2,-1.5,970,,,,,,,,,,,,,,,,,,,,,1,FAIL
14,14,,2025-05-29 23:36:12.860063,2025-05-29 23:36:13.230046,0 days 00:00:00.369983,,,,,,,,,,,180,22m,0.9,-2.0999999999999996,940,,,,,,,,,,,650,21m,0.0,-1.4,960,,,,,,,,,,,,,,,,,,,,,1,FAIL
15,15,,2025-05-29 23:36:13.240502,2025-05-29 23:36:13.568468,0 days 00:00:00.327966,,,,,,,,,,,230,22m,0.9,-2.3,930,,,,,,,,,,,650,21m,0.1,-1.5,970,,,,,,,,,,,,,,,,,,,,,1,FAIL
16,16,,2025-05-29 23:36:13.578964,2025-05-29 23:36:13.892710,0 days 00:00:00.313746,,,,,,,,,,,190,22m,0.9,-2.2,890,,,,,,,,,,,650,21m,0.4,-1.5,950,,,,,,,,,,,,,,,,,,,,,1,FAIL
17,17,2.2497444067577943,2025-05-29 23:36:13.903452,2025-05-29 23:36:14.223009,0 days 00:00:00.319557,,,,,,,,,,,180,22m,1.0,-2.2,860,,,,,,,,,,,620,8m,0.5,-1.4,980,,,,,,,,,,,,,,,,,,,,,1,COMPLETE
18,18,1.4539034711599448,2025-05-29 23:36:14.227472,2025-05-29 23:36:14.741222,0 days 00:00:00.513750,,,,,,,,,,,410,35m,3.3000000000000003,-2.3,770,,,,,,680.0,16m,1.3,-3.1,10.0,320,21m,2.4000000000000004,-0.09999999999999964,70,,,,,,,,,,,20.0,24m,3.3000000000000003,-0.7999999999999998,480.0,,,,,,2,COMPLETE
19,19,-2.747032659738063,2025-05-29 23:36:14.751642,2025-05-29 23:36:15.675500,0 days 00:00:00.923858,1000.0,3m,0.4,-0.09999999999999964,960.0,930.0,43m,3.5,-3.5,960.0,620,50m,0.8,-2.9,690,,,,,,290.0,35m,1.3,-2.4,140.0,620,17m,2.2,-1.0999999999999996,700,,,,,,20.0,34m,3.5,-3.5,20.0,350.0,21m,2.6,-1.2999999999999998,350.0,110.0,54m,0.5,-3.5,660.0,4,COMPLETE
20,20,3.4485623867865294,2025-05-29 23:36:15.688874,2025-05-29 23:36:16.428520,0 days 00:00:00.739646,720.0,13m,3.5,-3.4,860.0,,,,,,270,44m,2.1,-2.0,420,,,,,,690.0,16m,0.4,-2.4,330.0,320,27m,2.1,-2.0,410,,,,,,,,,,,570.0,24m,1.5,-1.4,600.0,880.0,18m,3.4000000000000004,-1.5,940.0,3,COMPLETE
21,21,-2.5022845690481588,2025-05-29 23:36:16.437005,2025-05-29 23:36:16.993599,0 days 00:00:00.556594,,,,,,,,,,,260,17m,2.1,-1.9,960,,,,,,640.0,4m,0.0,-1.7999999999999998,390.0,260,6m,0.9,-2.0999999999999996,400,,,,,,,,,,,610.0,24m,1.4000000000000001,-1.1999999999999997,950.0,,,,,,2,COMPLETE
22,22,0.38855197222951054,2025-05-29 23:36:16.993599,2025-05-29 23:36:17.958855,0 days 00:00:00.965256,650.0,36m,3.4000000000000004,-3.5,990.0,410.0,32m,3.2,-3.5,950.0,270,44m,0.7000000000000001,0.0,370,,,,,,270.0,59m,0.6000000000000001,-2.2,10.0,610,27m,0.0,-2.2,950,,,,,,40.0,6m,2.9000000000000004,0.0,50.0,980.0,46m,1.2000000000000002,-1.4,310.0,980.0,18m,3.5,-1.4,970.0,4,COMPLETE
23,23,,2025-05-29 23:36:17.966823,2025-05-29 23:36:18.316970,0 days 00:00:00.350147,,,,,,,,,,,70,45m,1.6,-1.5999999999999999,660,,,,,,,,,,,970,55m,1.9000000000000001,-2.8,430,,,,,,,,,,,,,,,,,,,,,1,FAIL
24,24,,2025-05-29 23:36:18.326009,2025-05-29 23:36:18.666769,0 days 00:00:00.340760,,,,,,,,,,,50,30m,1.7000000000000002,-1.5,370,,,,,,,,,,,520,56m,2.0,-1.9,450,,,,,,,,,,,,,,,,,,,,,1,FAIL
25,25,,2025-05-29 23:36:18.666769,2025-05-29 23:36:18.987982,0 days 00:00:00.321213,,,,,,,,,,,80,33m,1.7000000000000002,-1.5999999999999999,690,,,,,,,,,,,970,58m,1.9000000000000001,-2.7,480,,,,,,,,,,,,,,,,,,,,,1,FAIL
26,26,-1.1589042045993792,2025-05-29 23:36:18.996315,2025-05-29 23:36:19.331720,0 days 00:00:00.335405,,,,,,,,,,,10,7m,1.7000000000000002,-1.5999999999999999,670,,,,,,,,,,,990,5m,1.9000000000000001,-1.7999999999999998,440,,,,,,,,,,,,,,,,,,,,,1,COMPLETE
27,27,-1.425777577637334,2025-05-29 23:36:19.335907,2025-05-29 23:36:19.836188,0 days 00:00:00.500281,,,,,,,,,,,430,3m,2.5,-2.5,380,,,,,,600.0,23m,0.6000000000000001,-1.5999999999999999,380.0,540,35m,2.5,-2.7,610,,,,,,,,,,,500.0,56m,2.0,-0.5999999999999996,580.0,,,,,,2,COMPLETE
28,28,-0.4723872625816725,2025-05-29 23:36:19.844598,2025-05-29 23:36:20.561283,0 days 00:00:00.716685,1000.0,27m,3.4000000000000004,-3.5,800.0,,,,,,140,38m,1.2000000000000002,-1.7,270,,,,,,350.0,51m,0.30000000000000004,-2.7,180.0,230,36m,1.2000000000000002,-2.7,830,,,,,,,,,,,740.0,43m,0.0,-1.7,820.0,780.0,18m,0.30000000000000004,-1.2999999999999998,800.0,3,COMPLETE
29,29,0.05508709205979575,2025-05-29 23:36:20.561283,2025-05-29 23:36:21.513797,0 days 00:00:00.952514,350.0,13m,0.4,-2.7,800.0,420.0,42m,2.2,-0.09999999999999964,580.0,590,51m,0.5,-2.0,440,,,,,,790.0,40m,1.0,-1.5,340.0,520,2m,1.8,-1.7,540,,,,,,420.0,12m,0.0,-3.4,980.0,650.0,29m,3.0,-2.4,400.0,760.0,42m,3.5,0.0,960.0,4,COMPLETE
30,30,-0.7512798963676104,2025-05-29 23:36:21.522337,2025-05-29 23:36:22.088174,0 days 00:00:00.565837,,,,,,,,,,,740,4m,2.1,-2.6,640,,,,,,180.0,8m,1.7000000000000002,-3.5,140.0,730,13m,2.7,-1.0999999999999996,380,,,,,,,,,,,580.0,45m,2.0,-0.7999999999999998,570.0,,,,,,2,COMPLETE
31,31,1.5651435381495724,2025-05-29 23:36:22.088174,2025-05-29 23:36:22.870125,0 days 00:00:00.781951,770.0,1m,1.3,-0.8999999999999999,720.0,,,,,,520,22m,2.9000000000000004,-3.4,470,,,,,,760.0,16m,1.5,-2.9,260.0,380,34m,2.1,-0.6999999999999997,180,,,,,,,,,,,310.0,10m,2.9000000000000004,-1.7999999999999998,660.0,370.0,22m,2.5,-2.0,430.0,3,COMPLETE
32,32,-2.2664949314661276,2025-05-29 23:36:22.882180,2025-05-29 23:36:23.652055,0 days 00:00:00.769875,790.0,13m,1.4000000000000001,-2.2,30.0,,,,,,330,35m,3.4000000000000004,-2.9,570,,,,,,560.0,7m,1.0,-2.6,470.0,320,10m,2.1,0.0,140,,,,,,,,,,,200.0,24m,2.3000000000000003,-2.3,610.0,650.0,39m,2.8000000000000003,-1.5,560.0,3,COMPLETE
33,33,-0.27213070999906475,2025-05-29 23:36:23.652055,2025-05-29 23:36:24.436103,0 days 00:00:00.784048,690.0,28m,2.8000000000000003,-0.6999999999999997,660.0,,,,,,490,44m,2.8000000000000003,-1.4,770,,,,,,790.0,35m,0.5,-2.0,100.0,440,17m,2.4000000000000004,-1.1999999999999997,340,,,,,,,,,,,390.0,59m,1.1,-1.5999999999999999,840.0,180.0,55m,2.0,-2.9,160.0,3,COMPLETE
34,34,0.7128384156850847,2025-05-29 23:36:24.446549,2025-05-29 23:36:25.401704,0 days 00:00:00.955155,520.0,50m,1.7000000000000002,-1.0999999999999996,880.0,920.0,26m,0.2,-2.0,20.0,310,16m,2.5,-3.0,330,,,,,,500.0,16m,1.2000000000000002,-2.8,310.0,240,21m,1.3,-1.9,660,,,,,,340.0,55m,2.4000000000000004,0.0,320.0,170.0,21m,3.0,-2.6,720.0,710.0,21m,3.2,-0.8999999999999999,750.0,4,COMPLETE
35,35,-3.702320629112586,2025-05-29 23:36:25.409297,2025-05-29 23:36:26.170158,0 days 00:00:00.760861,880.0,48m,0.8,-2.6,410.0,,,,,,480,13m,1.4000000000000001,-0.5999999999999996,490,,,,,,700.0,56m,0.9,-3.4,230.0,530,27m,1.8,-0.2999999999999998,460,,,,,,,,,,,430.0,14m,1.7000000000000002,-1.0,490.0,990.0,40m,0.8,-1.7999999999999998,520.0,3,COMPLETE
36,36,1.2295087367076403,2025-05-29 23:36:26.170158,2025-05-29 23:36:26.757332,0 days 00:00:00.587174,,,,,,,,,,,150,24m,3.2,-1.4,620,,,,,,880.0,41m,1.8,-3.0,430.0,350,14m,2.0,-0.6999999999999997,840,,,,,,,,,,,10.0,30m,2.3000000000000003,-2.0,630.0,,,,,,2,COMPLETE
37,37,,2025-05-29 23:36:26.761362,2025-05-29 23:36:27.500930,0 days 00:00:00.739568,900.0,54m,2.3000000000000003,-2.2,770.0,,,,,,590,19m,1.9000000000000001,-3.1,750,,,,,,840.0,38m,0.30000000000000004,-2.5,100.0,690,32m,3.0,-1.5,100,,,,,,,,,,,1000.0,27m,2.8000000000000003,-0.3999999999999999,880.0,20.0,45m,2.4000000000000004,-3.3,380.0,3,FAIL
38,38,-1.4597400535190164,2025-05-29 23:36:27.511058,2025-05-29 23:36:28.295897,0 days 00:00:00.784839,900.0,4m,2.2,-3.1,780.0,,,,,,560,12m,3.5,-3.2,750,,,,,,440.0,10m,2.4000000000000004,-2.5,70.0,160,11m,3.0,-1.5,110,,,,,,,,,,,280.0,17m,2.8000000000000003,-1.5,890.0,420.0,36m,2.4000000000000004,-3.4,400.0,3,COMPLETE
39,39,,2025-05-29 23:36:28.305548,2025-05-29 23:36:28.634487,0 days 00:00:00.328939,,,,,,,,,,,790,15m,2.0,-2.6,840,,,,,,,,,,,700,52m,2.3000000000000003,-3.0,910,,,,,,,,,,,,,,,,,,,,,1,FAIL
40,40,3.434329090905736,2025-05-29 23:36:28.637067,2025-05-29 23:36:28.973217,0 days 00:00:00.336150,,,,,,,,,,,790,55m,2.0,-2.6,300,,,,,,,,,,,470,23m,2.6,-3.1,230,,,,,,,,,,,,,,,,,,,,,1,COMPLETE
41,41,,2025-05-29 23:36:28.977185,2025-05-29 23:36:29.303385,0 days 00:00:00.326200,,,,,,,,,,,800,55m,1.9000000000000001,-2.6,280,,,,,,,,,,,690,23m,3.5,-3.3,190,,,,,,,,,,,,,,,,,,,,,1,FAIL
42,42,,2025-05-29 23:36:29.312205,2025-05-29 23:36:29.662017,0 days 00:00:00.349812,,,,,,,,,,,710,55m,1.9000000000000001,-2.6,130,,,,,,,,,,,690,33m,2.6,-3.3,210,,,,,,,,,,,,,,,,,,,,,1,FAIL
43,43,-2.390175469488047,2025-05-29 23:36:29.662017,2025-05-29 23:36:29.997046,0 days 00:00:00.335029,,,,,,,,,,,780,30m,2.0,-2.5,280,,,,,,,,,,,690,23m,2.7,-3.0,200,,,,,,,,,,,,,,,,,,,,,1,COMPLETE
44,44,2.652201915536058,2025-05-29 23:36:29.997046,2025-05-29 23:36:30.336509,0 days 00:00:00.339463,,,,,,,,,,,220,55m,1.9000000000000001,-2.7,190,,,,,,,,,,,470,18m,2.2,-3.2,290,,,,,,,,,,,,,,,,,,,,,1,COMPLETE
45,45,,2025-05-29 23:36:30.346065,2025-05-29 23:36:30.878505,0 days 00:00:00.532440,,,,,,,,,,,370,58m,1.6,-2.0999999999999996,450,,,,,,830.0,27m,0.30000000000000004,-1.9,710.0,400,51m,3.4000000000000004,-1.5,20,,,,,,,,,,,790.0,34m,3.5,-0.3999999999999999,770.0,,,,,,2,FAIL
46,46,-2.4797671231756686,2025-05-29 23:36:30.878505,2025-05-29 23:36:31.445218,0 days 00:00:00.566713,,,,,,,,,,,370,31m,2.3000000000000003,-2.2,460,,,,,,830.0,58m,0.30000000000000004,-1.9,670.0,400,43m,3.4000000000000004,-2.4,60,,,,,,,,,,,790.0,20m,3.2,-1.7999999999999998,420.0,,,,,,2,COMPLETE
47,47,,2025-05-29 23:36:31.448648,2025-05-29 23:36:31.801001,0 days 00:00:00.352353,,,,,,,,,,,810,37m,1.5,-3.1,260,,,,,,,,,,,300,41m,2.5,-3.5,340,,,,,,,,,,,,,,,,,,,,,1,FAIL
48,48,,2025-05-29 23:36:31.801001,2025-05-29 23:36:32.140713,0 days 00:00:00.339712,,,,,,,,,,,760,34m,1.8,-3.1,260,,,,,,,,,,,570,40m,2.5,-3.5,330,,,,,,,,,,,,,,,,,,,,,1,FAIL
49,49,,2025-05-29 23:36:32.146722,2025-05-29 23:36:32.487419,0 days 00:00:00.340697,,,,,,,,,,,820,28m,2.7,-3.2,100,,,,,,,,,,,590,45m,2.5,-1.5,330,,,,,,,,,,,,,,,,,,,,,1,FAIL
50,50,-0.4879832477085306,2025-05-29 23:36:32.496602,2025-05-29 23:36:32.838377,0 days 00:00:00.341775,,,,,,,,,,,800,15m,1.6,-3.1,140,,,,,,,,,,,560,56m,2.5,-2.5,310,,,,,,,,,,,,,,,,,,,,,1,COMPLETE
51,51,0.6962182789688839,2025-05-29 23:36:32.854523,2025-05-29 23:36:33.178268,0 days 00:00:00.323745,,,,,,,,,,,680,8m,2.8000000000000003,-2.0,290,,,,,,,,,,,330,33m,3.0,-3.5,140,,,,,,,,,,,,,,,,,,,,,1,COMPLETE
52,52,2.282051170087271,2025-05-29 23:36:33.178268,2025-05-29 23:36:33.760307,0 days 00:00:00.582039,,,,,,,,,,,440,57m,1.8,-2.7,550,,,,,,730.0,53m,1.6,-1.1999999999999997,200.0,460,30m,1.6,-1.5999999999999999,220,,,,,,,,,,,90.0,48m,2.2,-0.19999999999999973,760.0,,,,,,2,COMPLETE
53,53,-0.4559002296775879,2025-05-29 23:36:33.760307,2025-05-29 23:36:34.551658,0 days 00:00:00.791351,680.0,17m,0.8,-2.0999999999999996,510.0,,,,,,360,5m,3.1,-1.1999999999999997,420,,,,,,570.0,25m,0.8,-2.0999999999999996,310.0,280,40m,2.4000000000000004,-2.0,30,,,,,,,,,,,990.0,26m,1.0,-2.3,540.0,290.0,23m,3.2,-2.5,710.0,3,COMPLETE
54,54,-0.7639101338755672,2025-05-29 23:36:34.555672,2025-05-29 23:36:35.731522,0 days 00:00:01.175850,200.0,53m,0.0,-1.2999999999999998,890.0,620.0,51m,2.5,-1.0,700.0,860,10m,2.4000000000000004,-2.3,510,930.0,48m,3.5,-3.4,960.0,1000.0,32m,0.30000000000000004,-3.3,460.0,410,32m,2.8000000000000003,-1.4,490,990.0,45m,3.4000000000000004,-1.5,920.0,670.0,3m,2.2,-1.0,270.0,250.0,39m,3.5,-1.1999999999999997,270.0,870.0,43m,1.8,-2.0999999999999996,850.0,5,COMPLETE
55,55,0.5671242922689639,2025-05-29 23:36:35.739900,2025-05-29 23:36:36.326455,0 days 00:00:00.586555,,,,,,,,,,,690,26m,1.5,-0.6999999999999997,600,,,,,,90.0,2m,0.7000000000000001,-2.7,990.0,10,46m,3.2,-3.2,580,,,,,,,,,,,900.0,23m,0.6000000000000001,-2.9,200.0,,,,,,2,COMPLETE
56,56,-3.426103163869811,2025-05-29 23:36:36.326455,2025-05-29 23:36:37.290917,0 days 00:00:00.964462,560.0,34m,1.8,-0.5999999999999996,620.0,270.0,30m,1.4000000000000001,-2.7,340.0,620,49m,2.7,-3.2,110,,,,,,510.0,24m,1.2000000000000002,-2.4,530.0,170,3m,1.3,-0.8999999999999999,270,,,,,,210.0,18m,1.2000000000000002,-2.4,990.0,440.0,54m,2.7,-2.6,10.0,20.0,15m,2.6,-2.9,600.0,4,COMPLETE
57,57,-1.541493582663742,2025-05-29 23:36:37.290917,2025-05-29 23:36:37.621945,0 days 00:00:00.331028,,,,,,,,,,,100,45m,0.0,-3.5,220,,,,,,,,,,,100,51m,1.7000000000000002,-0.5,760,,,,,,,,,,,,,,,,,,,,,1,COMPLETE
58,58,,2025-05-29 23:36:37.623565,2025-05-29 23:36:38.161366,0 days 00:00:00.537801,,,,,,,,,,,930,46m,0.4,-1.1999999999999997,710,,,,,,840.0,50m,2.9000000000000004,-3.0,60.0,670,57m,1.0,-2.4,350,,,,,,,,,,,550.0,15m,1.5,-0.3999999999999999,1000.0,,,,,,2,FAIL
59,59,0.734605241557236,2025-05-29 23:36:38.161366,2025-05-29 23:36:38.744041,0 days 00:00:00.582675,,,,,,,,,,,280,33m,1.1,-0.3999999999999999,720,,,,,,240.0,55m,2.8000000000000003,-3.0,100.0,680,48m,1.0,-2.4,350,,,,,,,,,,,570.0,11m,1.8,-2.0999999999999996,690.0,,,,,,2,COMPLETE
60,60,1.859039040155474,2025-05-29 23:36:38.747493,2025-05-29 23:36:39.068327,0 days 00:00:00.320834,,,,,,,,,,,210,55m,1.9000000000000001,-2.8,180,,,,,,,,,,,500,26m,2.2,-3.3,290,,,,,,,,,,,,,,,,,,,,,1,COMPLETE
61,61,,2025-05-29 23:36:39.068327,2025-05-29 23:36:39.387918,0 days 00:00:00.319591,,,,,,,,,,,180,55m,0.30000000000000004,-2.5,230,,,,,,,,,,,460,55m,2.2,-2.9,260,,,,,,,,,,,,,,,,,,,,,1,FAIL
62,62,0.8785782109963663,2025-05-29 23:36:39.387918,2025-05-29 23:36:39.708494,0 days 00:00:00.320576,,,,,,,,,,,220,19m,0.30000000000000004,-2.4,230,,,,,,,,,,,450,18m,2.0,-3.0,250,,,,,,,,,,,,,,,,,,,,,1,COMPLETE
63,63,,2025-05-29 23:36:39.718854,2025-05-29 23:36:40.039699,0 days 00:00:00.320845,,,,,,,,,,,230,55m,1.8,-2.7,80,,,,,,,,,,,580,47m,2.6,-3.0,430,,,,,,,,,,,,,,,,,,,,,1,FAIL
64,64,,2025-05-29 23:36:40.039699,2025-05-29 23:36:40.364198,0 days 00:00:00.324499,,,,,,,,,,,240,55m,1.8,-2.7,340,,,,,,,,,,,590,58m,2.6,-2.9,410,,,,,,,,,,,,,,,,,,,,,1,FAIL
65,65,,2025-05-29 23:36:40.367049,2025-05-29 23:36:40.701608,0 days 00:00:00.334559,,,,,,,,,,,230,55m,2.3000000000000003,-2.7,340,,,,,,,,,,,580,44m,2.3000000000000003,-2.9,410,,,,,,,,,,,,,,,,,,,,,1,FAIL
66,66,,2025-05-29 23:36:40.712952,2025-05-29 23:36:41.023400,0 days 00:00:00.310448,,,,,,,,,,,930,55m,1.9000000000000001,-2.8,90,,,,,,,,,,,600,45m,2.2,-3.0,180,,,,,,,,,,,,,,,,,,,,,1,FAIL
67,67,,2025-05-29 23:36:41.032420,2025-05-29 23:36:41.369460,0 days 00:00:00.337040,,,,,,,,,,,240,55m,1.8,-2.7,340,,,,,,,,,,,580,54m,2.3000000000000003,-3.2,160,,,,,,,,,,,,,,,,,,,,,1,FAIL
68,68,0.8579632421538913,2025-05-29 23:36:41.369460,2025-05-29 23:36:41.719901,0 days 00:00:00.350441,,,,,,,,,,,220,55m,1.8,-2.7,70,,,,,,,,,,,580,20m,2.3000000000000003,-3.0,430,,,,,,,,,,,,,,,,,,,,,1,COMPLETE
69,69,,2025-05-29 23:36:41.730235,2025-05-29 23:36:42.069677,0 days 00:00:00.339442,,,,,,,,,,,340,56m,2.2,-2.0999999999999996,360,,,,,,,,,,,490,45m,2.6,-3.3,910,,,,,,,,,,,,,,,,,,,,,1,FAIL
70,70,-2.9341034334561824,2025-05-29 23:36:42.076212,2025-05-29 23:36:42.424113,0 days 00:00:00.347901,,,,,,,,,,,330,54m,2.2,-1.9,330,,,,,,,,,,,480,15m,2.7,-3.3,160,,,,,,,,,,,,,,,,,,,,,1,COMPLETE
71,71,1.967913594678007,2025-05-29 23:36:42.424113,2025-05-29 23:36:43.204408,0 days 00:00:00.780295,450.0,2m,3.0,-2.4,870.0,,,,,,380,52m,1.4000000000000001,-1.5,520,,,,,,650.0,28m,3.4000000000000004,-2.2,260.0,400,41m,1.9000000000000001,-3.5,100,,,,,,,,,,,840.0,58m,1.5,-3.4,1000.0,500.0,10m,3.1,-1.7,1000.0,3,COMPLETE
72,72,-2.4818795843712627,2025-05-29 23:36:43.204408,2025-05-29 23:36:43.764671,0 days 00:00:00.560263,,,,,,,,,,,900,9m,1.0,-3.2,880,,,,,,840.0,20m,3.1,-1.4,60.0,840,22m,2.6,-2.8,910,,,,,,,,,,,700.0,3m,0.9,-2.8,630.0,,,,,,2,COMPLETE
