,number,value,datetime_start,datetime_complete,duration,params_AAL_ADSK_beta_win,params_AAL_ADSK_trade_freq,params_AAL_ADSK_z_entry,params_AAL_ADSK_z_exit,params_AAL_ADSK_z_win,params_ATVI_SIRI_beta_win,params_ATVI_SIRI_trade_freq,params_ATVI_SIRI_z_entry,params_ATVI_SIRI_z_exit,params_ATVI_SIRI_z_win,params_BIDU_NTAP_beta_win,params_BIDU_NTAP_trade_freq,params_BIDU_NTAP_z_entry,params_BIDU_NTAP_z_exit,params_BIDU_NTAP_z_win,params_BMRN_WDAY_beta_win,params_BMRN_WDAY_trade_freq,params_BMRN_WDAY_z_entry,params_BMRN_WDAY_z_exit,params_BMRN_WDAY_z_win,params_CSCO_PAYX_beta_win,params_CSCO_PAYX_trade_freq,params_CSCO_PAYX_z_entry,params_CSCO_PAYX_z_exit,params_CSCO_PAYX_z_win,params_INTC_LULU_beta_win,params_INTC_LULU_trade_freq,params_INTC_LULU_z_entry,params_INTC_LULU_z_exit,params_INTC_LULU_z_win,params_MELI_ULTA_beta_win,params_MELI_ULTA_trade_freq,params_MELI_ULTA_z_entry,params_MELI_ULTA_z_exit,params_MELI_ULTA_z_win,params_NTES_SYMC_beta_win,params_NTES_SYMC_trade_freq,params_NTES_SYMC_z_entry,params_NTES_SYMC_z_exit,params_NTES_SYMC_z_win,params_NVDA_SIRI_beta_win,params_NVDA_SIRI_trade_freq,params_NVDA_SIRI_z_entry,params_NVDA_SIRI_z_exit,params_NVDA_SIRI_z_win,params_WDC_SIRI_beta_win,params_WDC_SIRI_trade_freq,params_WDC_SIRI_z_entry,params_WDC_SIRI_z_exit,params_WDC_SIRI_z_win,params_pairs_to_trade,state
72,72,-3.5202432959580703,2025-05-29 23:40:52.749892,2025-05-29 23:40:53.281617,0 days 00:00:00.531725,,,,,,,,,,,820.0,25m,1.1,-2.5,890.0,,,,,,,,,,,210.0,54m,1.7000000000000002,-3.1,710.0,,,,,,530,39m,0.0,-1.7,60,,,,,,10,44m,0.5,-1.5999999999999999,530,2,COMPLETE
73,73,-0.43878046336484694,2025-05-29 23:40:53.297627,2025-05-29 23:40:54.179044,0 days 00:00:00.881417,70.0,23m,2.4000000000000004,-2.4,240.0,,,,,,330.0,28m,1.5,-0.5,730.0,290.0,29m,2.7,-0.8999999999999999,720.0,270.0,46m,2.3000000000000003,-2.5,30.0,990.0,26m,2.2,-1.7999999999999998,850.0,,,,,,720,53m,0.9,-1.0999999999999996,660,170.0,26m,0.5,0.0,660.0,930,39m,2.6,-0.2999999999999998,410,4,COMPLETE
74,74,-0.9909682675535981,2025-05-29 23:40:54.194798,2025-05-29 23:40:54.928174,0 days 00:00:00.733376,220.0,8m,0.0,-1.4,780.0,,,,,,480.0,22m,0.7000000000000001,-0.8999999999999999,950.0,,,,,,,,,,,270.0,53m,0.7000000000000001,-2.7,170.0,,,,,,440,54m,2.1,-3.0,340,860.0,17m,1.3,-2.6,520.0,290,37m,1.4000000000000001,-0.6999999999999997,250,3,COMPLETE
75,75,-1.7546940107262197,2025-05-29 23:40:54.928174,2025-05-29 23:40:55.461543,0 days 00:00:00.533369,,,,,,,,,,,860.0,15m,3.2,-0.19999999999999973,90.0,,,,,,,,,,,760.0,47m,0.2,-1.0,300.0,,,,,,350,4m,1.1,-1.5,200,,,,,,440,36m,1.6,-2.6,900,2,COMPLETE
76,76,,2025-05-29 23:40:55.477371,2025-05-29 23:40:55.820208,0 days 00:00:00.342837,,,,,,,,,,,,,,,,,,,,,,,,,,,,,,,,,,,,820,32m,3.5,-0.19999999999999973,440,,,,,,540,14m,1.1,-2.0999999999999996,970,1,FAIL
77,77,,2025-05-29 23:40:55.820208,2025-05-29 23:40:56.170582,0 days 00:00:00.350374,,,,,,,,,,,,,,,,,,,,,,,,,,,,,,,,,,,,930,56m,1.5,-0.19999999999999973,460,,,,,,480,38m,0.9,-1.4,370,1,FAIL
78,78,,2025-05-29 23:40:56.170582,2025-05-29 23:40:56.515642,0 days 00:00:00.345060,,,,,,,,,,,,,,,,,,,,,,,,,,,,,,,,,,,,810,37m,1.5,-3.3,970,,,,,,480,38m,1.1,-1.4,960,1,FAIL
79,79,,2025-05-29 23:40:56.515642,2025-05-29 23:40:56.853868,0 days 00:00:00.338226,,,,,,,,,,,,,,,,,,,,,,,,,,,,,,,,,,,,790,47m,1.5,-0.19999999999999973,760,,,,,,460,58m,0.8,-2.0,980,1,FAIL
80,80,,2025-05-29 23:40:56.869715,2025-05-29 23:40:57.216533,0 days 00:00:00.346818,,,,,,,,,,,,,,,,,,,,,,,,,,,,,,,,,,,,790,13m,1.5,-3.3,960,,,,,,470,14m,1.1,-2.0,980,1,FAIL
81,81,,2025-05-29 23:40:57.218299,2025-05-29 23:40:57.567565,0 days 00:00:00.349266,,,,,,,,,,,,,,,,,,,,,,,,,,,,,,,,,,,,600,38m,1.5,-3.3,910,,,,,,480,17m,1.1,-2.0,970,1,FAIL
82,82,-1.0705924071323325,2025-05-29 23:40:57.567565,2025-05-29 23:40:57.917570,0 days 00:00:00.350005,,,,,,,,,,,,,,,,,,,,,,,,,,,,,,,,,,,,600,40m,1.5,-0.19999999999999973,470,,,,,,480,10m,1.1,-1.9,1000,1,COMPLETE
83,83,-0.1155637831304067,2025-05-29 23:40:57.917570,2025-05-29 23:40:58.619568,0 days 00:00:00.701998,380.0,12m,3.3000000000000003,-1.7999999999999998,580.0,,,,,,270.0,59m,0.4,-0.5999999999999996,300.0,,,,,,,,,,,120.0,35m,1.8,-1.9,40.0,,,,,,80,43m,1.7000000000000002,-3.1,700,970.0,32m,0.6000000000000001,-3.1,990.0,540,24m,3.2,-0.8999999999999999,830,3,COMPLETE
84,84,-2.181793486076169,2025-05-29 23:40:58.619568,2025-05-29 23:40:59.298089,0 days 00:00:00.678521,300.0,32m,3.4000000000000004,-2.2,460.0,,,,,,320.0,34m,0.6000000000000001,-0.2999999999999998,60.0,,,,,,,,,,,70.0,44m,2.3000000000000003,-2.0999999999999996,20.0,,,,,,100,38m,1.6,-3.3,640,890.0,44m,0.2,-3.0,810.0,380,26m,3.3000000000000003,-0.7999999999999998,840,3,COMPLETE
85,85,-3.5256334358850028,2025-05-29 23:40:59.306234,2025-05-29 23:41:00.070392,0 days 00:00:00.764158,170.0,26m,2.6,-1.7,340.0,,,,,,400.0,51m,0.9,-0.3999999999999999,200.0,,,,,,,,,,,170.0,46m,1.8,-1.5999999999999999,110.0,,,,,,180,43m,1.8,-2.9,550,770.0,11m,0.7000000000000001,-2.7,860.0,460,16m,3.0,-1.1999999999999997,750,3,COMPLETE
86,86,-2.2692797860591107,2025-05-29 23:41:00.077956,2025-05-29 23:41:00.864131,0 days 00:00:00.786175,450.0,45m,3.2,-2.9,670.0,,,,,,230.0,1m,0.4,-2.0,10.0,,,,,,,,,,,140.0,11m,3.0,-2.0,170.0,,,,,,80,27m,2.3000000000000003,-2.7,780,410.0,21m,2.2,-3.2,130.0,410,38m,2.8000000000000003,-0.5999999999999996,670,3,COMPLETE
87,87,-0.26845740365074244,2025-05-29 23:41:00.864131,2025-05-29 23:41:01.884589,0 days 00:00:01.020458,640.0,32m,1.8,-1.0999999999999996,540.0,,,,,,440.0,21m,1.5,0.0,670.0,290.0,50m,3.4000000000000004,-2.8,1000.0,690.0,9m,0.0,-3.4,250.0,370.0,25m,1.6,-2.3,240.0,,,,,,810,37m,3.4000000000000004,-3.4,890,550.0,29m,0.9,-2.4,830.0,960,9m,0.8,-1.0999999999999996,950,4,COMPLETE
88,88,2.4976090328735148,2025-05-29 23:41:01.884589,2025-05-29 23:41:02.668699,0 days 00:00:00.784110,390.0,40m,2.3000000000000003,-1.7,390.0,,,,,,610.0,50m,2.5,-0.5,510.0,,,,,,,,,,,90.0,38m,1.3,-3.2,90.0,,,,,,120,22m,2.0,-0.6999999999999997,730,720.0,48m,0.30000000000000004,-2.8,750.0,860,40m,3.4000000000000004,-1.5,860,3,COMPLETE
89,89,2.699623416240242,2025-05-29 23:41:02.675200,2025-05-29 23:41:03.265930,0 days 00:00:00.590730,,,,,,,,,,,670.0,50m,2.5,-1.1999999999999997,500.0,,,,,,,,,,,190.0,38m,1.3,-3.2,350.0,,,,,,250,22m,2.1,-0.5999999999999996,730,,,,,,880,40m,3.4000000000000004,-1.5,380,2,COMPLETE
90,90,-2.2679562333056684,2025-05-29 23:41:03.276132,2025-05-29 23:41:03.870674,0 days 00:00:00.594542,,,,,,,,,,,640.0,23m,2.5,-1.1999999999999997,520.0,,,,,,,,,,,190.0,16m,1.3,-3.2,480.0,,,,,,250,22m,2.8000000000000003,-0.6999999999999997,730,,,,,,850,40m,3.5,-1.5,370,2,COMPLETE
91,91,-1.011579646327532,2025-05-29 23:41:03.874116,2025-05-29 23:41:04.462058,0 days 00:00:00.587942,,,,,,,,,,,740.0,10m,2.7,-0.8999999999999999,470.0,,,,,,,,,,,50.0,38m,0.9,-3.5,370.0,,,,,,130,22m,2.0,-0.8999999999999999,590,,,,,,700,40m,3.4000000000000004,-1.7,480,2,COMPLETE
92,92,,2025-05-29 23:41:04.472238,2025-05-29 23:41:05.075216,0 days 00:00:00.602978,,,,,,,,,,,580.0,50m,2.9000000000000004,-1.5999999999999999,590.0,,,,,,,,,,,320.0,38m,1.4000000000000001,-3.2,350.0,,,,,,30,42m,2.5,-0.5,750,,,,,,870,59m,0.4,-2.0,180,2,FAIL
93,93,-3.5016374853692813,2025-05-29 23:41:05.075216,2025-05-29 23:41:05.697832,0 days 00:00:00.622616,,,,,,,,,,,590.0,50m,3.0,-1.5999999999999999,570.0,,,,,,,,,,,260.0,28m,1.4000000000000001,-3.1,330.0,,,,,,40,59m,2.4000000000000004,-0.5,970,,,,,,880,6m,3.0,-2.0,190,2,COMPLETE
94,94,-2.862929168622178,2025-05-29 23:41:05.708054,2025-05-29 23:41:06.602966,0 days 00:00:00.894912,280.0,40m,2.2,0.0,260.0,,,,,,700.0,50m,2.4000000000000004,-0.5999999999999996,430.0,,,,,,,,,,,310.0,39m,1.1,-3.0,670.0,,,,,,290,19m,2.1,-0.6999999999999997,860,710.0,48m,1.6,-1.7,730.0,960,12m,3.3000000000000003,-1.4,330,3,COMPLETE
95,95,-1.5624133517427745,2025-05-29 23:41:06.606958,2025-05-29 23:41:07.196725,0 days 00:00:00.589767,,,,,,,,,,,500.0,30m,1.9000000000000001,-0.7999999999999998,390.0,,,,,,,,,,,610.0,38m,0.7000000000000001,-2.8,240.0,,,,,,170,58m,2.7,-0.09999999999999964,770,,,,,,750,17m,1.7000000000000002,-2.2,430,2,COMPLETE
96,96,-3.5331263996269375,2025-05-29 23:41:07.196725,2025-05-29 23:41:08.236425,0 days 00:00:01.039700,540.0,7m,1.1,-2.7,390.0,,,,,,560.0,8m,2.9000000000000004,-1.1999999999999997,670.0,800.0,18m,2.6,-0.09999999999999964,340.0,410.0,38m,2.5,-2.4,280.0,140.0,59m,1.5,-3.3,910.0,,,,,,320,47m,3.0,-0.5,920,580.0,47m,2.5,-2.3,580.0,840,14m,3.1,-1.7,380,4,COMPLETE
97,97,,2025-05-29 23:41:08.242972,2025-05-29 23:41:08.620821,0 days 00:00:00.377849,,,,,,,,,,,,,,,,,,,,,,,,,,,,,,,,,,,,10,55m,0.5,-0.8999999999999999,830,,,,,,900,33m,2.7,-1.2999999999999998,940,1,FAIL
98,98,,2025-05-29 23:41:08.631481,2025-05-29 23:41:08.999464,0 days 00:00:00.367983,,,,,,,,,,,,,,,,,,,,,,,,,,,,,,,,,,,,920,32m,1.9000000000000001,-1.1999999999999997,830,,,,,,910,15m,2.7,-1.1999999999999997,130,1,FAIL
99,99,,2025-05-29 23:41:08.999464,2025-05-29 23:41:09.373100,0 days 00:00:00.373636,,,,,,,,,,,,,,,,,,,,,,,,,,,,,,,,,,,,650,45m,0.5,-1.1999999999999997,830,,,,,,910,15m,2.2,-1.2999999999999998,860,1,FAIL
100,100,,2025-05-29 23:41:09.381425,2025-05-29 23:41:09.765997,0 days 00:00:00.384572,,,,,,,,,,,,,,,,,,,,,,,,,,,,,,,,,,,,930,13m,0.5,-1.1999999999999997,820,,,,,,910,8m,2.2,-1.2999999999999998,130,1,FAIL
101,101,-2.603086970514389,2025-05-29 23:41:09.765997,2025-05-29 23:41:10.141249,0 days 00:00:00.375252,,,,,,,,,,,,,,,,,,,,,,,,,,,,,,,,,,,,130,16m,1.9000000000000001,-1.1999999999999997,840,,,,,,920,31m,2.2,-1.2999999999999998,870,1,COMPLETE
102,102,2.2173767713544352,2025-05-29 23:41:10.146980,2025-05-29 23:41:10.733346,0 days 00:00:00.586366,,,,,,,,,,,630.0,7m,2.5,-1.0,610.0,,,,,,,,,,,360.0,36m,0.8,-3.3,780.0,,,,,,20,57m,0.6000000000000001,-0.8999999999999999,740,,,,,,960,27m,2.7,-1.5,270,2,COMPLETE
103,103,,2025-05-29 23:41:10.733346,2025-05-29 23:41:11.342393,0 days 00:00:00.609047,,,,,,,,,,,600.0,41m,2.6,-1.0,610.0,,,,,,,,,,,350.0,56m,0.8,-3.3,770.0,,,,,,10,57m,0.4,-0.3999999999999999,640,,,,,,960,59m,2.7,-1.5,240,2,FAIL
104,104,,2025-05-29 23:41:11.345423,2025-05-29 23:41:11.980105,0 days 00:00:00.634682,,,,,,,,,,,660.0,47m,2.3000000000000003,-1.0,590.0,,,,,,,,,,,360.0,36m,0.8,-3.3,790.0,,,,,,10,57m,0.4,-0.3999999999999999,630,,,,,,960,48m,2.7,-1.7999999999999998,280,2,FAIL
105,105,-5.587788527108493,2025-05-29 23:41:11.985863,2025-05-29 23:41:12.664303,0 days 00:00:00.678440,,,,,,,,,,,630.0,19m,2.6,-1.0,600.0,,,,,,,,,,,370.0,12m,0.9,-3.3,770.0,,,,,,10,57m,0.4,-0.8999999999999999,640,,,,,,960,45m,2.7,-1.5,270,2,COMPLETE
106,106,-0.7073404956543062,2025-05-29 23:41:12.674767,2025-05-29 23:41:13.357450,0 days 00:00:00.682683,,,,,,,,,,,790.0,7m,2.2,-0.19999999999999973,790.0,,,,,,,,,,,480.0,36m,0.6000000000000001,-3.5,830.0,,,,,,920,13m,2.2,-0.3999999999999999,730,,,,,,890,27m,3.2,-1.7999999999999998,110,2,COMPLETE
107,107,-0.5426109708617364,2025-05-29 23:41:13.364813,2025-05-29 23:41:14.248300,0 days 00:00:00.883487,480.0,47m,2.6,-3.1,490.0,,,,,,700.0,58m,2.8000000000000003,-0.5999999999999996,540.0,,,,,,,,,,,340.0,3m,1.2000000000000002,-3.2,580.0,,,,,,40,48m,2.0,-0.7999999999999998,670,760.0,16m,1.5,-2.7,730.0,910,8m,3.4000000000000004,-1.5,210,3,COMPLETE
108,108,0.39173880063873817,2025-05-29 23:41:14.259775,2025-05-29 23:41:14.868786,0 days 00:00:00.609011,,,,,,,,,,,590.0,9m,2.3000000000000003,-1.2999999999999998,680.0,,,,,,,,,,,230.0,48m,0.8,-2.9,960.0,,,,,,190,32m,0.5,-0.2999999999999998,800,,,,,,790,25m,3.0,-1.2999999999999998,330,2,COMPLETE
109,109,0.22059537353935227,2025-05-29 23:41:14.880233,2025-05-29 23:41:15.730507,0 days 00:00:00.850274,130.0,29m,2.1,-2.0,30.0,,,,,,470.0,27m,2.0,-1.9,830.0,,,,,,,,,,,400.0,55m,1.0,-2.6,770.0,,,,,,660,33m,2.4000000000000004,-0.5999999999999996,420,480.0,51m,2.2,-2.0999999999999996,470.0,990,33m,2.9000000000000004,-2.0,600,3,COMPLETE
110,110,-3.794431753087943,2025-05-29 23:41:15.730507,2025-05-29 23:41:16.386215,0 days 00:00:00.655708,,,,,,,,,,,640.0,44m,2.5,-1.5999999999999999,650.0,,,,,,,,,,,280.0,19m,0.5,-3.4,640.0,,,,,,110,8m,0.6000000000000001,-1.0,830,,,,,,950,15m,2.5,-1.0999999999999996,780,2,COMPLETE
111,111,,2025-05-29 23:41:16.393720,2025-05-29 23:41:16.788641,0 days 00:00:00.394921,,,,,,,,,,,,,,,,,,,,,,,,,,,,,,,,,,,,50,42m,0.7000000000000001,-1.9,870,,,,,,860,11m,2.4000000000000004,-1.5999999999999999,400,1,FAIL
112,112,,2025-05-29 23:41:16.798716,2025-05-29 23:41:17.105577,0 days 00:00:00.306861,,,,,,,,,,,,,,,,,,,,,,,,,,,,,,,,,,,,50,55m,0.7000000000000001,-1.0999999999999996,880,,,,,,990,48m,2.4000000000000004,-1.5999999999999999,440,1,FAIL
113,113,,2025-05-29 23:41:17.110921,2025-05-29 23:41:17.365512,0 days 00:00:00.254591,,,,,,,,,,,,,,,,,,,,,,,,,,,,,,,,,,,,40,42m,0.7000000000000001,-1.9,870,,,,,,850,54m,2.5,-3.4,400,1,FAIL
114,114,,2025-05-29 23:41:17.373180,2025-05-29 23:41:17.615439,0 days 00:00:00.242259,,,,,,,,,,,,,,,,,,,,,,,,,,,,,,,,,,,,50,51m,0.7000000000000001,-1.9,890,,,,,,840,48m,2.4000000000000004,-3.3,390,1,FAIL
115,115,,2025-05-29 23:41:17.619492,2025-05-29 23:41:17.857208,0 days 00:00:00.237716,,,,,,,,,,,,,,,,,,,,,,,,,,,,,,,,,,,,60,45m,0.7000000000000001,-1.9,880,,,,,,850,41m,2.4000000000000004,-3.3,490,1,FAIL
116,116,,2025-05-29 23:41:17.857208,2025-05-29 23:41:18.120724,0 days 00:00:00.263516,,,,,,,,,,,,,,,,,,,,,,,,,,,,,,,,,,,,60,55m,0.7000000000000001,-1.9,900,,,,,,860,41m,2.3000000000000003,-3.5,140,1,FAIL
117,117,,2025-05-29 23:41:18.121868,2025-05-29 23:41:18.360919,0 days 00:00:00.239051,,,,,,,,,,,,,,,,,,,,,,,,,,,,,,,,,,,,40,45m,0.7000000000000001,-1.2999999999999998,870,,,,,,850,54m,2.5,-1.0,140,1,FAIL
118,118,,2025-05-29 23:41:18.370971,2025-05-29 23:41:18.618755,0 days 00:00:00.247784,,,,,,,,,,,,,,,,,,,,,,,,,,,,,,,,,,,,40,42m,0.7000000000000001,-1.9,860,,,,,,850,59m,2.3000000000000003,-1.0,400,1,FAIL
119,119,,2025-05-29 23:41:18.621447,2025-05-29 23:41:18.871481,0 days 00:00:00.250034,,,,,,,,,,,,,,,,,,,,,,,,,,,,,,,,,,,,60,35m,0.8,-0.5999999999999996,870,,,,,,1000,58m,2.4000000000000004,-3.2,400,1,FAIL
120,120,,2025-05-29 23:41:18.874066,2025-05-29 23:41:19.123057,0 days 00:00:00.248991,,,,,,,,,,,,,,,,,,,,,,,,,,,,,,,,,,,,50,56m,0.7000000000000001,-1.2999999999999998,860,,,,,,840,48m,2.4000000000000004,-3.5,440,1,FAIL
121,121,,2025-05-29 23:41:19.126743,2025-05-29 23:41:19.374167,0 days 00:00:00.247424,,,,,,,,,,,,,,,,,,,,,,,,,,,,,,,,,,,,50,45m,0.7000000000000001,-1.9,880,,,,,,1000,35m,2.5,-1.5999999999999999,440,1,FAIL
122,122,,2025-05-29 23:41:19.376858,2025-05-29 23:41:19.630969,0 days 00:00:00.254111,,,,,,,,,,,,,,,,,,,,,,,,,,,,,,,,,,,,50,55m,0.7000000000000001,-1.9,870,,,,,,1000,54m,2.7,-3.2,400,1,FAIL
123,123,,2025-05-29 23:41:19.634022,2025-05-29 23:41:19.878842,0 days 00:00:00.244820,,,,,,,,,,,,,,,,,,,,,,,,,,,,,,,,,,,,410,55m,0.9,-1.7999999999999998,900,,,,,,840,54m,2.3000000000000003,-3.3,400,1,FAIL
124,124,,2025-05-29 23:41:19.882563,2025-05-29 23:41:20.132662,0 days 00:00:00.250099,,,,,,,,,,,,,,,,,,,,,,,,,,,,,,,,,,,,50,42m,0.8,-1.2999999999999998,880,,,,,,880,59m,2.4000000000000004,-3.4,500,1,FAIL
125,125,,2025-05-29 23:41:20.135445,2025-05-29 23:41:20.386075,0 days 00:00:00.250630,,,,,,,,,,,,,,,,,,,,,,,,,,,,,,,,,,,,490,56m,0.7000000000000001,-1.9,880,,,,,,850,59m,2.4000000000000004,-3.1,440,1,FAIL
126,126,,2025-05-29 23:41:20.389562,2025-05-29 23:41:20.656788,0 days 00:00:00.267226,,,,,,,,,,,,,,,,,,,,,,,,,,,,,,,,,,,,50,45m,0.7000000000000001,-1.2999999999999998,870,,,,,,860,54m,2.4000000000000004,-3.5,400,1,FAIL
127,127,,2025-05-29 23:41:20.660368,2025-05-29 23:41:20.910925,0 days 00:00:00.250557,,,,,,,,,,,,,,,,,,,,,,,,,,,,,,,,,,,,50,51m,0.9,-1.9,860,,,,,,820,54m,2.4000000000000004,-1.0,400,1,FAIL
128,128,,2025-05-29 23:41:20.913967,2025-05-29 23:41:21.181390,0 days 00:00:00.267423,,,,,,,,,,,,,,,,,,,,,,,,,,,,,,,,,,,,400,56m,0.7000000000000001,-1.2999999999999998,760,,,,,,860,11m,2.4000000000000004,-1.0,440,1,FAIL
129,129,,2025-05-29 23:41:21.185323,2025-05-29 23:41:21.436174,0 days 00:00:00.250851,,,,,,,,,,,,,,,,,,,,,,,,,,,,,,,,,,,,60,45m,0.7000000000000001,-1.9,870,,,,,,840,54m,2.4000000000000004,-1.5999999999999999,140,1,FAIL
130,130,,2025-05-29 23:41:21.439242,2025-05-29 23:41:21.705366,0 days 00:00:00.266124,,,,,,,,,,,,,,,,,,,,,,,,,,,,,,,,,,,,50,42m,0.9,-1.7999999999999998,870,,,,,,860,54m,2.4000000000000004,-1.5999999999999999,390,1,FAIL
131,131,,2025-05-29 23:41:21.708370,2025-05-29 23:41:21.985313,0 days 00:00:00.276943,,,,,,,,,,,,,,,,,,,,,,,,,,,,,,,,,,,,40,42m,0.7000000000000001,-1.9,870,,,,,,850,22m,2.5,-3.5,400,1,FAIL
132,132,,2025-05-29 23:41:21.985313,2025-05-29 23:41:22.256626,0 days 00:00:00.271313,,,,,,,,,,,,,,,,,,,,,,,,,,,,,,,,,,,,50,45m,0.9,-1.9,880,,,,,,850,58m,2.4000000000000004,-1.5999999999999999,400,1,FAIL
133,133,,2025-05-29 23:41:22.258761,2025-05-29 23:41:22.517935,0 days 00:00:00.259174,,,,,,,,,,,,,,,,,,,,,,,,,,,,,,,,,,,,40,45m,0.7000000000000001,-1.2999999999999998,880,,,,,,850,59m,2.5,-3.5,440,1,FAIL
134,134,,2025-05-29 23:41:22.517935,2025-05-29 23:41:22.765217,0 days 00:00:00.247282,,,,,,,,,,,,,,,,,,,,,,,,,,,,,,,,,,,,60,45m,0.9,-1.2999999999999998,860,,,,,,860,54m,2.4000000000000004,-3.5,390,1,FAIL
135,135,,2025-05-29 23:41:22.765217,2025-05-29 23:41:23.005044,0 days 00:00:00.239827,,,,,,,,,,,,,,,,,,,,,,,,,,,,,,,,,,,,60,45m,0.7000000000000001,-0.5999999999999996,870,,,,,,860,48m,2.4000000000000004,-3.5,400,1,FAIL
136,136,,2025-05-29 23:41:23.009000,2025-05-29 23:41:23.250179,0 days 00:00:00.241179,,,,,,,,,,,,,,,,,,,,,,,,,,,,,,,,,,,,40,42m,0.9,-1.7999999999999998,870,,,,,,820,59m,2.5,-3.5,410,1,FAIL
137,137,,2025-05-29 23:41:23.253164,2025-05-29 23:41:23.484201,0 days 00:00:00.231037,,,,,,,,,,,,,,,,,,,,,,,,,,,,,,,,,,,,50,55m,0.7000000000000001,-1.9,860,,,,,,990,58m,2.4000000000000004,-1.5999999999999999,140,1,FAIL
138,138,,2025-05-29 23:41:23.492442,2025-05-29 23:41:23.731497,0 days 00:00:00.239055,,,,,,,,,,,,,,,,,,,,,,,,,,,,,,,,,,,,60,42m,0.7000000000000001,-0.5999999999999996,870,,,,,,850,54m,2.4000000000000004,-1.5999999999999999,450,1,FAIL
139,139,,2025-05-29 23:41:23.731497,2025-05-29 23:41:23.984609,0 days 00:00:00.253112,,,,,,,,,,,,,,,,,,,,,,,,,,,,,,,,,,,,250,56m,0.8,-1.9,870,,,,,,850,22m,2.3000000000000003,-3.3,400,1,FAIL
140,140,,2025-05-29 23:41:23.984609,2025-05-29 23:41:24.566674,0 days 00:00:00.582065,,,,,,,,,,,,,,,,,,,,,,,,,,,,,,,,,,,,60,55m,0.9,-1.2999999999999998,860,,,,,,1000,59m,2.3000000000000003,-3.4,140,1,FAIL
141,141,-3.3835151580820524,2025-05-29 23:41:24.566674,2025-05-29 23:41:24.976031,0 days 00:00:00.409357,,,,,,,,,,,,,,,,,,,,,,,,,,,,,,,,,,,,60,21m,0.7000000000000001,-1.9,870,,,,,,850,54m,2.3000000000000003,-3.2,400,1,COMPLETE
142,142,,2025-05-29 23:41:24.984059,2025-05-29 23:41:25.362541,0 days 00:00:00.378482,,,,,,,,,,,,,,,,,,,,,,,,,,,,,,,,,,,,500,45m,0.9,-0.5999999999999996,750,,,,,,1000,48m,2.5,-1.5999999999999999,140,1,FAIL
143,143,,2025-05-29 23:41:25.370942,2025-05-29 23:41:25.740275,0 days 00:00:00.369333,,,,,,,,,,,,,,,,,,,,,,,,,,,,,,,,,,,,480,35m,1.4000000000000001,-0.5999999999999996,900,,,,,,980,48m,2.5,-1.5999999999999999,150,1,FAIL
144,144,,2025-05-29 23:41:25.740275,2025-05-29 23:41:26.116116,0 days 00:00:00.375841,,,,,,,,,,,,,,,,,,,,,,,,,,,,,,,,,,,,250,56m,0.7000000000000001,-0.5999999999999996,960,,,,,,990,48m,2.7,-3.5,450,1,FAIL
145,145,,2025-05-29 23:41:26.124390,2025-05-29 23:41:26.509110,0 days 00:00:00.384720,,,,,,,,,,,,,,,,,,,,,,,,,,,,,,,,,,,,500,51m,0.9,-1.2999999999999998,910,,,,,,990,35m,2.7,-3.5,440,1,FAIL
146,146,,2025-05-29 23:41:26.509110,2025-05-29 23:41:26.895165,0 days 00:00:00.386055,,,,,,,,,,,,,,,,,,,,,,,,,,,,,,,,,,,,400,34m,0.9,-1.2999999999999998,750,,,,,,1000,58m,2.5,-1.5999999999999999,430,1,FAIL
147,147,,2025-05-29 23:41:26.905458,2025-05-29 23:41:27.288789,0 days 00:00:00.383331,,,,,,,,,,,,,,,,,,,,,,,,,,,,,,,,,,,,270,35m,0.9,-1.2999999999999998,760,,,,,,1000,22m,2.7,-1.5999999999999999,440,1,FAIL
148,148,,2025-05-29 23:41:27.296866,2025-05-29 23:41:27.696745,0 days 00:00:00.399879,,,,,,,,,,,,,,,,,,,,,,,,,,,,,,,,,,,,700,45m,0.7000000000000001,-0.5999999999999996,750,,,,,,980,59m,3.4000000000000004,-1.5999999999999999,440,1,FAIL
149,149,,2025-05-29 23:41:27.705213,2025-05-29 23:41:28.087164,0 days 00:00:00.381951,,,,,,,,,,,,,,,,,,,,,,,,,,,,,,,,,,,,270,56m,0.9,-1.2999999999999998,960,,,,,,820,41m,2.5,-1.5999999999999999,500,1,FAIL
150,150,,2025-05-29 23:41:28.091268,2025-05-29 23:41:28.476609,0 days 00:00:00.385341,,,,,,,,,,,,,,,,,,,,,,,,,,,,,,,,,,,,260,42m,0.9,-0.5999999999999996,900,,,,,,990,35m,2.4000000000000004,-1.5999999999999999,440,1,FAIL
151,151,,2025-05-29 23:41:28.485344,2025-05-29 23:41:28.864065,0 days 00:00:00.378721,,,,,,,,,,,,,,,,,,,,,,,,,,,,,,,,,,,,390,56m,1.4000000000000001,-1.2999999999999998,750,,,,,,1000,58m,2.7,-1.5999999999999999,450,1,FAIL
152,152,,2025-05-29 23:41:28.872354,2025-05-29 23:41:29.244792,0 days 00:00:00.372438,,,,,,,,,,,,,,,,,,,,,,,,,,,,,,,,,,,,400,55m,0.9,-1.2999999999999998,960,,,,,,1000,35m,2.4000000000000004,-1.5999999999999999,450,1,FAIL
153,153,,2025-05-29 23:41:29.252892,2025-05-29 23:41:29.657929,0 days 00:00:00.405037,,,,,,,,,,,,,,,,,,,,,,,,,,,,,,,,,,,,490,51m,0.9,-1.0,760,,,,,,1000,58m,2.7,-1.5999999999999999,450,1,FAIL
154,154,,2025-05-29 23:41:29.662635,2025-05-29 23:41:30.074894,0 days 00:00:00.412259,,,,,,,,,,,,,,,,,,,,,,,,,,,,,,,,,,,,250,51m,0.7000000000000001,-0.5999999999999996,900,,,,,,990,59m,2.5,-1.5999999999999999,450,1,FAIL
155,155,,2025-05-29 23:41:30.087657,2025-05-29 23:41:30.464598,0 days 00:00:00.376941,,,,,,,,,,,,,,,,,,,,,,,,,,,,,,,,,,,,800,55m,0.9,-0.5999999999999996,910,,,,,,1000,58m,2.7,-1.5999999999999999,450,1,FAIL
156,156,,2025-05-29 23:41:30.468238,2025-05-29 23:41:30.850913,0 days 00:00:00.382675,,,,,,,,,,,,,,,,,,,,,,,,,,,,,,,,,,,,690,35m,0.9,-1.2999999999999998,910,,,,,,940,11m,2.5,-1.5999999999999999,450,1,FAIL
157,157,,2025-05-29 23:41:30.855535,2025-05-29 23:41:31.266905,0 days 00:00:00.411370,,,,,,,,,,,,,,,,,,,,,,,,,,,,,,,,,,,,800,56m,0.9,-1.2999999999999998,760,,,,,,990,11m,2.7,-1.5999999999999999,500,1,FAIL
