,number,value,datetime_start,datetime_complete,duration,params_ALGN_CELG_beta_win,params_ALGN_CELG_trade_freq,params_ALGN_CELG_z_entry,params_ALGN_CELG_z_exit,params_ALGN_CELG_z_win,params_ATVI_TTWO_beta_win,params_ATVI_TTWO_trade_freq,params_ATVI_TTWO_z_entry,params_ATVI_TTWO_z_exit,params_ATVI_TTWO_z_win,params_AVGO_CELG_beta_win,params_AVGO_CELG_trade_freq,params_AVGO_CELG_z_entry,params_AVGO_CELG_z_exit,params_AVGO_CELG_z_win,params_BIDU_CELG_beta_win,params_BIDU_CELG_trade_freq,params_BIDU_CELG_z_entry,params_BIDU_CELG_z_exit,params_BIDU_CELG_z_win,params_BIIB_FOXA_beta_win,params_BIIB_FOXA_trade_freq,params_BIIB_FOXA_z_entry,params_BIIB_FOXA_z_exit,params_BIIB_FOXA_z_win,params_FOX_BIIB_beta_win,params_FOX_BIIB_trade_freq,params_FOX_BIIB_z_entry,params_FOX_BIIB_z_exit,params_FOX_BIIB_z_win,params_FOX_FOXA_beta_win,params_FOX_FOXA_trade_freq,params_FOX_FOXA_z_entry,params_FOX_FOXA_z_exit,params_FOX_FOXA_z_win,params_NTES_CELG_beta_win,params_NTES_CELG_trade_freq,params_NTES_CELG_z_entry,params_NTES_CELG_z_exit,params_NTES_CELG_z_win,params_PEP_CELG_beta_win,params_PEP_CELG_trade_freq,params_PEP_CELG_z_entry,params_PEP_CELG_z_exit,params_PEP_CELG_z_win,params_TTWO_HSIC_beta_win,params_TTWO_HSIC_trade_freq,params_TTWO_HSIC_z_entry,params_TTWO_HSIC_z_exit,params_TTWO_HSIC_z_win,params_pairs_to_trade,state
73,73,-0.40304038524824987,2025-05-29 23:36:43.772754,2025-05-29 23:36:44.357050,0 days 00:00:00.584296,,,,,,,,,,,70,36m,1.9000000000000001,-1.1999999999999997,340,,,,,,370.0,31m,1.9000000000000001,-3.2,170.0,660,4m,2.2,-0.8999999999999999,320,,,,,,,,,,,230.0,28m,1.4000000000000001,-1.9,520.0,,,,,,2,COMPLETE
74,74,,2025-05-29 23:36:44.365073,2025-05-29 23:36:44.702935,0 days 00:00:00.337862,,,,,,,,,,,950,20m,1.6,-2.0999999999999996,180,,,,,,,,,,,280,57m,1.6,-1.2999999999999998,380,,,,,,,,,,,,,,,,,,,,,1,FAIL
75,75,,2025-05-29 23:36:44.702935,2025-05-29 23:36:45.062050,0 days 00:00:00.359115,,,,,,,,,,,430,37m,2.6,-2.2,420,,,,,,,,,,,360,53m,1.5,-0.2999999999999998,370,,,,,,,,,,,,,,,,,,,,,1,FAIL
76,76,0.1685381303458015,2025-05-29 23:36:45.063462,2025-05-29 23:36:45.405127,0 days 00:00:00.341665,,,,,,,,,,,430,40m,2.6,-2.0999999999999996,410,,,,,,,,,,,290,42m,1.5,-0.19999999999999973,240,,,,,,,,,,,,,,,,,,,,,1,COMPLETE
77,77,1.304269284144374,2025-05-29 23:36:45.411433,2025-05-29 23:36:46.177289,0 days 00:00:00.765856,870.0,13m,2.3000000000000003,-3.1,430.0,,,,,,250,28m,2.3000000000000003,-1.7,810,,,,,,900.0,1m,1.4000000000000001,-1.0999999999999996,710.0,370,25m,2.0,-1.1999999999999997,380,,,,,,,,,,,120.0,16m,0.2,-0.3999999999999999,460.0,620.0,48m,1.1,-1.0999999999999996,120.0,3,COMPLETE
78,78,-2.5833181053059917,2025-05-29 23:36:46.182311,2025-05-29 23:36:46.752836,0 days 00:00:00.570525,,,,,,,,,,,540,11m,2.0,-2.9,200,,,,,,140.0,36m,1.1,0.0,920.0,580,38m,2.9000000000000004,-0.5,480,,,,,,,,,,,950.0,6m,1.8,-1.0,870.0,,,,,,2,COMPLETE
79,79,1.97290227288592,2025-05-29 23:36:46.752836,2025-05-29 23:36:47.306580,0 days 00:00:00.553744,,,,,,,,,,,460,57m,1.7000000000000002,-2.7,560,,,,,,710.0,53m,1.6,-1.1999999999999997,220.0,460,30m,1.5,-1.7,190,,,,,,,,,,,60.0,48m,2.2,-0.09999999999999964,760.0,,,,,,2,COMPLETE
80,80,-1.809359977337186,2025-05-29 23:36:47.322840,2025-05-29 23:36:48.057509,0 days 00:00:00.734669,720.0,10m,3.1,-1.7,720.0,,,,,,410,2m,1.6,-2.6,670,,,,,,750.0,47m,2.2,-0.8999999999999999,200.0,440,7m,1.7000000000000002,-1.5999999999999999,220,,,,,,,,,,,90.0,22m,2.4000000000000004,-0.2999999999999998,780.0,480.0,4m,2.2,-3.2,490.0,3,COMPLETE
81,81,-0.2810205335130178,2025-05-29 23:36:48.057509,2025-05-29 23:36:49.033913,0 days 00:00:00.976404,610.0,20m,1.5,-1.0999999999999996,390.0,750.0,7m,2.8000000000000003,-0.6999999999999997,770.0,300,48m,1.8,-3.0,530,,,,,,620.0,37m,0.4,-1.7,300.0,490,45m,1.6,-2.2,20,,,,,,770.0,1m,0.0,-2.7,620.0,140.0,9m,2.1,-3.2,670.0,880.0,1m,3.5,-2.6,900.0,4,COMPLETE
82,82,,2025-05-29 23:36:49.042174,2025-05-29 23:36:49.363290,0 days 00:00:00.321116,,,,,,,,,,,450,56m,1.2000000000000002,-2.3,590,,,,,,,,,,,630,54m,2.3000000000000003,-1.4,550,,,,,,,,,,,,,,,,,,,,,1,FAIL
83,83,-0.3835131386445305,2025-05-29 23:36:49.382645,2025-05-29 23:36:49.714564,0 days 00:00:00.331919,,,,,,,,,,,450,14m,0.8,-2.4,370,,,,,,,,,,,510,55m,2.3000000000000003,-1.4,540,,,,,,,,,,,,,,,,,,,,,1,COMPLETE
84,84,-0.010538330224416944,2025-05-29 23:36:49.714564,2025-05-29 23:36:50.282892,0 days 00:00:00.568328,,,,,,,,,,,350,21m,2.1,-2.8,590,,,,,,20.0,6m,1.5,-1.2999999999999998,360.0,190,37m,1.9000000000000001,-1.9,410,,,,,,,,,,,60.0,4m,2.5,-2.2,750.0,,,,,,2,COMPLETE
85,85,,2025-05-29 23:36:50.297666,2025-05-29 23:36:50.845769,0 days 00:00:00.548103,,,,,,,,,,,970,56m,1.3,-3.4,650,,,,,,730.0,30m,0.1,-2.3,40.0,300,47m,2.1,-2.6,350,,,,,,,,,,,360.0,19m,2.7,-1.5,570.0,,,,,,2,FAIL
86,86,-0.022931451207561283,2025-05-29 23:36:50.860400,2025-05-29 23:36:51.406451,0 days 00:00:00.546051,,,,,,,,,,,570,1m,1.3,-3.4,650,,,,,,710.0,57m,0.8,-0.5999999999999996,130.0,620,52m,2.5,-1.0,100,,,,,,,,,,,390.0,44m,3.1,-2.5,580.0,,,,,,2,COMPLETE
87,87,2.1067345074684654,2025-05-29 23:36:51.408112,2025-05-29 23:36:52.230913,0 days 00:00:00.822801,930.0,23m,1.0,-3.1,690.0,,,,,,950,56m,0.5,-2.6,250,,,,,,540.0,21m,0.1,-2.3,20.0,310,53m,1.3,-1.2999999999999998,350,,,,,,,,,,,190.0,35m,2.7,-1.5,810.0,310.0,57m,2.7,-0.6999999999999997,310.0,3,COMPLETE
88,88,,2025-05-29 23:36:52.230913,2025-05-29 23:36:52.588616,0 days 00:00:00.357703,,,,,,,,,,,170,37m,3.0,-1.7999999999999998,470,,,,,,,,,,,550,58m,0.7000000000000001,-2.6,1000,,,,,,,,,,,,,,,,,,,,,1,FAIL
89,89,,2025-05-29 23:36:52.588616,2025-05-29 23:36:52.921746,0 days 00:00:00.333130,,,,,,,,,,,520,32m,1.9000000000000001,0.0,480,,,,,,,,,,,350,39m,0.5,-2.5,270,,,,,,,,,,,,,,,,,,,,,1,FAIL
90,90,,2025-05-29 23:36:52.937474,2025-05-29 23:36:53.246496,0 days 00:00:00.309022,,,,,,,,,,,170,32m,3.0,-1.0,460,,,,,,,,,,,350,58m,0.4,-1.5999999999999999,280,,,,,,,,,,,,,,,,,,,,,1,FAIL
91,91,1.6591106357189322,2025-05-29 23:36:53.246496,2025-05-29 23:36:53.603894,0 days 00:00:00.357398,,,,,,,,,,,180,53m,3.0,-0.8999999999999999,480,,,,,,,,,,,360,19m,2.1,-2.5,280,,,,,,,,,,,,,,,,,,,,,1,COMPLETE
92,92,-0.7670720959402202,2025-05-29 23:36:53.603894,2025-05-29 23:36:54.576158,0 days 00:00:00.972264,470.0,22m,2.4000000000000004,-0.5,550.0,230.0,40m,2.0,-2.5,390.0,630,37m,1.9000000000000001,-1.7999999999999998,440,,,,,,450.0,13m,2.1,-2.6,430.0,230,1m,0.1,-3.2,220,,,,,,210.0,15m,3.5,-0.6999999999999997,210.0,770.0,32m,1.9000000000000001,-0.5999999999999996,910.0,690.0,46m,3.1,-2.0999999999999996,750.0,4,COMPLETE
93,93,0.3526762801295658,2025-05-29 23:36:54.586448,2025-05-29 23:36:55.363581,0 days 00:00:00.777133,810.0,49m,1.8,0.0,940.0,,,,,,520,46m,2.2,-2.3,560,,,,,,960.0,44m,2.4000000000000004,-1.0,590.0,410,16m,2.3000000000000003,-1.5999999999999999,150,,,,,,,,,,,670.0,38m,1.6,-2.0,710.0,790.0,38m,2.2,-1.7,430.0,3,COMPLETE
94,94,,2025-05-29 23:36:55.370969,2025-05-29 23:36:55.728295,0 days 00:00:00.357326,,,,,,,,,,,150,22m,0.30000000000000004,-2.2,1000,,,,,,,,,,,770,59m,0.7000000000000001,-0.6999999999999997,1000,,,,,,,,,,,,,,,,,,,,,1,FAIL
95,95,,2025-05-29 23:36:55.728295,2025-05-29 23:36:56.085414,0 days 00:00:00.357119,,,,,,,,,,,110,22m,1.0,-2.2,990,,,,,,,,,,,760,44m,0.30000000000000004,-0.6999999999999997,920,,,,,,,,,,,,,,,,,,,,,1,FAIL
96,96,2.1291769156387614,2025-05-29 23:36:56.092075,2025-05-29 23:36:56.454232,0 days 00:00:00.362157,,,,,,,,,,,130,58m,0.5,-2.0999999999999996,920,,,,,,,,,,,540,8m,0.7000000000000001,-1.7999999999999998,660,,,,,,,,,,,,,,,,,,,,,1,COMPLETE
97,97,,2025-05-29 23:36:56.463283,2025-05-29 23:36:56.813868,0 days 00:00:00.350585,,,,,,,,,,,180,22m,0.2,-2.5,860,,,,,,,,,,,740,54m,0.5,-1.5,950,,,,,,,,,,,,,,,,,,,,,1,FAIL
98,98,,2025-05-29 23:36:56.824182,2025-05-29 23:36:57.150231,0 days 00:00:00.326049,,,,,,,,,,,180,27m,0.30000000000000004,-2.5,1000,,,,,,,,,,,770,57m,0.30000000000000004,-1.5,880,,,,,,,,,,,,,,,,,,,,,1,FAIL
99,99,-0.6702540031013692,2025-05-29 23:36:57.150231,2025-05-29 23:36:57.509875,0 days 00:00:00.359644,,,,,,,,,,,170,20m,0.30000000000000004,-2.5,310,,,,,,,,,,,750,57m,0.7000000000000001,-1.5,980,,,,,,,,,,,,,,,,,,,,,1,COMPLETE
100,100,,2025-05-29 23:36:57.516721,2025-05-29 23:36:57.875892,0 days 00:00:00.359171,,,,,,,,,,,400,22m,1.0,-2.2,990,,,,,,,,,,,650,44m,0.5,-0.7999999999999998,910,,,,,,,,,,,,,,,,,,,,,1,FAIL
101,101,,2025-05-29 23:36:57.875892,2025-05-29 23:36:58.226802,0 days 00:00:00.350910,,,,,,,,,,,10,22m,0.8,-2.2,830,,,,,,,,,,,630,47m,0.30000000000000004,-1.0999999999999996,900,,,,,,,,,,,,,,,,,,,,,1,FAIL
102,102,,2025-05-29 23:36:58.237181,2025-05-29 23:36:58.579141,0 days 00:00:00.341960,,,,,,,,,,,30,25m,1.0,-2.7,870,,,,,,,,,,,590,44m,0.4,-0.7999999999999998,890,,,,,,,,,,,,,,,,,,,,,1,FAIL
103,103,,2025-05-29 23:36:58.584410,2025-05-29 23:36:58.927439,0 days 00:00:00.343029,,,,,,,,,,,40,22m,0.9,-2.2,700,,,,,,,,,,,590,59m,1.8,-1.0999999999999996,800,,,,,,,,,,,,,,,,,,,,,1,FAIL
104,104,,2025-05-29 23:36:58.927439,2025-05-29 23:36:59.304172,0 days 00:00:00.376733,,,,,,,,,,,250,22m,1.0,-2.0999999999999996,1000,,,,,,,,,,,640,58m,0.30000000000000004,-0.7999999999999998,760,,,,,,,,,,,,,,,,,,,,,1,FAIL
105,105,,2025-05-29 23:36:59.304172,2025-05-29 23:36:59.675141,0 days 00:00:00.370969,,,,,,,,,,,260,22m,1.0,-2.7,830,,,,,,,,,,,650,54m,0.4,-0.7999999999999998,890,,,,,,,,,,,,,,,,,,,,,1,FAIL
106,106,,2025-05-29 23:36:59.675141,2025-05-29 23:37:00.064738,0 days 00:00:00.389597,,,,,,,,,,,260,22m,0.9,-2.0999999999999996,970,,,,,,,,,,,640,44m,0.1,-1.0999999999999996,890,,,,,,,,,,,,,,,,,,,,,1,FAIL
107,107,-0.2699095216235832,2025-05-29 23:37:00.069519,2025-05-29 23:37:00.423116,0 days 00:00:00.353597,,,,,,,,,,,250,22m,1.5,-2.2,140,,,,,,,,,,,600,59m,0.2,-0.7999999999999998,770,,,,,,,,,,,,,,,,,,,,,1,COMPLETE
108,108,,2025-05-29 23:37:00.431755,2025-05-29 23:37:00.799784,0 days 00:00:00.368029,,,,,,,,,,,290,27m,1.0,-2.8,820,,,,,,,,,,,430,54m,0.4,-1.4,940,,,,,,,,,,,,,,,,,,,,,1,FAIL
109,109,,2025-05-29 23:37:00.804304,2025-05-29 23:37:01.182202,0 days 00:00:00.377898,,,,,,,,,,,20,39m,1.1,-2.8,820,,,,,,,,,,,920,54m,0.5,-1.0999999999999996,890,,,,,,,,,,,,,,,,,,,,,1,FAIL
110,110,,2025-05-29 23:37:01.182202,2025-05-29 23:37:01.546244,0 days 00:00:00.364042,,,,,,,,,,,10,34m,1.0,-2.8,700,,,,,,,,,,,640,54m,0.30000000000000004,-1.1999999999999997,790,,,,,,,,,,,,,,,,,,,,,1,FAIL
111,111,,2025-05-29 23:37:01.546244,2025-05-29 23:37:01.934920,0 days 00:00:00.388676,,,,,,,,,,,190,59m,1.0,-2.8,1000,,,,,,,,,,,660,54m,0.4,-1.0999999999999996,910,,,,,,,,,,,,,,,,,,,,,1,FAIL
112,112,,2025-05-29 23:37:01.936124,2025-05-29 23:37:02.312141,0 days 00:00:00.376017,,,,,,,,,,,400,25m,1.0,-2.8,980,,,,,,,,,,,640,39m,1.1,-1.0999999999999996,870,,,,,,,,,,,,,,,,,,,,,1,FAIL
113,113,1.4461216272104522,2025-05-29 23:37:02.318269,2025-05-29 23:37:02.707352,0 days 00:00:00.389083,,,,,,,,,,,40,34m,0.9,-2.8,370,,,,,,,,,,,660,47m,1.1,-1.1999999999999997,800,,,,,,,,,,,,,,,,,,,,,1,COMPLETE
114,114,,2025-05-29 23:37:02.709918,2025-05-29 23:37:03.321877,0 days 00:00:00.611959,,,,,,,,,,,300,39m,1.2000000000000002,-3.0,890,,,,,,840.0,27m,1.3,-0.5999999999999996,160.0,550,44m,0.30000000000000004,-2.8,880,,,,,,,,,,,330.0,47m,2.6,-0.19999999999999973,430.0,,,,,,2,FAIL
115,115,2.8911295229113447,2025-05-29 23:37:03.323626,2025-05-29 23:37:03.908274,0 days 00:00:00.584648,,,,,,,,,,,400,27m,1.2000000000000002,-0.09999999999999964,990,,,,,,840.0,11m,1.3,-1.7999999999999998,280.0,550,44m,0.4,-2.8,900,,,,,,,,,,,860.0,36m,1.3,-1.0999999999999996,540.0,,,,,,2,COMPLETE
116,116,2.64592359178241,2025-05-29 23:37:03.913245,2025-05-29 23:37:04.469415,0 days 00:00:00.556170,,,,,,,,,,,490,27m,1.7000000000000002,0.0,1000,,,,,,840.0,11m,1.3,-1.7999999999999998,270.0,430,44m,0.5,-2.9,870,,,,,,,,,,,840.0,34m,1.3,-1.0999999999999996,440.0,,,,,,2,COMPLETE
117,117,2.7691387599981154,2025-05-29 23:37:04.469415,2025-05-29 23:37:05.037522,0 days 00:00:00.568107,,,,,,,,,,,400,27m,2.4000000000000004,-0.19999999999999973,1000,,,,,,860.0,11m,1.3,-1.7,280.0,430,44m,0.4,-2.9,930,,,,,,,,,,,850.0,36m,1.2000000000000002,-1.2999999999999998,370.0,,,,,,2,COMPLETE
118,118,2.1589062867053,2025-05-29 23:37:05.042796,2025-05-29 23:37:05.627754,0 days 00:00:00.584958,,,,,,,,,,,390,27m,2.4000000000000004,-0.09999999999999964,1000,,,,,,940.0,11m,1.0,-2.0,380.0,950,44m,0.4,-2.7,930,,,,,,,,,,,920.0,36m,0.9,-1.4,370.0,,,,,,2,COMPLETE
119,119,-0.9857341411804766,2025-05-29 23:37:05.627754,2025-05-29 23:37:06.466705,0 days 00:00:00.838951,50.0,16m,3.2,-1.7999999999999998,780.0,,,,,,310,39m,2.6,-0.2999999999999998,960,,,,,,800.0,5m,0.7000000000000001,-1.5999999999999999,320.0,560,23m,0.8,-3.1,980,,,,,,,,,,,880.0,52m,0.5,-1.7,270.0,150.0,26m,1.5,-0.19999999999999973,190.0,3,COMPLETE
120,120,-2.8170650546981295,2025-05-29 23:37:06.469118,2025-05-29 23:37:07.517865,0 days 00:00:01.048747,360.0,7m,2.5,-2.0999999999999996,570.0,550.0,8m,0.8,-2.9,800.0,840,32m,2.0,-0.5,930,,,,,,870.0,9m,0.5,-2.4,420.0,340,54m,0.30000000000000004,-2.8,880,,,,,,530.0,22m,2.8000000000000003,-2.5,540.0,830.0,36m,1.2000000000000002,-0.7999999999999998,530.0,920.0,3m,3.0,-3.2,90.0,4,COMPLETE
121,121,2.5397066026475223,2025-05-29 23:37:07.521653,2025-05-29 23:37:08.093047,0 days 00:00:00.571394,,,,,,,,,,,480,59m,2.3000000000000003,0.0,990,,,,,,850.0,11m,1.3,-1.9,270.0,430,44m,0.6000000000000001,-2.9,870,,,,,,,,,,,950.0,34m,1.4000000000000001,-1.0,440.0,,,,,,2,COMPLETE
122,122,-3.139652145263495,2025-05-29 23:37:08.093047,2025-05-29 23:37:08.676518,0 days 00:00:00.583471,,,,,,,,,,,500,27m,1.7000000000000002,-0.19999999999999973,840,,,,,,810.0,52m,1.2000000000000002,-1.7,280.0,490,44m,0.5,-2.6,860,,,,,,,,,,,740.0,19m,1.4000000000000001,-1.2999999999999998,350.0,,,,,,2,COMPLETE
123,123,,2025-05-29 23:37:08.679456,2025-05-29 23:37:09.245702,0 days 00:00:00.566246,,,,,,,,,,,410,25m,2.1,-0.19999999999999973,920,,,,,,660.0,49m,1.4000000000000001,-1.4,160.0,380,58m,0.0,-3.4,910,,,,,,,,,,,960.0,24m,1.2000000000000002,-1.2999999999999998,580.0,,,,,,2,FAIL
124,124,-0.2723712197705602,2025-05-29 23:37:09.245702,2025-05-29 23:37:09.822867,0 days 00:00:00.577165,,,,,,,,,,,400,27m,1.2000000000000002,-0.19999999999999973,900,,,,,,670.0,11m,1.4000000000000001,-1.7999999999999998,150.0,380,49m,0.0,-3.4,950,,,,,,,,,,,850.0,24m,1.3,-1.1999999999999997,570.0,,,,,,2,COMPLETE
125,125,-3.804499459329474,2025-05-29 23:37:09.830374,2025-05-29 23:37:10.406702,0 days 00:00:00.576328,,,,,,,,,,,350,35m,3.2,-0.8999999999999999,970,,,,,,920.0,19m,1.1,-2.0999999999999996,350.0,520,50m,0.2,-3.1,910,,,,,,,,,,,910.0,13m,1.6,-1.5999999999999999,480.0,,,,,,2,COMPLETE
126,126,,2025-05-29 23:37:10.411912,2025-05-29 23:37:11.216104,0 days 00:00:00.804192,740.0,31m,2.8000000000000003,-0.8999999999999999,470.0,,,,,,280,25m,2.2,0.0,940,,,,,,1000.0,15m,1.7000000000000002,-1.5,490.0,420,39m,1.8,-2.9,800,,,,,,,,,,,810.0,33m,0.8,-0.8999999999999999,310.0,820.0,58m,3.3000000000000003,-1.0999999999999996,900.0,3,FAIL
127,127,-2.5043576297613837,2025-05-29 23:37:11.218673,2025-05-29 23:37:12.008353,0 days 00:00:00.789680,140.0,21m,2.0,-1.5999999999999999,20.0,,,,,,660,41m,2.2,-0.09999999999999964,940,,,,,,770.0,54m,1.7000000000000002,-1.5,470.0,470,21m,0.4,-3.1,810,,,,,,,,,,,530.0,15m,0.8,-1.0999999999999996,390.0,590.0,44m,3.3000000000000003,-2.7,20.0,3,COMPLETE
128,128,-1.1927234272130807,2025-05-29 23:37:12.016920,2025-05-29 23:37:13.243959,0 days 00:00:01.227039,630.0,47m,0.5,-0.8999999999999999,860.0,980.0,9m,0.0,-1.0999999999999996,40.0,750,25m,2.1,-0.3999999999999999,850,790.0,5m,2.5,-0.19999999999999973,20.0,880.0,39m,0.9,-2.2,240.0,430,58m,2.2,-2.9,700,10.0,52m,0.0,-3.4,20.0,790.0,46m,0.8,-0.7999999999999998,880.0,950.0,53m,1.2000000000000002,-0.6999999999999997,610.0,390.0,29m,2.4000000000000004,-1.0999999999999996,620.0,5,COMPLETE
129,129,,2025-05-29 23:37:13.252110,2025-05-29 23:37:13.830252,0 days 00:00:00.578142,,,,,,,,,,,410,44m,2.4000000000000004,-0.09999999999999964,970,,,,,,990.0,34m,1.4000000000000001,-2.9,190.0,550,27m,1.8,-2.9,1000,,,,,,,,,,,800.0,49m,1.1,-1.5,320.0,,,,,,2,FAIL
130,130,,2025-05-29 23:37:13.830252,2025-05-29 23:37:14.388049,0 days 00:00:00.557797,,,,,,,,,,,280,18m,2.4000000000000004,0.0,800,,,,,,980.0,45m,1.4000000000000001,-2.9,390.0,550,17m,1.8,-2.9,900,,,,,,,,,,,1000.0,49m,1.0,-0.8999999999999999,440.0,,,,,,2,FAIL
131,131,3.1504226996194067,2025-05-29 23:37:14.403791,2025-05-29 23:37:14.958630,0 days 00:00:00.554839,,,,,,,,,,,470,44m,2.4000000000000004,0.0,980,,,,,,750.0,15m,1.4000000000000001,-2.8,180.0,540,39m,1.8,-2.9,900,,,,,,,,,,,1000.0,50m,1.1,-1.4,650.0,,,,,,2,COMPLETE
132,132,2.1655340964657115,2025-05-29 23:37:14.958630,2025-05-29 23:37:15.701828,0 days 00:00:00.743198,380.0,35m,0.0,-0.2999999999999998,470.0,,,,,,410,44m,2.5,-0.5,900,,,,,,990.0,14m,1.8,-2.8,40.0,540,17m,1.8,-3.4,950,,,,,,,,,,,980.0,50m,1.1,-1.4,650.0,520.0,31m,1.9000000000000001,-0.3999999999999999,690.0,3,COMPLETE
133,133,-0.3497470079665081,2025-05-29 23:37:15.712218,2025-05-29 23:37:16.452676,0 days 00:00:00.740458,750.0,29m,2.9000000000000004,-1.9,130.0,,,,,,290,55m,2.4000000000000004,-0.7999999999999998,810,,,,,,740.0,15m,1.5,-3.1,100.0,620,39m,2.0,-2.3,900,,,,,,,,,,,1000.0,8m,0.7000000000000001,-1.5999999999999999,550.0,820.0,11m,2.9000000000000004,-2.4,900.0,3,COMPLETE
134,134,1.4818454567275026,2025-05-29 23:37:16.452676,2025-05-29 23:37:17.022169,0 days 00:00:00.569493,,,,,,,,,,,340,42m,2.7,-0.2999999999999998,960,,,,,,620.0,16m,1.1,-2.6,210.0,570,9m,2.1,-2.6,830,,,,,,,,,,,880.0,33m,0.4,-1.7999999999999998,690.0,,,,,,2,COMPLETE
135,135,,2025-05-29 23:37:17.038249,2025-05-29 23:37:17.602308,0 days 00:00:00.564059,,,,,,,,,,,470,18m,2.0,0.0,1000,,,,,,810.0,50m,1.3,-2.9,170.0,380,28m,2.5,-2.9,1000,,,,,,,,,,,730.0,37m,1.0,-0.8999999999999999,500.0,,,,,,2,FAIL
136,136,0.9335752078994125,2025-05-29 23:37:17.602308,2025-05-29 23:37:18.148793,0 days 00:00:00.546485,,,,,,,,,,,460,29m,2.9000000000000004,0.0,990,,,,,,820.0,50m,1.3,-2.9,170.0,390,12m,1.9000000000000001,-2.9,1000,,,,,,,,,,,810.0,55m,1.1,-1.2999999999999998,600.0,,,,,,2,COMPLETE
137,137,-1.451053729038084,2025-05-29 23:37:18.148793,2025-05-29 23:37:18.726411,0 days 00:00:00.577618,,,,,,,,,,,550,23m,1.9000000000000001,-0.19999999999999973,970,,,,,,770.0,38m,1.4000000000000001,-2.4,290.0,420,18m,2.5,-3.2,890,,,,,,,,,,,750.0,2m,1.3,-1.0999999999999996,500.0,,,,,,2,COMPLETE
138,138,,2025-05-29 23:37:18.726411,2025-05-29 23:37:19.311277,0 days 00:00:00.584866,,,,,,,,,,,430,43m,2.0,-0.09999999999999964,880,,,,,,680.0,22m,1.6,-2.8,330.0,510,28m,1.8,-3.0,790,,,,,,,,,,,610.0,47m,1.7000000000000002,-1.5,320.0,,,,,,2,FAIL
139,139,3.2426920484685215,2025-05-29 23:37:19.311277,2025-05-29 23:37:19.862639,0 days 00:00:00.551362,,,,,,,,,,,510,44m,2.0,-0.09999999999999964,1000,,,,,,680.0,17m,0.9,-2.8,330.0,500,44m,1.8,-2.8,780,,,,,,,,,,,630.0,25m,1.7000000000000002,-0.8999999999999999,440.0,,,,,,2,COMPLETE
140,140,,2025-05-29 23:37:19.868346,2025-05-29 23:37:20.426478,0 days 00:00:00.558132,,,,,,,,,,,520,44m,2.0,-1.0999999999999996,910,,,,,,690.0,33m,0.6000000000000001,-3.5,340.0,520,29m,1.4000000000000001,-2.8,730,,,,,,,,,,,600.0,25m,1.5,-1.5,310.0,,,,,,2,FAIL
141,141,-2.7189572301935097,2025-05-29 23:37:20.426478,2025-05-29 23:37:21.004194,0 days 00:00:00.577716,,,,,,,,,,,520,44m,2.0,-0.09999999999999964,10,,,,,,680.0,27m,0.6000000000000001,-2.8,330.0,520,27m,1.7000000000000002,-2.6,780,,,,,,,,,,,630.0,25m,1.6,-0.8999999999999999,650.0,,,,,,2,COMPLETE
142,142,1.3864331425268377,2025-05-29 23:37:21.004194,2025-05-29 23:37:21.538858,0 days 00:00:00.534664,,,,,,,,,,,580,47m,2.2,-0.5999999999999996,940,,,,,,600.0,17m,0.9,-3.4,240.0,480,39m,1.4000000000000001,-2.7,720,,,,,,,,,,,470.0,31m,1.7000000000000002,-1.9,310.0,,,,,,2,COMPLETE
143,143,-6.722914715768615,2025-05-29 23:37:21.552051,2025-05-29 23:37:22.299492,0 days 00:00:00.747441,830.0,9m,1.1,-1.2999999999999998,340.0,,,,,,370,43m,2.4000000000000004,-3.1,710,,,,,,320.0,34m,0.8,-3.1,370.0,600,28m,1.6,-3.0,610,,,,,,,,,,,700.0,7m,1.9000000000000001,-1.5,560.0,700.0,28m,1.2000000000000002,-1.9,320.0,3,COMPLETE
144,144,,2025-05-29 23:37:22.299492,2025-05-29 23:37:22.862568,0 days 00:00:00.563076,,,,,,,,,,,440,44m,3.4000000000000004,-1.2999999999999998,890,,,,,,780.0,49m,0.2,-2.7,410.0,650,29m,3.2,-2.0999999999999996,850,,,,,,,,,,,560.0,27m,0.9,-0.5,500.0,,,,,,2,FAIL
145,145,-0.10469378088682946,2025-05-29 23:37:22.862568,2025-05-29 23:37:23.408492,0 days 00:00:00.545924,,,,,,,,,,,1000,18m,2.1,-0.3999999999999999,880,,,,,,780.0,22m,0.2,-2.7,400.0,540,31m,1.8,-3.3,50,,,,,,,,,,,660.0,12m,1.0,-0.5999999999999996,610.0,,,,,,2,COMPLETE
146,146,2.7842626459755855,2025-05-29 23:37:23.424589,2025-05-29 23:37:23.768494,0 days 00:00:00.343905,,,,,,,,,,,320,38m,2.3000000000000003,-1.1999999999999997,260,,,,,,,,,,,280,5m,3.2,-2.4,850,,,,,,,,,,,,,,,,,,,,,1,COMPLETE
147,147,2.0417620114317385,2025-05-29 23:37:23.768494,2025-05-29 23:37:24.405699,0 days 00:00:00.637205,,,,,,,,,,,430,38m,2.6,-1.0999999999999996,300,,,,,,220.0,43m,1.0,-2.5,140.0,260,6m,3.2,-2.0999999999999996,740,,,,,,,,,,,560.0,18m,3.3000000000000003,-2.2,730.0,,,,,,2,COMPLETE
148,148,,2025-05-29 23:37:24.405699,2025-05-29 23:37:24.768276,0 days 00:00:00.362577,,,,,,,,,,,600,44m,2.3000000000000003,-1.5,350,,,,,,,,,,,310,36m,3.5,-2.5,850,,,,,,,,,,,,,,,,,,,,,1,FAIL
149,149,0.5581282643982667,2025-05-29 23:37:24.768276,2025-05-29 23:37:25.123151,0 days 00:00:00.354875,,,,,,,,,,,470,6m,2.3000000000000003,-1.4,260,,,,,,,,,,,300,5m,3.5,-2.5,840,,,,,,,,,,,,,,,,,,,,,1,COMPLETE
150,150,,2025-05-29 23:37:25.123151,2025-05-29 23:37:25.490948,0 days 00:00:00.367797,,,,,,,,,,,320,44m,3.4000000000000004,-1.2999999999999998,170,,,,,,,,,,,350,35m,3.1,-2.8,940,,,,,,,,,,,,,,,,,,,,,1,FAIL
151,151,,2025-05-29 23:37:25.490948,2025-05-29 23:37:25.862958,0 days 00:00:00.372010,,,,,,,,,,,270,44m,3.4000000000000004,-1.5999999999999999,160,,,,,,,,,,,340,36m,2.4000000000000004,-2.8,940,,,,,,,,,,,,,,,,,,,,,1,FAIL
